80000006-0000-ee00-b63f-84710c7967bb|2016-11-13 23:09:35.5640|INFO|GameStore.Web.Controllers.GamesController|Request to GamesController.Get
80000006-0000-ee00-b63f-84710c7967bb|2016-11-13 23:10:20.1703|DEBUG|GameStore.BLL.Services.GameStoreService|Getting all Games. Returned 2  Games.
80000009-0000-ee00-b63f-84710c7967bb|2016-11-13 23:10:44.8524|INFO|GameStore.Web.Controllers.GamesController|Request to GamesController.Get
80000009-0000-ee00-b63f-84710c7967bb|2016-11-13 23:10:44.9775|DEBUG|GameStore.BLL.Services.GameStoreService|Getting all Games. Returned 2  Games.
80000028-0001-eb00-b63f-84710c7967bb|2016-11-13 23:11:18.7004|DEBUG|GameStore.BLL.Services.GameStoreService|Getting all Publishers. Returned 1  Publishers.
80000028-0001-eb00-b63f-84710c7967bb|2016-11-13 23:11:18.8005|DEBUG|GameStore.BLL.Services.GameStoreService|Getting all Genres. Returned 16  Genres.
80000028-0001-eb00-b63f-84710c7967bb|2016-11-13 23:11:18.8215|DEBUG|GameStore.BLL.Services.GameStoreService|Getting all PlatformTypes. Returned 4  PlatformTypes.
8000002c-0001-eb00-b63f-84710c7967bb|2016-11-13 23:11:44.6314|INFO|GameStore.Web.Controllers.GamesController|Request to GamesController.Get
8000002c-0001-eb00-b63f-84710c7967bb|2016-11-13 23:11:44.7184|DEBUG|GameStore.BLL.Services.GameStoreService|Getting all Games. Returned 2  Games.
80000047-0003-fe00-b63f-84710c7967bb|2016-11-13 23:11:56.5612|DEBUG|GameStore.BLL.Services.GameStoreService|Getting all Publishers. Returned 1  Publishers.
80000047-0003-fe00-b63f-84710c7967bb|2016-11-13 23:11:56.6312|DEBUG|GameStore.BLL.Services.GameStoreService|Getting all Genres. Returned 16  Genres.
80000047-0003-fe00-b63f-84710c7967bb|2016-11-13 23:11:56.6312|DEBUG|GameStore.BLL.Services.GameStoreService|Getting all PlatformTypes. Returned 4  PlatformTypes.
80000005-0002-ed00-b63f-84710c7967bb|2016-11-13 23:13:36.6127|INFO|GameStore.Web.Controllers.GamesController|Request to GamesController.Get
80000005-0002-ed00-b63f-84710c7967bb|2016-11-13 23:13:36.6868|DEBUG|GameStore.BLL.Services.GameStoreService|Getting all Games. Returned 2  Games.
8000000f-0000-eb00-b63f-84710c7967bb|2016-11-13 23:34:27.6382|DEBUG|GameStore.BLL.Services.GameStoreService|Getting all Publishers. Returned 1  Publishers.
8000000f-0000-eb00-b63f-84710c7967bb|2016-11-13 23:34:27.9985|DEBUG|GameStore.BLL.Services.GameStoreService|Getting all Genres. Returned 16  Genres.
8000000f-0000-eb00-b63f-84710c7967bb|2016-11-13 23:34:28.0846|DEBUG|GameStore.BLL.Services.GameStoreService|Getting all PlatformTypes. Returned 4  PlatformTypes.
80000036-0001-ec00-b63f-84710c7967bb|2016-11-13 23:35:29.8858|INFO|GameStore.Web.Controllers.GamesController|Request to GamesController.Get
80000036-0001-ec00-b63f-84710c7967bb|2016-11-13 23:35:30.2871|DEBUG|GameStore.BLL.Services.GameStoreService|Getting all Games. Returned 2  Games.
800000c5-0002-f600-b63f-84710c7967bb|2016-11-13 23:42:17.1201|INFO|GameStore.Web.Controllers.GamesController|Request to GamesController.Get
80000014-0001-e900-b63f-84710c7967bb|2016-11-13 23:43:00.9095|DEBUG|GameStore.BLL.Services.GameStoreService|Getting all Publishers. Returned 1  Publishers.
80000014-0001-e900-b63f-84710c7967bb|2016-11-13 23:43:01.2265|DEBUG|GameStore.BLL.Services.GameStoreService|Getting all Genres. Returned 16  Genres.
80000014-0001-e900-b63f-84710c7967bb|2016-11-13 23:43:01.2876|DEBUG|GameStore.BLL.Services.GameStoreService|Getting all PlatformTypes. Returned 4  PlatformTypes.
800000c5-0002-f600-b63f-84710c7967bb|2016-11-13 23:43:01.4136|DEBUG|GameStore.BLL.Services.GameStoreService|Getting all Games. Returned 2  Games.
80000062-0001-ed00-b63f-84710c7967bb|2016-11-13 23:43:32.9735|INFO|GameStore.Web.Controllers.GamesController|Request to GamesController.Get
80000062-0001-ed00-b63f-84710c7967bb|2016-11-13 23:43:33.0395|DEBUG|GameStore.BLL.Services.GameStoreService|Getting all Games. Returned 2  Games.
80000638-0000-e700-b63f-84710c7967bb|2016-11-13 23:50:48.7947|DEBUG|GameStore.BLL.Services.GameStoreService|Getting all Games. Returned 2  Games.
80000057-0003-fe00-b63f-84710c7967bb|2016-11-13 23:59:36.3225|INFO|GameStore.Web.Controllers.GamesController|Request to GamesController.Get
