80000002-0002-ed00-b63f-84710c7967bb|2016-11-24 12:43:43.9592|DEBUG|GameStore.BLL.Services.GameStoreService|Getting all Genres. Returned 16  Genres.
80000002-0002-ed00-b63f-84710c7967bb|2016-11-24 12:43:43.9822|DEBUG|GameStore.BLL.Services.GameStoreService|Getting all PlatformTypes. Returned 4  PlatformTypes.
80000002-0002-ed00-b63f-84710c7967bb|2016-11-24 12:43:43.9992|DEBUG|GameStore.BLL.Services.GameStoreService|Getting all Publishers. Returned 1  Publishers.
80000002-0002-ed00-b63f-84710c7967bb|2016-11-24 12:43:44.5980|DEBUG|GameStore.BLL.Services.GameStoreService|Getting all Games. Returned 12  Games.
80000017-0003-f400-b63f-84710c7967bb|2016-11-24 12:50:05.7019|DEBUG|GameStore.BLL.Services.GameStoreService|Getting all Games. Returned 12  Games.
80000007-0001-f200-b63f-84710c7967bb|2016-11-24 12:50:06.2069|DEBUG|GameStore.BLL.Services.GameStoreService|Getting all Genres. Returned 16  Genres.
80000007-0001-f200-b63f-84710c7967bb|2016-11-24 12:50:06.2329|DEBUG|GameStore.BLL.Services.GameStoreService|Getting all PlatformTypes. Returned 4  PlatformTypes.
80000007-0001-f200-b63f-84710c7967bb|2016-11-24 12:50:06.2519|DEBUG|GameStore.BLL.Services.GameStoreService|Getting all Publishers. Returned 1  Publishers.
80000028-0001-eb00-b63f-84710c7967bb|2016-11-24 12:52:57.6757|DEBUG|GameStore.BLL.Services.GameStoreService|Getting all Games. Returned 12  Games.
8000000d-0001-f300-b63f-84710c7967bb|2016-11-24 12:52:58.1667|DEBUG|GameStore.BLL.Services.GameStoreService|Getting all Genres. Returned 16  Genres.
8000000d-0001-f300-b63f-84710c7967bb|2016-11-24 12:52:58.2052|DEBUG|GameStore.BLL.Services.GameStoreService|Getting all PlatformTypes. Returned 4  PlatformTypes.
8000000d-0001-f300-b63f-84710c7967bb|2016-11-24 12:52:58.2247|DEBUG|GameStore.BLL.Services.GameStoreService|Getting all Publishers. Returned 1  Publishers.
8000003a-0003-fe00-b63f-84710c7967bb|2016-11-24 12:53:40.2338|DEBUG|GameStore.BLL.Services.GameStoreService|Getting all Games. Returned 12  Games.
80000026-0003-f400-b63f-84710c7967bb|2016-11-24 12:53:40.7025|DEBUG|GameStore.BLL.Services.GameStoreService|Getting all Genres. Returned 16  Genres.
80000026-0003-f400-b63f-84710c7967bb|2016-11-24 12:53:40.7295|DEBUG|GameStore.BLL.Services.GameStoreService|Getting all PlatformTypes. Returned 4  PlatformTypes.
80000026-0003-f400-b63f-84710c7967bb|2016-11-24 12:53:40.7496|DEBUG|GameStore.BLL.Services.GameStoreService|Getting all Publishers. Returned 1  Publishers.
800001b1-0001-ea00-b63f-84710c7967bb|2016-11-24 13:07:50.1563|DEBUG|GameStore.BLL.Services.GameStoreService|Getting all Games. Returned 12  Games.
80000479-0000-f700-b63f-84710c7967bb|2016-11-24 13:07:50.6065|DEBUG|GameStore.BLL.Services.GameStoreService|Getting all Genres. Returned 16  Genres.
80000479-0000-f700-b63f-84710c7967bb|2016-11-24 13:07:50.6325|DEBUG|GameStore.BLL.Services.GameStoreService|Getting all PlatformTypes. Returned 4  PlatformTypes.
80000479-0000-f700-b63f-84710c7967bb|2016-11-24 13:07:50.6545|DEBUG|GameStore.BLL.Services.GameStoreService|Getting all Publishers. Returned 1  Publishers.
800001f1-0003-f700-b63f-84710c7967bb|2016-11-24 16:51:52.1532|DEBUG|GameStore.BLL.Services.GameStoreService|Getting all Genres. Returned 16  Genres.
800001f1-0003-f700-b63f-84710c7967bb|2016-11-24 16:51:52.1862|DEBUG|GameStore.BLL.Services.GameStoreService|Getting all PlatformTypes. Returned 4  PlatformTypes.
800001f1-0003-f700-b63f-84710c7967bb|2016-11-24 16:51:52.2072|DEBUG|GameStore.BLL.Services.GameStoreService|Getting all Publishers. Returned 1  Publishers.
8000008f-0001-f600-b63f-84710c7967bb|2016-11-24 17:11:04.3120|DEBUG|GameStore.BLL.Services.GameStoreService|Getting all Genres. Returned 16  Genres.
8000008f-0001-f600-b63f-84710c7967bb|2016-11-24 17:11:04.3801|DEBUG|GameStore.BLL.Services.GameStoreService|Getting all PlatformTypes. Returned 4  PlatformTypes.
8000008f-0001-f600-b63f-84710c7967bb|2016-11-24 17:11:04.3991|DEBUG|GameStore.BLL.Services.GameStoreService|Getting all Publishers. Returned 1  Publishers.
8000007c-0003-fe00-b63f-84710c7967bb|2016-11-24 17:12:12.1012|DEBUG|GameStore.BLL.Services.GameStoreService|Getting all Genres. Returned 16  Genres.
8000007c-0003-fe00-b63f-84710c7967bb|2016-11-24 17:12:12.1262|DEBUG|GameStore.BLL.Services.GameStoreService|Getting all PlatformTypes. Returned 4  PlatformTypes.
8000007c-0003-fe00-b63f-84710c7967bb|2016-11-24 17:12:12.1467|DEBUG|GameStore.BLL.Services.GameStoreService|Getting all Publishers. Returned 1  Publishers.
800000ac-0003-f400-b63f-84710c7967bb|2016-11-24 17:13:21.2515|DEBUG|GameStore.BLL.Services.GameStoreService|Getting all Genres. Returned 16  Genres.
800000ac-0003-f400-b63f-84710c7967bb|2016-11-24 17:13:21.2885|DEBUG|GameStore.BLL.Services.GameStoreService|Getting all PlatformTypes. Returned 4  PlatformTypes.
800000ac-0003-f400-b63f-84710c7967bb|2016-11-24 17:13:21.3136|DEBUG|GameStore.BLL.Services.GameStoreService|Getting all Publishers. Returned 1  Publishers.
8000005a-0000-ee00-b63f-84710c7967bb|2016-11-24 17:14:52.3591|DEBUG|GameStore.BLL.Services.GameStoreService|Getting all Genres. Returned 16  Genres.
8000005a-0000-ee00-b63f-84710c7967bb|2016-11-24 17:14:52.3872|DEBUG|GameStore.BLL.Services.GameStoreService|Getting all PlatformTypes. Returned 4  PlatformTypes.
8000005a-0000-ee00-b63f-84710c7967bb|2016-11-24 17:14:52.4102|DEBUG|GameStore.BLL.Services.GameStoreService|Getting all Publishers. Returned 1  Publishers.
8000016b-0000-f800-b63f-84710c7967bb|2016-11-24 17:20:38.8495|DEBUG|GameStore.BLL.Services.GameStoreService|Getting all Genres. Returned 16  Genres.
8000016b-0000-f800-b63f-84710c7967bb|2016-11-24 17:20:38.8770|DEBUG|GameStore.BLL.Services.GameStoreService|Getting all PlatformTypes. Returned 4  PlatformTypes.
8000016b-0000-f800-b63f-84710c7967bb|2016-11-24 17:20:38.8950|DEBUG|GameStore.BLL.Services.GameStoreService|Getting all Publishers. Returned 1  Publishers.
80000025-0002-e600-b63f-84710c7967bb|2016-11-24 17:27:27.7384|DEBUG|GameStore.BLL.Services.GameStoreService|Getting all Genres. Returned 16  Genres.
80000028-0001-ee00-b63f-84710c7967bb|2016-11-24 17:32:28.2158|DEBUG|GameStore.BLL.Services.GameStoreService|Getting all Genres. Returned 16  Genres.
80000028-0001-ee00-b63f-84710c7967bb|2016-11-24 17:32:28.2468|DEBUG|GameStore.BLL.Services.GameStoreService|Getting all PlatformTypes. Returned 4  PlatformTypes.
80000028-0001-ee00-b63f-84710c7967bb|2016-11-24 17:32:28.2818|DEBUG|GameStore.BLL.Services.GameStoreService|Getting all Publishers. Returned 1  Publishers.
8000061e-0000-f100-b63f-84710c7967bb|2016-11-24 17:34:11.0838|DEBUG|GameStore.BLL.Services.GameStoreService|Getting all Genres. Returned 16  Genres.
8000061e-0000-f100-b63f-84710c7967bb|2016-11-24 17:34:11.1108|DEBUG|GameStore.BLL.Services.GameStoreService|Getting all PlatformTypes. Returned 4  PlatformTypes.
8000061e-0000-f100-b63f-84710c7967bb|2016-11-24 17:34:11.1453|DEBUG|GameStore.BLL.Services.GameStoreService|Getting all Publishers. Returned 1  Publishers.
8000061e-0000-f100-b63f-84710c7967bb|2016-11-24 17:34:11.7999|DEBUG|GameStore.BLL.Services.GameStoreService|Getting all Games. Returned 12  Games.
80000622-0000-f100-b63f-84710c7967bb|2016-11-24 17:34:34.3040|DEBUG|GameStore.BLL.Services.GameStoreService|Getting all Genres. Returned 16  Genres.
80000622-0000-f100-b63f-84710c7967bb|2016-11-24 17:34:34.3170|DEBUG|GameStore.BLL.Services.GameStoreService|Getting all PlatformTypes. Returned 4  PlatformTypes.
80000622-0000-f100-b63f-84710c7967bb|2016-11-24 17:34:34.3170|DEBUG|GameStore.BLL.Services.GameStoreService|Getting all Publishers. Returned 1  Publishers.
80000624-0000-f100-b63f-84710c7967bb|2016-11-24 17:34:38.1194|DEBUG|GameStore.BLL.Services.GameStoreService|Getting all Genres. Returned 16  Genres.
80000624-0000-f100-b63f-84710c7967bb|2016-11-24 17:34:38.1194|DEBUG|GameStore.BLL.Services.GameStoreService|Getting all PlatformTypes. Returned 4  PlatformTypes.
80000624-0000-f100-b63f-84710c7967bb|2016-11-24 17:34:38.1385|DEBUG|GameStore.BLL.Services.GameStoreService|Getting all Publishers. Returned 1  Publishers.
80000626-0000-f100-b63f-84710c7967bb|2016-11-24 17:34:42.5376|DEBUG|GameStore.BLL.Services.GameStoreService|Getting all Genres. Returned 16  Genres.
80000626-0000-f100-b63f-84710c7967bb|2016-11-24 17:34:42.5516|DEBUG|GameStore.BLL.Services.GameStoreService|Getting all PlatformTypes. Returned 4  PlatformTypes.
80000626-0000-f100-b63f-84710c7967bb|2016-11-24 17:34:42.5566|DEBUG|GameStore.BLL.Services.GameStoreService|Getting all Publishers. Returned 1  Publishers.
80000628-0000-f100-b63f-84710c7967bb|2016-11-24 17:34:52.5511|DEBUG|GameStore.BLL.Services.GameStoreService|Getting all Genres. Returned 16  Genres.
80000628-0000-f100-b63f-84710c7967bb|2016-11-24 17:34:52.5611|DEBUG|GameStore.BLL.Services.GameStoreService|Getting all PlatformTypes. Returned 4  PlatformTypes.
80000628-0000-f100-b63f-84710c7967bb|2016-11-24 17:34:52.5611|DEBUG|GameStore.BLL.Services.GameStoreService|Getting all Publishers. Returned 1  Publishers.
8000062a-0000-f100-b63f-84710c7967bb|2016-11-24 17:34:55.8706|DEBUG|GameStore.BLL.Services.GameStoreService|Getting all Genres. Returned 16  Genres.
8000062a-0000-f100-b63f-84710c7967bb|2016-11-24 17:34:55.8706|DEBUG|GameStore.BLL.Services.GameStoreService|Getting all PlatformTypes. Returned 4  PlatformTypes.
8000062a-0000-f100-b63f-84710c7967bb|2016-11-24 17:34:55.8886|DEBUG|GameStore.BLL.Services.GameStoreService|Getting all Publishers. Returned 1  Publishers.
8000062c-0000-f100-b63f-84710c7967bb|2016-11-24 17:35:00.1255|DEBUG|GameStore.BLL.Services.GameStoreService|Getting all Genres. Returned 16  Genres.
8000062c-0000-f100-b63f-84710c7967bb|2016-11-24 17:35:00.1375|DEBUG|GameStore.BLL.Services.GameStoreService|Getting all PlatformTypes. Returned 4  PlatformTypes.
8000062c-0000-f100-b63f-84710c7967bb|2016-11-24 17:35:00.1375|DEBUG|GameStore.BLL.Services.GameStoreService|Getting all Publishers. Returned 1  Publishers.
8000062e-0000-f100-b63f-84710c7967bb|2016-11-24 17:35:05.3282|DEBUG|GameStore.BLL.Services.GameStoreService|Getting all Genres. Returned 16  Genres.
8000062e-0000-f100-b63f-84710c7967bb|2016-11-24 17:35:05.3402|DEBUG|GameStore.BLL.Services.GameStoreService|Getting all PlatformTypes. Returned 4  PlatformTypes.
8000062e-0000-f100-b63f-84710c7967bb|2016-11-24 17:35:05.3402|DEBUG|GameStore.BLL.Services.GameStoreService|Getting all Publishers. Returned 1  Publishers.
800005ee-0000-e700-b63f-84710c7967bb|2016-11-24 17:37:06.6674|DEBUG|GameStore.BLL.Services.GameStoreService|Getting all Genres. Returned 16  Genres.
800005ee-0000-e700-b63f-84710c7967bb|2016-11-24 17:37:06.6924|DEBUG|GameStore.BLL.Services.GameStoreService|Getting all PlatformTypes. Returned 4  PlatformTypes.
800005ee-0000-e700-b63f-84710c7967bb|2016-11-24 17:37:06.7260|DEBUG|GameStore.BLL.Services.GameStoreService|Getting all Publishers. Returned 1  Publishers.
800005ee-0000-e700-b63f-84710c7967bb|2016-11-24 17:37:07.3780|DEBUG|GameStore.BLL.Services.GameStoreService|Getting all Games. Returned 12  Games.
800003de-0000-fc00-b63f-84710c7967bb|2016-11-24 17:43:42.3340|DEBUG|GameStore.BLL.Services.GameStoreService|Getting all Genres. Returned 16  Genres.
800003de-0000-fc00-b63f-84710c7967bb|2016-11-24 17:43:42.3620|DEBUG|GameStore.BLL.Services.GameStoreService|Getting all PlatformTypes. Returned 4  PlatformTypes.
800003de-0000-fc00-b63f-84710c7967bb|2016-11-24 17:43:42.3976|DEBUG|GameStore.BLL.Services.GameStoreService|Getting all Publishers. Returned 1  Publishers.
800003de-0000-fc00-b63f-84710c7967bb|2016-11-24 17:43:43.0786|DEBUG|GameStore.BLL.Services.GameStoreService|Getting all Games. Returned 12  Games.
800003e0-0000-fc00-b63f-84710c7967bb|2016-11-24 17:43:50.0650|DEBUG|GameStore.BLL.Services.GameStoreService|Getting all Genres. Returned 16  Genres.
800003e0-0000-fc00-b63f-84710c7967bb|2016-11-24 17:43:50.0806|DEBUG|GameStore.BLL.Services.GameStoreService|Getting all PlatformTypes. Returned 4  PlatformTypes.
800003e0-0000-fc00-b63f-84710c7967bb|2016-11-24 17:43:50.0861|DEBUG|GameStore.BLL.Services.GameStoreService|Getting all Publishers. Returned 1  Publishers.
80000058-0000-f000-b63f-84710c7967bb|2016-11-24 17:44:32.6582|DEBUG|GameStore.BLL.Services.GameStoreService|Getting all Genres. Returned 16  Genres.
80000058-0000-f000-b63f-84710c7967bb|2016-11-24 17:44:32.6832|DEBUG|GameStore.BLL.Services.GameStoreService|Getting all PlatformTypes. Returned 4  PlatformTypes.
80000058-0000-f000-b63f-84710c7967bb|2016-11-24 17:44:32.7183|DEBUG|GameStore.BLL.Services.GameStoreService|Getting all Publishers. Returned 30  Publishers.
80000058-0000-f000-b63f-84710c7967bb|2016-11-24 17:44:33.3685|DEBUG|GameStore.BLL.Services.GameStoreService|Getting all Games. Returned 89  Games.
8000005a-0000-f000-b63f-84710c7967bb|2016-11-24 17:44:43.7736|DEBUG|GameStore.BLL.Services.GameStoreService|Getting all Genres. Returned 16  Genres.
8000005a-0000-f000-b63f-84710c7967bb|2016-11-24 17:44:43.7916|DEBUG|GameStore.BLL.Services.GameStoreService|Getting all PlatformTypes. Returned 4  PlatformTypes.
8000005a-0000-f000-b63f-84710c7967bb|2016-11-24 17:44:43.8056|DEBUG|GameStore.BLL.Services.GameStoreService|Getting all Publishers. Returned 30  Publishers.
8000005c-0000-f000-b63f-84710c7967bb|2016-11-24 17:45:11.8899|DEBUG|GameStore.BLL.Services.GameStoreService|Getting all Genres. Returned 16  Genres.
8000005c-0000-f000-b63f-84710c7967bb|2016-11-24 17:45:11.8999|DEBUG|GameStore.BLL.Services.GameStoreService|Getting all PlatformTypes. Returned 4  PlatformTypes.
8000005c-0000-f000-b63f-84710c7967bb|2016-11-24 17:45:11.8999|DEBUG|GameStore.BLL.Services.GameStoreService|Getting all Publishers. Returned 30  Publishers.
8000005e-0000-f000-b63f-84710c7967bb|2016-11-24 17:45:14.9298|DEBUG|GameStore.BLL.Services.GameStoreService|Getting all Genres. Returned 16  Genres.
8000005e-0000-f000-b63f-84710c7967bb|2016-11-24 17:45:14.9418|DEBUG|GameStore.BLL.Services.GameStoreService|Getting all PlatformTypes. Returned 4  PlatformTypes.
8000005e-0000-f000-b63f-84710c7967bb|2016-11-24 17:45:14.9478|DEBUG|GameStore.BLL.Services.GameStoreService|Getting all Publishers. Returned 30  Publishers.
80000060-0000-f000-b63f-84710c7967bb|2016-11-24 17:45:17.3343|DEBUG|GameStore.BLL.Services.GameStoreService|Getting all Genres. Returned 16  Genres.
80000060-0000-f000-b63f-84710c7967bb|2016-11-24 17:45:17.3483|DEBUG|GameStore.BLL.Services.GameStoreService|Getting all PlatformTypes. Returned 4  PlatformTypes.
80000060-0000-f000-b63f-84710c7967bb|2016-11-24 17:45:17.3543|DEBUG|GameStore.BLL.Services.GameStoreService|Getting all Publishers. Returned 30  Publishers.
800003ea-0000-fc00-b63f-84710c7967bb|2016-11-24 17:47:56.5192|DEBUG|GameStore.BLL.Services.GameStoreService|Getting all Genres. Returned 16  Genres.
800003ea-0000-fc00-b63f-84710c7967bb|2016-11-24 17:47:56.5462|DEBUG|GameStore.BLL.Services.GameStoreService|Getting all PlatformTypes. Returned 4  PlatformTypes.
800003ea-0000-fc00-b63f-84710c7967bb|2016-11-24 17:47:56.5832|DEBUG|GameStore.BLL.Services.GameStoreService|Getting all Publishers. Returned 30  Publishers.
800003ea-0000-fc00-b63f-84710c7967bb|2016-11-24 17:47:57.2312|DEBUG|GameStore.BLL.Services.GameStoreService|Getting all Games. Returned 89  Games.
800003ec-0000-fc00-b63f-84710c7967bb|2016-11-24 17:48:04.5539|DEBUG|GameStore.BLL.Services.GameStoreService|Getting all Genres. Returned 16  Genres.
800003ec-0000-fc00-b63f-84710c7967bb|2016-11-24 17:48:04.5649|DEBUG|GameStore.BLL.Services.GameStoreService|Getting all PlatformTypes. Returned 4  PlatformTypes.
800003ec-0000-fc00-b63f-84710c7967bb|2016-11-24 17:48:04.5649|DEBUG|GameStore.BLL.Services.GameStoreService|Getting all Publishers. Returned 30  Publishers.
800001cf-0002-f800-b63f-84710c7967bb|2016-11-24 17:51:13.1018|DEBUG|GameStore.BLL.Services.GameStoreService|Getting all Games. Returned 89  Games.
800001cf-0002-f800-b63f-84710c7967bb|2016-11-24 17:51:14.9657|DEBUG|GameStore.BLL.Services.GameStoreService|Getting all Games. Returned 89  Games.
800001d1-0002-f800-b63f-84710c7967bb|2016-11-24 17:51:33.6622|DEBUG|GameStore.BLL.Services.GameStoreService|Getting all Publishers. Returned 30  Publishers.
800001d1-0002-f800-b63f-84710c7967bb|2016-11-24 17:51:33.6992|DEBUG|GameStore.BLL.Services.GameStoreService|Getting all PlatformTypes. Returned 4  PlatformTypes.
800001d1-0002-f800-b63f-84710c7967bb|2016-11-24 17:51:33.7693|DEBUG|GameStore.BLL.Services.GameStoreService|Getting all Genres. Returned 16  Genres.
800001d3-0002-f800-b63f-84710c7967bb|2016-11-24 17:51:53.5527|DEBUG|GameStore.BLL.Services.GameStoreService|Getting all Games. Returned 89  Games.
80000058-0002-ed00-b63f-84710c7967bb|2016-11-24 17:54:35.6567|DEBUG|GameStore.BLL.Services.GameStoreService|Getting all Games. Returned 89  Games.
80000058-0002-ed00-b63f-84710c7967bb|2016-11-24 17:54:37.3623|DEBUG|GameStore.BLL.Services.GameStoreService|Getting all Games. Returned 89  Games.
800000b9-0002-f200-b63f-84710c7967bb|2016-11-24 17:55:36.7302|DEBUG|GameStore.BLL.Services.GameStoreService|Getting all Games. Returned 89  Games.
800000b9-0002-f200-b63f-84710c7967bb|2016-11-24 17:55:38.4614|DEBUG|GameStore.BLL.Services.GameStoreService|Getting all Games. Returned 89  Games.
80000371-0002-ec00-b63f-84710c7967bb|2016-11-24 17:58:57.8354|DEBUG|GameStore.BLL.Services.GameStoreService|Getting all Games. Returned 89  Games.
80000371-0002-ec00-b63f-84710c7967bb|2016-11-24 17:58:59.6239|DEBUG|GameStore.BLL.Services.GameStoreService|Getting all Games. Returned 89  Games.
80000166-0001-e600-b63f-84710c7967bb|2016-11-24 18:01:23.1500|DEBUG|GameStore.BLL.Services.GameStoreService|Getting all Games. Returned 89  Games.
80000166-0001-e600-b63f-84710c7967bb|2016-11-24 18:01:24.8989|DEBUG|GameStore.BLL.Services.GameStoreService|Getting all Games. Returned 89  Games.
80000168-0001-e600-b63f-84710c7967bb|2016-11-24 18:01:31.3155|DEBUG|GameStore.BLL.Services.GameStoreService|Getting all Publishers. Returned 30  Publishers.
80000168-0001-e600-b63f-84710c7967bb|2016-11-24 18:01:31.3585|DEBUG|GameStore.BLL.Services.GameStoreService|Getting all PlatformTypes. Returned 4  PlatformTypes.
80000168-0001-e600-b63f-84710c7967bb|2016-11-24 18:01:31.4096|DEBUG|GameStore.BLL.Services.GameStoreService|Getting all Genres. Returned 24  Genres.
8000016a-0001-e600-b63f-84710c7967bb|2016-11-24 18:01:48.8435|DEBUG|GameStore.BLL.Services.GameStoreService|Getting all Games. Returned 89  Games.
80000089-0001-f300-b63f-84710c7967bb|2016-11-24 18:08:38.8667|DEBUG|GameStore.BLL.Services.GameStoreService|Getting all Games. Returned 24  Games.
80000089-0001-f300-b63f-84710c7967bb|2016-11-24 18:08:40.6071|DEBUG|GameStore.BLL.Services.GameStoreService|Getting all Games. Returned 24  Games.
8000008b-0001-f300-b63f-84710c7967bb|2016-11-24 18:08:56.2900|DEBUG|GameStore.BLL.Services.GameStoreService|Getting all Games. Returned 24  Games.
8000008d-0001-f300-b63f-84710c7967bb|2016-11-24 18:09:07.4112|DEBUG|GameStore.BLL.Services.GameStoreService|Getting all Games. Returned 24  Games.
800001b7-0000-fd00-b63f-84710c7967bb|2016-11-24 18:09:54.4449|DEBUG|GameStore.BLL.Services.GameStoreService|Getting all Games. Returned 24  Games.
800001b7-0000-fd00-b63f-84710c7967bb|2016-11-24 18:09:56.1983|DEBUG|GameStore.BLL.Services.GameStoreService|Getting all Games. Returned 24  Games.
80000653-0000-f200-b63f-84710c7967bb|2016-11-24 18:10:57.3165|DEBUG|GameStore.BLL.Services.GameStoreService|Getting all Games. Returned 89  Games.
80000653-0000-f200-b63f-84710c7967bb|2016-11-24 18:10:59.0526|DEBUG|GameStore.BLL.Services.GameStoreService|Getting all Games. Returned 89  Games.
80000655-0000-f200-b63f-84710c7967bb|2016-11-24 18:11:13.6399|DEBUG|GameStore.BLL.Services.GameStoreService|Getting all Games. Returned 89  Games.
80000906-0000-f100-b63f-84710c7967bb|2016-11-24 18:11:37.6889|DEBUG|GameStore.BLL.Services.GameStoreService|Getting all Games. Returned 89  Games.
80000906-0000-f100-b63f-84710c7967bb|2016-11-24 18:11:38.2958|DEBUG|GameStore.BLL.Services.GameStoreService|Getting all Games. Returned 89  Games.
80000909-0000-f100-b63f-84710c7967bb|2016-11-24 18:11:44.5111|DEBUG|GameStore.BLL.Services.GameStoreService|GettingGameby id=3afd62e6-0f5e-4631-9b04-037c944bbaf2 
80000661-0000-f200-b63f-84710c7967bb|2016-11-24 18:12:00.8512|DEBUG|GameStore.BLL.Services.GameStoreService|Getting all Games. Returned 89  Games.
80000661-0000-f200-b63f-84710c7967bb|2016-11-24 18:12:01.4623|DEBUG|GameStore.BLL.Services.GameStoreService|Getting all Games. Returned 89  Games.
80000663-0000-f200-b63f-84710c7967bb|2016-11-24 18:12:04.7948|DEBUG|GameStore.BLL.Services.GameStoreService|Getting all Publishers. Returned 30  Publishers.
80000663-0000-f200-b63f-84710c7967bb|2016-11-24 18:12:04.8289|DEBUG|GameStore.BLL.Services.GameStoreService|Getting all PlatformTypes. Returned 4  PlatformTypes.
80000663-0000-f200-b63f-84710c7967bb|2016-11-24 18:12:04.8930|DEBUG|GameStore.BLL.Services.GameStoreService|Getting all Genres. Returned 24  Genres.
800006aa-0003-ed00-b63f-84710c7967bb|2016-11-24 18:17:40.1919|DEBUG|GameStore.BLL.Services.GameStoreService|Getting all Games. Returned 89  Games.
800006aa-0003-ed00-b63f-84710c7967bb|2016-11-24 18:17:41.8842|DEBUG|GameStore.BLL.Services.GameStoreService|Getting all Games. Returned 89  Games.
80000327-0001-fc00-b63f-84710c7967bb|2016-11-24 19:09:33.2563|DEBUG|GameStore.BLL.Services.GameStoreService|Getting all Games. Returned 89  Games.
80000327-0001-fc00-b63f-84710c7967bb|2016-11-24 19:09:34.9204|DEBUG|GameStore.BLL.Services.GameStoreService|Getting all Games. Returned 89  Games.
800001ee-0000-fd00-b63f-84710c7967bb|2016-11-24 19:25:14.6893|DEBUG|GameStore.BLL.Services.GameStoreService|Getting all Games. Returned 89  Games.
800001ee-0000-fd00-b63f-84710c7967bb|2016-11-24 19:25:16.4574|DEBUG|GameStore.BLL.Services.GameStoreService|Getting all Games. Returned 89  Games.
800001f1-0000-fd00-b63f-84710c7967bb|2016-11-24 19:25:32.1155|DEBUG|GameStore.BLL.Services.GameStoreService|GettingGameby id=496fcc4f-bd8a-414d-92dd-11ddb11ae795 
800004d2-0000-f400-b63f-84710c7967bb|2016-11-24 19:26:34.1446|DEBUG|GameStore.BLL.Services.GameStoreService|Getting all Games. Returned 89  Games.
800004d2-0000-f400-b63f-84710c7967bb|2016-11-24 19:26:34.7355|DEBUG|GameStore.BLL.Services.GameStoreService|Getting all Games. Returned 89  Games.
8000004e-0002-e300-b63f-84710c7967bb|2016-11-24 20:01:55.5824|DEBUG|GameStore.BLL.Services.GameStoreService|Getting all Games. Returned 89  Games.
8000004e-0002-e300-b63f-84710c7967bb|2016-11-24 20:01:57.3290|DEBUG|GameStore.BLL.Services.GameStoreService|Getting all Games. Returned 89  Games.
800000e9-0001-f600-b63f-84710c7967bb|2016-11-24 20:02:43.4477|DEBUG|GameStore.BLL.Services.GameStoreService|Getting all Games. Returned 89  Games.
800000e9-0001-f600-b63f-84710c7967bb|2016-11-24 20:02:44.0317|DEBUG|GameStore.BLL.Services.GameStoreService|Getting all Games. Returned 89  Games.
80000768-0001-fb00-b63f-84710c7967bb|2016-11-24 20:03:40.2792|DEBUG|GameStore.BLL.Services.GameStoreService|Getting all Games. Returned 89  Games.
80000768-0001-fb00-b63f-84710c7967bb|2016-11-24 20:03:40.8507|DEBUG|GameStore.BLL.Services.GameStoreService|Getting all Games. Returned 89  Games.
8000076a-0001-fb00-b63f-84710c7967bb|2016-11-24 20:03:46.5867|DEBUG|GameStore.BLL.Services.GameStoreService|Getting all Publishers. Returned 30  Publishers.
8000076a-0001-fb00-b63f-84710c7967bb|2016-11-24 20:03:46.6209|DEBUG|GameStore.BLL.Services.GameStoreService|Getting all PlatformTypes. Returned 4  PlatformTypes.
8000076a-0001-fb00-b63f-84710c7967bb|2016-11-24 20:03:46.6729|DEBUG|GameStore.BLL.Services.GameStoreService|Getting all Genres. Returned 24  Genres.
8000076c-0001-fb00-b63f-84710c7967bb|2016-11-24 20:04:34.9141|DEBUG|GameStore.BLL.Services.GameStoreService|Getting all Publishers. Returned 30  Publishers.
8000076c-0001-fb00-b63f-84710c7967bb|2016-11-24 20:04:34.9411|DEBUG|GameStore.BLL.Services.GameStoreService|Getting all PlatformTypes. Returned 4  PlatformTypes.
8000076c-0001-fb00-b63f-84710c7967bb|2016-11-24 20:04:34.9757|DEBUG|GameStore.BLL.Services.GameStoreService|Getting all Genres. Returned 24  Genres.
80000937-0000-ed00-b63f-84710c7967bb|2016-11-24 20:06:50.3992|DEBUG|GameStore.BLL.Services.GameStoreService|Getting all Games. Returned 89  Games.
80000937-0000-ed00-b63f-84710c7967bb|2016-11-24 20:06:51.0772|DEBUG|GameStore.BLL.Services.GameStoreService|Getting all Games. Returned 89  Games.
80000939-0000-ed00-b63f-84710c7967bb|2016-11-24 20:06:54.4936|DEBUG|GameStore.BLL.Services.GameStoreService|Getting all Publishers. Returned 30  Publishers.
80000939-0000-ed00-b63f-84710c7967bb|2016-11-24 20:06:54.5277|DEBUG|GameStore.BLL.Services.GameStoreService|Getting all PlatformTypes. Returned 4  PlatformTypes.
80000939-0000-ed00-b63f-84710c7967bb|2016-11-24 20:06:54.5817|DEBUG|GameStore.BLL.Services.GameStoreService|Getting all Genres. Returned 24  Genres.
800002a8-0000-eb00-b63f-84710c7967bb|2016-11-24 20:29:07.3755|DEBUG|GameStore.BLL.Services.GameStoreService|Getting all Genres. Returned 24  Genres.
800002a8-0000-eb00-b63f-84710c7967bb|2016-11-24 20:29:07.4005|DEBUG|GameStore.BLL.Services.GameStoreService|Getting all PlatformTypes. Returned 4  PlatformTypes.
800002a8-0000-eb00-b63f-84710c7967bb|2016-11-24 20:29:07.4235|DEBUG|GameStore.BLL.Services.GameStoreService|Getting all Publishers. Returned 30  Publishers.
800002a8-0000-eb00-b63f-84710c7967bb|2016-11-24 20:29:08.0618|DEBUG|GameStore.BLL.Services.GameStoreService|Getting all Games. Returned 89  Games.
800002aa-0000-eb00-b63f-84710c7967bb|2016-11-24 20:29:16.1059|DEBUG|GameStore.BLL.Services.GameStoreService|Getting all Genres. Returned 24  Genres.
800002aa-0000-eb00-b63f-84710c7967bb|2016-11-24 20:29:16.1159|DEBUG|GameStore.BLL.Services.GameStoreService|Getting all PlatformTypes. Returned 4  PlatformTypes.
800002aa-0000-eb00-b63f-84710c7967bb|2016-11-24 20:29:16.1159|DEBUG|GameStore.BLL.Services.GameStoreService|Getting all Publishers. Returned 30  Publishers.
800002ac-0000-eb00-b63f-84710c7967bb|2016-11-24 20:29:26.7205|DEBUG|GameStore.BLL.Services.GameStoreService|Getting all Genres. Returned 24  Genres.
800002ac-0000-eb00-b63f-84710c7967bb|2016-11-24 20:29:26.7321|DEBUG|GameStore.BLL.Services.GameStoreService|Getting all PlatformTypes. Returned 4  PlatformTypes.
800002ac-0000-eb00-b63f-84710c7967bb|2016-11-24 20:29:26.7321|DEBUG|GameStore.BLL.Services.GameStoreService|Getting all Publishers. Returned 30  Publishers.
800002ae-0000-eb00-b63f-84710c7967bb|2016-11-24 20:29:31.7241|DEBUG|GameStore.BLL.Services.GameStoreService|Getting all Genres. Returned 24  Genres.
800002ae-0000-eb00-b63f-84710c7967bb|2016-11-24 20:29:31.7351|DEBUG|GameStore.BLL.Services.GameStoreService|Getting all PlatformTypes. Returned 4  PlatformTypes.
800002ae-0000-eb00-b63f-84710c7967bb|2016-11-24 20:29:31.7351|DEBUG|GameStore.BLL.Services.GameStoreService|Getting all Publishers. Returned 30  Publishers.
800002b0-0000-eb00-b63f-84710c7967bb|2016-11-24 20:29:34.8400|DEBUG|GameStore.BLL.Services.GameStoreService|Getting all Genres. Returned 24  Genres.
800002b0-0000-eb00-b63f-84710c7967bb|2016-11-24 20:29:34.8511|DEBUG|GameStore.BLL.Services.GameStoreService|Getting all PlatformTypes. Returned 4  PlatformTypes.
800002b0-0000-eb00-b63f-84710c7967bb|2016-11-24 20:29:34.8571|DEBUG|GameStore.BLL.Services.GameStoreService|Getting all Publishers. Returned 30  Publishers.
800002b2-0000-eb00-b63f-84710c7967bb|2016-11-24 20:30:16.3046|DEBUG|GameStore.BLL.Services.GameStoreService|Getting all Genres. Returned 24  Genres.
800002b2-0000-eb00-b63f-84710c7967bb|2016-11-24 20:30:16.3166|DEBUG|GameStore.BLL.Services.GameStoreService|Getting all PlatformTypes. Returned 4  PlatformTypes.
800002b2-0000-eb00-b63f-84710c7967bb|2016-11-24 20:30:16.3166|DEBUG|GameStore.BLL.Services.GameStoreService|Getting all Publishers. Returned 30  Publishers.
800002b2-0000-eb00-b63f-84710c7967bb|2016-11-24 20:30:16.4004|DEBUG|GameStore.BLL.Services.GameStoreService|Getting all Games. Returned 89  Games.
800002b4-0000-eb00-b63f-84710c7967bb|2016-11-24 20:30:25.7794|DEBUG|GameStore.BLL.Services.GameStoreService|Getting all Genres. Returned 24  Genres.
800002b4-0000-eb00-b63f-84710c7967bb|2016-11-24 20:30:25.7794|DEBUG|GameStore.BLL.Services.GameStoreService|Getting all PlatformTypes. Returned 4  PlatformTypes.
800002b4-0000-eb00-b63f-84710c7967bb|2016-11-24 20:30:25.7974|DEBUG|GameStore.BLL.Services.GameStoreService|Getting all Publishers. Returned 30  Publishers.
8000033c-0000-f800-b63f-84710c7967bb|2016-11-24 20:32:20.6912|DEBUG|GameStore.BLL.Services.GameStoreService|Getting all Genres. Returned 24  Genres.
8000033c-0000-f800-b63f-84710c7967bb|2016-11-24 20:32:20.7162|DEBUG|GameStore.BLL.Services.GameStoreService|Getting all PlatformTypes. Returned 4  PlatformTypes.
8000033c-0000-f800-b63f-84710c7967bb|2016-11-24 20:32:20.7372|DEBUG|GameStore.BLL.Services.GameStoreService|Getting all Publishers. Returned 30  Publishers.
8000033c-0000-f800-b63f-84710c7967bb|2016-11-24 20:32:21.3701|DEBUG|GameStore.BLL.Services.GameStoreService|Getting all Games. Returned 89  Games.
8000033e-0000-f800-b63f-84710c7967bb|2016-11-24 20:32:46.6858|DEBUG|GameStore.BLL.Services.GameStoreService|Getting all Genres. Returned 24  Genres.
8000033e-0000-f800-b63f-84710c7967bb|2016-11-24 20:32:46.6988|DEBUG|GameStore.BLL.Services.GameStoreService|Getting all PlatformTypes. Returned 4  PlatformTypes.
8000033e-0000-f800-b63f-84710c7967bb|2016-11-24 20:32:46.6988|DEBUG|GameStore.BLL.Services.GameStoreService|Getting all Publishers. Returned 30  Publishers.
80000340-0000-f800-b63f-84710c7967bb|2016-11-24 20:32:49.0682|DEBUG|GameStore.BLL.Services.GameStoreService|Getting all Genres. Returned 24  Genres.
80000340-0000-f800-b63f-84710c7967bb|2016-11-24 20:32:49.0682|DEBUG|GameStore.BLL.Services.GameStoreService|Getting all PlatformTypes. Returned 4  PlatformTypes.
80000340-0000-f800-b63f-84710c7967bb|2016-11-24 20:32:49.0872|DEBUG|GameStore.BLL.Services.GameStoreService|Getting all Publishers. Returned 30  Publishers.
80000342-0000-f800-b63f-84710c7967bb|2016-11-24 20:32:51.2052|DEBUG|GameStore.BLL.Services.GameStoreService|Getting all Genres. Returned 24  Genres.
80000342-0000-f800-b63f-84710c7967bb|2016-11-24 20:32:51.2256|DEBUG|GameStore.BLL.Services.GameStoreService|Getting all PlatformTypes. Returned 4  PlatformTypes.
80000342-0000-f800-b63f-84710c7967bb|2016-11-24 20:32:51.2256|DEBUG|GameStore.BLL.Services.GameStoreService|Getting all Publishers. Returned 30  Publishers.
80000344-0000-f800-b63f-84710c7967bb|2016-11-24 20:32:55.8790|DEBUG|GameStore.BLL.Services.GameStoreService|Getting all Genres. Returned 24  Genres.
80000344-0000-f800-b63f-84710c7967bb|2016-11-24 20:32:55.8790|DEBUG|GameStore.BLL.Services.GameStoreService|Getting all PlatformTypes. Returned 4  PlatformTypes.
80000344-0000-f800-b63f-84710c7967bb|2016-11-24 20:32:55.8960|DEBUG|GameStore.BLL.Services.GameStoreService|Getting all Publishers. Returned 30  Publishers.
8000095f-0000-ed00-b63f-84710c7967bb|2016-11-24 20:35:05.2917|DEBUG|GameStore.BLL.Services.GameStoreService|Getting all Genres. Returned 24  Genres.
8000095f-0000-ed00-b63f-84710c7967bb|2016-11-24 20:35:05.3167|DEBUG|GameStore.BLL.Services.GameStoreService|Getting all PlatformTypes. Returned 4  PlatformTypes.
8000095f-0000-ed00-b63f-84710c7967bb|2016-11-24 20:35:05.3378|DEBUG|GameStore.BLL.Services.GameStoreService|Getting all Publishers. Returned 30  Publishers.
8000095f-0000-ed00-b63f-84710c7967bb|2016-11-24 20:35:05.9412|DEBUG|GameStore.BLL.Services.GameStoreService|Getting all Games. Returned 89  Games.
80000961-0000-ed00-b63f-84710c7967bb|2016-11-24 20:35:11.9282|DEBUG|GameStore.BLL.Services.GameStoreService|Getting all Genres. Returned 24  Genres.
80000961-0000-ed00-b63f-84710c7967bb|2016-11-24 20:35:11.9402|DEBUG|GameStore.BLL.Services.GameStoreService|Getting all PlatformTypes. Returned 4  PlatformTypes.
80000961-0000-ed00-b63f-84710c7967bb|2016-11-24 20:35:11.9402|DEBUG|GameStore.BLL.Services.GameStoreService|Getting all Publishers. Returned 30  Publishers.
800006d2-0001-f100-b63f-84710c7967bb|2016-11-24 20:35:54.6452|DEBUG|GameStore.BLL.Services.GameStoreService|Getting all Genres. Returned 24  Genres.
800006d2-0001-f100-b63f-84710c7967bb|2016-11-24 20:35:54.6712|DEBUG|GameStore.BLL.Services.GameStoreService|Getting all PlatformTypes. Returned 4  PlatformTypes.
800006d2-0001-f100-b63f-84710c7967bb|2016-11-24 20:35:54.6922|DEBUG|GameStore.BLL.Services.GameStoreService|Getting all Publishers. Returned 30  Publishers.
800006d2-0001-f100-b63f-84710c7967bb|2016-11-24 20:35:55.3291|DEBUG|GameStore.BLL.Services.GameStoreService|Getting all Games. Returned 89  Games.
800006d4-0001-f100-b63f-84710c7967bb|2016-11-24 20:36:00.5596|DEBUG|GameStore.BLL.Services.GameStoreService|Getting all Genres. Returned 24  Genres.
800006d4-0001-f100-b63f-84710c7967bb|2016-11-24 20:36:00.5596|DEBUG|GameStore.BLL.Services.GameStoreService|Getting all PlatformTypes. Returned 4  PlatformTypes.
800006d4-0001-f100-b63f-84710c7967bb|2016-11-24 20:36:00.5756|DEBUG|GameStore.BLL.Services.GameStoreService|Getting all Publishers. Returned 30  Publishers.
8000012d-0001-e300-b63f-84710c7967bb|2016-11-24 20:37:35.5932|DEBUG|GameStore.BLL.Services.GameStoreService|Getting all Genres. Returned 24  Genres.
8000012d-0001-e300-b63f-84710c7967bb|2016-11-24 20:37:35.6187|DEBUG|GameStore.BLL.Services.GameStoreService|Getting all PlatformTypes. Returned 4  PlatformTypes.
8000012d-0001-e300-b63f-84710c7967bb|2016-11-24 20:37:35.6392|DEBUG|GameStore.BLL.Services.GameStoreService|Getting all Publishers. Returned 30  Publishers.
8000012d-0001-e300-b63f-84710c7967bb|2016-11-24 20:37:36.2797|DEBUG|GameStore.BLL.Services.GameStoreService|Getting all Games. Returned 89  Games.
80000183-0003-ef00-b63f-84710c7967bb|2016-11-24 20:39:24.7156|DEBUG|GameStore.BLL.Services.GameStoreService|Getting all Genres. Returned 24  Genres.
80000183-0003-ef00-b63f-84710c7967bb|2016-11-24 20:39:24.7516|DEBUG|GameStore.BLL.Services.GameStoreService|Getting all PlatformTypes. Returned 4  PlatformTypes.
80000183-0003-ef00-b63f-84710c7967bb|2016-11-24 20:39:24.7772|DEBUG|GameStore.BLL.Services.GameStoreService|Getting all Publishers. Returned 30  Publishers.
80000183-0003-ef00-b63f-84710c7967bb|2016-11-24 20:39:25.4631|DEBUG|GameStore.BLL.Services.GameStoreService|Getting all Games. Returned 89  Games.
80000185-0003-ef00-b63f-84710c7967bb|2016-11-24 20:39:34.8497|DEBUG|GameStore.BLL.Services.GameStoreService|Getting all Genres. Returned 24  Genres.
80000185-0003-ef00-b63f-84710c7967bb|2016-11-24 20:39:34.8607|DEBUG|GameStore.BLL.Services.GameStoreService|Getting all PlatformTypes. Returned 4  PlatformTypes.
80000185-0003-ef00-b63f-84710c7967bb|2016-11-24 20:39:34.8677|DEBUG|GameStore.BLL.Services.GameStoreService|Getting all Publishers. Returned 30  Publishers.
80000187-0003-ef00-b63f-84710c7967bb|2016-11-24 20:39:40.9818|DEBUG|GameStore.BLL.Services.GameStoreService|Getting all Genres. Returned 24  Genres.
80000187-0003-ef00-b63f-84710c7967bb|2016-11-24 20:39:40.9933|DEBUG|GameStore.BLL.Services.GameStoreService|Getting all PlatformTypes. Returned 4  PlatformTypes.
80000187-0003-ef00-b63f-84710c7967bb|2016-11-24 20:39:40.9933|DEBUG|GameStore.BLL.Services.GameStoreService|Getting all Publishers. Returned 30  Publishers.
80000189-0003-ef00-b63f-84710c7967bb|2016-11-24 20:39:47.8867|DEBUG|GameStore.BLL.Services.GameStoreService|Getting all Genres. Returned 24  Genres.
80000189-0003-ef00-b63f-84710c7967bb|2016-11-24 20:39:47.8867|DEBUG|GameStore.BLL.Services.GameStoreService|Getting all PlatformTypes. Returned 4  PlatformTypes.
80000189-0003-ef00-b63f-84710c7967bb|2016-11-24 20:39:47.9032|DEBUG|GameStore.BLL.Services.GameStoreService|Getting all Publishers. Returned 30  Publishers.
8000018b-0003-ef00-b63f-84710c7967bb|2016-11-24 20:39:50.1520|DEBUG|GameStore.BLL.Services.GameStoreService|Getting all Genres. Returned 24  Genres.
8000018b-0003-ef00-b63f-84710c7967bb|2016-11-24 20:39:50.1520|DEBUG|GameStore.BLL.Services.GameStoreService|Getting all PlatformTypes. Returned 4  PlatformTypes.
8000018b-0003-ef00-b63f-84710c7967bb|2016-11-24 20:39:50.1690|DEBUG|GameStore.BLL.Services.GameStoreService|Getting all Publishers. Returned 30  Publishers.
800006ab-0000-f900-b63f-84710c7967bb|2016-11-24 20:41:45.9752|DEBUG|GameStore.BLL.Services.GameStoreService|Getting all Genres. Returned 24  Genres.
800006ab-0000-f900-b63f-84710c7967bb|2016-11-24 20:41:46.0023|DEBUG|GameStore.BLL.Services.GameStoreService|Getting all PlatformTypes. Returned 4  PlatformTypes.
800006ab-0000-f900-b63f-84710c7967bb|2016-11-24 20:41:46.0223|DEBUG|GameStore.BLL.Services.GameStoreService|Getting all Publishers. Returned 30  Publishers.
800006ab-0000-f900-b63f-84710c7967bb|2016-11-24 20:41:46.6460|DEBUG|GameStore.BLL.Services.GameStoreService|Getting all Games. Returned 89  Games.
800006ad-0000-f900-b63f-84710c7967bb|2016-11-24 20:41:52.5321|DEBUG|GameStore.BLL.Services.GameStoreService|Getting all Genres. Returned 24  Genres.
800006ad-0000-f900-b63f-84710c7967bb|2016-11-24 20:41:52.5576|DEBUG|GameStore.BLL.Services.GameStoreService|Getting all PlatformTypes. Returned 4  PlatformTypes.
800006ad-0000-f900-b63f-84710c7967bb|2016-11-24 20:41:52.5576|DEBUG|GameStore.BLL.Services.GameStoreService|Getting all Publishers. Returned 30  Publishers.
800006af-0000-f900-b63f-84710c7967bb|2016-11-24 20:41:54.5634|DEBUG|GameStore.BLL.Services.GameStoreService|Getting all Genres. Returned 24  Genres.
800006af-0000-f900-b63f-84710c7967bb|2016-11-24 20:41:54.5733|DEBUG|GameStore.BLL.Services.GameStoreService|Getting all PlatformTypes. Returned 4  PlatformTypes.
800006af-0000-f900-b63f-84710c7967bb|2016-11-24 20:41:54.5733|DEBUG|GameStore.BLL.Services.GameStoreService|Getting all Publishers. Returned 30  Publishers.
800003e0-0002-e600-b63f-84710c7967bb|2016-11-24 20:44:55.9033|DEBUG|GameStore.BLL.Services.GameStoreService|Getting all Genres. Returned 24  Genres.
800003e0-0002-e600-b63f-84710c7967bb|2016-11-24 20:44:55.9304|DEBUG|GameStore.BLL.Services.GameStoreService|Getting all PlatformTypes. Returned 4  PlatformTypes.
800003e0-0002-e600-b63f-84710c7967bb|2016-11-24 20:44:55.9504|DEBUG|GameStore.BLL.Services.GameStoreService|Getting all Publishers. Returned 30  Publishers.
800003e0-0002-e600-b63f-84710c7967bb|2016-11-24 20:44:56.5880|DEBUG|GameStore.BLL.Services.GameStoreService|Getting all Games. Returned 89  Games.
800003e2-0002-e600-b63f-84710c7967bb|2016-11-24 20:45:00.9906|DEBUG|GameStore.BLL.Services.GameStoreService|Getting all Genres. Returned 24  Genres.
800003e2-0002-e600-b63f-84710c7967bb|2016-11-24 20:45:00.9906|DEBUG|GameStore.BLL.Services.GameStoreService|Getting all PlatformTypes. Returned 4  PlatformTypes.
800003e2-0002-e600-b63f-84710c7967bb|2016-11-24 20:45:01.0097|DEBUG|GameStore.BLL.Services.GameStoreService|Getting all Publishers. Returned 30  Publishers.
800003e4-0002-e600-b63f-84710c7967bb|2016-11-24 20:45:05.9744|DEBUG|GameStore.BLL.Services.GameStoreService|Getting all Genres. Returned 24  Genres.
800003e4-0002-e600-b63f-84710c7967bb|2016-11-24 20:45:05.9744|DEBUG|GameStore.BLL.Services.GameStoreService|Getting all PlatformTypes. Returned 4  PlatformTypes.
800003e4-0002-e600-b63f-84710c7967bb|2016-11-24 20:45:05.9944|DEBUG|GameStore.BLL.Services.GameStoreService|Getting all Publishers. Returned 30  Publishers.
800003e6-0002-e600-b63f-84710c7967bb|2016-11-24 20:45:08.4904|DEBUG|GameStore.BLL.Services.GameStoreService|Getting all Genres. Returned 24  Genres.
800003e6-0002-e600-b63f-84710c7967bb|2016-11-24 20:45:08.4904|DEBUG|GameStore.BLL.Services.GameStoreService|Getting all PlatformTypes. Returned 4  PlatformTypes.
800003e6-0002-e600-b63f-84710c7967bb|2016-11-24 20:45:08.5094|DEBUG|GameStore.BLL.Services.GameStoreService|Getting all Publishers. Returned 30  Publishers.
80000621-0001-f300-b63f-84710c7967bb|2016-11-24 20:46:24.2572|DEBUG|GameStore.BLL.Services.GameStoreService|Getting all Genres. Returned 24  Genres.
80000621-0001-f300-b63f-84710c7967bb|2016-11-24 20:46:24.2868|DEBUG|GameStore.BLL.Services.GameStoreService|Getting all PlatformTypes. Returned 4  PlatformTypes.
80000621-0001-f300-b63f-84710c7967bb|2016-11-24 20:46:24.3178|DEBUG|GameStore.BLL.Services.GameStoreService|Getting all Publishers. Returned 30  Publishers.
80000621-0001-f300-b63f-84710c7967bb|2016-11-24 20:46:24.9140|DEBUG|GameStore.BLL.Services.GameStoreService|Getting all Games. Returned 89  Games.
80000623-0001-f300-b63f-84710c7967bb|2016-11-24 20:46:30.8820|DEBUG|GameStore.BLL.Services.GameStoreService|Getting all Genres. Returned 24  Genres.
80000623-0001-f300-b63f-84710c7967bb|2016-11-24 20:46:30.8820|DEBUG|GameStore.BLL.Services.GameStoreService|Getting all PlatformTypes. Returned 4  PlatformTypes.
80000623-0001-f300-b63f-84710c7967bb|2016-11-24 20:46:30.8992|DEBUG|GameStore.BLL.Services.GameStoreService|Getting all Publishers. Returned 30  Publishers.
8000022d-0003-ee00-b63f-84710c7967bb|2016-11-24 20:48:07.9205|DEBUG|GameStore.BLL.Services.GameStoreService|Getting all Genres. Returned 24  Genres.
8000022d-0003-ee00-b63f-84710c7967bb|2016-11-24 20:48:07.9456|DEBUG|GameStore.BLL.Services.GameStoreService|Getting all PlatformTypes. Returned 4  PlatformTypes.
8000022d-0003-ee00-b63f-84710c7967bb|2016-11-24 20:48:07.9676|DEBUG|GameStore.BLL.Services.GameStoreService|Getting all Publishers. Returned 30  Publishers.
8000022d-0003-ee00-b63f-84710c7967bb|2016-11-24 20:48:08.5630|DEBUG|GameStore.BLL.Services.GameStoreService|Getting all Games. Returned 89  Games.
8000109f-0000-f700-b63f-84710c7967bb|2016-11-24 20:52:02.1503|DEBUG|GameStore.BLL.Services.GameStoreService|Getting all Genres. Returned 24  Genres.
8000109f-0000-f700-b63f-84710c7967bb|2016-11-24 20:52:02.1983|DEBUG|GameStore.BLL.Services.GameStoreService|Getting all PlatformTypes. Returned 4  PlatformTypes.
8000109f-0000-f700-b63f-84710c7967bb|2016-11-24 20:52:02.2334|DEBUG|GameStore.BLL.Services.GameStoreService|Getting all Publishers. Returned 30  Publishers.
8000109f-0000-f700-b63f-84710c7967bb|2016-11-24 20:52:02.8636|DEBUG|GameStore.BLL.Services.GameStoreService|Getting all Games. Returned 89  Games.
8000080e-0000-f300-b63f-84710c7967bb|2016-11-24 20:53:37.6700|DEBUG|GameStore.BLL.Services.GameStoreService|Getting all Genres. Returned 24  Genres.
8000080e-0000-f300-b63f-84710c7967bb|2016-11-24 20:53:37.7120|DEBUG|GameStore.BLL.Services.GameStoreService|Getting all PlatformTypes. Returned 4  PlatformTypes.
8000080e-0000-f300-b63f-84710c7967bb|2016-11-24 20:53:37.7510|DEBUG|GameStore.BLL.Services.GameStoreService|Getting all Publishers. Returned 30  Publishers.
8000080e-0000-f300-b63f-84710c7967bb|2016-11-24 20:53:38.4246|DEBUG|GameStore.BLL.Services.GameStoreService|Getting all Games. Returned 89  Games.
80000513-0003-ef00-b63f-84710c7967bb|2016-11-24 20:54:33.3219|DEBUG|GameStore.BLL.Services.GameStoreService|Getting all Genres. Returned 24  Genres.
80000513-0003-ef00-b63f-84710c7967bb|2016-11-24 20:54:33.3645|DEBUG|GameStore.BLL.Services.GameStoreService|Getting all PlatformTypes. Returned 4  PlatformTypes.
80000513-0003-ef00-b63f-84710c7967bb|2016-11-24 20:54:33.4045|DEBUG|GameStore.BLL.Services.GameStoreService|Getting all Publishers. Returned 30  Publishers.
80000513-0003-ef00-b63f-84710c7967bb|2016-11-24 20:54:34.0900|DEBUG|GameStore.BLL.Services.GameStoreService|Getting all Games. Returned 89  Games.
8000066c-0002-ed00-b63f-84710c7967bb|2016-11-24 20:55:25.3002|DEBUG|GameStore.BLL.Services.GameStoreService|Getting all Genres. Returned 24  Genres.
8000066c-0002-ed00-b63f-84710c7967bb|2016-11-24 20:55:25.3473|DEBUG|GameStore.BLL.Services.GameStoreService|Getting all PlatformTypes. Returned 4  PlatformTypes.
8000066c-0002-ed00-b63f-84710c7967bb|2016-11-24 20:55:25.3842|DEBUG|GameStore.BLL.Services.GameStoreService|Getting all Publishers. Returned 30  Publishers.
8000066c-0002-ed00-b63f-84710c7967bb|2016-11-24 20:55:26.0762|DEBUG|GameStore.BLL.Services.GameStoreService|Getting all Games. Returned 89  Games.
8000066e-0002-ed00-b63f-84710c7967bb|2016-11-24 20:56:12.5963|DEBUG|GameStore.BLL.Services.GameStoreService|Getting all Genres. Returned 24  Genres.
8000066e-0002-ed00-b63f-84710c7967bb|2016-11-24 20:56:12.6093|DEBUG|GameStore.BLL.Services.GameStoreService|Getting all PlatformTypes. Returned 4  PlatformTypes.
8000066e-0002-ed00-b63f-84710c7967bb|2016-11-24 20:56:12.6093|DEBUG|GameStore.BLL.Services.GameStoreService|Getting all Publishers. Returned 30  Publishers.
80000670-0002-ed00-b63f-84710c7967bb|2016-11-24 20:56:16.8503|DEBUG|GameStore.BLL.Services.GameStoreService|Getting all Genres. Returned 24  Genres.
80000670-0002-ed00-b63f-84710c7967bb|2016-11-24 20:56:16.8623|DEBUG|GameStore.BLL.Services.GameStoreService|Getting all PlatformTypes. Returned 4  PlatformTypes.
80000670-0002-ed00-b63f-84710c7967bb|2016-11-24 20:56:16.8623|DEBUG|GameStore.BLL.Services.GameStoreService|Getting all Publishers. Returned 30  Publishers.
80000672-0002-ed00-b63f-84710c7967bb|2016-11-24 20:56:21.6991|DEBUG|GameStore.BLL.Services.GameStoreService|Getting all Genres. Returned 24  Genres.
80000672-0002-ed00-b63f-84710c7967bb|2016-11-24 20:56:21.6991|DEBUG|GameStore.BLL.Services.GameStoreService|Getting all PlatformTypes. Returned 4  PlatformTypes.
80000672-0002-ed00-b63f-84710c7967bb|2016-11-24 20:56:21.7171|DEBUG|GameStore.BLL.Services.GameStoreService|Getting all Publishers. Returned 30  Publishers.
80000674-0002-ed00-b63f-84710c7967bb|2016-11-24 20:56:46.9304|DEBUG|GameStore.BLL.Services.GameStoreService|Getting all Genres. Returned 24  Genres.
80000674-0002-ed00-b63f-84710c7967bb|2016-11-24 20:56:46.9434|DEBUG|GameStore.BLL.Services.GameStoreService|Getting all PlatformTypes. Returned 4  PlatformTypes.
80000674-0002-ed00-b63f-84710c7967bb|2016-11-24 20:56:46.9524|DEBUG|GameStore.BLL.Services.GameStoreService|Getting all Publishers. Returned 30  Publishers.
80000674-0002-ed00-b63f-84710c7967bb|2016-11-24 20:56:47.0331|DEBUG|GameStore.BLL.Services.GameStoreService|Getting all Games. Returned 89  Games.
