80000002-0002-ed00-b63f-84710c7967bb|2016-11-24 12:43:34.9355|DEBUG|ips|Client info: IP = ::1; URI = http://localhost:65078/
80000002-0002-ed00-b63f-84710c7967bb|2016-11-24 12:43:43.9112|DEBUG|ips|Client info: IP = ::1; URI = http://localhost:65078/
80000002-0002-ed00-b63f-84710c7967bb|2016-11-24 12:43:44.5304|DEBUG|ips|Client info: IP = ::1; URI = http://localhost:65078/
80000008-0002-ed00-b63f-84710c7967bb|2016-11-24 12:43:51.9982|DEBUG|ips|Client info: IP = ::1; URI = http://localhost:65078/shipper
80000007-0001-f200-b63f-84710c7967bb|2016-11-24 12:50:00.2238|DEBUG|ips|Client info: IP = ::1; URI = http://localhost:65078/
80000017-0003-f400-b63f-84710c7967bb|2016-11-24 12:50:03.3414|DEBUG|ips|Client info: IP = ::1; URI = http://localhost:65078/shipper
80000017-0003-f400-b63f-84710c7967bb|2016-11-24 12:50:04.9166|DEBUG|ips|Client info: IP = ::1; URI = http://localhost:65078/shipper
80000007-0001-f200-b63f-84710c7967bb|2016-11-24 12:50:06.1152|DEBUG|ips|Client info: IP = ::1; URI = http://localhost:65078/
80000007-0001-f200-b63f-84710c7967bb|2016-11-24 12:50:06.4376|DEBUG|ips|Client info: IP = ::1; URI = http://localhost:65078/
80000028-0001-eb00-b63f-84710c7967bb|2016-11-24 12:52:54.3236|DEBUG|ips|Client info: IP = ::1; URI = http://localhost:65078/shipper
8000000d-0001-f300-b63f-84710c7967bb|2016-11-24 12:52:54.3791|DEBUG|ips|Client info: IP = ::1; URI = http://localhost:65078/
80000028-0001-eb00-b63f-84710c7967bb|2016-11-24 12:52:55.9186|DEBUG|ips|Client info: IP = ::1; URI = http://localhost:65078/shipper
8000000d-0001-f300-b63f-84710c7967bb|2016-11-24 12:52:58.1106|DEBUG|ips|Client info: IP = ::1; URI = http://localhost:65078/
8000000d-0001-f300-b63f-84710c7967bb|2016-11-24 12:52:58.5144|DEBUG|ips|Client info: IP = ::1; URI = http://localhost:65078/
8000003a-0003-fe00-b63f-84710c7967bb|2016-11-24 12:53:37.4515|DEBUG|ips|Client info: IP = ::1; URI = http://localhost:65078/shipper
80000026-0003-f400-b63f-84710c7967bb|2016-11-24 12:53:37.5115|DEBUG|ips|Client info: IP = ::1; URI = http://localhost:65078/
8000003a-0003-fe00-b63f-84710c7967bb|2016-11-24 12:53:39.0989|DEBUG|ips|Client info: IP = ::1; URI = http://localhost:65078/shipper
80000026-0003-f400-b63f-84710c7967bb|2016-11-24 12:53:40.6405|DEBUG|ips|Client info: IP = ::1; URI = http://localhost:65078/
80000026-0003-f400-b63f-84710c7967bb|2016-11-24 12:53:40.9846|DEBUG|ips|Client info: IP = ::1; URI = http://localhost:65078/
800001b1-0001-ea00-b63f-84710c7967bb|2016-11-24 13:07:44.5600|DEBUG|ips|Client info: IP = ::1; URI = http://localhost:65078/shipper
80000479-0000-f700-b63f-84710c7967bb|2016-11-24 13:07:44.6205|DEBUG|ips|Client info: IP = ::1; URI = http://localhost:65078/
800001b1-0001-ea00-b63f-84710c7967bb|2016-11-24 13:07:46.2914|DEBUG|ips|Client info: IP = ::1; URI = http://localhost:65078/shipper
80000479-0000-f700-b63f-84710c7967bb|2016-11-24 13:07:50.5454|DEBUG|ips|Client info: IP = ::1; URI = http://localhost:65078/
80000479-0000-f700-b63f-84710c7967bb|2016-11-24 13:07:50.8493|DEBUG|ips|Client info: IP = ::1; URI = http://localhost:65078/
8000006f-0001-fa00-b63f-84710c7967bb|2016-11-24 16:35:42.6239|DEBUG|ips|Client info: IP = ::1; URI = http://localhost:65078/
80000036-0002-ee00-b63f-84710c7967bb|2016-11-24 16:50:23.8783|DEBUG|ips|Client info: IP = ::1; URI = http://localhost:65078/
800001f1-0003-f700-b63f-84710c7967bb|2016-11-24 16:51:47.4970|DEBUG|ips|Client info: IP = ::1; URI = http://localhost:65078/
800001f1-0003-f700-b63f-84710c7967bb|2016-11-24 16:51:52.0113|DEBUG|ips|Client info: IP = ::1; URI = http://localhost:65078/
800001f1-0003-f700-b63f-84710c7967bb|2016-11-24 16:51:52.7539|DEBUG|ips|Client info: IP = ::1; URI = http://localhost:65078/
8000008f-0001-f600-b63f-84710c7967bb|2016-11-24 17:10:56.5564|DEBUG|ips|Client info: IP = ::1; URI = http://localhost:65078/
8000008f-0001-f600-b63f-84710c7967bb|2016-11-24 17:11:04.1510|DEBUG|ips|Client info: IP = ::1; URI = http://localhost:65078/
8000008f-0001-f600-b63f-84710c7967bb|2016-11-24 17:11:04.9395|DEBUG|ips|Client info: IP = ::1; URI = http://localhost:65078/
8000007c-0003-fe00-b63f-84710c7967bb|2016-11-24 17:12:07.1594|DEBUG|ips|Client info: IP = ::1; URI = http://localhost:65078/
8000007c-0003-fe00-b63f-84710c7967bb|2016-11-24 17:12:11.9411|DEBUG|ips|Client info: IP = ::1; URI = http://localhost:65078/
8000007c-0003-fe00-b63f-84710c7967bb|2016-11-24 17:12:12.7027|DEBUG|ips|Client info: IP = ::1; URI = http://localhost:65078/
800000ac-0003-f400-b63f-84710c7967bb|2016-11-24 17:13:16.4728|DEBUG|ips|Client info: IP = ::1; URI = http://localhost:65078/
800000ac-0003-f400-b63f-84710c7967bb|2016-11-24 17:13:21.1024|DEBUG|ips|Client info: IP = ::1; URI = http://localhost:65078/
800000ac-0003-f400-b63f-84710c7967bb|2016-11-24 17:13:21.9011|DEBUG|ips|Client info: IP = ::1; URI = http://localhost:65078/
8000005a-0000-ee00-b63f-84710c7967bb|2016-11-24 17:14:47.7442|DEBUG|ips|Client info: IP = ::1; URI = http://localhost:65078/
8000005a-0000-ee00-b63f-84710c7967bb|2016-11-24 17:14:52.2120|DEBUG|ips|Client info: IP = ::1; URI = http://localhost:65078/
8000005a-0000-ee00-b63f-84710c7967bb|2016-11-24 17:14:52.9567|DEBUG|ips|Client info: IP = ::1; URI = http://localhost:65078/
8000016b-0000-f800-b63f-84710c7967bb|2016-11-24 17:20:31.8987|DEBUG|ips|Client info: IP = ::1; URI = http://localhost:65078/
8000016b-0000-f800-b63f-84710c7967bb|2016-11-24 17:20:38.6948|DEBUG|ips|Client info: IP = ::1; URI = http://localhost:65078/
8000016b-0000-f800-b63f-84710c7967bb|2016-11-24 17:20:39.4640|DEBUG|ips|Client info: IP = ::1; URI = http://localhost:65078/
80000025-0002-e600-b63f-84710c7967bb|2016-11-24 17:27:20.6412|DEBUG|ips|Client info: IP = ::1; URI = http://localhost:65078/
80000025-0002-e600-b63f-84710c7967bb|2016-11-24 17:27:27.5723|DEBUG|ips|Client info: IP = ::1; URI = http://localhost:65078/
80000028-0001-ee00-b63f-84710c7967bb|2016-11-24 17:32:23.2357|DEBUG|ips|Client info: IP = ::1; URI = http://localhost:65078/
80000028-0001-ee00-b63f-84710c7967bb|2016-11-24 17:32:28.0617|DEBUG|ips|Client info: IP = ::1; URI = http://localhost:65078/
80000028-0001-ee00-b63f-84710c7967bb|2016-11-24 17:32:28.9053|DEBUG|ips|Client info: IP = ::1; URI = http://localhost:65078/
8000061e-0000-f100-b63f-84710c7967bb|2016-11-24 17:34:06.8791|DEBUG|ips|Client info: IP = ::1; URI = http://localhost:65078/
8000061e-0000-f100-b63f-84710c7967bb|2016-11-24 17:34:10.9269|DEBUG|ips|Client info: IP = ::1; URI = http://localhost:65078/
8000061e-0000-f100-b63f-84710c7967bb|2016-11-24 17:34:11.6842|DEBUG|ips|Client info: IP = ::1; URI = http://localhost:65078/
80000622-0000-f100-b63f-84710c7967bb|2016-11-24 17:34:34.2222|DEBUG|ips|Client info: IP = ::1; URI = http://localhost:65078/
80000622-0000-f100-b63f-84710c7967bb|2016-11-24 17:34:34.2652|DEBUG|ips|Client info: IP = ::1; URI = http://localhost:65078/
80000622-0000-f100-b63f-84710c7967bb|2016-11-24 17:34:34.3230|DEBUG|ips|Client info: IP = ::1; URI = http://localhost:65078/
80000624-0000-f100-b63f-84710c7967bb|2016-11-24 17:34:38.0544|DEBUG|ips|Client info: IP = ::1; URI = http://localhost:65078/
80000624-0000-f100-b63f-84710c7967bb|2016-11-24 17:34:38.0674|DEBUG|ips|Client info: IP = ::1; URI = http://localhost:65078/
80000624-0000-f100-b63f-84710c7967bb|2016-11-24 17:34:38.1385|DEBUG|ips|Client info: IP = ::1; URI = http://localhost:65078/
80000626-0000-f100-b63f-84710c7967bb|2016-11-24 17:34:42.4736|DEBUG|ips|Client info: IP = ::1; URI = http://localhost:65078/
80000626-0000-f100-b63f-84710c7967bb|2016-11-24 17:34:42.4986|DEBUG|ips|Client info: IP = ::1; URI = http://localhost:65078/
80000626-0000-f100-b63f-84710c7967bb|2016-11-24 17:34:42.5566|DEBUG|ips|Client info: IP = ::1; URI = http://localhost:65078/
80000628-0000-f100-b63f-84710c7967bb|2016-11-24 17:34:52.4903|DEBUG|ips|Client info: IP = ::1; URI = http://localhost:65078/
80000628-0000-f100-b63f-84710c7967bb|2016-11-24 17:34:52.5108|DEBUG|ips|Client info: IP = ::1; URI = http://localhost:65078/
80000628-0000-f100-b63f-84710c7967bb|2016-11-24 17:34:52.5772|DEBUG|ips|Client info: IP = ::1; URI = http://localhost:65078/
8000062a-0000-f100-b63f-84710c7967bb|2016-11-24 17:34:55.8108|DEBUG|ips|Client info: IP = ::1; URI = http://localhost:65078/
8000062a-0000-f100-b63f-84710c7967bb|2016-11-24 17:34:55.8258|DEBUG|ips|Client info: IP = ::1; URI = http://localhost:65078/
8000062a-0000-f100-b63f-84710c7967bb|2016-11-24 17:34:55.8886|DEBUG|ips|Client info: IP = ::1; URI = http://localhost:65078/
8000062c-0000-f100-b63f-84710c7967bb|2016-11-24 17:35:00.0134|DEBUG|ips|Client info: IP = ::1; URI = http://localhost:65078/games?Name=&MinPrice=&MaxPrice=&DateOfAdding=threeyear&FilterBy=Popularity
8000062c-0000-f100-b63f-84710c7967bb|2016-11-24 17:35:00.0835|DEBUG|ips|Client info: IP = ::1; URI = http://localhost:65078/games?Name=&MinPrice=&MaxPrice=&DateOfAdding=threeyear&FilterBy=Popularity
8000062c-0000-f100-b63f-84710c7967bb|2016-11-24 17:35:00.1555|DEBUG|ips|Client info: IP = ::1; URI = http://localhost:65078/games?Name=&MinPrice=&MaxPrice=&DateOfAdding=threeyear&FilterBy=Popularity
8000062e-0000-f100-b63f-84710c7967bb|2016-11-24 17:35:05.2631|DEBUG|ips|Client info: IP = ::1; URI = http://localhost:65078/games?DateOfAdding=threeyear&FilterBy=Popularity&Page=2
8000062e-0000-f100-b63f-84710c7967bb|2016-11-24 17:35:05.2906|DEBUG|ips|Client info: IP = ::1; URI = http://localhost:65078/games?DateOfAdding=threeyear&FilterBy=Popularity&Page=2
8000062e-0000-f100-b63f-84710c7967bb|2016-11-24 17:35:05.3552|DEBUG|ips|Client info: IP = ::1; URI = http://localhost:65078/games?DateOfAdding=threeyear&FilterBy=Popularity&Page=2
800005ee-0000-e700-b63f-84710c7967bb|2016-11-24 17:37:02.0622|DEBUG|ips|Client info: IP = ::1; URI = http://localhost:65078/
800005ee-0000-e700-b63f-84710c7967bb|2016-11-24 17:37:06.4738|DEBUG|ips|Client info: IP = ::1; URI = http://localhost:65078/
800005ee-0000-e700-b63f-84710c7967bb|2016-11-24 17:37:07.2914|DEBUG|ips|Client info: IP = ::1; URI = http://localhost:65078/
800003de-0000-fc00-b63f-84710c7967bb|2016-11-24 17:43:35.5536|DEBUG|ips|Client info: IP = ::1; URI = http://localhost:65078/
800003de-0000-fc00-b63f-84710c7967bb|2016-11-24 17:43:42.1754|DEBUG|ips|Client info: IP = ::1; URI = http://localhost:65078/
800003de-0000-fc00-b63f-84710c7967bb|2016-11-24 17:43:42.9680|DEBUG|ips|Client info: IP = ::1; URI = http://localhost:65078/
800003e0-0000-fc00-b63f-84710c7967bb|2016-11-24 17:43:49.9398|DEBUG|ips|Client info: IP = ::1; URI = http://localhost:65078/games?Name=&MinPrice=&MaxPrice=&DateOfAdding=year&FilterBy=Popularity
800003e0-0000-fc00-b63f-84710c7967bb|2016-11-24 17:43:50.0170|DEBUG|ips|Client info: IP = ::1; URI = http://localhost:65078/games?Name=&MinPrice=&MaxPrice=&DateOfAdding=year&FilterBy=Popularity
800003e0-0000-fc00-b63f-84710c7967bb|2016-11-24 17:43:50.0861|DEBUG|ips|Client info: IP = ::1; URI = http://localhost:65078/games?Name=&MinPrice=&MaxPrice=&DateOfAdding=year&FilterBy=Popularity
80000058-0000-f000-b63f-84710c7967bb|2016-11-24 17:44:28.4605|DEBUG|ips|Client info: IP = ::1; URI = http://localhost:65078/
80000058-0000-f000-b63f-84710c7967bb|2016-11-24 17:44:32.4452|DEBUG|ips|Client info: IP = ::1; URI = http://localhost:65078/
80000058-0000-f000-b63f-84710c7967bb|2016-11-24 17:44:33.2634|DEBUG|ips|Client info: IP = ::1; URI = http://localhost:65078/
8000005a-0000-f000-b63f-84710c7967bb|2016-11-24 17:44:43.6579|DEBUG|ips|Client info: IP = ::1; URI = http://localhost:65078/games?Name=&MinPrice=&MaxPrice=&DateOfAdding=year&FilterBy=Popularity
8000005a-0000-f000-b63f-84710c7967bb|2016-11-24 17:44:43.7395|DEBUG|ips|Client info: IP = ::1; URI = http://localhost:65078/games?Name=&MinPrice=&MaxPrice=&DateOfAdding=year&FilterBy=Popularity
8000005a-0000-f000-b63f-84710c7967bb|2016-11-24 17:44:43.8221|DEBUG|ips|Client info: IP = ::1; URI = http://localhost:65078/games?Name=&MinPrice=&MaxPrice=&DateOfAdding=year&FilterBy=Popularity
8000005c-0000-f000-b63f-84710c7967bb|2016-11-24 17:45:11.7668|DEBUG|ips|Client info: IP = ::1; URI = http://localhost:65078/games?Name=&MinPrice=&MaxPrice=&DateOfAdding=threeyear&FilterBy=Popularity
8000005c-0000-f000-b63f-84710c7967bb|2016-11-24 17:45:11.8539|DEBUG|ips|Client info: IP = ::1; URI = http://localhost:65078/games?Name=&MinPrice=&MaxPrice=&DateOfAdding=threeyear&FilterBy=Popularity
8000005c-0000-f000-b63f-84710c7967bb|2016-11-24 17:45:11.9189|DEBUG|ips|Client info: IP = ::1; URI = http://localhost:65078/games?Name=&MinPrice=&MaxPrice=&DateOfAdding=threeyear&FilterBy=Popularity
8000005e-0000-f000-b63f-84710c7967bb|2016-11-24 17:45:14.8667|DEBUG|ips|Client info: IP = ::1; URI = http://localhost:65078/games?DateOfAdding=threeyear&FilterBy=Popularity&Page=2
8000005e-0000-f000-b63f-84710c7967bb|2016-11-24 17:45:14.8887|DEBUG|ips|Client info: IP = ::1; URI = http://localhost:65078/games?DateOfAdding=threeyear&FilterBy=Popularity&Page=2
8000005e-0000-f000-b63f-84710c7967bb|2016-11-24 17:45:14.9478|DEBUG|ips|Client info: IP = ::1; URI = http://localhost:65078/games?DateOfAdding=threeyear&FilterBy=Popularity&Page=2
80000060-0000-f000-b63f-84710c7967bb|2016-11-24 17:45:17.2336|DEBUG|ips|Client info: IP = ::1; URI = http://localhost:65078/games?DateOfAdding=threeyear&FilterBy=Popularity&Page=1
80000060-0000-f000-b63f-84710c7967bb|2016-11-24 17:45:17.2953|DEBUG|ips|Client info: IP = ::1; URI = http://localhost:65078/games?DateOfAdding=threeyear&FilterBy=Popularity&Page=1
80000060-0000-f000-b63f-84710c7967bb|2016-11-24 17:45:17.3688|DEBUG|ips|Client info: IP = ::1; URI = http://localhost:65078/games?DateOfAdding=threeyear&FilterBy=Popularity&Page=1
800003ea-0000-fc00-b63f-84710c7967bb|2016-11-24 17:47:52.0600|DEBUG|ips|Client info: IP = ::1; URI = http://localhost:65078/
800003ea-0000-fc00-b63f-84710c7967bb|2016-11-24 17:47:56.3655|DEBUG|ips|Client info: IP = ::1; URI = http://localhost:65078/
800003ea-0000-fc00-b63f-84710c7967bb|2016-11-24 17:47:57.1483|DEBUG|ips|Client info: IP = ::1; URI = http://localhost:65078/
800003ec-0000-fc00-b63f-84710c7967bb|2016-11-24 17:48:04.4362|DEBUG|ips|Client info: IP = ::1; URI = http://localhost:65078/games?Name=&MinPrice=&MaxPrice=&DateOfAdding=twoyear&FilterBy=Popularity
800003ec-0000-fc00-b63f-84710c7967bb|2016-11-24 17:48:04.5179|DEBUG|ips|Client info: IP = ::1; URI = http://localhost:65078/games?Name=&MinPrice=&MaxPrice=&DateOfAdding=twoyear&FilterBy=Popularity
800003ec-0000-fc00-b63f-84710c7967bb|2016-11-24 17:48:04.5859|DEBUG|ips|Client info: IP = ::1; URI = http://localhost:65078/games?Name=&MinPrice=&MaxPrice=&DateOfAdding=twoyear&FilterBy=Popularity
800001cf-0002-f800-b63f-84710c7967bb|2016-11-24 17:51:09.7257|DEBUG|ips|Client info: IP = ::1; URI = http://localhost:65078/Games/Index
800001cf-0002-f800-b63f-84710c7967bb|2016-11-24 17:51:14.8861|DEBUG|ips|Client info: IP = ::1; URI = http://localhost:65078/Games/Index
800001d1-0002-f800-b63f-84710c7967bb|2016-11-24 17:51:33.6367|DEBUG|ips|Client info: IP = ::1; URI = http://localhost:65078/games/New
800001d1-0002-f800-b63f-84710c7967bb|2016-11-24 17:51:33.9444|DEBUG|ips|Client info: IP = ::1; URI = http://localhost:65078/games/New
800001d3-0002-f800-b63f-84710c7967bb|2016-11-24 17:51:53.4556|DEBUG|ips|Client info: IP = ::1; URI = http://localhost:65078/games
800001d3-0002-f800-b63f-84710c7967bb|2016-11-24 17:51:53.5898|DEBUG|ips|Client info: IP = ::1; URI = http://localhost:65078/games
800001d5-0002-f800-b63f-84710c7967bb|2016-11-24 17:52:07.0812|DEBUG|ips|Client info: IP = ::1; URI = http://localhost:65078/games/Update
8000008f-0001-f900-b63f-84710c7967bb|2016-11-24 17:53:41.4619|DEBUG|ips|Client info: IP = ::1; URI = http://localhost:65078/
80000058-0002-ed00-b63f-84710c7967bb|2016-11-24 17:54:32.3362|DEBUG|ips|Client info: IP = ::1; URI = http://localhost:65078/
80000058-0002-ed00-b63f-84710c7967bb|2016-11-24 17:54:37.2652|DEBUG|ips|Client info: IP = ::1; URI = http://localhost:65078/
800000b9-0002-f200-b63f-84710c7967bb|2016-11-24 17:55:33.4315|DEBUG|ips|Client info: IP = ::1; URI = http://localhost:65078/
800000b9-0002-f200-b63f-84710c7967bb|2016-11-24 17:55:38.3783|DEBUG|ips|Client info: IP = ::1; URI = http://localhost:65078/
800000bb-0002-f200-b63f-84710c7967bb|2016-11-24 17:55:55.3820|DEBUG|ips|Client info: IP = ::1; URI = http://localhost:65078/games/AddToBasket?gameId=00000000-0000-0000-0000-000000000000&unitsInStock=39&_=1480002939253
800000bd-0002-f200-b63f-84710c7967bb|2016-11-24 17:55:57.9201|DEBUG|ips|Client info: IP = ::1; URI = http://localhost:65078/orders/AddToBasket
80000371-0002-ec00-b63f-84710c7967bb|2016-11-24 17:58:54.5273|DEBUG|ips|Client info: IP = ::1; URI = http://localhost:65078/
80000371-0002-ec00-b63f-84710c7967bb|2016-11-24 17:58:59.5314|DEBUG|ips|Client info: IP = ::1; URI = http://localhost:65078/
80000166-0001-e600-b63f-84710c7967bb|2016-11-24 18:01:19.6582|DEBUG|ips|Client info: IP = ::1; URI = http://localhost:65078/
80000166-0001-e600-b63f-84710c7967bb|2016-11-24 18:01:24.8078|DEBUG|ips|Client info: IP = ::1; URI = http://localhost:65078/
80000168-0001-e600-b63f-84710c7967bb|2016-11-24 18:01:31.2859|DEBUG|ips|Client info: IP = ::1; URI = http://localhost:65078/games/New
80000168-0001-e600-b63f-84710c7967bb|2016-11-24 18:01:31.5350|DEBUG|ips|Client info: IP = ::1; URI = http://localhost:65078/games/New
8000016a-0001-e600-b63f-84710c7967bb|2016-11-24 18:01:48.7485|DEBUG|ips|Client info: IP = ::1; URI = http://localhost:65078/games
8000016a-0001-e600-b63f-84710c7967bb|2016-11-24 18:01:48.8806|DEBUG|ips|Client info: IP = ::1; URI = http://localhost:65078/games
80000089-0001-f300-b63f-84710c7967bb|2016-11-24 18:08:32.4880|DEBUG|ips|Client info: IP = ::1; URI = http://localhost:65078/
80000089-0001-f300-b63f-84710c7967bb|2016-11-24 18:08:40.4940|DEBUG|ips|Client info: IP = ::1; URI = http://localhost:65078/
8000008b-0001-f300-b63f-84710c7967bb|2016-11-24 18:08:56.2108|DEBUG|ips|Client info: IP = ::1; URI = http://localhost:65078/games?PageSize=20
8000008b-0001-f300-b63f-84710c7967bb|2016-11-24 18:08:56.2900|DEBUG|ips|Client info: IP = ::1; URI = http://localhost:65078/games?PageSize=20
8000008d-0001-f300-b63f-84710c7967bb|2016-11-24 18:09:07.3176|DEBUG|ips|Client info: IP = ::1; URI = http://localhost:65078/games?PageSize=50
8000008d-0001-f300-b63f-84710c7967bb|2016-11-24 18:09:07.4252|DEBUG|ips|Client info: IP = ::1; URI = http://localhost:65078/games?PageSize=50
800001b7-0000-fd00-b63f-84710c7967bb|2016-11-24 18:09:51.2924|DEBUG|ips|Client info: IP = ::1; URI = http://localhost:65078/
800001b7-0000-fd00-b63f-84710c7967bb|2016-11-24 18:09:56.1191|DEBUG|ips|Client info: IP = ::1; URI = http://localhost:65078/
80000653-0000-f200-b63f-84710c7967bb|2016-11-24 18:10:54.1983|DEBUG|ips|Client info: IP = ::1; URI = http://localhost:65078/
80000653-0000-f200-b63f-84710c7967bb|2016-11-24 18:10:58.9625|DEBUG|ips|Client info: IP = ::1; URI = http://localhost:65078/
80000655-0000-f200-b63f-84710c7967bb|2016-11-24 18:11:13.5598|DEBUG|ips|Client info: IP = ::1; URI = http://localhost:65078/
80000655-0000-f200-b63f-84710c7967bb|2016-11-24 18:11:13.6839|DEBUG|ips|Client info: IP = ::1; URI = http://localhost:65078/
80000657-0000-f200-b63f-84710c7967bb|2016-11-24 18:11:15.5514|DEBUG|ips|Client info: IP = ::1; URI = http://localhost:65078/game/Sims3_16in1/Details
80000906-0000-f100-b63f-84710c7967bb|2016-11-24 18:11:34.2665|DEBUG|ips|Client info: IP = ::1; URI = http://localhost:65078/
80000906-0000-f100-b63f-84710c7967bb|2016-11-24 18:11:38.2163|DEBUG|ips|Client info: IP = ::1; URI = http://localhost:65078/
80000908-0000-f100-b63f-84710c7967bb|2016-11-24 18:11:43.0109|DEBUG|ips|Client info: IP = ::1; URI = http://localhost:65078/games/AddToBasket?gameId=3afd62e6-0f5e-4631-9b04-037c944bbaf2&unitsInStock=20&_=1480003899045
80000909-0000-f100-b63f-84710c7967bb|2016-11-24 18:11:44.4821|DEBUG|ips|Client info: IP = ::1; URI = http://localhost:65078/orders/AddToBasket
80000661-0000-f200-b63f-84710c7967bb|2016-11-24 18:11:57.5184|DEBUG|ips|Client info: IP = ::1; URI = http://localhost:65078/
80000661-0000-f200-b63f-84710c7967bb|2016-11-24 18:12:01.3725|DEBUG|ips|Client info: IP = ::1; URI = http://localhost:65078/
80000663-0000-f200-b63f-84710c7967bb|2016-11-24 18:12:04.7668|DEBUG|ips|Client info: IP = ::1; URI = http://localhost:65078/games/New
80000663-0000-f200-b63f-84710c7967bb|2016-11-24 18:12:05.0056|DEBUG|ips|Client info: IP = ::1; URI = http://localhost:65078/games/New
800006aa-0003-ed00-b63f-84710c7967bb|2016-11-24 18:17:34.2906|DEBUG|ips|Client info: IP = ::1; URI = http://localhost:65078/
800006aa-0003-ed00-b63f-84710c7967bb|2016-11-24 18:17:41.8091|DEBUG|ips|Client info: IP = ::1; URI = http://localhost:65078/
80000327-0001-fc00-b63f-84710c7967bb|2016-11-24 19:09:27.5753|DEBUG|ips|Client info: IP = ::1; URI = http://localhost:65078/
80000327-0001-fc00-b63f-84710c7967bb|2016-11-24 19:09:34.8394|DEBUG|ips|Client info: IP = ::1; URI = http://localhost:65078/
800001ee-0000-fd00-b63f-84710c7967bb|2016-11-24 19:25:09.2506|DEBUG|ips|Client info: IP = ::1; URI = http://localhost:65078/
800001ee-0000-fd00-b63f-84710c7967bb|2016-11-24 19:25:16.3728|DEBUG|ips|Client info: IP = ::1; URI = http://localhost:65078/
800001f0-0000-fd00-b63f-84710c7967bb|2016-11-24 19:25:30.0375|DEBUG|ips|Client info: IP = ::1; URI = http://localhost:65078/games/AddToBasket?gameId=496fcc4f-bd8a-414d-92dd-11ddb11ae795&unitsInStock=20&_=1480008317220
800001f1-0000-fd00-b63f-84710c7967bb|2016-11-24 19:25:32.0875|DEBUG|ips|Client info: IP = ::1; URI = http://localhost:65078/orders/AddToBasket
800004d2-0000-f400-b63f-84710c7967bb|2016-11-24 19:26:31.1352|DEBUG|ips|Client info: IP = ::1; URI = http://localhost:65078/
800004d2-0000-f400-b63f-84710c7967bb|2016-11-24 19:26:34.6394|DEBUG|ips|Client info: IP = ::1; URI = http://localhost:65078/
800004d4-0000-f400-b63f-84710c7967bb|2016-11-24 19:26:44.1738|DEBUG|ips|Client info: IP = ::1; URI = http://localhost:65078/game/Game11_Game11/Details
8000004e-0002-e300-b63f-84710c7967bb|2016-11-24 20:01:50.0009|DEBUG|ips|Client info: IP = ::1; URI = http://localhost:65078/
8000004e-0002-e300-b63f-84710c7967bb|2016-11-24 20:01:57.2264|DEBUG|ips|Client info: IP = ::1; URI = http://localhost:65078/
80000050-0002-e300-b63f-84710c7967bb|2016-11-24 20:02:03.0965|DEBUG|ips|Client info: IP = ::1; URI = http://localhost:65078/game/Game11_Game11/Details
800000e9-0001-f600-b63f-84710c7967bb|2016-11-24 20:02:40.5034|DEBUG|ips|Client info: IP = ::1; URI = http://localhost:65078/
800000e9-0001-f600-b63f-84710c7967bb|2016-11-24 20:02:43.9506|DEBUG|ips|Client info: IP = ::1; URI = http://localhost:65078/
800000eb-0001-f600-b63f-84710c7967bb|2016-11-24 20:02:47.9554|DEBUG|ips|Client info: IP = ::1; URI = http://localhost:65078/game/5835a55b71c151964df0b656/Details
80000768-0001-fb00-b63f-84710c7967bb|2016-11-24 20:03:37.3988|DEBUG|ips|Client info: IP = ::1; URI = http://localhost:65078/
80000768-0001-fb00-b63f-84710c7967bb|2016-11-24 20:03:40.7721|DEBUG|ips|Client info: IP = ::1; URI = http://localhost:65078/
8000076a-0001-fb00-b63f-84710c7967bb|2016-11-24 20:03:46.5622|DEBUG|ips|Client info: IP = ::1; URI = http://localhost:65078/games/New
8000076a-0001-fb00-b63f-84710c7967bb|2016-11-24 20:03:46.7900|DEBUG|ips|Client info: IP = ::1; URI = http://localhost:65078/games/New
8000076c-0001-fb00-b63f-84710c7967bb|2016-11-24 20:04:34.9141|DEBUG|ips|Client info: IP = ::1; URI = http://localhost:65078/games/New
8000076c-0001-fb00-b63f-84710c7967bb|2016-11-24 20:04:34.9757|DEBUG|ips|Client info: IP = ::1; URI = http://localhost:65078/games/New
8000076e-0001-fb00-b63f-84710c7967bb|2016-11-24 20:04:37.9353|DEBUG|ips|Client info: IP = ::1; URI = http://localhost:65078/games/New
80000937-0000-ed00-b63f-84710c7967bb|2016-11-24 20:06:47.3940|DEBUG|ips|Client info: IP = ::1; URI = http://localhost:65078/
80000937-0000-ed00-b63f-84710c7967bb|2016-11-24 20:06:50.9721|DEBUG|ips|Client info: IP = ::1; URI = http://localhost:65078/
80000939-0000-ed00-b63f-84710c7967bb|2016-11-24 20:06:54.4676|DEBUG|ips|Client info: IP = ::1; URI = http://localhost:65078/games/New
80000939-0000-ed00-b63f-84710c7967bb|2016-11-24 20:06:54.6868|DEBUG|ips|Client info: IP = ::1; URI = http://localhost:65078/games/New
8000093b-0000-ed00-b63f-84710c7967bb|2016-11-24 20:07:02.5630|DEBUG|ips|Client info: IP = ::1; URI = http://localhost:65078/games/New
800002a8-0000-eb00-b63f-84710c7967bb|2016-11-24 20:29:00.8399|DEBUG|ips|Client info: IP = ::1; URI = http://localhost:65078/Games/Index
800002a8-0000-eb00-b63f-84710c7967bb|2016-11-24 20:29:07.2994|DEBUG|ips|Client info: IP = ::1; URI = http://localhost:65078/Games/Index
800002a8-0000-eb00-b63f-84710c7967bb|2016-11-24 20:29:07.9468|DEBUG|ips|Client info: IP = ::1; URI = http://localhost:65078/Games/Index
800002aa-0000-eb00-b63f-84710c7967bb|2016-11-24 20:29:15.9768|DEBUG|ips|Client info: IP = ::1; URI = http://localhost:65078/games?Name=&MinPrice=&MaxPrice=&DateOfAdding=threeyear&FilterBy=Popularity
800002aa-0000-eb00-b63f-84710c7967bb|2016-11-24 20:29:16.0709|DEBUG|ips|Client info: IP = ::1; URI = http://localhost:65078/games?Name=&MinPrice=&MaxPrice=&DateOfAdding=threeyear&FilterBy=Popularity
800002aa-0000-eb00-b63f-84710c7967bb|2016-11-24 20:29:16.1234|DEBUG|ips|Client info: IP = ::1; URI = http://localhost:65078/games?Name=&MinPrice=&MaxPrice=&DateOfAdding=threeyear&FilterBy=Popularity
800002ac-0000-eb00-b63f-84710c7967bb|2016-11-24 20:29:26.6185|DEBUG|ips|Client info: IP = ::1; URI = http://localhost:65078/games?Name=&MinPrice=&MaxPrice=&DateOfAdding=threeyear&FilterBy=PriceDesc
800002ac-0000-eb00-b63f-84710c7967bb|2016-11-24 20:29:26.6865|DEBUG|ips|Client info: IP = ::1; URI = http://localhost:65078/games?Name=&MinPrice=&MaxPrice=&DateOfAdding=threeyear&FilterBy=PriceDesc
800002ac-0000-eb00-b63f-84710c7967bb|2016-11-24 20:29:26.7506|DEBUG|ips|Client info: IP = ::1; URI = http://localhost:65078/games?Name=&MinPrice=&MaxPrice=&DateOfAdding=threeyear&FilterBy=PriceDesc
800002ae-0000-eb00-b63f-84710c7967bb|2016-11-24 20:29:31.6641|DEBUG|ips|Client info: IP = ::1; URI = http://localhost:65078/games?DateOfAdding=threeyear&FilterBy=PriceDesc&Page=2
800002ae-0000-eb00-b63f-84710c7967bb|2016-11-24 20:29:31.6871|DEBUG|ips|Client info: IP = ::1; URI = http://localhost:65078/games?DateOfAdding=threeyear&FilterBy=PriceDesc&Page=2
800002ae-0000-eb00-b63f-84710c7967bb|2016-11-24 20:29:31.7502|DEBUG|ips|Client info: IP = ::1; URI = http://localhost:65078/games?DateOfAdding=threeyear&FilterBy=PriceDesc&Page=2
800002b0-0000-eb00-b63f-84710c7967bb|2016-11-24 20:29:34.7311|DEBUG|ips|Client info: IP = ::1; URI = http://localhost:65078/games?DateOfAdding=threeyear&FilterBy=PriceDesc&Page=1
800002b0-0000-eb00-b63f-84710c7967bb|2016-11-24 20:29:34.8030|DEBUG|ips|Client info: IP = ::1; URI = http://localhost:65078/games?DateOfAdding=threeyear&FilterBy=PriceDesc&Page=1
800002b0-0000-eb00-b63f-84710c7967bb|2016-11-24 20:29:34.8571|DEBUG|ips|Client info: IP = ::1; URI = http://localhost:65078/games?DateOfAdding=threeyear&FilterBy=PriceDesc&Page=1
800002b2-0000-eb00-b63f-84710c7967bb|2016-11-24 20:30:16.2280|DEBUG|ips|Client info: IP = ::1; URI = http://localhost:65078/games?Name=&MinPrice=&MaxPrice=&DateOfAdding=threeyear&FilterBy=PriceDesc&SelectedPublishersName=Exotic+Liquids
800002b2-0000-eb00-b63f-84710c7967bb|2016-11-24 20:30:16.2520|DEBUG|ips|Client info: IP = ::1; URI = http://localhost:65078/games?Name=&MinPrice=&MaxPrice=&DateOfAdding=threeyear&FilterBy=PriceDesc&SelectedPublishersName=Exotic+Liquids
800002b2-0000-eb00-b63f-84710c7967bb|2016-11-24 20:30:16.3306|DEBUG|ips|Client info: IP = ::1; URI = http://localhost:65078/games?Name=&MinPrice=&MaxPrice=&DateOfAdding=threeyear&FilterBy=PriceDesc&SelectedPublishersName=Exotic+Liquids
800002b4-0000-eb00-b63f-84710c7967bb|2016-11-24 20:30:25.7123|DEBUG|ips|Client info: IP = ::1; URI = http://localhost:65078/games?Name=&MinPrice=&MaxPrice=&DateOfAdding=threeyear&FilterBy=PriceDesc&SelectedPublishersName=GamesCorporation
800002b4-0000-eb00-b63f-84710c7967bb|2016-11-24 20:30:25.7394|DEBUG|ips|Client info: IP = ::1; URI = http://localhost:65078/games?Name=&MinPrice=&MaxPrice=&DateOfAdding=threeyear&FilterBy=PriceDesc&SelectedPublishersName=GamesCorporation
800002b4-0000-eb00-b63f-84710c7967bb|2016-11-24 20:30:25.7974|DEBUG|ips|Client info: IP = ::1; URI = http://localhost:65078/games?Name=&MinPrice=&MaxPrice=&DateOfAdding=threeyear&FilterBy=PriceDesc&SelectedPublishersName=GamesCorporation
8000033c-0000-f800-b63f-84710c7967bb|2016-11-24 20:32:16.2953|DEBUG|ips|Client info: IP = ::1; URI = http://localhost:65078/
8000033c-0000-f800-b63f-84710c7967bb|2016-11-24 20:32:20.6305|DEBUG|ips|Client info: IP = ::1; URI = http://localhost:65078/
8000033c-0000-f800-b63f-84710c7967bb|2016-11-24 20:32:21.2810|DEBUG|ips|Client info: IP = ::1; URI = http://localhost:65078/
8000033e-0000-f800-b63f-84710c7967bb|2016-11-24 20:32:46.6278|DEBUG|ips|Client info: IP = ::1; URI = http://localhost:65078/games?Page=2
8000033e-0000-f800-b63f-84710c7967bb|2016-11-24 20:32:46.6348|DEBUG|ips|Client info: IP = ::1; URI = http://localhost:65078/games?Page=2
8000033e-0000-f800-b63f-84710c7967bb|2016-11-24 20:32:46.7113|DEBUG|ips|Client info: IP = ::1; URI = http://localhost:65078/games?Page=2
80000340-0000-f800-b63f-84710c7967bb|2016-11-24 20:32:49.0112|DEBUG|ips|Client info: IP = ::1; URI = http://localhost:65078/games?Page=2
80000340-0000-f800-b63f-84710c7967bb|2016-11-24 20:32:49.0212|DEBUG|ips|Client info: IP = ::1; URI = http://localhost:65078/games?Page=2
80000340-0000-f800-b63f-84710c7967bb|2016-11-24 20:32:49.0872|DEBUG|ips|Client info: IP = ::1; URI = http://localhost:65078/games?Page=2
80000342-0000-f800-b63f-84710c7967bb|2016-11-24 20:32:51.1487|DEBUG|ips|Client info: IP = ::1; URI = http://localhost:65078/games?Page=1
80000342-0000-f800-b63f-84710c7967bb|2016-11-24 20:32:51.1617|DEBUG|ips|Client info: IP = ::1; URI = http://localhost:65078/games?Page=1
80000342-0000-f800-b63f-84710c7967bb|2016-11-24 20:32:51.2426|DEBUG|ips|Client info: IP = ::1; URI = http://localhost:65078/games?Page=1
80000344-0000-f800-b63f-84710c7967bb|2016-11-24 20:32:55.8119|DEBUG|ips|Client info: IP = ::1; URI = http://localhost:65078/games?PageSize=0
80000344-0000-f800-b63f-84710c7967bb|2016-11-24 20:32:55.8360|DEBUG|ips|Client info: IP = ::1; URI = http://localhost:65078/games?PageSize=0
80000344-0000-f800-b63f-84710c7967bb|2016-11-24 20:32:55.8960|DEBUG|ips|Client info: IP = ::1; URI = http://localhost:65078/games?PageSize=0
8000095f-0000-ed00-b63f-84710c7967bb|2016-11-24 20:35:01.0261|DEBUG|ips|Client info: IP = ::1; URI = http://localhost:65078/
8000095f-0000-ed00-b63f-84710c7967bb|2016-11-24 20:35:05.2237|DEBUG|ips|Client info: IP = ::1; URI = http://localhost:65078/
8000095f-0000-ed00-b63f-84710c7967bb|2016-11-24 20:35:05.8542|DEBUG|ips|Client info: IP = ::1; URI = http://localhost:65078/
80000961-0000-ed00-b63f-84710c7967bb|2016-11-24 20:35:11.8636|DEBUG|ips|Client info: IP = ::1; URI = http://localhost:65078/games?PageSize=0
80000961-0000-ed00-b63f-84710c7967bb|2016-11-24 20:35:11.8916|DEBUG|ips|Client info: IP = ::1; URI = http://localhost:65078/games?PageSize=0
80000961-0000-ed00-b63f-84710c7967bb|2016-11-24 20:35:11.9602|DEBUG|ips|Client info: IP = ::1; URI = http://localhost:65078/games?PageSize=0
800006d2-0001-f100-b63f-84710c7967bb|2016-11-24 20:35:50.3113|DEBUG|ips|Client info: IP = ::1; URI = http://localhost:65078/
800006d2-0001-f100-b63f-84710c7967bb|2016-11-24 20:35:54.5841|DEBUG|ips|Client info: IP = ::1; URI = http://localhost:65078/
800006d2-0001-f100-b63f-84710c7967bb|2016-11-24 20:35:55.2491|DEBUG|ips|Client info: IP = ::1; URI = http://localhost:65078/
800006d4-0001-f100-b63f-84710c7967bb|2016-11-24 20:36:00.4896|DEBUG|ips|Client info: IP = ::1; URI = http://localhost:65078/games?PageSize=100
800006d4-0001-f100-b63f-84710c7967bb|2016-11-24 20:36:00.5216|DEBUG|ips|Client info: IP = ::1; URI = http://localhost:65078/games?PageSize=100
800006d4-0001-f100-b63f-84710c7967bb|2016-11-24 20:36:00.5756|DEBUG|ips|Client info: IP = ::1; URI = http://localhost:65078/games?PageSize=100
8000012d-0001-e300-b63f-84710c7967bb|2016-11-24 20:37:31.4248|DEBUG|ips|Client info: IP = ::1; URI = http://localhost:65078/
8000012d-0001-e300-b63f-84710c7967bb|2016-11-24 20:37:35.5242|DEBUG|ips|Client info: IP = ::1; URI = http://localhost:65078/
8000012d-0001-e300-b63f-84710c7967bb|2016-11-24 20:37:36.1857|DEBUG|ips|Client info: IP = ::1; URI = http://localhost:65078/
80000183-0003-ef00-b63f-84710c7967bb|2016-11-24 20:39:19.7778|DEBUG|ips|Client info: IP = ::1; URI = http://localhost:65078/
80000183-0003-ef00-b63f-84710c7967bb|2016-11-24 20:39:24.6516|DEBUG|ips|Client info: IP = ::1; URI = http://localhost:65078/
80000183-0003-ef00-b63f-84710c7967bb|2016-11-24 20:39:25.3690|DEBUG|ips|Client info: IP = ::1; URI = http://localhost:65078/
80000185-0003-ef00-b63f-84710c7967bb|2016-11-24 20:39:34.7762|DEBUG|ips|Client info: IP = ::1; URI = http://localhost:65078/games?Page=2
80000185-0003-ef00-b63f-84710c7967bb|2016-11-24 20:39:34.8057|DEBUG|ips|Client info: IP = ::1; URI = http://localhost:65078/games?Page=2
80000185-0003-ef00-b63f-84710c7967bb|2016-11-24 20:39:34.8677|DEBUG|ips|Client info: IP = ::1; URI = http://localhost:65078/games?Page=2
80000187-0003-ef00-b63f-84710c7967bb|2016-11-24 20:39:40.8482|DEBUG|ips|Client info: IP = ::1; URI = http://localhost:65078/games?Name=&MinPrice=&MaxPrice=&DateOfAdding=twoyear&FilterBy=Popularity
80000187-0003-ef00-b63f-84710c7967bb|2016-11-24 20:39:40.9458|DEBUG|ips|Client info: IP = ::1; URI = http://localhost:65078/games?Name=&MinPrice=&MaxPrice=&DateOfAdding=twoyear&FilterBy=Popularity
80000187-0003-ef00-b63f-84710c7967bb|2016-11-24 20:39:41.0158|DEBUG|ips|Client info: IP = ::1; URI = http://localhost:65078/games?Name=&MinPrice=&MaxPrice=&DateOfAdding=twoyear&FilterBy=Popularity
80000189-0003-ef00-b63f-84710c7967bb|2016-11-24 20:39:47.8096|DEBUG|ips|Client info: IP = ::1; URI = http://localhost:65078/games?DateOfAdding=twoyear&FilterBy=Popularity&Page=2
80000189-0003-ef00-b63f-84710c7967bb|2016-11-24 20:39:47.8526|DEBUG|ips|Client info: IP = ::1; URI = http://localhost:65078/games?DateOfAdding=twoyear&FilterBy=Popularity&Page=2
80000189-0003-ef00-b63f-84710c7967bb|2016-11-24 20:39:47.9032|DEBUG|ips|Client info: IP = ::1; URI = http://localhost:65078/games?DateOfAdding=twoyear&FilterBy=Popularity&Page=2
8000018b-0003-ef00-b63f-84710c7967bb|2016-11-24 20:39:50.0567|DEBUG|ips|Client info: IP = ::1; URI = http://localhost:65078/games?DateOfAdding=twoyear&FilterBy=Popularity&Page=1
8000018b-0003-ef00-b63f-84710c7967bb|2016-11-24 20:39:50.1190|DEBUG|ips|Client info: IP = ::1; URI = http://localhost:65078/games?DateOfAdding=twoyear&FilterBy=Popularity&Page=1
8000018b-0003-ef00-b63f-84710c7967bb|2016-11-24 20:39:50.1800|DEBUG|ips|Client info: IP = ::1; URI = http://localhost:65078/games?DateOfAdding=twoyear&FilterBy=Popularity&Page=1
800006ab-0000-f900-b63f-84710c7967bb|2016-11-24 20:41:41.7745|DEBUG|ips|Client info: IP = ::1; URI = http://localhost:65078/
800006ab-0000-f900-b63f-84710c7967bb|2016-11-24 20:41:45.9117|DEBUG|ips|Client info: IP = ::1; URI = http://localhost:65078/
800006ab-0000-f900-b63f-84710c7967bb|2016-11-24 20:41:46.5624|DEBUG|ips|Client info: IP = ::1; URI = http://localhost:65078/
800006ad-0000-f900-b63f-84710c7967bb|2016-11-24 20:41:52.4781|DEBUG|ips|Client info: IP = ::1; URI = http://localhost:65078/games?Page=2
800006ad-0000-f900-b63f-84710c7967bb|2016-11-24 20:41:52.4781|DEBUG|ips|Client info: IP = ::1; URI = http://localhost:65078/games?Page=2
800006ad-0000-f900-b63f-84710c7967bb|2016-11-24 20:41:52.5721|DEBUG|ips|Client info: IP = ::1; URI = http://localhost:65078/games?Page=2
800006af-0000-f900-b63f-84710c7967bb|2016-11-24 20:41:54.5184|DEBUG|ips|Client info: IP = ::1; URI = http://localhost:65078/games?Page=2
800006af-0000-f900-b63f-84710c7967bb|2016-11-24 20:41:54.5254|DEBUG|ips|Client info: IP = ::1; URI = http://localhost:65078/games?Page=2
800006af-0000-f900-b63f-84710c7967bb|2016-11-24 20:41:54.5843|DEBUG|ips|Client info: IP = ::1; URI = http://localhost:65078/games?Page=2
800003e0-0002-e600-b63f-84710c7967bb|2016-11-24 20:44:51.3644|DEBUG|ips|Client info: IP = ::1; URI = http://localhost:65078/
800003e0-0002-e600-b63f-84710c7967bb|2016-11-24 20:44:55.8483|DEBUG|ips|Client info: IP = ::1; URI = http://localhost:65078/
800003e0-0002-e600-b63f-84710c7967bb|2016-11-24 20:44:56.5069|DEBUG|ips|Client info: IP = ::1; URI = http://localhost:65078/
800003e2-0002-e600-b63f-84710c7967bb|2016-11-24 20:45:00.9346|DEBUG|ips|Client info: IP = ::1; URI = http://localhost:65078/games?Page=2
800003e2-0002-e600-b63f-84710c7967bb|2016-11-24 20:45:00.9426|DEBUG|ips|Client info: IP = ::1; URI = http://localhost:65078/games?Page=2
800003e2-0002-e600-b63f-84710c7967bb|2016-11-24 20:45:01.0097|DEBUG|ips|Client info: IP = ::1; URI = http://localhost:65078/games?Page=2
800003e4-0002-e600-b63f-84710c7967bb|2016-11-24 20:45:05.8598|DEBUG|ips|Client info: IP = ::1; URI = http://localhost:65078/games?Name=&MinPrice=&MaxPrice=&DateOfAdding=threeyear&FilterBy=Popularity
800003e4-0002-e600-b63f-84710c7967bb|2016-11-24 20:45:05.9358|DEBUG|ips|Client info: IP = ::1; URI = http://localhost:65078/games?Name=&MinPrice=&MaxPrice=&DateOfAdding=threeyear&FilterBy=Popularity
800003e4-0002-e600-b63f-84710c7967bb|2016-11-24 20:45:06.0104|DEBUG|ips|Client info: IP = ::1; URI = http://localhost:65078/games?Name=&MinPrice=&MaxPrice=&DateOfAdding=threeyear&FilterBy=Popularity
800003e6-0002-e600-b63f-84710c7967bb|2016-11-24 20:45:08.4300|DEBUG|ips|Client info: IP = ::1; URI = http://localhost:65078/games?DateOfAdding=threeyear&FilterBy=Popularity&Page=2
800003e6-0002-e600-b63f-84710c7967bb|2016-11-24 20:45:08.4515|DEBUG|ips|Client info: IP = ::1; URI = http://localhost:65078/games?DateOfAdding=threeyear&FilterBy=Popularity&Page=2
800003e6-0002-e600-b63f-84710c7967bb|2016-11-24 20:45:08.5194|DEBUG|ips|Client info: IP = ::1; URI = http://localhost:65078/games?DateOfAdding=threeyear&FilterBy=Popularity&Page=2
80000621-0001-f300-b63f-84710c7967bb|2016-11-24 20:46:19.8964|DEBUG|ips|Client info: IP = ::1; URI = http://localhost:65078/
80000621-0001-f300-b63f-84710c7967bb|2016-11-24 20:46:24.1992|DEBUG|ips|Client info: IP = ::1; URI = http://localhost:65078/
80000621-0001-f300-b63f-84710c7967bb|2016-11-24 20:46:24.8315|DEBUG|ips|Client info: IP = ::1; URI = http://localhost:65078/
80000623-0001-f300-b63f-84710c7967bb|2016-11-24 20:46:30.8134|DEBUG|ips|Client info: IP = ::1; URI = http://localhost:65078/games?PageSize=20
80000623-0001-f300-b63f-84710c7967bb|2016-11-24 20:46:30.8475|DEBUG|ips|Client info: IP = ::1; URI = http://localhost:65078/games?PageSize=20
80000623-0001-f300-b63f-84710c7967bb|2016-11-24 20:46:30.9102|DEBUG|ips|Client info: IP = ::1; URI = http://localhost:65078/games?PageSize=20
8000022d-0003-ee00-b63f-84710c7967bb|2016-11-24 20:48:03.6852|DEBUG|ips|Client info: IP = ::1; URI = http://localhost:65078/
8000022d-0003-ee00-b63f-84710c7967bb|2016-11-24 20:48:07.8610|DEBUG|ips|Client info: IP = ::1; URI = http://localhost:65078/
8000022d-0003-ee00-b63f-84710c7967bb|2016-11-24 20:48:08.4800|DEBUG|ips|Client info: IP = ::1; URI = http://localhost:65078/
8000109f-0000-f700-b63f-84710c7967bb|2016-11-24 20:51:58.0804|DEBUG|ips|Client info: IP = ::1; URI = http://localhost:65078/
8000109f-0000-f700-b63f-84710c7967bb|2016-11-24 20:51:59.5846|DEBUG|ips|Client info: IP = ::1; URI = http://localhost:65078/
8000109f-0000-f700-b63f-84710c7967bb|2016-11-24 20:52:02.7225|DEBUG|ips|Client info: IP = ::1; URI = http://localhost:65078/
8000080e-0000-f300-b63f-84710c7967bb|2016-11-24 20:53:33.2624|DEBUG|ips|Client info: IP = ::1; URI = http://localhost:65078/
8000080e-0000-f300-b63f-84710c7967bb|2016-11-24 20:53:34.7214|DEBUG|ips|Client info: IP = ::1; URI = http://localhost:65078/
8000080e-0000-f300-b63f-84710c7967bb|2016-11-24 20:53:38.2864|DEBUG|ips|Client info: IP = ::1; URI = http://localhost:65078/
80000513-0003-ef00-b63f-84710c7967bb|2016-11-24 20:54:29.1007|DEBUG|ips|Client info: IP = ::1; URI = http://localhost:65078/
80000513-0003-ef00-b63f-84710c7967bb|2016-11-24 20:54:30.7456|DEBUG|ips|Client info: IP = ::1; URI = http://localhost:65078/
80000513-0003-ef00-b63f-84710c7967bb|2016-11-24 20:54:33.8799|DEBUG|ips|Client info: IP = ::1; URI = http://localhost:65078/
8000066c-0002-ed00-b63f-84710c7967bb|2016-11-24 20:55:21.1102|DEBUG|ips|Client info: IP = ::1; URI = http://localhost:65078/
8000066c-0002-ed00-b63f-84710c7967bb|2016-11-24 20:55:22.5412|DEBUG|ips|Client info: IP = ::1; URI = http://localhost:65078/
8000066c-0002-ed00-b63f-84710c7967bb|2016-11-24 20:55:25.9206|DEBUG|ips|Client info: IP = ::1; URI = http://localhost:65078/
8000066e-0002-ed00-b63f-84710c7967bb|2016-11-24 20:56:12.4912|DEBUG|ips|Client info: IP = ::1; URI = http://localhost:65078/games?Name=Chai&MinPrice=&MaxPrice=&DateOfAdding=week&FilterBy=Popularity
8000066e-0002-ed00-b63f-84710c7967bb|2016-11-24 20:56:12.5522|DEBUG|ips|Client info: IP = ::1; URI = http://localhost:65078/games?Name=Chai&MinPrice=&MaxPrice=&DateOfAdding=week&FilterBy=Popularity
8000066e-0002-ed00-b63f-84710c7967bb|2016-11-24 20:56:12.6288|DEBUG|ips|Client info: IP = ::1; URI = http://localhost:65078/games?Name=Chai&MinPrice=&MaxPrice=&DateOfAdding=week&FilterBy=Popularity
80000670-0002-ed00-b63f-84710c7967bb|2016-11-24 20:56:16.7935|DEBUG|ips|Client info: IP = ::1; URI = http://localhost:65078/games?Name=&MinPrice=&MaxPrice=&DateOfAdding=week&FilterBy=Popularity
80000670-0002-ed00-b63f-84710c7967bb|2016-11-24 20:56:16.7935|DEBUG|ips|Client info: IP = ::1; URI = http://localhost:65078/games?Name=&MinPrice=&MaxPrice=&DateOfAdding=week&FilterBy=Popularity
80000670-0002-ed00-b63f-84710c7967bb|2016-11-24 20:56:16.8794|DEBUG|ips|Client info: IP = ::1; URI = http://localhost:65078/games?Name=&MinPrice=&MaxPrice=&DateOfAdding=week&FilterBy=Popularity
80000672-0002-ed00-b63f-84710c7967bb|2016-11-24 20:56:21.6461|DEBUG|ips|Client info: IP = ::1; URI = http://localhost:65078/games?Name=&MinPrice=&MaxPrice=&DateOfAdding=week&FilterBy=Popularity&PageSize=50
80000672-0002-ed00-b63f-84710c7967bb|2016-11-24 20:56:21.6531|DEBUG|ips|Client info: IP = ::1; URI = http://localhost:65078/games?Name=&MinPrice=&MaxPrice=&DateOfAdding=week&FilterBy=Popularity&PageSize=50
80000672-0002-ed00-b63f-84710c7967bb|2016-11-24 20:56:21.7431|DEBUG|ips|Client info: IP = ::1; URI = http://localhost:65078/games?Name=&MinPrice=&MaxPrice=&DateOfAdding=week&FilterBy=Popularity&PageSize=50
80000674-0002-ed00-b63f-84710c7967bb|2016-11-24 20:56:46.8704|DEBUG|ips|Client info: IP = ::1; URI = http://localhost:65078/games?PageSize=50&Name=northwoods&MinPrice=&MaxPrice=&DateOfAdding=week&FilterBy=Popularity
80000674-0002-ed00-b63f-84710c7967bb|2016-11-24 20:56:46.8704|DEBUG|ips|Client info: IP = ::1; URI = http://localhost:65078/games?PageSize=50&Name=northwoods&MinPrice=&MaxPrice=&DateOfAdding=week&FilterBy=Popularity
80000674-0002-ed00-b63f-84710c7967bb|2016-11-24 20:56:46.9524|DEBUG|ips|Client info: IP = ::1; URI = http://localhost:65078/games?PageSize=50&Name=northwoods&MinPrice=&MaxPrice=&DateOfAdding=week&FilterBy=Popularity
