80000002-0002-ed00-b63f-84710c7967bb|2016-11-24 12:43:42.8337|DEBUG|performance|Performance info: URI = http://localhost:65078/; Time(ms) = 7870
80000002-0002-ed00-b63f-84710c7967bb|2016-11-24 12:43:43.9992|DEBUG|performance|Performance info: URI = http://localhost:65078/; Time(ms) = 7959
80000002-0002-ed00-b63f-84710c7967bb|2016-11-24 12:43:44.5980|DEBUG|performance|Performance info: URI = http://localhost:65078/; Time(ms) = 8027
80000008-0002-ed00-b63f-84710c7967bb|2016-11-24 12:43:52.1800|DEBUG|performance|Performance info: URI = http://localhost:65078/shipper; Time(ms) = 8208
80000017-0003-f400-b63f-84710c7967bb|2016-11-24 12:50:03.5435|DEBUG|performance|Performance info: URI = http://localhost:65078/shipper; Time(ms) = 3304
80000007-0001-f200-b63f-84710c7967bb|2016-11-24 12:50:05.6349|DEBUG|performance|Performance info: URI = http://localhost:65078/; Time(ms) = 4021
80000017-0003-f400-b63f-84710c7967bb|2016-11-24 12:50:05.7019|DEBUG|performance|Performance info: URI = http://localhost:65078/shipper; Time(ms) = 4021
80000007-0001-f200-b63f-84710c7967bb|2016-11-24 12:50:06.2519|DEBUG|performance|Performance info: URI = http://localhost:65078/; Time(ms) = 4158
80000007-0001-f200-b63f-84710c7967bb|2016-11-24 12:50:06.4376|DEBUG|performance|Performance info: URI = http://localhost:65078/; Time(ms) = 4159
80000028-0001-eb00-b63f-84710c7967bb|2016-11-24 12:52:54.5853|DEBUG|performance|Performance info: URI = http://localhost:65078/shipper; Time(ms) = 247
8000000d-0001-f300-b63f-84710c7967bb|2016-11-24 12:52:57.6257|DEBUG|performance|Performance info: URI = http://localhost:65078/; Time(ms) = 1953
80000028-0001-eb00-b63f-84710c7967bb|2016-11-24 12:52:57.6757|DEBUG|performance|Performance info: URI = http://localhost:65078/shipper; Time(ms) = 1953
8000000d-0001-f300-b63f-84710c7967bb|2016-11-24 12:52:58.2267|DEBUG|performance|Performance info: URI = http://localhost:65078/; Time(ms) = 2068
8000000d-0001-f300-b63f-84710c7967bb|2016-11-24 12:52:58.5144|DEBUG|performance|Performance info: URI = http://localhost:65078/; Time(ms) = 2068
8000003a-0003-fe00-b63f-84710c7967bb|2016-11-24 12:53:37.6816|DEBUG|performance|Performance info: URI = http://localhost:65078/shipper; Time(ms) = 215
80000026-0003-f400-b63f-84710c7967bb|2016-11-24 12:53:40.1892|DEBUG|performance|Performance info: URI = http://localhost:65078/; Time(ms) = 1304
8000003a-0003-fe00-b63f-84710c7967bb|2016-11-24 12:53:40.2338|DEBUG|performance|Performance info: URI = http://localhost:65078/shipper; Time(ms) = 1304
80000026-0003-f400-b63f-84710c7967bb|2016-11-24 12:53:40.7496|DEBUG|performance|Performance info: URI = http://localhost:65078/; Time(ms) = 1415
80000026-0003-f400-b63f-84710c7967bb|2016-11-24 12:53:40.9846|DEBUG|performance|Performance info: URI = http://localhost:65078/; Time(ms) = 1416
800001b1-0001-ea00-b63f-84710c7967bb|2016-11-24 13:07:44.8282|DEBUG|performance|Performance info: URI = http://localhost:65078/shipper; Time(ms) = 252
80000479-0000-f700-b63f-84710c7967bb|2016-11-24 13:07:50.0662|DEBUG|performance|Performance info: URI = http://localhost:65078/; Time(ms) = 4026
800001b1-0001-ea00-b63f-84710c7967bb|2016-11-24 13:07:50.1563|DEBUG|performance|Performance info: URI = http://localhost:65078/shipper; Time(ms) = 4026
80000479-0000-f700-b63f-84710c7967bb|2016-11-24 13:07:50.6545|DEBUG|performance|Performance info: URI = http://localhost:65078/; Time(ms) = 4136
80000479-0000-f700-b63f-84710c7967bb|2016-11-24 13:07:50.8493|DEBUG|performance|Performance info: URI = http://localhost:65078/; Time(ms) = 4136
800001f1-0003-f700-b63f-84710c7967bb|2016-11-24 16:51:50.7770|DEBUG|performance|Performance info: URI = http://localhost:65078/; Time(ms) = 3266
800001f1-0003-f700-b63f-84710c7967bb|2016-11-24 16:51:52.2072|DEBUG|performance|Performance info: URI = http://localhost:65078/; Time(ms) = 3462
8000008f-0001-f600-b63f-84710c7967bb|2016-11-24 17:11:02.9800|DEBUG|performance|Performance info: URI = http://localhost:65078/; Time(ms) = 6403
8000008f-0001-f600-b63f-84710c7967bb|2016-11-24 17:11:04.3991|DEBUG|performance|Performance info: URI = http://localhost:65078/; Time(ms) = 6653
8000007c-0003-fe00-b63f-84710c7967bb|2016-11-24 17:12:10.6864|DEBUG|performance|Performance info: URI = http://localhost:65078/; Time(ms) = 3513
8000007c-0003-fe00-b63f-84710c7967bb|2016-11-24 17:12:12.1467|DEBUG|performance|Performance info: URI = http://localhost:65078/; Time(ms) = 3721
800000ac-0003-f400-b63f-84710c7967bb|2016-11-24 17:13:19.9234|DEBUG|performance|Performance info: URI = http://localhost:65078/; Time(ms) = 3428
800000ac-0003-f400-b63f-84710c7967bb|2016-11-24 17:13:21.3136|DEBUG|performance|Performance info: URI = http://localhost:65078/; Time(ms) = 3639
8000005a-0000-ee00-b63f-84710c7967bb|2016-11-24 17:14:50.9652|DEBUG|performance|Performance info: URI = http://localhost:65078/; Time(ms) = 3208
8000005a-0000-ee00-b63f-84710c7967bb|2016-11-24 17:14:52.4102|DEBUG|performance|Performance info: URI = http://localhost:65078/; Time(ms) = 3406
8000016b-0000-f800-b63f-84710c7967bb|2016-11-24 17:20:37.5189|DEBUG|performance|Performance info: URI = http://localhost:65078/; Time(ms) = 5606
8000016b-0000-f800-b63f-84710c7967bb|2016-11-24 17:20:38.8950|DEBUG|performance|Performance info: URI = http://localhost:65078/; Time(ms) = 5807
80000025-0002-e600-b63f-84710c7967bb|2016-11-24 17:27:26.3777|DEBUG|performance|Performance info: URI = http://localhost:65078/; Time(ms) = 5723
80000028-0001-ee00-b63f-84710c7967bb|2016-11-24 17:32:26.8067|DEBUG|performance|Performance info: URI = http://localhost:65078/; Time(ms) = 3555
80000028-0001-ee00-b63f-84710c7967bb|2016-11-24 17:32:28.2818|DEBUG|performance|Performance info: URI = http://localhost:65078/; Time(ms) = 3776
8000061e-0000-f100-b63f-84710c7967bb|2016-11-24 17:34:09.8476|DEBUG|performance|Performance info: URI = http://localhost:65078/; Time(ms) = 2952
8000061e-0000-f100-b63f-84710c7967bb|2016-11-24 17:34:11.1453|DEBUG|performance|Performance info: URI = http://localhost:65078/; Time(ms) = 3170
8000061e-0000-f100-b63f-84710c7967bb|2016-11-24 17:34:11.7999|DEBUG|performance|Performance info: URI = http://localhost:65078/; Time(ms) = 3284
80000622-0000-f100-b63f-84710c7967bb|2016-11-24 17:34:34.2652|DEBUG|performance|Performance info: URI = http://localhost:65078/; Time(ms) = 3326
80000622-0000-f100-b63f-84710c7967bb|2016-11-24 17:34:34.3230|DEBUG|performance|Performance info: URI = http://localhost:65078/; Time(ms) = 3380
80000622-0000-f100-b63f-84710c7967bb|2016-11-24 17:34:34.3230|DEBUG|performance|Performance info: URI = http://localhost:65078/; Time(ms) = 3380
80000624-0000-f100-b63f-84710c7967bb|2016-11-24 17:34:38.0674|DEBUG|performance|Performance info: URI = http://localhost:65078/; Time(ms) = 3392
80000624-0000-f100-b63f-84710c7967bb|2016-11-24 17:34:38.1385|DEBUG|performance|Performance info: URI = http://localhost:65078/; Time(ms) = 3459
80000624-0000-f100-b63f-84710c7967bb|2016-11-24 17:34:38.1385|DEBUG|performance|Performance info: URI = http://localhost:65078/; Time(ms) = 3459
80000626-0000-f100-b63f-84710c7967bb|2016-11-24 17:34:42.4936|DEBUG|performance|Performance info: URI = http://localhost:65078/; Time(ms) = 3478
80000626-0000-f100-b63f-84710c7967bb|2016-11-24 17:34:42.5566|DEBUG|performance|Performance info: URI = http://localhost:65078/; Time(ms) = 3536
80000626-0000-f100-b63f-84710c7967bb|2016-11-24 17:34:42.5566|DEBUG|performance|Performance info: URI = http://localhost:65078/; Time(ms) = 3536
80000628-0000-f100-b63f-84710c7967bb|2016-11-24 17:34:52.5078|DEBUG|performance|Performance info: URI = http://localhost:65078/; Time(ms) = 3552
80000628-0000-f100-b63f-84710c7967bb|2016-11-24 17:34:52.5611|DEBUG|performance|Performance info: URI = http://localhost:65078/; Time(ms) = 3611
80000628-0000-f100-b63f-84710c7967bb|2016-11-24 17:34:52.5772|DEBUG|performance|Performance info: URI = http://localhost:65078/; Time(ms) = 3611
8000062a-0000-f100-b63f-84710c7967bb|2016-11-24 17:34:55.8258|DEBUG|performance|Performance info: URI = http://localhost:65078/; Time(ms) = 3625
8000062a-0000-f100-b63f-84710c7967bb|2016-11-24 17:34:55.8886|DEBUG|performance|Performance info: URI = http://localhost:65078/; Time(ms) = 3685
8000062a-0000-f100-b63f-84710c7967bb|2016-11-24 17:34:55.8886|DEBUG|performance|Performance info: URI = http://localhost:65078/; Time(ms) = 3685
8000062c-0000-f100-b63f-84710c7967bb|2016-11-24 17:35:00.0835|DEBUG|performance|Performance info: URI = http://localhost:65078/games?Name=&MinPrice=&MaxPrice=&DateOfAdding=threeyear&FilterBy=Popularity; Time(ms) = 3755
8000062c-0000-f100-b63f-84710c7967bb|2016-11-24 17:35:00.1375|DEBUG|performance|Performance info: URI = http://localhost:65078/games?Name=&MinPrice=&MaxPrice=&DateOfAdding=threeyear&FilterBy=Popularity; Time(ms) = 3810
8000062c-0000-f100-b63f-84710c7967bb|2016-11-24 17:35:00.1555|DEBUG|performance|Performance info: URI = http://localhost:65078/games?Name=&MinPrice=&MaxPrice=&DateOfAdding=threeyear&FilterBy=Popularity; Time(ms) = 3810
8000062e-0000-f100-b63f-84710c7967bb|2016-11-24 17:35:05.2906|DEBUG|performance|Performance info: URI = http://localhost:65078/games?DateOfAdding=threeyear&FilterBy=Popularity&Page=2; Time(ms) = 3837
8000062e-0000-f100-b63f-84710c7967bb|2016-11-24 17:35:05.3402|DEBUG|performance|Performance info: URI = http://localhost:65078/games?DateOfAdding=threeyear&FilterBy=Popularity&Page=2; Time(ms) = 3889
8000062e-0000-f100-b63f-84710c7967bb|2016-11-24 17:35:05.3552|DEBUG|performance|Performance info: URI = http://localhost:65078/games?DateOfAdding=threeyear&FilterBy=Popularity&Page=2; Time(ms) = 3889
800005ee-0000-e700-b63f-84710c7967bb|2016-11-24 17:37:05.3239|DEBUG|performance|Performance info: URI = http://localhost:65078/; Time(ms) = 3248
800005ee-0000-e700-b63f-84710c7967bb|2016-11-24 17:37:06.7260|DEBUG|performance|Performance info: URI = http://localhost:65078/; Time(ms) = 3501
800005ee-0000-e700-b63f-84710c7967bb|2016-11-24 17:37:07.3780|DEBUG|performance|Performance info: URI = http://localhost:65078/; Time(ms) = 3587
800003de-0000-fc00-b63f-84710c7967bb|2016-11-24 17:43:40.9510|DEBUG|performance|Performance info: URI = http://localhost:65078/; Time(ms) = 5384
800003de-0000-fc00-b63f-84710c7967bb|2016-11-24 17:43:42.3996|DEBUG|performance|Performance info: URI = http://localhost:65078/; Time(ms) = 5605
800003de-0000-fc00-b63f-84710c7967bb|2016-11-24 17:43:43.0786|DEBUG|performance|Performance info: URI = http://localhost:65078/; Time(ms) = 5716
800003e0-0000-fc00-b63f-84710c7967bb|2016-11-24 17:43:50.0170|DEBUG|performance|Performance info: URI = http://localhost:65078/games?Name=&MinPrice=&MaxPrice=&DateOfAdding=year&FilterBy=Popularity; Time(ms) = 5790
800003e0-0000-fc00-b63f-84710c7967bb|2016-11-24 17:43:50.0861|DEBUG|performance|Performance info: URI = http://localhost:65078/games?Name=&MinPrice=&MaxPrice=&DateOfAdding=year&FilterBy=Popularity; Time(ms) = 5856
800003e0-0000-fc00-b63f-84710c7967bb|2016-11-24 17:43:50.0861|DEBUG|performance|Performance info: URI = http://localhost:65078/games?Name=&MinPrice=&MaxPrice=&DateOfAdding=year&FilterBy=Popularity; Time(ms) = 5856
80000058-0000-f000-b63f-84710c7967bb|2016-11-24 17:44:31.3434|DEBUG|performance|Performance info: URI = http://localhost:65078/; Time(ms) = 2867
80000058-0000-f000-b63f-84710c7967bb|2016-11-24 17:44:32.7183|DEBUG|performance|Performance info: URI = http://localhost:65078/; Time(ms) = 3140
80000058-0000-f000-b63f-84710c7967bb|2016-11-24 17:44:33.3685|DEBUG|performance|Performance info: URI = http://localhost:65078/; Time(ms) = 3245
8000005a-0000-f000-b63f-84710c7967bb|2016-11-24 17:44:43.7395|DEBUG|performance|Performance info: URI = http://localhost:65078/games?Name=&MinPrice=&MaxPrice=&DateOfAdding=year&FilterBy=Popularity; Time(ms) = 3325
8000005a-0000-f000-b63f-84710c7967bb|2016-11-24 17:44:43.8056|DEBUG|performance|Performance info: URI = http://localhost:65078/games?Name=&MinPrice=&MaxPrice=&DateOfAdding=year&FilterBy=Popularity; Time(ms) = 3389
8000005a-0000-f000-b63f-84710c7967bb|2016-11-24 17:44:43.8221|DEBUG|performance|Performance info: URI = http://localhost:65078/games?Name=&MinPrice=&MaxPrice=&DateOfAdding=year&FilterBy=Popularity; Time(ms) = 3389
8000005c-0000-f000-b63f-84710c7967bb|2016-11-24 17:45:11.8539|DEBUG|performance|Performance info: URI = http://localhost:65078/games?Name=&MinPrice=&MaxPrice=&DateOfAdding=threeyear&FilterBy=Popularity; Time(ms) = 3475
8000005c-0000-f000-b63f-84710c7967bb|2016-11-24 17:45:11.8999|DEBUG|performance|Performance info: URI = http://localhost:65078/games?Name=&MinPrice=&MaxPrice=&DateOfAdding=threeyear&FilterBy=Popularity; Time(ms) = 3525
8000005c-0000-f000-b63f-84710c7967bb|2016-11-24 17:45:11.9189|DEBUG|performance|Performance info: URI = http://localhost:65078/games?Name=&MinPrice=&MaxPrice=&DateOfAdding=threeyear&FilterBy=Popularity; Time(ms) = 3525
8000005e-0000-f000-b63f-84710c7967bb|2016-11-24 17:45:14.8887|DEBUG|performance|Performance info: URI = http://localhost:65078/games?DateOfAdding=threeyear&FilterBy=Popularity&Page=2; Time(ms) = 3546
8000005e-0000-f000-b63f-84710c7967bb|2016-11-24 17:45:14.9478|DEBUG|performance|Performance info: URI = http://localhost:65078/games?DateOfAdding=threeyear&FilterBy=Popularity&Page=2; Time(ms) = 3600
8000005e-0000-f000-b63f-84710c7967bb|2016-11-24 17:45:14.9478|DEBUG|performance|Performance info: URI = http://localhost:65078/games?DateOfAdding=threeyear&FilterBy=Popularity&Page=2; Time(ms) = 3600
80000060-0000-f000-b63f-84710c7967bb|2016-11-24 17:45:17.2953|DEBUG|performance|Performance info: URI = http://localhost:65078/games?DateOfAdding=threeyear&FilterBy=Popularity&Page=1; Time(ms) = 3660
80000060-0000-f000-b63f-84710c7967bb|2016-11-24 17:45:17.3543|DEBUG|performance|Performance info: URI = http://localhost:65078/games?DateOfAdding=threeyear&FilterBy=Popularity&Page=1; Time(ms) = 3717
80000060-0000-f000-b63f-84710c7967bb|2016-11-24 17:45:17.3688|DEBUG|performance|Performance info: URI = http://localhost:65078/games?DateOfAdding=threeyear&FilterBy=Popularity&Page=1; Time(ms) = 3717
800003ea-0000-fc00-b63f-84710c7967bb|2016-11-24 17:47:55.1786|DEBUG|performance|Performance info: URI = http://localhost:65078/; Time(ms) = 3103
800003ea-0000-fc00-b63f-84710c7967bb|2016-11-24 17:47:56.5832|DEBUG|performance|Performance info: URI = http://localhost:65078/; Time(ms) = 3321
800003ea-0000-fc00-b63f-84710c7967bb|2016-11-24 17:47:57.2312|DEBUG|performance|Performance info: URI = http://localhost:65078/; Time(ms) = 3405
800003ec-0000-fc00-b63f-84710c7967bb|2016-11-24 17:48:04.5179|DEBUG|performance|Performance info: URI = http://localhost:65078/games?Name=&MinPrice=&MaxPrice=&DateOfAdding=twoyear&FilterBy=Popularity; Time(ms) = 3485
800003ec-0000-fc00-b63f-84710c7967bb|2016-11-24 17:48:04.5649|DEBUG|performance|Performance info: URI = http://localhost:65078/games?Name=&MinPrice=&MaxPrice=&DateOfAdding=twoyear&FilterBy=Popularity; Time(ms) = 3536
800003ec-0000-fc00-b63f-84710c7967bb|2016-11-24 17:48:04.5859|DEBUG|performance|Performance info: URI = http://localhost:65078/games?Name=&MinPrice=&MaxPrice=&DateOfAdding=twoyear&FilterBy=Popularity; Time(ms) = 3536
800001cf-0002-f800-b63f-84710c7967bb|2016-11-24 17:51:13.1188|DEBUG|performance|Performance info: URI = http://localhost:65078/Games/Index; Time(ms) = 3379
800001cf-0002-f800-b63f-84710c7967bb|2016-11-24 17:51:14.9657|DEBUG|performance|Performance info: URI = http://localhost:65078/Games/Index; Time(ms) = 3458
800001d1-0002-f800-b63f-84710c7967bb|2016-11-24 17:51:33.7693|DEBUG|performance|Performance info: URI = http://localhost:65078/games/New; Time(ms) = 3596
800001d1-0002-f800-b63f-84710c7967bb|2016-11-24 17:51:33.9444|DEBUG|performance|Performance info: URI = http://localhost:65078/games/New; Time(ms) = 3596
800001d3-0002-f800-b63f-84710c7967bb|2016-11-24 17:51:53.5527|DEBUG|performance|Performance info: URI = http://localhost:65078/games; Time(ms) = 3690
800001d3-0002-f800-b63f-84710c7967bb|2016-11-24 17:51:53.5898|DEBUG|performance|Performance info: URI = http://localhost:65078/games; Time(ms) = 3690
80000058-0002-ed00-b63f-84710c7967bb|2016-11-24 17:54:35.6747|DEBUG|performance|Performance info: URI = http://localhost:65078/; Time(ms) = 3325
80000058-0002-ed00-b63f-84710c7967bb|2016-11-24 17:54:37.3623|DEBUG|performance|Performance info: URI = http://localhost:65078/; Time(ms) = 3422
800000b9-0002-f200-b63f-84710c7967bb|2016-11-24 17:55:36.7472|DEBUG|performance|Performance info: URI = http://localhost:65078/; Time(ms) = 3301
800000b9-0002-f200-b63f-84710c7967bb|2016-11-24 17:55:38.4614|DEBUG|performance|Performance info: URI = http://localhost:65078/; Time(ms) = 3385
800000bb-0002-f200-b63f-84710c7967bb|2016-11-24 17:55:55.3820|DEBUG|performance|Performance info: URI = http://localhost:65078/games/AddToBasket?gameId=00000000-0000-0000-0000-000000000000&unitsInStock=39&_=1480002939253; Time(ms) = 3386
80000371-0002-ec00-b63f-84710c7967bb|2016-11-24 17:58:57.8524|DEBUG|performance|Performance info: URI = http://localhost:65078/; Time(ms) = 3305
80000371-0002-ec00-b63f-84710c7967bb|2016-11-24 17:58:59.6239|DEBUG|performance|Performance info: URI = http://localhost:65078/; Time(ms) = 3397
80000166-0001-e600-b63f-84710c7967bb|2016-11-24 18:01:23.1665|DEBUG|performance|Performance info: URI = http://localhost:65078/; Time(ms) = 3494
80000166-0001-e600-b63f-84710c7967bb|2016-11-24 18:01:24.8989|DEBUG|performance|Performance info: URI = http://localhost:65078/; Time(ms) = 3586
80000168-0001-e600-b63f-84710c7967bb|2016-11-24 18:01:31.4096|DEBUG|performance|Performance info: URI = http://localhost:65078/games/New; Time(ms) = 3715
80000168-0001-e600-b63f-84710c7967bb|2016-11-24 18:01:31.5350|DEBUG|performance|Performance info: URI = http://localhost:65078/games/New; Time(ms) = 3716
8000016a-0001-e600-b63f-84710c7967bb|2016-11-24 18:01:48.8435|DEBUG|performance|Performance info: URI = http://localhost:65078/games; Time(ms) = 3809
8000016a-0001-e600-b63f-84710c7967bb|2016-11-24 18:01:48.8806|DEBUG|performance|Performance info: URI = http://localhost:65078/games; Time(ms) = 3809
80000089-0001-f300-b63f-84710c7967bb|2016-11-24 18:08:38.8837|DEBUG|performance|Performance info: URI = http://localhost:65078/; Time(ms) = 6381
80000089-0001-f300-b63f-84710c7967bb|2016-11-24 18:08:40.6071|DEBUG|performance|Performance info: URI = http://localhost:65078/; Time(ms) = 6499
8000008b-0001-f300-b63f-84710c7967bb|2016-11-24 18:08:56.2900|DEBUG|performance|Performance info: URI = http://localhost:65078/games?PageSize=20; Time(ms) = 6578
8000008b-0001-f300-b63f-84710c7967bb|2016-11-24 18:08:56.3060|DEBUG|performance|Performance info: URI = http://localhost:65078/games?PageSize=20; Time(ms) = 6579
8000008d-0001-f300-b63f-84710c7967bb|2016-11-24 18:09:07.4112|DEBUG|performance|Performance info: URI = http://localhost:65078/games?PageSize=50; Time(ms) = 6664
8000008d-0001-f300-b63f-84710c7967bb|2016-11-24 18:09:07.4252|DEBUG|performance|Performance info: URI = http://localhost:65078/games?PageSize=50; Time(ms) = 6665
800001b7-0000-fd00-b63f-84710c7967bb|2016-11-24 18:09:54.4629|DEBUG|performance|Performance info: URI = http://localhost:65078/; Time(ms) = 3154
800001b7-0000-fd00-b63f-84710c7967bb|2016-11-24 18:09:56.1983|DEBUG|performance|Performance info: URI = http://localhost:65078/; Time(ms) = 3235
80000653-0000-f200-b63f-84710c7967bb|2016-11-24 18:10:57.3335|DEBUG|performance|Performance info: URI = http://localhost:65078/; Time(ms) = 3121
80000653-0000-f200-b63f-84710c7967bb|2016-11-24 18:10:59.0526|DEBUG|performance|Performance info: URI = http://localhost:65078/; Time(ms) = 3213
80000655-0000-f200-b63f-84710c7967bb|2016-11-24 18:11:13.6399|DEBUG|performance|Performance info: URI = http://localhost:65078/; Time(ms) = 3293
80000655-0000-f200-b63f-84710c7967bb|2016-11-24 18:11:13.6839|DEBUG|performance|Performance info: URI = http://localhost:65078/; Time(ms) = 3294
80000906-0000-f100-b63f-84710c7967bb|2016-11-24 18:11:37.7059|DEBUG|performance|Performance info: URI = http://localhost:65078/; Time(ms) = 3415
80000906-0000-f100-b63f-84710c7967bb|2016-11-24 18:11:38.2958|DEBUG|performance|Performance info: URI = http://localhost:65078/; Time(ms) = 3496
80000908-0000-f100-b63f-84710c7967bb|2016-11-24 18:11:43.0109|DEBUG|performance|Performance info: URI = http://localhost:65078/games/AddToBasket?gameId=3afd62e6-0f5e-4631-9b04-037c944bbaf2&unitsInStock=20&_=1480003899045; Time(ms) = 3496
80000661-0000-f200-b63f-84710c7967bb|2016-11-24 18:12:00.8682|DEBUG|performance|Performance info: URI = http://localhost:65078/; Time(ms) = 3325
80000661-0000-f200-b63f-84710c7967bb|2016-11-24 18:12:01.4623|DEBUG|performance|Performance info: URI = http://localhost:65078/; Time(ms) = 3413
80000663-0000-f200-b63f-84710c7967bb|2016-11-24 18:12:04.8930|DEBUG|performance|Performance info: URI = http://localhost:65078/games/New; Time(ms) = 3543
80000663-0000-f200-b63f-84710c7967bb|2016-11-24 18:12:05.0056|DEBUG|performance|Performance info: URI = http://localhost:65078/games/New; Time(ms) = 3543
800006aa-0003-ed00-b63f-84710c7967bb|2016-11-24 18:17:40.2079|DEBUG|performance|Performance info: URI = http://localhost:65078/; Time(ms) = 5904
800006aa-0003-ed00-b63f-84710c7967bb|2016-11-24 18:17:41.8842|DEBUG|performance|Performance info: URI = http://localhost:65078/; Time(ms) = 5980
80000327-0001-fc00-b63f-84710c7967bb|2016-11-24 19:09:33.2733|DEBUG|performance|Performance info: URI = http://localhost:65078/; Time(ms) = 5684
80000327-0001-fc00-b63f-84710c7967bb|2016-11-24 19:09:34.9204|DEBUG|performance|Performance info: URI = http://localhost:65078/; Time(ms) = 5765
800001ee-0000-fd00-b63f-84710c7967bb|2016-11-24 19:25:14.7063|DEBUG|performance|Performance info: URI = http://localhost:65078/; Time(ms) = 5441
800001ee-0000-fd00-b63f-84710c7967bb|2016-11-24 19:25:16.4574|DEBUG|performance|Performance info: URI = http://localhost:65078/; Time(ms) = 5524
800001f0-0000-fd00-b63f-84710c7967bb|2016-11-24 19:25:30.0395|DEBUG|performance|Performance info: URI = http://localhost:65078/games/AddToBasket?gameId=496fcc4f-bd8a-414d-92dd-11ddb11ae795&unitsInStock=20&_=1480008317220; Time(ms) = 5525
800004d2-0000-f400-b63f-84710c7967bb|2016-11-24 19:26:34.1606|DEBUG|performance|Performance info: URI = http://localhost:65078/; Time(ms) = 3010
800004d2-0000-f400-b63f-84710c7967bb|2016-11-24 19:26:34.7355|DEBUG|performance|Performance info: URI = http://localhost:65078/; Time(ms) = 3107
8000004e-0002-e300-b63f-84710c7967bb|2016-11-24 20:01:55.6154|DEBUG|performance|Performance info: URI = http://localhost:65078/; Time(ms) = 5601
8000004e-0002-e300-b63f-84710c7967bb|2016-11-24 20:01:57.3310|DEBUG|performance|Performance info: URI = http://localhost:65078/; Time(ms) = 5705
800000e9-0001-f600-b63f-84710c7967bb|2016-11-24 20:02:43.4762|DEBUG|performance|Performance info: URI = http://localhost:65078/; Time(ms) = 2956
800000e9-0001-f600-b63f-84710c7967bb|2016-11-24 20:02:44.0317|DEBUG|performance|Performance info: URI = http://localhost:65078/; Time(ms) = 3037
80000768-0001-fb00-b63f-84710c7967bb|2016-11-24 20:03:40.2947|DEBUG|performance|Performance info: URI = http://localhost:65078/; Time(ms) = 2879
80000768-0001-fb00-b63f-84710c7967bb|2016-11-24 20:03:40.8507|DEBUG|performance|Performance info: URI = http://localhost:65078/; Time(ms) = 2958
8000076a-0001-fb00-b63f-84710c7967bb|2016-11-24 20:03:46.6779|DEBUG|performance|Performance info: URI = http://localhost:65078/games/New; Time(ms) = 3073
8000076a-0001-fb00-b63f-84710c7967bb|2016-11-24 20:03:46.7900|DEBUG|performance|Performance info: URI = http://localhost:65078/games/New; Time(ms) = 3073
8000076c-0001-fb00-b63f-84710c7967bb|2016-11-24 20:04:34.9757|DEBUG|performance|Performance info: URI = http://localhost:65078/games/New; Time(ms) = 3134
8000076c-0001-fb00-b63f-84710c7967bb|2016-11-24 20:04:34.9757|DEBUG|performance|Performance info: URI = http://localhost:65078/games/New; Time(ms) = 3134
80000937-0000-ed00-b63f-84710c7967bb|2016-11-24 20:06:50.4152|DEBUG|performance|Performance info: URI = http://localhost:65078/; Time(ms) = 3007
80000937-0000-ed00-b63f-84710c7967bb|2016-11-24 20:06:51.0772|DEBUG|performance|Performance info: URI = http://localhost:65078/; Time(ms) = 3113
80000939-0000-ed00-b63f-84710c7967bb|2016-11-24 20:06:54.5867|DEBUG|performance|Performance info: URI = http://localhost:65078/games/New; Time(ms) = 3232
80000939-0000-ed00-b63f-84710c7967bb|2016-11-24 20:06:54.6868|DEBUG|performance|Performance info: URI = http://localhost:65078/games/New; Time(ms) = 3233
800002a8-0000-eb00-b63f-84710c7967bb|2016-11-24 20:29:06.2210|DEBUG|performance|Performance info: URI = http://localhost:65078/Games/Index; Time(ms) = 5361
800002a8-0000-eb00-b63f-84710c7967bb|2016-11-24 20:29:07.4235|DEBUG|performance|Performance info: URI = http://localhost:65078/Games/Index; Time(ms) = 5486
800002a8-0000-eb00-b63f-84710c7967bb|2016-11-24 20:29:08.0618|DEBUG|performance|Performance info: URI = http://localhost:65078/Games/Index; Time(ms) = 5569
800002aa-0000-eb00-b63f-84710c7967bb|2016-11-24 20:29:16.0709|DEBUG|performance|Performance info: URI = http://localhost:65078/games?Name=&MinPrice=&MaxPrice=&DateOfAdding=threeyear&FilterBy=Popularity; Time(ms) = 5660
800002aa-0000-eb00-b63f-84710c7967bb|2016-11-24 20:29:16.1234|DEBUG|performance|Performance info: URI = http://localhost:65078/games?Name=&MinPrice=&MaxPrice=&DateOfAdding=threeyear&FilterBy=Popularity; Time(ms) = 5707
800002aa-0000-eb00-b63f-84710c7967bb|2016-11-24 20:29:16.1399|DEBUG|performance|Performance info: URI = http://localhost:65078/games?Name=&MinPrice=&MaxPrice=&DateOfAdding=threeyear&FilterBy=Popularity; Time(ms) = 5708
800002ac-0000-eb00-b63f-84710c7967bb|2016-11-24 20:29:26.6865|DEBUG|performance|Performance info: URI = http://localhost:65078/games?Name=&MinPrice=&MaxPrice=&DateOfAdding=threeyear&FilterBy=PriceDesc; Time(ms) = 5775
800002ac-0000-eb00-b63f-84710c7967bb|2016-11-24 20:29:26.7321|DEBUG|performance|Performance info: URI = http://localhost:65078/games?Name=&MinPrice=&MaxPrice=&DateOfAdding=threeyear&FilterBy=PriceDesc; Time(ms) = 5824
800002ac-0000-eb00-b63f-84710c7967bb|2016-11-24 20:29:26.7506|DEBUG|performance|Performance info: URI = http://localhost:65078/games?Name=&MinPrice=&MaxPrice=&DateOfAdding=threeyear&FilterBy=PriceDesc; Time(ms) = 5824
800002ae-0000-eb00-b63f-84710c7967bb|2016-11-24 20:29:31.6871|DEBUG|performance|Performance info: URI = http://localhost:65078/games?DateOfAdding=threeyear&FilterBy=PriceDesc&Page=2; Time(ms) = 5844
800002ae-0000-eb00-b63f-84710c7967bb|2016-11-24 20:29:31.7351|DEBUG|performance|Performance info: URI = http://localhost:65078/games?DateOfAdding=threeyear&FilterBy=PriceDesc&Page=2; Time(ms) = 5895
800002ae-0000-eb00-b63f-84710c7967bb|2016-11-24 20:29:31.7502|DEBUG|performance|Performance info: URI = http://localhost:65078/games?DateOfAdding=threeyear&FilterBy=PriceDesc&Page=2; Time(ms) = 5895
800002b0-0000-eb00-b63f-84710c7967bb|2016-11-24 20:29:34.8030|DEBUG|performance|Performance info: URI = http://localhost:65078/games?DateOfAdding=threeyear&FilterBy=PriceDesc&Page=1; Time(ms) = 5965
800002b0-0000-eb00-b63f-84710c7967bb|2016-11-24 20:29:34.8571|DEBUG|performance|Performance info: URI = http://localhost:65078/games?DateOfAdding=threeyear&FilterBy=PriceDesc&Page=1; Time(ms) = 6016
800002b0-0000-eb00-b63f-84710c7967bb|2016-11-24 20:29:34.8571|DEBUG|performance|Performance info: URI = http://localhost:65078/games?DateOfAdding=threeyear&FilterBy=PriceDesc&Page=1; Time(ms) = 6016
800002b2-0000-eb00-b63f-84710c7967bb|2016-11-24 20:30:16.2470|DEBUG|performance|Performance info: URI = http://localhost:65078/games?Name=&MinPrice=&MaxPrice=&DateOfAdding=threeyear&FilterBy=PriceDesc&SelectedPublishersName=Exotic+Liquids; Time(ms) = 6032
800002b2-0000-eb00-b63f-84710c7967bb|2016-11-24 20:30:16.3166|DEBUG|performance|Performance info: URI = http://localhost:65078/games?Name=&MinPrice=&MaxPrice=&DateOfAdding=threeyear&FilterBy=PriceDesc&SelectedPublishersName=Exotic+Liquids; Time(ms) = 6102
800002b2-0000-eb00-b63f-84710c7967bb|2016-11-24 20:30:16.4004|DEBUG|performance|Performance info: URI = http://localhost:65078/games?Name=&MinPrice=&MaxPrice=&DateOfAdding=threeyear&FilterBy=PriceDesc&SelectedPublishersName=Exotic+Liquids; Time(ms) = 6172
800002b4-0000-eb00-b63f-84710c7967bb|2016-11-24 20:30:25.7394|DEBUG|performance|Performance info: URI = http://localhost:65078/games?Name=&MinPrice=&MaxPrice=&DateOfAdding=threeyear&FilterBy=PriceDesc&SelectedPublishersName=GamesCorporation; Time(ms) = 6196
800002b4-0000-eb00-b63f-84710c7967bb|2016-11-24 20:30:25.7974|DEBUG|performance|Performance info: URI = http://localhost:65078/games?Name=&MinPrice=&MaxPrice=&DateOfAdding=threeyear&FilterBy=PriceDesc&SelectedPublishersName=GamesCorporation; Time(ms) = 6249
800002b4-0000-eb00-b63f-84710c7967bb|2016-11-24 20:30:25.7974|DEBUG|performance|Performance info: URI = http://localhost:65078/games?Name=&MinPrice=&MaxPrice=&DateOfAdding=threeyear&FilterBy=PriceDesc&SelectedPublishersName=GamesCorporation; Time(ms) = 6249
8000033c-0000-f800-b63f-84710c7967bb|2016-11-24 20:32:19.4694|DEBUG|performance|Performance info: URI = http://localhost:65078/; Time(ms) = 3160
8000033c-0000-f800-b63f-84710c7967bb|2016-11-24 20:32:20.7372|DEBUG|performance|Performance info: URI = http://localhost:65078/; Time(ms) = 3268
8000033c-0000-f800-b63f-84710c7967bb|2016-11-24 20:32:21.3701|DEBUG|performance|Performance info: URI = http://localhost:65078/; Time(ms) = 3357
8000033e-0000-f800-b63f-84710c7967bb|2016-11-24 20:32:46.6348|DEBUG|performance|Performance info: URI = http://localhost:65078/games?Page=2; Time(ms) = 3362
8000033e-0000-f800-b63f-84710c7967bb|2016-11-24 20:32:46.6988|DEBUG|performance|Performance info: URI = http://localhost:65078/games?Page=2; Time(ms) = 3429
8000033e-0000-f800-b63f-84710c7967bb|2016-11-24 20:32:46.7113|DEBUG|performance|Performance info: URI = http://localhost:65078/games?Page=2; Time(ms) = 3429
80000340-0000-f800-b63f-84710c7967bb|2016-11-24 20:32:49.0112|DEBUG|performance|Performance info: URI = http://localhost:65078/games?Page=2; Time(ms) = 3435
80000340-0000-f800-b63f-84710c7967bb|2016-11-24 20:32:49.0872|DEBUG|performance|Performance info: URI = http://localhost:65078/games?Page=2; Time(ms) = 3502
80000340-0000-f800-b63f-84710c7967bb|2016-11-24 20:32:49.0872|DEBUG|performance|Performance info: URI = http://localhost:65078/games?Page=2; Time(ms) = 3502
80000342-0000-f800-b63f-84710c7967bb|2016-11-24 20:32:51.1617|DEBUG|performance|Performance info: URI = http://localhost:65078/games?Page=1; Time(ms) = 3514
80000342-0000-f800-b63f-84710c7967bb|2016-11-24 20:32:51.2256|DEBUG|performance|Performance info: URI = http://localhost:65078/games?Page=1; Time(ms) = 3582
80000342-0000-f800-b63f-84710c7967bb|2016-11-24 20:32:51.2426|DEBUG|performance|Performance info: URI = http://localhost:65078/games?Page=1; Time(ms) = 3582
80000344-0000-f800-b63f-84710c7967bb|2016-11-24 20:32:55.8300|DEBUG|performance|Performance info: URI = http://localhost:65078/games?PageSize=0; Time(ms) = 3599
80000344-0000-f800-b63f-84710c7967bb|2016-11-24 20:32:55.8960|DEBUG|performance|Performance info: URI = http://localhost:65078/games?PageSize=0; Time(ms) = 3658
80000344-0000-f800-b63f-84710c7967bb|2016-11-24 20:32:55.8960|DEBUG|performance|Performance info: URI = http://localhost:65078/games?PageSize=0; Time(ms) = 3658
8000095f-0000-ed00-b63f-84710c7967bb|2016-11-24 20:35:04.1079|DEBUG|performance|Performance info: URI = http://localhost:65078/; Time(ms) = 3065
8000095f-0000-ed00-b63f-84710c7967bb|2016-11-24 20:35:05.3378|DEBUG|performance|Performance info: URI = http://localhost:65078/; Time(ms) = 3178
8000095f-0000-ed00-b63f-84710c7967bb|2016-11-24 20:35:05.9412|DEBUG|performance|Performance info: URI = http://localhost:65078/; Time(ms) = 3265
80000961-0000-ed00-b63f-84710c7967bb|2016-11-24 20:35:11.8876|DEBUG|performance|Performance info: URI = http://localhost:65078/games?PageSize=0; Time(ms) = 3288
80000961-0000-ed00-b63f-84710c7967bb|2016-11-24 20:35:11.9402|DEBUG|performance|Performance info: URI = http://localhost:65078/games?PageSize=0; Time(ms) = 3344
80000961-0000-ed00-b63f-84710c7967bb|2016-11-24 20:35:11.9602|DEBUG|performance|Performance info: URI = http://localhost:65078/games?PageSize=0; Time(ms) = 3344
800006d2-0001-f100-b63f-84710c7967bb|2016-11-24 20:35:53.3045|DEBUG|performance|Performance info: URI = http://localhost:65078/; Time(ms) = 2974
800006d2-0001-f100-b63f-84710c7967bb|2016-11-24 20:35:54.6922|DEBUG|performance|Performance info: URI = http://localhost:65078/; Time(ms) = 3084
800006d2-0001-f100-b63f-84710c7967bb|2016-11-24 20:35:55.3291|DEBUG|performance|Performance info: URI = http://localhost:65078/; Time(ms) = 3165
800006d4-0001-f100-b63f-84710c7967bb|2016-11-24 20:36:00.5116|DEBUG|performance|Performance info: URI = http://localhost:65078/games?PageSize=100; Time(ms) = 3183
800006d4-0001-f100-b63f-84710c7967bb|2016-11-24 20:36:00.5756|DEBUG|performance|Performance info: URI = http://localhost:65078/games?PageSize=100; Time(ms) = 3238
800006d4-0001-f100-b63f-84710c7967bb|2016-11-24 20:36:00.5907|DEBUG|performance|Performance info: URI = http://localhost:65078/games?PageSize=100; Time(ms) = 3238
8000012d-0001-e300-b63f-84710c7967bb|2016-11-24 20:37:34.3653|DEBUG|performance|Performance info: URI = http://localhost:65078/; Time(ms) = 2927
8000012d-0001-e300-b63f-84710c7967bb|2016-11-24 20:37:35.6392|DEBUG|performance|Performance info: URI = http://localhost:65078/; Time(ms) = 3042
8000012d-0001-e300-b63f-84710c7967bb|2016-11-24 20:37:36.2797|DEBUG|performance|Performance info: URI = http://localhost:65078/; Time(ms) = 3136
80000183-0003-ef00-b63f-84710c7967bb|2016-11-24 20:39:23.4454|DEBUG|performance|Performance info: URI = http://localhost:65078/; Time(ms) = 3652
80000183-0003-ef00-b63f-84710c7967bb|2016-11-24 20:39:24.7772|DEBUG|performance|Performance info: URI = http://localhost:65078/; Time(ms) = 3778
80000183-0003-ef00-b63f-84710c7967bb|2016-11-24 20:39:25.4631|DEBUG|performance|Performance info: URI = http://localhost:65078/; Time(ms) = 3871
80000185-0003-ef00-b63f-84710c7967bb|2016-11-24 20:39:34.8027|DEBUG|performance|Performance info: URI = http://localhost:65078/games?Page=2; Time(ms) = 3897
80000185-0003-ef00-b63f-84710c7967bb|2016-11-24 20:39:34.8677|DEBUG|performance|Performance info: URI = http://localhost:65078/games?Page=2; Time(ms) = 3958
80000185-0003-ef00-b63f-84710c7967bb|2016-11-24 20:39:34.8677|DEBUG|performance|Performance info: URI = http://localhost:65078/games?Page=2; Time(ms) = 3959
80000187-0003-ef00-b63f-84710c7967bb|2016-11-24 20:39:40.9458|DEBUG|performance|Performance info: URI = http://localhost:65078/games?Name=&MinPrice=&MaxPrice=&DateOfAdding=twoyear&FilterBy=Popularity; Time(ms) = 4055
80000187-0003-ef00-b63f-84710c7967bb|2016-11-24 20:39:40.9933|DEBUG|performance|Performance info: URI = http://localhost:65078/games?Name=&MinPrice=&MaxPrice=&DateOfAdding=twoyear&FilterBy=Popularity; Time(ms) = 4107
80000187-0003-ef00-b63f-84710c7967bb|2016-11-24 20:39:41.0158|DEBUG|performance|Performance info: URI = http://localhost:65078/games?Name=&MinPrice=&MaxPrice=&DateOfAdding=twoyear&FilterBy=Popularity; Time(ms) = 4107
80000189-0003-ef00-b63f-84710c7967bb|2016-11-24 20:39:47.8456|DEBUG|performance|Performance info: URI = http://localhost:65078/games?DateOfAdding=twoyear&FilterBy=Popularity&Page=2; Time(ms) = 4142
80000189-0003-ef00-b63f-84710c7967bb|2016-11-24 20:39:47.9032|DEBUG|performance|Performance info: URI = http://localhost:65078/games?DateOfAdding=twoyear&FilterBy=Popularity&Page=2; Time(ms) = 4192
80000189-0003-ef00-b63f-84710c7967bb|2016-11-24 20:39:47.9032|DEBUG|performance|Performance info: URI = http://localhost:65078/games?DateOfAdding=twoyear&FilterBy=Popularity&Page=2; Time(ms) = 4192
8000018b-0003-ef00-b63f-84710c7967bb|2016-11-24 20:39:50.1160|DEBUG|performance|Performance info: URI = http://localhost:65078/games?DateOfAdding=twoyear&FilterBy=Popularity&Page=1; Time(ms) = 4251
8000018b-0003-ef00-b63f-84710c7967bb|2016-11-24 20:39:50.1690|DEBUG|performance|Performance info: URI = http://localhost:65078/games?DateOfAdding=twoyear&FilterBy=Popularity&Page=1; Time(ms) = 4301
8000018b-0003-ef00-b63f-84710c7967bb|2016-11-24 20:39:50.1800|DEBUG|performance|Performance info: URI = http://localhost:65078/games?DateOfAdding=twoyear&FilterBy=Popularity&Page=1; Time(ms) = 4301
800006ab-0000-f900-b63f-84710c7967bb|2016-11-24 20:41:44.7758|DEBUG|performance|Performance info: URI = http://localhost:65078/; Time(ms) = 2988
800006ab-0000-f900-b63f-84710c7967bb|2016-11-24 20:41:46.0223|DEBUG|performance|Performance info: URI = http://localhost:65078/; Time(ms) = 3099
800006ab-0000-f900-b63f-84710c7967bb|2016-11-24 20:41:46.6470|DEBUG|performance|Performance info: URI = http://localhost:65078/; Time(ms) = 3183
800006ad-0000-f900-b63f-84710c7967bb|2016-11-24 20:41:52.4781|DEBUG|performance|Performance info: URI = http://localhost:65078/games?Page=2; Time(ms) = 3188
800006ad-0000-f900-b63f-84710c7967bb|2016-11-24 20:41:52.5576|DEBUG|performance|Performance info: URI = http://localhost:65078/games?Page=2; Time(ms) = 3262
800006ad-0000-f900-b63f-84710c7967bb|2016-11-24 20:41:52.5721|DEBUG|performance|Performance info: URI = http://localhost:65078/games?Page=2; Time(ms) = 3262
800006af-0000-f900-b63f-84710c7967bb|2016-11-24 20:41:54.5254|DEBUG|performance|Performance info: URI = http://localhost:65078/games?Page=2; Time(ms) = 3268
800006af-0000-f900-b63f-84710c7967bb|2016-11-24 20:41:54.5733|DEBUG|performance|Performance info: URI = http://localhost:65078/games?Page=2; Time(ms) = 3319
800006af-0000-f900-b63f-84710c7967bb|2016-11-24 20:41:54.5843|DEBUG|performance|Performance info: URI = http://localhost:65078/games?Page=2; Time(ms) = 3319
800003e0-0002-e600-b63f-84710c7967bb|2016-11-24 20:44:54.6483|DEBUG|performance|Performance info: URI = http://localhost:65078/; Time(ms) = 3270
800003e0-0002-e600-b63f-84710c7967bb|2016-11-24 20:44:55.9504|DEBUG|performance|Performance info: URI = http://localhost:65078/; Time(ms) = 3373
800003e0-0002-e600-b63f-84710c7967bb|2016-11-24 20:44:56.5880|DEBUG|performance|Performance info: URI = http://localhost:65078/; Time(ms) = 3452
800003e2-0002-e600-b63f-84710c7967bb|2016-11-24 20:45:00.9346|DEBUG|performance|Performance info: URI = http://localhost:65078/games?Page=2; Time(ms) = 3457
800003e2-0002-e600-b63f-84710c7967bb|2016-11-24 20:45:01.0097|DEBUG|performance|Performance info: URI = http://localhost:65078/games?Page=2; Time(ms) = 3525
800003e2-0002-e600-b63f-84710c7967bb|2016-11-24 20:45:01.0097|DEBUG|performance|Performance info: URI = http://localhost:65078/games?Page=2; Time(ms) = 3525
800003e4-0002-e600-b63f-84710c7967bb|2016-11-24 20:45:05.9358|DEBUG|performance|Performance info: URI = http://localhost:65078/games?Name=&MinPrice=&MaxPrice=&DateOfAdding=threeyear&FilterBy=Popularity; Time(ms) = 3598
800003e4-0002-e600-b63f-84710c7967bb|2016-11-24 20:45:05.9944|DEBUG|performance|Performance info: URI = http://localhost:65078/games?Name=&MinPrice=&MaxPrice=&DateOfAdding=threeyear&FilterBy=Popularity; Time(ms) = 3655
800003e4-0002-e600-b63f-84710c7967bb|2016-11-24 20:45:06.0104|DEBUG|performance|Performance info: URI = http://localhost:65078/games?Name=&MinPrice=&MaxPrice=&DateOfAdding=threeyear&FilterBy=Popularity; Time(ms) = 3655
800003e6-0002-e600-b63f-84710c7967bb|2016-11-24 20:45:08.4515|DEBUG|performance|Performance info: URI = http://localhost:65078/games?DateOfAdding=threeyear&FilterBy=Popularity&Page=2; Time(ms) = 3675
800003e6-0002-e600-b63f-84710c7967bb|2016-11-24 20:45:08.5094|DEBUG|performance|Performance info: URI = http://localhost:65078/games?DateOfAdding=threeyear&FilterBy=Popularity&Page=2; Time(ms) = 3730
800003e6-0002-e600-b63f-84710c7967bb|2016-11-24 20:45:08.5194|DEBUG|performance|Performance info: URI = http://localhost:65078/games?DateOfAdding=threeyear&FilterBy=Popularity&Page=2; Time(ms) = 3730
80000621-0001-f300-b63f-84710c7967bb|2016-11-24 20:46:22.9230|DEBUG|performance|Performance info: URI = http://localhost:65078/; Time(ms) = 3013
80000621-0001-f300-b63f-84710c7967bb|2016-11-24 20:46:24.3178|DEBUG|performance|Performance info: URI = http://localhost:65078/; Time(ms) = 3132
80000621-0001-f300-b63f-84710c7967bb|2016-11-24 20:46:24.9140|DEBUG|performance|Performance info: URI = http://localhost:65078/; Time(ms) = 3214
80000623-0001-f300-b63f-84710c7967bb|2016-11-24 20:46:30.8445|DEBUG|performance|Performance info: URI = http://localhost:65078/games?PageSize=20; Time(ms) = 3244
80000623-0001-f300-b63f-84710c7967bb|2016-11-24 20:46:30.8992|DEBUG|performance|Performance info: URI = http://localhost:65078/games?PageSize=20; Time(ms) = 3296
80000623-0001-f300-b63f-84710c7967bb|2016-11-24 20:46:30.9102|DEBUG|performance|Performance info: URI = http://localhost:65078/games?PageSize=20; Time(ms) = 3296
8000022d-0003-ee00-b63f-84710c7967bb|2016-11-24 20:48:06.6053|DEBUG|performance|Performance info: URI = http://localhost:65078/; Time(ms) = 2907
8000022d-0003-ee00-b63f-84710c7967bb|2016-11-24 20:48:07.9676|DEBUG|performance|Performance info: URI = http://localhost:65078/; Time(ms) = 3014
8000022d-0003-ee00-b63f-84710c7967bb|2016-11-24 20:48:08.5630|DEBUG|performance|Performance info: URI = http://localhost:65078/; Time(ms) = 3097
8000109f-0000-f700-b63f-84710c7967bb|2016-11-24 20:51:58.5162|DEBUG|performance|Performance info: URI = http://localhost:65078/; Time(ms) = 423
8000109f-0000-f700-b63f-84710c7967bb|2016-11-24 20:52:02.2334|DEBUG|performance|Performance info: URI = http://localhost:65078/; Time(ms) = 3073
8000109f-0000-f700-b63f-84710c7967bb|2016-11-24 20:52:02.8636|DEBUG|performance|Performance info: URI = http://localhost:65078/; Time(ms) = 3214
8000080e-0000-f300-b63f-84710c7967bb|2016-11-24 20:53:33.6487|DEBUG|performance|Performance info: URI = http://localhost:65078/; Time(ms) = 371
8000080e-0000-f300-b63f-84710c7967bb|2016-11-24 20:53:37.7510|DEBUG|performance|Performance info: URI = http://localhost:65078/; Time(ms) = 3402
8000080e-0000-f300-b63f-84710c7967bb|2016-11-24 20:53:38.4246|DEBUG|performance|Performance info: URI = http://localhost:65078/; Time(ms) = 3539
80000513-0003-ef00-b63f-84710c7967bb|2016-11-24 20:54:29.4820|DEBUG|performance|Performance info: URI = http://localhost:65078/; Time(ms) = 367
80000513-0003-ef00-b63f-84710c7967bb|2016-11-24 20:54:33.4045|DEBUG|performance|Performance info: URI = http://localhost:65078/; Time(ms) = 3028
80000513-0003-ef00-b63f-84710c7967bb|2016-11-24 20:54:34.0900|DEBUG|performance|Performance info: URI = http://localhost:65078/; Time(ms) = 3238
8000066c-0002-ed00-b63f-84710c7967bb|2016-11-24 20:55:21.4866|DEBUG|performance|Performance info: URI = http://localhost:65078/; Time(ms) = 363
8000066c-0002-ed00-b63f-84710c7967bb|2016-11-24 20:55:25.3862|DEBUG|performance|Performance info: URI = http://localhost:65078/; Time(ms) = 3206
8000066c-0002-ed00-b63f-84710c7967bb|2016-11-24 20:55:26.0762|DEBUG|performance|Performance info: URI = http://localhost:65078/; Time(ms) = 3361
8000066e-0002-ed00-b63f-84710c7967bb|2016-11-24 20:56:12.5162|DEBUG|performance|Performance info: URI = http://localhost:65078/games?Name=Chai&MinPrice=&MaxPrice=&DateOfAdding=week&FilterBy=Popularity; Time(ms) = 3374
8000066e-0002-ed00-b63f-84710c7967bb|2016-11-24 20:56:12.6093|DEBUG|performance|Performance info: URI = http://localhost:65078/games?Name=Chai&MinPrice=&MaxPrice=&DateOfAdding=week&FilterBy=Popularity; Time(ms) = 3439
8000066e-0002-ed00-b63f-84710c7967bb|2016-11-24 20:56:12.6288|DEBUG|performance|Performance info: URI = http://localhost:65078/games?Name=Chai&MinPrice=&MaxPrice=&DateOfAdding=week&FilterBy=Popularity; Time(ms) = 3440
80000670-0002-ed00-b63f-84710c7967bb|2016-11-24 20:56:16.7935|DEBUG|performance|Performance info: URI = http://localhost:65078/games?Name=&MinPrice=&MaxPrice=&DateOfAdding=week&FilterBy=Popularity; Time(ms) = 3442
80000670-0002-ed00-b63f-84710c7967bb|2016-11-24 20:56:16.8623|DEBUG|performance|Performance info: URI = http://localhost:65078/games?Name=&MinPrice=&MaxPrice=&DateOfAdding=week&FilterBy=Popularity; Time(ms) = 3510
80000670-0002-ed00-b63f-84710c7967bb|2016-11-24 20:56:16.8794|DEBUG|performance|Performance info: URI = http://localhost:65078/games?Name=&MinPrice=&MaxPrice=&DateOfAdding=week&FilterBy=Popularity; Time(ms) = 3510
80000672-0002-ed00-b63f-84710c7967bb|2016-11-24 20:56:21.6531|DEBUG|performance|Performance info: URI = http://localhost:65078/games?Name=&MinPrice=&MaxPrice=&DateOfAdding=week&FilterBy=Popularity&PageSize=50; Time(ms) = 3513
80000672-0002-ed00-b63f-84710c7967bb|2016-11-24 20:56:21.7171|DEBUG|performance|Performance info: URI = http://localhost:65078/games?Name=&MinPrice=&MaxPrice=&DateOfAdding=week&FilterBy=Popularity&PageSize=50; Time(ms) = 3575
80000672-0002-ed00-b63f-84710c7967bb|2016-11-24 20:56:21.7431|DEBUG|performance|Performance info: URI = http://localhost:65078/games?Name=&MinPrice=&MaxPrice=&DateOfAdding=week&FilterBy=Popularity&PageSize=50; Time(ms) = 3575
80000674-0002-ed00-b63f-84710c7967bb|2016-11-24 20:56:46.8704|DEBUG|performance|Performance info: URI = http://localhost:65078/games?PageSize=50&Name=northwoods&MinPrice=&MaxPrice=&DateOfAdding=week&FilterBy=Popularity; Time(ms) = 3578
80000674-0002-ed00-b63f-84710c7967bb|2016-11-24 20:56:46.9524|DEBUG|performance|Performance info: URI = http://localhost:65078/games?PageSize=50&Name=northwoods&MinPrice=&MaxPrice=&DateOfAdding=week&FilterBy=Popularity; Time(ms) = 3648
80000674-0002-ed00-b63f-84710c7967bb|2016-11-24 20:56:47.0331|DEBUG|performance|Performance info: URI = http://localhost:65078/games?PageSize=50&Name=northwoods&MinPrice=&MaxPrice=&DateOfAdding=week&FilterBy=Popularity; Time(ms) = 3722
