80000009-0000-e600-b63f-84710c7967bb|2016-12-01 12:13:34.4670|DEBUG|GameStore.BLL.Services.GameStoreService|Getting all Genres. Returned 24  Genres.
80000009-0000-e600-b63f-84710c7967bb|2016-12-01 12:13:34.4930|DEBUG|GameStore.BLL.Services.GameStoreService|Getting all PlatformTypes. Returned 4  PlatformTypes.
80000009-0000-e600-b63f-84710c7967bb|2016-12-01 12:13:34.5170|DEBUG|GameStore.BLL.Services.GameStoreService|Getting all Publishers. Returned 30  Publishers.
80000009-0000-e600-b63f-84710c7967bb|2016-12-01 12:13:35.3202|DEBUG|GameStore.BLL.Services.GameStoreService|Getting all Games. Returned 86  Games.
80000004-0001-f300-b63f-84710c7967bb|2016-12-01 12:20:31.5883|DEBUG|GameStore.BLL.Services.GameStoreService|Getting all Games. Returned 86  Games.
80000004-0003-f100-b63f-84710c7967bb|2016-12-01 12:24:51.6062|DEBUG|GameStore.BLL.Services.GameStoreService|Getting all Games. Returned 86  Games.
80000017-0001-f900-b63f-84710c7967bb|2016-12-01 12:59:14.3216|DEBUG|GameStore.BLL.Services.GameStoreService|Getting all Games. Returned 86  Games.
8000000f-0000-eb00-b63f-84710c7967bb|2016-12-01 13:04:09.2171|DEBUG|GameStore.BLL.Services.GameStoreService|Getting all Genres. Returned 24  Genres.
8000000f-0000-eb00-b63f-84710c7967bb|2016-12-01 13:04:09.2421|DEBUG|GameStore.BLL.Services.GameStoreService|Getting all PlatformTypes. Returned 4  PlatformTypes.
8000000f-0000-eb00-b63f-84710c7967bb|2016-12-01 13:04:09.2661|DEBUG|GameStore.BLL.Services.GameStoreService|Getting all Publishers. Returned 30  Publishers.
8000000f-0000-eb00-b63f-84710c7967bb|2016-12-01 13:04:09.9966|DEBUG|GameStore.BLL.Services.GameStoreService|Getting all Games. Returned 86  Games.
80000034-0001-f400-b63f-84710c7967bb|2016-12-01 13:05:25.8363|DEBUG|GameStore.BLL.Services.GameStoreService|Getting all Genres. Returned 24  Genres.
80000034-0001-f400-b63f-84710c7967bb|2016-12-01 13:05:25.8603|DEBUG|GameStore.BLL.Services.GameStoreService|Getting all PlatformTypes. Returned 4  PlatformTypes.
80000034-0001-f400-b63f-84710c7967bb|2016-12-01 13:05:25.8833|DEBUG|GameStore.BLL.Services.GameStoreService|Getting all Publishers. Returned 30  Publishers.
80000034-0001-f400-b63f-84710c7967bb|2016-12-01 13:05:26.6119|DEBUG|GameStore.BLL.Services.GameStoreService|Getting all Games. Returned 86  Games.
8000002e-0001-f500-b63f-84710c7967bb|2016-12-01 13:11:25.6711|DEBUG|GameStore.BLL.Services.GameStoreService|Getting all Genres. Returned 24  Genres.
8000002e-0001-f500-b63f-84710c7967bb|2016-12-01 13:11:25.6972|DEBUG|GameStore.BLL.Services.GameStoreService|Getting all PlatformTypes. Returned 4  PlatformTypes.
8000002e-0001-f500-b63f-84710c7967bb|2016-12-01 13:11:25.7222|DEBUG|GameStore.BLL.Services.GameStoreService|Getting all Publishers. Returned 30  Publishers.
8000002e-0001-f500-b63f-84710c7967bb|2016-12-01 13:11:26.5058|DEBUG|GameStore.BLL.Services.GameStoreService|Getting all Games. Returned 86  Games.
80000017-0000-f900-b63f-84710c7967bb|2016-12-01 13:12:28.9806|DEBUG|GameStore.BLL.Services.GameStoreService|Getting all Genres. Returned 24  Genres.
80000017-0000-f900-b63f-84710c7967bb|2016-12-01 13:12:29.0056|DEBUG|GameStore.BLL.Services.GameStoreService|Getting all PlatformTypes. Returned 4  PlatformTypes.
80000017-0000-f900-b63f-84710c7967bb|2016-12-01 13:12:29.0296|DEBUG|GameStore.BLL.Services.GameStoreService|Getting all Publishers. Returned 30  Publishers.
80000017-0000-f900-b63f-84710c7967bb|2016-12-01 13:12:29.7872|DEBUG|GameStore.BLL.Services.GameStoreService|Getting all Games. Returned 86  Games.
80000015-0001-ed00-b63f-84710c7967bb|2016-12-01 13:13:24.7618|DEBUG|GameStore.BLL.Services.GameStoreService|Getting all Genres. Returned 24  Genres.
80000015-0001-ed00-b63f-84710c7967bb|2016-12-01 13:13:24.7918|DEBUG|GameStore.BLL.Services.GameStoreService|Getting all PlatformTypes. Returned 4  PlatformTypes.
80000015-0001-ed00-b63f-84710c7967bb|2016-12-01 13:13:24.8218|DEBUG|GameStore.BLL.Services.GameStoreService|Getting all Publishers. Returned 30  Publishers.
80000015-0001-ed00-b63f-84710c7967bb|2016-12-01 13:13:25.5674|DEBUG|GameStore.BLL.Services.GameStoreService|Getting all Games. Returned 86  Games.
80000045-0001-f800-b63f-84710c7967bb|2016-12-01 13:15:40.1388|DEBUG|GameStore.BLL.Services.GameStoreService|Getting all Genres. Returned 24  Genres.
80000045-0001-f800-b63f-84710c7967bb|2016-12-01 13:15:40.1789|DEBUG|GameStore.BLL.Services.GameStoreService|Getting all PlatformTypes. Returned 4  PlatformTypes.
80000045-0001-f800-b63f-84710c7967bb|2016-12-01 13:15:40.2039|DEBUG|GameStore.BLL.Services.GameStoreService|Getting all Publishers. Returned 30  Publishers.
80000045-0001-f800-b63f-84710c7967bb|2016-12-01 13:15:40.9224|DEBUG|GameStore.BLL.Services.GameStoreService|Getting all Games. Returned 86  Games.
80000047-0001-f800-b63f-84710c7967bb|2016-12-01 13:16:48.0268|DEBUG|GameStore.BLL.Services.GameStoreService|Getting all Genres. Returned 24  Genres.
80000047-0001-f800-b63f-84710c7967bb|2016-12-01 13:16:48.0419|DEBUG|GameStore.BLL.Services.GameStoreService|Getting all PlatformTypes. Returned 4  PlatformTypes.
80000047-0001-f800-b63f-84710c7967bb|2016-12-01 13:16:48.0479|DEBUG|GameStore.BLL.Services.GameStoreService|Getting all Publishers. Returned 30  Publishers.
80000047-0001-f800-b63f-84710c7967bb|2016-12-01 13:16:48.3110|DEBUG|GameStore.BLL.Services.GameStoreService|Getting all Games. Returned 86  Games.
80000535-0003-fd00-b63f-84710c7967bb|2016-12-01 13:18:39.2268|DEBUG|GameStore.BLL.Services.GameStoreService|Getting all Genres. Returned 24  Genres.
80000535-0003-fd00-b63f-84710c7967bb|2016-12-01 13:18:39.2499|DEBUG|GameStore.BLL.Services.GameStoreService|Getting all PlatformTypes. Returned 4  PlatformTypes.
80000535-0003-fd00-b63f-84710c7967bb|2016-12-01 13:18:39.2739|DEBUG|GameStore.BLL.Services.GameStoreService|Getting all Publishers. Returned 30  Publishers.
80000535-0003-fd00-b63f-84710c7967bb|2016-12-01 13:18:40.0614|DEBUG|GameStore.BLL.Services.GameStoreService|Getting all Games. Returned 86  Games.
80000cbb-0001-ec00-b63f-84710c7967bb|2016-12-01 13:22:45.2616|DEBUG|GameStore.BLL.Services.GameStoreService|Getting all Genres. Returned 24  Genres.
80000cbb-0001-ec00-b63f-84710c7967bb|2016-12-01 13:22:45.2876|DEBUG|GameStore.BLL.Services.GameStoreService|Getting all PlatformTypes. Returned 4  PlatformTypes.
80000cbb-0001-ec00-b63f-84710c7967bb|2016-12-01 13:22:45.3176|DEBUG|GameStore.BLL.Services.GameStoreService|Getting all Publishers. Returned 30  Publishers.
80000cbb-0001-ec00-b63f-84710c7967bb|2016-12-01 13:22:46.1372|DEBUG|GameStore.BLL.Services.GameStoreService|Getting all Games. Returned 86  Games.
80000cc2-0001-ec00-b63f-84710c7967bb|2016-12-01 13:24:13.5939|DEBUG|GameStore.BLL.Services.GameStoreService|Getting all Games. Returned 86  Games.
80000cc7-0001-ec00-b63f-84710c7967bb|2016-12-01 13:25:25.1325|DEBUG|GameStore.BLL.Services.GameStoreService|Getting all Games. Returned 86  Games.
80000ccf-0001-ec00-b63f-84710c7967bb|2016-12-01 13:27:32.8384|DEBUG|GameStore.BLL.Services.GameStoreService|Getting all Games. Returned 86  Games.
80000cd2-0001-ec00-b63f-84710c7967bb|2016-12-01 13:29:03.7545|DEBUG|GameStore.BLL.Services.GameStoreService|Getting all Games. Returned 86  Games.
80000cda-0001-ec00-b63f-84710c7967bb|2016-12-01 13:30:40.3162|DEBUG|GameStore.BLL.Services.GameStoreService|Getting all Games. Returned 86  Games.
800032a4-0000-e900-b63f-84710c7967bb|2016-12-01 13:33:15.1849|DEBUG|GameStore.BLL.Services.GameStoreService|Getting all Genres. Returned 24  Genres.
800032a4-0000-e900-b63f-84710c7967bb|2016-12-01 13:33:15.2089|DEBUG|GameStore.BLL.Services.GameStoreService|Getting all PlatformTypes. Returned 4  PlatformTypes.
800032a4-0000-e900-b63f-84710c7967bb|2016-12-01 13:33:15.2320|DEBUG|GameStore.BLL.Services.GameStoreService|Getting all Publishers. Returned 30  Publishers.
800032a4-0000-e900-b63f-84710c7967bb|2016-12-01 13:33:16.0115|DEBUG|GameStore.BLL.Services.GameStoreService|Getting all Games. Returned 86  Games.
800032ab-0000-e900-b63f-84710c7967bb|2016-12-01 13:34:47.8733|DEBUG|GameStore.BLL.Services.GameStoreService|Getting all Games. Returned 86  Games.
800032b8-0000-e900-b63f-84710c7967bb|2016-12-01 13:36:03.0009|DEBUG|GameStore.BLL.Services.GameStoreService|Getting all Games. Returned 86  Games.
80000096-0002-fb00-b63f-84710c7967bb|2016-12-01 13:41:29.4510|DEBUG|GameStore.BLL.Services.GameStoreService|Getting all Genres. Returned 24  Genres.
80000096-0002-fb00-b63f-84710c7967bb|2016-12-01 13:41:29.4771|DEBUG|GameStore.BLL.Services.GameStoreService|Getting all PlatformTypes. Returned 4  PlatformTypes.
80000096-0002-fb00-b63f-84710c7967bb|2016-12-01 13:41:29.5031|DEBUG|GameStore.BLL.Services.GameStoreService|Getting all Publishers. Returned 30  Publishers.
80000096-0002-fb00-b63f-84710c7967bb|2016-12-01 13:41:30.2846|DEBUG|GameStore.BLL.Services.GameStoreService|Getting all Games. Returned 86  Games.
80000146-0000-ec00-b63f-84710c7967bb|2016-12-01 13:42:57.0452|DEBUG|GameStore.BLL.Services.GameStoreService|Getting all Genres. Returned 24  Genres.
80000146-0000-ec00-b63f-84710c7967bb|2016-12-01 13:42:57.0703|DEBUG|GameStore.BLL.Services.GameStoreService|Getting all PlatformTypes. Returned 4  PlatformTypes.
80000146-0000-ec00-b63f-84710c7967bb|2016-12-01 13:42:57.0943|DEBUG|GameStore.BLL.Services.GameStoreService|Getting all Publishers. Returned 30  Publishers.
80000146-0000-ec00-b63f-84710c7967bb|2016-12-01 13:42:57.9009|DEBUG|GameStore.BLL.Services.GameStoreService|Getting all Games. Returned 86  Games.
800015a9-0001-f700-b63f-84710c7967bb|2016-12-01 13:44:42.4851|DEBUG|GameStore.BLL.Services.GameStoreService|Getting all Genres. Returned 24  Genres.
800015a9-0001-f700-b63f-84710c7967bb|2016-12-01 13:44:42.5405|DEBUG|GameStore.BLL.Services.GameStoreService|Getting all PlatformTypes. Returned 4  PlatformTypes.
800015a9-0001-f700-b63f-84710c7967bb|2016-12-01 13:44:42.5705|DEBUG|GameStore.BLL.Services.GameStoreService|Getting all Publishers. Returned 30  Publishers.
800015a9-0001-f700-b63f-84710c7967bb|2016-12-01 13:44:43.3796|DEBUG|GameStore.BLL.Services.GameStoreService|Getting all Games. Returned 86  Games.
80000063-0000-eb00-b63f-84710c7967bb|2016-12-01 13:45:41.6136|DEBUG|GameStore.BLL.Services.GameStoreService|Getting all Genres. Returned 24  Genres.
80000063-0000-eb00-b63f-84710c7967bb|2016-12-01 13:45:41.6576|DEBUG|GameStore.BLL.Services.GameStoreService|Getting all PlatformTypes. Returned 4  PlatformTypes.
80000063-0000-eb00-b63f-84710c7967bb|2016-12-01 13:45:41.6816|DEBUG|GameStore.BLL.Services.GameStoreService|Getting all Publishers. Returned 30  Publishers.
80000063-0000-eb00-b63f-84710c7967bb|2016-12-01 13:45:42.5442|DEBUG|GameStore.BLL.Services.GameStoreService|Getting all Games. Returned 86  Games.
80001cd1-0001-f200-b63f-84710c7967bb|2016-12-01 13:47:59.0080|DEBUG|GameStore.BLL.Services.GameStoreService|Getting all Genres. Returned 24  Genres.
80001cd1-0001-f200-b63f-84710c7967bb|2016-12-01 13:47:59.0330|DEBUG|GameStore.BLL.Services.GameStoreService|Getting all PlatformTypes. Returned 4  PlatformTypes.
80001cd1-0001-f200-b63f-84710c7967bb|2016-12-01 13:47:59.0571|DEBUG|GameStore.BLL.Services.GameStoreService|Getting all Publishers. Returned 30  Publishers.
80001cd1-0001-f200-b63f-84710c7967bb|2016-12-01 13:47:59.8706|DEBUG|GameStore.BLL.Services.GameStoreService|Getting all Games. Returned 86  Games.
80000037-0003-e800-b63f-84710c7967bb|2016-12-01 13:49:15.2410|DEBUG|GameStore.BLL.Services.GameStoreService|Getting all Genres. Returned 24  Genres.
80000037-0003-e800-b63f-84710c7967bb|2016-12-01 13:49:15.2500|DEBUG|GameStore.BLL.Services.GameStoreService|Getting all PlatformTypes. Returned 4  PlatformTypes.
80000037-0003-e800-b63f-84710c7967bb|2016-12-01 13:49:15.2500|DEBUG|GameStore.BLL.Services.GameStoreService|Getting all Publishers. Returned 30  Publishers.
80000037-0003-e800-b63f-84710c7967bb|2016-12-01 13:49:15.5252|DEBUG|GameStore.BLL.Services.GameStoreService|Getting all Games. Returned 86  Games.
800005e5-0001-ea00-b63f-84710c7967bb|2016-12-01 14:40:12.7124|DEBUG|GameStore.BLL.Services.GameStoreService|Getting all Genres. Returned 24  Genres.
800005e5-0001-ea00-b63f-84710c7967bb|2016-12-01 14:40:12.7374|DEBUG|GameStore.BLL.Services.GameStoreService|Getting all PlatformTypes. Returned 4  PlatformTypes.
800005e5-0001-ea00-b63f-84710c7967bb|2016-12-01 14:40:12.7683|DEBUG|GameStore.BLL.Services.GameStoreService|Getting all Publishers. Returned 30  Publishers.
800005e5-0001-ea00-b63f-84710c7967bb|2016-12-01 14:40:13.5975|DEBUG|GameStore.BLL.Services.GameStoreService|Getting all Games. Returned 86  Games.
800005e8-0001-ea00-b63f-84710c7967bb|2016-12-01 14:41:04.8102|DEBUG|GameStore.BLL.Services.GameStoreService|Getting all Publishers. Returned 30  Publishers.
800005e8-0001-ea00-b63f-84710c7967bb|2016-12-01 14:41:04.8304|DEBUG|GameStore.BLL.Services.GameStoreService|Getting all PlatformTypes. Returned 4  PlatformTypes.
800005e8-0001-ea00-b63f-84710c7967bb|2016-12-01 14:41:04.8674|DEBUG|GameStore.BLL.Services.GameStoreService|Getting all Genres. Returned 24  Genres.
8000055a-0000-ed00-b63f-84710c7967bb|2016-12-01 14:42:34.0509|DEBUG|GameStore.BLL.Services.GameStoreService|Getting all Genres. Returned 24  Genres.
8000055a-0000-ed00-b63f-84710c7967bb|2016-12-01 14:42:34.0789|DEBUG|GameStore.BLL.Services.GameStoreService|Getting all PlatformTypes. Returned 4  PlatformTypes.
8000055a-0000-ed00-b63f-84710c7967bb|2016-12-01 14:42:34.1107|DEBUG|GameStore.BLL.Services.GameStoreService|Getting all Publishers. Returned 30  Publishers.
8000055a-0000-ed00-b63f-84710c7967bb|2016-12-01 14:42:34.8963|DEBUG|GameStore.BLL.Services.GameStoreService|Getting all Games. Returned 86  Games.
8000055c-0000-ed00-b63f-84710c7967bb|2016-12-01 14:42:59.2089|DEBUG|GameStore.BLL.Services.GameStoreService|Getting all Publishers. Returned 30  Publishers.
8000055c-0000-ed00-b63f-84710c7967bb|2016-12-01 14:42:59.2290|DEBUG|GameStore.BLL.Services.GameStoreService|Getting all PlatformTypes. Returned 4  PlatformTypes.
8000055c-0000-ed00-b63f-84710c7967bb|2016-12-01 14:42:59.2710|DEBUG|GameStore.BLL.Services.GameStoreService|Getting all Genres. Returned 24  Genres.
8000055e-0000-ed00-b63f-84710c7967bb|2016-12-01 14:43:07.5781|DEBUG|GameStore.BLL.Services.GameStoreService|Add GameDTO with Id: 210e58d6-ff0b-432a-ba3e-6b8abcc6cef0
8000055f-0000-ed00-b63f-84710c7967bb|2016-12-01 14:43:07.8539|DEBUG|GameStore.BLL.Services.GameStoreService|Getting all Genres. Returned 24  Genres.
8000055f-0000-ed00-b63f-84710c7967bb|2016-12-01 14:43:07.8629|DEBUG|GameStore.BLL.Services.GameStoreService|Getting all PlatformTypes. Returned 4  PlatformTypes.
8000055f-0000-ed00-b63f-84710c7967bb|2016-12-01 14:43:07.8629|DEBUG|GameStore.BLL.Services.GameStoreService|Getting all Publishers. Returned 30  Publishers.
80000e98-0000-e500-b63f-84710c7967bb|2016-12-01 14:44:46.4773|DEBUG|GameStore.BLL.Services.GameStoreService|Getting all Genres. Returned 24  Genres.
80000e98-0000-e500-b63f-84710c7967bb|2016-12-01 14:44:46.5033|DEBUG|GameStore.BLL.Services.GameStoreService|Getting all PlatformTypes. Returned 4  PlatformTypes.
80000e98-0000-e500-b63f-84710c7967bb|2016-12-01 14:44:46.5284|DEBUG|GameStore.BLL.Services.GameStoreService|Getting all Publishers. Returned 30  Publishers.
80000e98-0000-e500-b63f-84710c7967bb|2016-12-01 14:44:47.2980|DEBUG|GameStore.BLL.Services.GameStoreService|Getting all Games. Returned 86  Games.
80000e9a-0000-e500-b63f-84710c7967bb|2016-12-01 14:44:49.9008|DEBUG|GameStore.BLL.Services.GameStoreService|Getting all Publishers. Returned 30  Publishers.
80000e9a-0000-e500-b63f-84710c7967bb|2016-12-01 14:44:49.9199|DEBUG|GameStore.BLL.Services.GameStoreService|Getting all PlatformTypes. Returned 4  PlatformTypes.
80000e9a-0000-e500-b63f-84710c7967bb|2016-12-01 14:44:49.9569|DEBUG|GameStore.BLL.Services.GameStoreService|Getting all Genres. Returned 24  Genres.
80000091-0003-ee00-b63f-84710c7967bb|2016-12-01 14:51:56.8334|DEBUG|GameStore.BLL.Services.GameStoreService|Getting all Genres. Returned 24  Genres.
80000091-0003-ee00-b63f-84710c7967bb|2016-12-01 14:51:56.8574|DEBUG|GameStore.BLL.Services.GameStoreService|Getting all PlatformTypes. Returned 4  PlatformTypes.
80000091-0003-ee00-b63f-84710c7967bb|2016-12-01 14:51:56.8830|DEBUG|GameStore.BLL.Services.GameStoreService|Getting all Publishers. Returned 30  Publishers.
80000091-0003-ee00-b63f-84710c7967bb|2016-12-01 14:51:57.6730|DEBUG|GameStore.BLL.Services.GameStoreService|Getting all Games. Returned 86  Games.
80000094-0003-ee00-b63f-84710c7967bb|2016-12-01 14:52:58.4189|DEBUG|GameStore.BLL.Services.GameStoreService|Getting all Publishers. Returned 30  Publishers.
80000094-0003-ee00-b63f-84710c7967bb|2016-12-01 14:52:58.4484|DEBUG|GameStore.BLL.Services.GameStoreService|Getting all PlatformTypes. Returned 4  PlatformTypes.
80000094-0003-ee00-b63f-84710c7967bb|2016-12-01 14:52:58.4819|DEBUG|GameStore.BLL.Services.GameStoreService|Getting all Genres. Returned 24  Genres.
80000094-0003-ee00-b63f-84710c7967bb|2016-12-01 14:52:58.7945|DEBUG|GameStore.BLL.Services.GameStoreService|Getting all Games. Returned 86  Games.
80000096-0003-ee00-b63f-84710c7967bb|2016-12-01 14:53:04.5923|DEBUG|GameStore.BLL.Services.GameStoreService|Add GameDTO with Id: 10993f32-7605-4c8e-bc4a-f45f2088420d
80000097-0003-ee00-b63f-84710c7967bb|2016-12-01 14:53:04.8385|DEBUG|GameStore.BLL.Services.GameStoreService|Getting all Genres. Returned 24  Genres.
80000097-0003-ee00-b63f-84710c7967bb|2016-12-01 14:53:04.8385|DEBUG|GameStore.BLL.Services.GameStoreService|Getting all PlatformTypes. Returned 4  PlatformTypes.
80000097-0003-ee00-b63f-84710c7967bb|2016-12-01 14:53:04.8565|DEBUG|GameStore.BLL.Services.GameStoreService|Getting all Publishers. Returned 30  Publishers.
8000009c-0003-ee00-b63f-84710c7967bb|2016-12-01 14:57:07.8489|DEBUG|GameStore.BLL.Services.GameStoreService|Getting all Genres. Returned 24  Genres.
8000009c-0003-ee00-b63f-84710c7967bb|2016-12-01 14:57:07.8759|DEBUG|GameStore.BLL.Services.GameStoreService|Getting all PlatformTypes. Returned 4  PlatformTypes.
8000009c-0003-ee00-b63f-84710c7967bb|2016-12-01 14:57:07.9110|DEBUG|GameStore.BLL.Services.GameStoreService|Getting all Publishers. Returned 30  Publishers.
8000009c-0003-ee00-b63f-84710c7967bb|2016-12-01 14:57:08.6734|DEBUG|GameStore.BLL.Services.GameStoreService|Getting all Games. Returned 86  Games.
8000009e-0003-ee00-b63f-84710c7967bb|2016-12-01 14:57:33.8134|DEBUG|GameStore.BLL.Services.GameStoreService|GettingGameby key=Sims3_16in1 
8000009e-0003-ee00-b63f-84710c7967bb|2016-12-01 14:57:33.8254|DEBUG|GameStore.BLL.Services.GameStoreService|Getting all Publishers. Returned 30  Publishers.
8000009e-0003-ee00-b63f-84710c7967bb|2016-12-01 14:57:33.8434|DEBUG|GameStore.BLL.Services.GameStoreService|Getting all PlatformTypes. Returned 4  PlatformTypes.
8000009e-0003-ee00-b63f-84710c7967bb|2016-12-01 14:57:33.8815|DEBUG|GameStore.BLL.Services.GameStoreService|Getting all Genres. Returned 24  Genres.
8000056c-0000-ed00-b63f-84710c7967bb|2016-12-01 15:01:09.9000|DEBUG|GameStore.BLL.Services.GameStoreService|Getting all Genres. Returned 24  Genres.
8000056c-0000-ed00-b63f-84710c7967bb|2016-12-01 15:01:09.9257|DEBUG|GameStore.BLL.Services.GameStoreService|Getting all PlatformTypes. Returned 4  PlatformTypes.
8000056c-0000-ed00-b63f-84710c7967bb|2016-12-01 15:01:09.9498|DEBUG|GameStore.BLL.Services.GameStoreService|Getting all Publishers. Returned 30  Publishers.
8000056c-0000-ed00-b63f-84710c7967bb|2016-12-01 15:01:10.7418|DEBUG|GameStore.BLL.Services.GameStoreService|Getting all Games. Returned 86  Games.
8000056e-0000-ed00-b63f-84710c7967bb|2016-12-01 15:01:16.9115|DEBUG|GameStore.BLL.Services.GameStoreService|GettingGameby key=Sims3_16in1 
8000056e-0000-ed00-b63f-84710c7967bb|2016-12-01 15:01:16.9115|DEBUG|GameStore.BLL.Services.GameStoreService|Getting all Publishers. Returned 30  Publishers.
8000056e-0000-ed00-b63f-84710c7967bb|2016-12-01 15:01:16.9380|DEBUG|GameStore.BLL.Services.GameStoreService|Getting all PlatformTypes. Returned 4  PlatformTypes.
8000056e-0000-ed00-b63f-84710c7967bb|2016-12-01 15:01:16.9721|DEBUG|GameStore.BLL.Services.GameStoreService|Getting all Genres. Returned 24  Genres.
8000000b-0000-fc00-b63f-84710c7967bb|2016-12-01 15:04:04.8551|DEBUG|GameStore.BLL.Services.GameStoreService|Getting all Genres. Returned 24  Genres.
8000000b-0000-fc00-b63f-84710c7967bb|2016-12-01 15:04:04.8781|DEBUG|GameStore.BLL.Services.GameStoreService|Getting all PlatformTypes. Returned 4  PlatformTypes.
8000000b-0000-fc00-b63f-84710c7967bb|2016-12-01 15:04:04.9011|DEBUG|GameStore.BLL.Services.GameStoreService|Getting all Publishers. Returned 30  Publishers.
8000000b-0000-fc00-b63f-84710c7967bb|2016-12-01 15:04:05.7156|DEBUG|GameStore.BLL.Services.GameStoreService|Getting all Games. Returned 86  Games.
8000000e-0000-fc00-b63f-84710c7967bb|2016-12-01 15:04:08.5430|DEBUG|GameStore.BLL.Services.GameStoreService|GettingGameby key=Sims3_16in1 
8000000e-0000-fc00-b63f-84710c7967bb|2016-12-01 15:04:08.5540|DEBUG|GameStore.BLL.Services.GameStoreService|Getting all Publishers. Returned 30  Publishers.
8000000e-0000-fc00-b63f-84710c7967bb|2016-12-01 15:04:08.5690|DEBUG|GameStore.BLL.Services.GameStoreService|Getting all PlatformTypes. Returned 4  PlatformTypes.
8000000e-0000-fc00-b63f-84710c7967bb|2016-12-01 15:04:08.6010|DEBUG|GameStore.BLL.Services.GameStoreService|Getting all Genres. Returned 24  Genres.
80000010-0000-fc00-b63f-84710c7967bb|2016-12-01 15:04:12.5692|DEBUG|GameStore.BLL.Services.GameStoreService|Edit GameDTO with Id: bb0374cc-ac78-4e3f-9dad-e696394dd78f
80000011-0000-fc00-b63f-84710c7967bb|2016-12-01 15:04:12.8114|DEBUG|GameStore.BLL.Services.GameStoreService|Getting all Genres. Returned 24  Genres.
80000011-0000-fc00-b63f-84710c7967bb|2016-12-01 15:04:12.8209|DEBUG|GameStore.BLL.Services.GameStoreService|Getting all PlatformTypes. Returned 4  PlatformTypes.
80000011-0000-fc00-b63f-84710c7967bb|2016-12-01 15:04:12.8278|DEBUG|GameStore.BLL.Services.GameStoreService|Getting all Publishers. Returned 30  Publishers.
80000013-0000-fc00-b63f-84710c7967bb|2016-12-01 15:05:45.2134|DEBUG|GameStore.BLL.Services.GameStoreService|GettingGameby key=583dc8159e6345af8e7ea635 
80000013-0000-fc00-b63f-84710c7967bb|2016-12-01 15:05:45.2214|DEBUG|GameStore.BLL.Services.GameStoreService|Getting all Publishers. Returned 30  Publishers.
80000013-0000-fc00-b63f-84710c7967bb|2016-12-01 15:05:45.2214|DEBUG|GameStore.BLL.Services.GameStoreService|Getting all PlatformTypes. Returned 4  PlatformTypes.
80000013-0000-fc00-b63f-84710c7967bb|2016-12-01 15:05:45.2660|DEBUG|GameStore.BLL.Services.GameStoreService|Getting all Genres. Returned 24  Genres.
80000013-0000-fc00-b63f-84710c7967bb|2016-12-01 15:05:45.5573|DEBUG|GameStore.BLL.Services.GameStoreService|Getting all Games. Returned 86  Games.
80000043-0001-e200-b63f-84710c7967bb|2016-12-01 15:06:47.0587|DEBUG|GameStore.BLL.Services.GameStoreService|Getting all Genres. Returned 24  Genres.
80000043-0001-e200-b63f-84710c7967bb|2016-12-01 15:06:47.0827|DEBUG|GameStore.BLL.Services.GameStoreService|Getting all PlatformTypes. Returned 4  PlatformTypes.
80000043-0001-e200-b63f-84710c7967bb|2016-12-01 15:06:47.1077|DEBUG|GameStore.BLL.Services.GameStoreService|Getting all Publishers. Returned 30  Publishers.
80000043-0001-e200-b63f-84710c7967bb|2016-12-01 15:06:47.8636|DEBUG|GameStore.BLL.Services.GameStoreService|Getting all Games. Returned 85  Games.
80000045-0001-e200-b63f-84710c7967bb|2016-12-01 15:06:56.7513|DEBUG|GameStore.BLL.Services.GameStoreService|GettingGameby key=583dc8159e6345af8e7ea638 
80000045-0001-e200-b63f-84710c7967bb|2016-12-01 15:06:56.7513|DEBUG|GameStore.BLL.Services.GameStoreService|Getting all Publishers. Returned 30  Publishers.
80000045-0001-e200-b63f-84710c7967bb|2016-12-01 15:06:56.7773|DEBUG|GameStore.BLL.Services.GameStoreService|Getting all PlatformTypes. Returned 4  PlatformTypes.
80000045-0001-e200-b63f-84710c7967bb|2016-12-01 15:06:56.8153|DEBUG|GameStore.BLL.Services.GameStoreService|Getting all Genres. Returned 24  Genres.
80000047-0001-e200-b63f-84710c7967bb|2016-12-01 15:07:05.5743|DEBUG|GameStore.BLL.Services.GameStoreService|Edit GameDTO with Id: 583dc8159e6345af8e7ea638
80000048-0001-e200-b63f-84710c7967bb|2016-12-01 15:07:05.8315|DEBUG|GameStore.BLL.Services.GameStoreService|Getting all Genres. Returned 25  Genres.
80000048-0001-e200-b63f-84710c7967bb|2016-12-01 15:07:05.8315|DEBUG|GameStore.BLL.Services.GameStoreService|Getting all PlatformTypes. Returned 4  PlatformTypes.
80000048-0001-e200-b63f-84710c7967bb|2016-12-01 15:07:05.8495|DEBUG|GameStore.BLL.Services.GameStoreService|Getting all Publishers. Returned 31  Publishers.
8000002d-0001-f600-b63f-84710c7967bb|2016-12-01 17:40:05.2140|DEBUG|GameStore.BLL.Services.GameStoreService|Getting all Genres. Returned 24  Genres.
8000002d-0001-f600-b63f-84710c7967bb|2016-12-01 17:40:05.2410|DEBUG|GameStore.BLL.Services.GameStoreService|Getting all PlatformTypes. Returned 4  PlatformTypes.
8000002d-0001-f600-b63f-84710c7967bb|2016-12-01 17:40:05.2680|DEBUG|GameStore.BLL.Services.GameStoreService|Getting all Publishers. Returned 30  Publishers.
8000002d-0001-f600-b63f-84710c7967bb|2016-12-01 17:40:06.0225|DEBUG|GameStore.BLL.Services.GameStoreService|Getting all Games. Returned 84  Games.
80000032-0001-f600-b63f-84710c7967bb|2016-12-01 17:40:14.1077|DEBUG|GameStore.BLL.Services.GameStoreService|GettingGameby id=f58b4514-cd00-4295-8cb4-f3e125c8bd3f 
80000051-0000-f000-b63f-84710c7967bb|2016-12-01 17:44:12.8848|DEBUG|GameStore.BLL.Services.GameStoreService|Getting all Genres. Returned 24  Genres.
80000051-0000-f000-b63f-84710c7967bb|2016-12-01 17:44:12.9088|DEBUG|GameStore.BLL.Services.GameStoreService|Getting all PlatformTypes. Returned 4  PlatformTypes.
80000051-0000-f000-b63f-84710c7967bb|2016-12-01 17:44:12.9348|DEBUG|GameStore.BLL.Services.GameStoreService|Getting all Publishers. Returned 30  Publishers.
80000051-0000-f000-b63f-84710c7967bb|2016-12-01 17:44:13.6973|DEBUG|GameStore.BLL.Services.GameStoreService|Getting all Games. Returned 84  Games.
80000054-0000-f000-b63f-84710c7967bb|2016-12-01 17:44:19.9275|DEBUG|GameStore.BLL.Services.GameStoreService|GettingGameby id=9f30a97c-28b1-48aa-8def-2386a517d645 
800000ff-0003-ee00-b63f-84710c7967bb|2016-12-01 17:46:20.0447|DEBUG|GameStore.BLL.Services.GameStoreService|Getting all Genres. Returned 24  Genres.
800000ff-0003-ee00-b63f-84710c7967bb|2016-12-01 17:46:20.0748|DEBUG|GameStore.BLL.Services.GameStoreService|Getting all PlatformTypes. Returned 4  PlatformTypes.
800000ff-0003-ee00-b63f-84710c7967bb|2016-12-01 17:46:20.1018|DEBUG|GameStore.BLL.Services.GameStoreService|Getting all Publishers. Returned 30  Publishers.
800000ff-0003-ee00-b63f-84710c7967bb|2016-12-01 17:46:20.6782|DEBUG|GameStore.BLL.Services.GameStoreService|Getting all Games. Returned 84  Games.
80000102-0003-ee00-b63f-84710c7967bb|2016-12-01 17:46:26.3562|DEBUG|GameStore.BLL.Services.GameStoreService|GettingGameby id=6defd900-7487-4630-9e8b-bb4cd1d1f1e8 
8000029f-0002-f400-b63f-84710c7967bb|2016-12-01 17:51:30.4095|DEBUG|GameStore.BLL.Services.GameStoreService|Getting all Genres. Returned 24  Genres.
8000029f-0002-f400-b63f-84710c7967bb|2016-12-01 17:51:30.4356|DEBUG|GameStore.BLL.Services.GameStoreService|Getting all PlatformTypes. Returned 4  PlatformTypes.
8000029f-0002-f400-b63f-84710c7967bb|2016-12-01 17:51:30.4606|DEBUG|GameStore.BLL.Services.GameStoreService|Getting all Publishers. Returned 30  Publishers.
8000029f-0002-f400-b63f-84710c7967bb|2016-12-01 17:51:31.3142|DEBUG|GameStore.BLL.Services.GameStoreService|Getting all Games. Returned 84  Games.
800002a2-0002-f400-b63f-84710c7967bb|2016-12-01 17:51:36.9741|DEBUG|GameStore.BLL.Services.GameStoreService|GettingGameby id=583dc8159e6345af8e7ea639 
800002a2-0002-f400-b63f-84710c7967bb|2016-12-01 17:51:37.2403|DEBUG|GameStore.BLL.Services.GameStoreService|Add GameDTO with Id: cadc9eb4-af4a-472f-a9fa-4d8b8150cbfc
800002a2-0002-f400-b63f-84710c7967bb|2016-12-01 17:51:37.2843|DEBUG|GameStore.BLL.Services.GameStoreService|GettingGameby id=cadc9eb4-af4a-472f-a9fa-4d8b8150cbfc 
80000395-0000-fb00-b63f-84710c7967bb|2016-12-01 17:52:45.8514|DEBUG|GameStore.BLL.Services.GameStoreService|Getting all Genres. Returned 24  Genres.
80000395-0000-fb00-b63f-84710c7967bb|2016-12-01 17:52:45.8765|DEBUG|GameStore.BLL.Services.GameStoreService|Getting all PlatformTypes. Returned 4  PlatformTypes.
80000395-0000-fb00-b63f-84710c7967bb|2016-12-01 17:52:45.9105|DEBUG|GameStore.BLL.Services.GameStoreService|Getting all Publishers. Returned 30  Publishers.
80000395-0000-fb00-b63f-84710c7967bb|2016-12-01 17:52:46.6490|DEBUG|GameStore.BLL.Services.GameStoreService|Getting all Games. Returned 83  Games.
80000398-0000-fb00-b63f-84710c7967bb|2016-12-01 17:52:52.5252|DEBUG|GameStore.BLL.Services.GameStoreService|GettingGameby id=583dc8159e6345af8e7ea63a 
80000398-0000-fb00-b63f-84710c7967bb|2016-12-01 17:52:52.7893|DEBUG|GameStore.BLL.Services.GameStoreService|Add GameDTO with Id: 0a743085-95d4-4d0d-85d6-45ed75806c8a
80000398-0000-fb00-b63f-84710c7967bb|2016-12-01 17:52:52.8314|DEBUG|GameStore.BLL.Services.GameStoreService|GettingGameby id=0a743085-95d4-4d0d-85d6-45ed75806c8a 
80001d59-0001-f200-b63f-84710c7967bb|2016-12-01 19:32:51.5614|DEBUG|GameStore.BLL.Services.GameStoreService|Getting all Genres. Returned 24  Genres.
80001d59-0001-f200-b63f-84710c7967bb|2016-12-01 19:32:51.5854|DEBUG|GameStore.BLL.Services.GameStoreService|Getting all PlatformTypes. Returned 4  PlatformTypes.
80001d59-0001-f200-b63f-84710c7967bb|2016-12-01 19:32:51.6094|DEBUG|GameStore.BLL.Services.GameStoreService|Getting all Publishers. Returned 30  Publishers.
80001d59-0001-f200-b63f-84710c7967bb|2016-12-01 19:32:52.3299|DEBUG|GameStore.BLL.Services.GameStoreService|Getting all Games. Returned 82  Games.
80001d5e-0001-f200-b63f-84710c7967bb|2016-12-01 19:32:56.8582|DEBUG|GameStore.BLL.Services.GameStoreService|GettingGameby id=583dc8159e6345af8e7ea63b 
80001d5e-0001-f200-b63f-84710c7967bb|2016-12-01 19:32:57.1054|DEBUG|GameStore.BLL.Services.GameStoreService|Add GameDTO with Id: 483cdefb-55bc-40ba-9e10-a267e8382230
80001d5e-0001-f200-b63f-84710c7967bb|2016-12-01 19:32:57.1474|DEBUG|GameStore.BLL.Services.GameStoreService|GettingGameby id=483cdefb-55bc-40ba-9e10-a267e8382230 
80000043-0000-f600-b63f-84710c7967bb|2016-12-01 19:34:50.6012|DEBUG|GameStore.BLL.Services.GameStoreService|Getting all Genres. Returned 24  Genres.
80000043-0000-f600-b63f-84710c7967bb|2016-12-01 19:34:50.6452|DEBUG|GameStore.BLL.Services.GameStoreService|Getting all PlatformTypes. Returned 4  PlatformTypes.
80000043-0000-f600-b63f-84710c7967bb|2016-12-01 19:34:50.6712|DEBUG|GameStore.BLL.Services.GameStoreService|Getting all Publishers. Returned 30  Publishers.
80000043-0000-f600-b63f-84710c7967bb|2016-12-01 19:34:51.4196|DEBUG|GameStore.BLL.Services.GameStoreService|Getting all Games. Returned 81  Games.
80000046-0000-f600-b63f-84710c7967bb|2016-12-01 19:34:56.0370|DEBUG|GameStore.BLL.Services.GameStoreService|GettingGameby id=583dc8159e6345af8e7ea63d 
80000046-0000-f600-b63f-84710c7967bb|2016-12-01 19:34:56.2792|DEBUG|GameStore.BLL.Services.GameStoreService|Add GameDTO with Id: 72bb8b89-9f89-4b6c-a559-d8203922980a
80000046-0000-f600-b63f-84710c7967bb|2016-12-01 19:34:56.3202|DEBUG|GameStore.BLL.Services.GameStoreService|GettingGameby id=72bb8b89-9f89-4b6c-a559-d8203922980a 
80000345-0001-ed00-b63f-84710c7967bb|2016-12-01 19:38:59.2820|DEBUG|GameStore.BLL.Services.GameStoreService|Getting all Genres. Returned 24  Genres.
80000345-0001-ed00-b63f-84710c7967bb|2016-12-01 19:38:59.3110|DEBUG|GameStore.BLL.Services.GameStoreService|Getting all PlatformTypes. Returned 4  PlatformTypes.
80000345-0001-ed00-b63f-84710c7967bb|2016-12-01 19:38:59.3351|DEBUG|GameStore.BLL.Services.GameStoreService|Getting all Publishers. Returned 30  Publishers.
80000345-0001-ed00-b63f-84710c7967bb|2016-12-01 19:39:00.0776|DEBUG|GameStore.BLL.Services.GameStoreService|Getting all Games. Returned 80  Games.
80000348-0001-ed00-b63f-84710c7967bb|2016-12-01 19:39:05.1798|DEBUG|GameStore.BLL.Services.GameStoreService|GettingGameby id=583dc8159e6345af8e7ea63c 
80000348-0001-ed00-b63f-84710c7967bb|2016-12-01 19:39:05.4469|DEBUG|GameStore.BLL.Services.GameStoreService|Add GameDTO with Id: 3cfbcd6f-7d07-46cc-8f48-d156fd54eeb2
80000348-0001-ed00-b63f-84710c7967bb|2016-12-01 19:39:05.4910|DEBUG|GameStore.BLL.Services.GameStoreService|GettingGameby id=3cfbcd6f-7d07-46cc-8f48-d156fd54eeb2 
800002c3-0002-ec00-b63f-84710c7967bb|2016-12-01 19:39:11.5842|DEBUG|GameStore.BLL.Services.GameStoreService|GettingGameby id=583dc8159e6345af8e7ea63c 
80000980-0001-fd00-b63f-84710c7967bb|2016-12-01 19:40:58.3844|DEBUG|GameStore.BLL.Services.GameStoreService|Getting all Genres. Returned 24  Genres.
80000980-0001-fd00-b63f-84710c7967bb|2016-12-01 19:40:58.4104|DEBUG|GameStore.BLL.Services.GameStoreService|Getting all PlatformTypes. Returned 4  PlatformTypes.
80000980-0001-fd00-b63f-84710c7967bb|2016-12-01 19:40:58.5705|DEBUG|GameStore.BLL.Services.GameStoreService|Getting all Publishers. Returned 30  Publishers.
80000980-0001-fd00-b63f-84710c7967bb|2016-12-01 19:40:59.4155|DEBUG|GameStore.BLL.Services.GameStoreService|Getting all Games. Returned 89  Games.
800003a8-0003-f000-b63f-84710c7967bb|2016-12-01 19:41:30.3016|DEBUG|GameStore.BLL.Services.GameStoreService|Getting all Genres. Returned 24  Genres.
800003a8-0003-f000-b63f-84710c7967bb|2016-12-01 19:41:30.3266|DEBUG|GameStore.BLL.Services.GameStoreService|Getting all PlatformTypes. Returned 4  PlatformTypes.
800003a8-0003-f000-b63f-84710c7967bb|2016-12-01 19:41:30.3536|DEBUG|GameStore.BLL.Services.GameStoreService|Getting all Publishers. Returned 30  Publishers.
800003a8-0003-f000-b63f-84710c7967bb|2016-12-01 19:41:30.9300|DEBUG|GameStore.BLL.Services.GameStoreService|Getting all Games. Returned 89  Games.
800003ab-0003-f000-b63f-84710c7967bb|2016-12-01 19:41:36.9952|DEBUG|GameStore.BLL.Services.GameStoreService|GettingGameby id=5840609dd0c40ef0df844488 
800003ab-0003-f000-b63f-84710c7967bb|2016-12-01 19:41:37.2793|DEBUG|GameStore.BLL.Services.GameStoreService|Add GameDTO with Id: 51f86636-fb7e-4df3-9574-9618be9be8e6
800003ab-0003-f000-b63f-84710c7967bb|2016-12-01 19:41:37.3214|DEBUG|GameStore.BLL.Services.GameStoreService|GettingGameby id=51f86636-fb7e-4df3-9574-9618be9be8e6 
800002c4-0002-f500-b63f-84710c7967bb|2016-12-01 19:42:23.5890|DEBUG|GameStore.BLL.Services.GameStoreService|GettingGameby id=5840609dd0c40ef0df844488 
800004ba-0000-fd00-b63f-84710c7967bb|2016-12-01 19:59:26.7824|DEBUG|GameStore.BLL.Services.GameStoreService|Getting all Genres. Returned 24  Genres.
800004ba-0000-fd00-b63f-84710c7967bb|2016-12-01 19:59:26.8074|DEBUG|GameStore.BLL.Services.GameStoreService|Getting all PlatformTypes. Returned 4  PlatformTypes.
800004ba-0000-fd00-b63f-84710c7967bb|2016-12-01 19:59:26.8304|DEBUG|GameStore.BLL.Services.GameStoreService|Getting all Publishers. Returned 30  Publishers.
800004ba-0000-fd00-b63f-84710c7967bb|2016-12-01 19:59:27.5649|DEBUG|GameStore.BLL.Services.GameStoreService|Getting all Games. Returned 88  Games.
800004bd-0000-fd00-b63f-84710c7967bb|2016-12-01 19:59:48.1433|DEBUG|GameStore.BLL.Services.GameStoreService|GettingGameby id=5840609dd0c40ef0df844489 
800004bd-0000-fd00-b63f-84710c7967bb|2016-12-01 19:59:48.4295|DEBUG|GameStore.BLL.Services.GameStoreService|Add GameDTO with Id: a808d11e-4cde-4cba-9cd3-85999b26c1df
800004bd-0000-fd00-b63f-84710c7967bb|2016-12-01 19:59:48.4736|DEBUG|GameStore.BLL.Services.GameStoreService|GettingGameby id=a808d11e-4cde-4cba-9cd3-85999b26c1df 
8000009e-0001-f400-b63f-84710c7967bb|2016-12-01 20:06:26.3890|DEBUG|GameStore.BLL.Services.GameStoreService|Getting all Genres. Returned 24  Genres.
8000009e-0001-f400-b63f-84710c7967bb|2016-12-01 20:06:26.4140|DEBUG|GameStore.BLL.Services.GameStoreService|Getting all PlatformTypes. Returned 4  PlatformTypes.
8000009e-0001-f400-b63f-84710c7967bb|2016-12-01 20:06:26.4380|DEBUG|GameStore.BLL.Services.GameStoreService|Getting all Publishers. Returned 30  Publishers.
8000009e-0001-f400-b63f-84710c7967bb|2016-12-01 20:06:27.2616|DEBUG|GameStore.BLL.Services.GameStoreService|Getting all Games. Returned 87  Games.
800000a1-0001-f400-b63f-84710c7967bb|2016-12-01 20:07:08.6321|DEBUG|GameStore.BLL.Services.GameStoreService|GettingGameby id=5840609dd0c40ef0df84448a 
800000a1-0001-f400-b63f-84710c7967bb|2016-12-01 20:07:08.9243|DEBUG|GameStore.BLL.Services.GameStoreService|Add GameDTO with Id: 1c78a771-aa38-4ba4-b06b-a3c3adb0dce5
800000a1-0001-f400-b63f-84710c7967bb|2016-12-01 20:07:08.9694|DEBUG|GameStore.BLL.Services.GameStoreService|GettingGameby id=1c78a771-aa38-4ba4-b06b-a3c3adb0dce5 
80002520-0001-f200-b63f-84710c7967bb|2016-12-01 20:09:39.6944|DEBUG|GameStore.BLL.Services.GameStoreService|Getting all Genres. Returned 24  Genres.
80002520-0001-f200-b63f-84710c7967bb|2016-12-01 20:09:39.7235|DEBUG|GameStore.BLL.Services.GameStoreService|Getting all PlatformTypes. Returned 4  PlatformTypes.
80002520-0001-f200-b63f-84710c7967bb|2016-12-01 20:09:39.7465|DEBUG|GameStore.BLL.Services.GameStoreService|Getting all Publishers. Returned 30  Publishers.
80002520-0001-f200-b63f-84710c7967bb|2016-12-01 20:09:40.5200|DEBUG|GameStore.BLL.Services.GameStoreService|Getting all Games. Returned 86  Games.
80002523-0001-f200-b63f-84710c7967bb|2016-12-01 20:09:46.8689|DEBUG|GameStore.BLL.Services.GameStoreService|GettingGameby id=5840609dd0c40ef0df84448c 
80002523-0001-f200-b63f-84710c7967bb|2016-12-01 20:09:47.1331|DEBUG|GameStore.BLL.Services.GameStoreService|Add GameDTO with Id: 21f03a52-36f4-4d73-9688-e7ea510ccef3
80002523-0001-f200-b63f-84710c7967bb|2016-12-01 20:09:47.1771|DEBUG|GameStore.BLL.Services.GameStoreService|GettingGameby id=21f03a52-36f4-4d73-9688-e7ea510ccef3 
800002ff-0002-ec00-b63f-84710c7967bb|2016-12-01 20:12:21.4081|DEBUG|GameStore.BLL.Services.GameStoreService|Getting all Genres. Returned 24  Genres.
800002ff-0002-ec00-b63f-84710c7967bb|2016-12-01 20:12:21.4341|DEBUG|GameStore.BLL.Services.GameStoreService|Getting all PlatformTypes. Returned 4  PlatformTypes.
800002ff-0002-ec00-b63f-84710c7967bb|2016-12-01 20:12:21.4621|DEBUG|GameStore.BLL.Services.GameStoreService|Getting all Publishers. Returned 30  Publishers.
800002ff-0002-ec00-b63f-84710c7967bb|2016-12-01 20:12:22.1767|DEBUG|GameStore.BLL.Services.GameStoreService|Getting all Games. Returned 85  Games.
80000302-0002-ec00-b63f-84710c7967bb|2016-12-01 20:12:34.9628|DEBUG|GameStore.BLL.Services.GameStoreService|GettingGameby id=5840609dd0c40ef0df84448d 
80000302-0002-ec00-b63f-84710c7967bb|2016-12-01 20:12:35.2371|DEBUG|GameStore.BLL.Services.GameStoreService|Add GameDTO with Id: 5ce39e48-98df-4201-abc6-e3b6331a0eb5
80000302-0002-ec00-b63f-84710c7967bb|2016-12-01 20:12:35.2841|DEBUG|GameStore.BLL.Services.GameStoreService|GettingGameby id=5ce39e48-98df-4201-abc6-e3b6331a0eb5 
800002a4-0002-fa00-b63f-84710c7967bb|2016-12-01 20:12:56.1500|DEBUG|GameStore.BLL.Services.OrdersService|Getting basket by Customer id= 
800002a6-0002-fa00-b63f-84710c7967bb|2016-12-01 20:13:01.3969|DEBUG|GameStore.BLL.Services.GameStoreService|Getting all Genres. Returned 25  Genres.
800002a6-0002-fa00-b63f-84710c7967bb|2016-12-01 20:13:01.4119|DEBUG|GameStore.BLL.Services.GameStoreService|Getting all PlatformTypes. Returned 4  PlatformTypes.
800002a6-0002-fa00-b63f-84710c7967bb|2016-12-01 20:13:01.4239|DEBUG|GameStore.BLL.Services.GameStoreService|Getting all Publishers. Returned 31  Publishers.
800002a9-0002-fa00-b63f-84710c7967bb|2016-12-01 20:13:06.0823|DEBUG|GameStore.BLL.Services.GameStoreService|GettingGameby id=5840609dd0c40ef0df84448f 
800002a9-0002-fa00-b63f-84710c7967bb|2016-12-01 20:13:06.2504|DEBUG|GameStore.BLL.Services.GameStoreService|Add GameDTO with Id: d8481aa3-b0ef-40cd-9f99-071fc7834e08
800002a9-0002-fa00-b63f-84710c7967bb|2016-12-01 20:13:06.2504|DEBUG|GameStore.BLL.Services.GameStoreService|GettingGameby id=d8481aa3-b0ef-40cd-9f99-071fc7834e08 
80000ad2-0000-ed00-b63f-84710c7967bb|2016-12-01 20:13:34.7536|DEBUG|GameStore.BLL.Services.GameStoreService|GettingGameby id=5840609dd0c40ef0df84448f 
8000008d-0002-fc00-b63f-84710c7967bb|2016-12-01 20:14:23.4869|DEBUG|GameStore.BLL.Services.GameStoreService|Getting all Genres. Returned 24  Genres.
8000008d-0002-fc00-b63f-84710c7967bb|2016-12-01 20:14:23.5099|DEBUG|GameStore.BLL.Services.GameStoreService|Getting all PlatformTypes. Returned 4  PlatformTypes.
8000008d-0002-fc00-b63f-84710c7967bb|2016-12-01 20:14:23.5359|DEBUG|GameStore.BLL.Services.GameStoreService|Getting all Publishers. Returned 30  Publishers.
8000008d-0002-fc00-b63f-84710c7967bb|2016-12-01 20:14:24.0883|DEBUG|GameStore.BLL.Services.GameStoreService|Getting all Games. Returned 83  Games.
80000090-0002-fc00-b63f-84710c7967bb|2016-12-01 20:14:29.1145|DEBUG|GameStore.BLL.Services.GameStoreService|GettingGameby id=935990f7-779b-4e28-97fc-6cd42247eb76 
800002f9-0000-f600-b63f-84710c7967bb|2016-12-01 20:15:53.9318|DEBUG|GameStore.BLL.Services.GameStoreService|Getting all Genres. Returned 24  Genres.
800002f9-0000-f600-b63f-84710c7967bb|2016-12-01 20:15:53.9599|DEBUG|GameStore.BLL.Services.GameStoreService|Getting all PlatformTypes. Returned 4  PlatformTypes.
800002f9-0000-f600-b63f-84710c7967bb|2016-12-01 20:15:53.9929|DEBUG|GameStore.BLL.Services.GameStoreService|Getting all Publishers. Returned 30  Publishers.
800002f9-0000-f600-b63f-84710c7967bb|2016-12-01 20:15:54.5503|DEBUG|GameStore.BLL.Services.GameStoreService|Getting all Games. Returned 83  Games.
800002fc-0000-f600-b63f-84710c7967bb|2016-12-01 20:15:59.2912|DEBUG|GameStore.BLL.Services.GameStoreService|GettingGameby id=5840609dd0c40ef0df84448e 
800002fc-0000-f600-b63f-84710c7967bb|2016-12-01 20:15:59.5604|DEBUG|GameStore.BLL.Services.GameStoreService|Add GameDTO with Id: 71dc29d7-f4b8-404a-8000-31832186e347
800002fc-0000-f600-b63f-84710c7967bb|2016-12-01 20:15:59.6014|DEBUG|GameStore.BLL.Services.GameStoreService|GettingGameby id=71dc29d7-f4b8-404a-8000-31832186e347 
80000193-0003-e800-b63f-84710c7967bb|2016-12-01 20:19:51.0607|DEBUG|GameStore.BLL.Services.GameStoreService|Getting all Genres. Returned 24  Genres.
80000193-0003-e800-b63f-84710c7967bb|2016-12-01 20:19:51.0877|DEBUG|GameStore.BLL.Services.GameStoreService|Getting all PlatformTypes. Returned 4  PlatformTypes.
80000193-0003-e800-b63f-84710c7967bb|2016-12-01 20:19:51.1127|DEBUG|GameStore.BLL.Services.GameStoreService|Getting all Publishers. Returned 30  Publishers.
80000193-0003-e800-b63f-84710c7967bb|2016-12-01 20:19:51.8202|DEBUG|GameStore.BLL.Services.GameStoreService|Getting all Games. Returned 82  Games.
80000196-0003-e800-b63f-84710c7967bb|2016-12-01 20:19:57.9979|DEBUG|GameStore.BLL.Services.GameStoreService|GettingGameby id=5840609dd0c40ef0df844490 
80000196-0003-e800-b63f-84710c7967bb|2016-12-01 20:19:58.2731|DEBUG|GameStore.BLL.Services.GameStoreService|Add GameDTO with Id: a44234ae-df6a-40ca-b3d3-c03194cd5d09
80000196-0003-e800-b63f-84710c7967bb|2016-12-01 20:19:58.3141|DEBUG|GameStore.BLL.Services.GameStoreService|GettingGameby id=a44234ae-df6a-40ca-b3d3-c03194cd5d09 
800006f3-0000-fc00-b63f-84710c7967bb|2016-12-01 20:33:25.0364|DEBUG|GameStore.BLL.Services.GameStoreService|Getting all Genres. Returned 24  Genres.
800006f3-0000-fc00-b63f-84710c7967bb|2016-12-01 20:33:25.0604|DEBUG|GameStore.BLL.Services.GameStoreService|Getting all PlatformTypes. Returned 4  PlatformTypes.
800006f3-0000-fc00-b63f-84710c7967bb|2016-12-01 20:33:25.0915|DEBUG|GameStore.BLL.Services.GameStoreService|Getting all Publishers. Returned 30  Publishers.
800006f3-0000-fc00-b63f-84710c7967bb|2016-12-01 20:33:25.8140|DEBUG|GameStore.BLL.Services.GameStoreService|Getting all Games. Returned 81  Games.
800001a1-0003-e800-b63f-84710c7967bb|2016-12-01 20:33:30.5733|DEBUG|GameStore.BLL.Services.GameStoreService|GettingGameby id=5840609dd0c40ef0df844491 
800001a1-0003-e800-b63f-84710c7967bb|2016-12-01 20:33:30.8275|DEBUG|GameStore.BLL.Services.GameStoreService|Add GameDTO with Id: 8fbfedb7-7625-40ed-8c4a-5980e871fb03
800001a1-0003-e800-b63f-84710c7967bb|2016-12-01 20:33:30.8715|DEBUG|GameStore.BLL.Services.GameStoreService|GettingGameby id=8fbfedb7-7625-40ed-8c4a-5980e871fb03 
800000dd-0000-f300-b63f-84710c7967bb|2016-12-01 20:35:19.6907|DEBUG|GameStore.BLL.Services.GameStoreService|Getting all Genres. Returned 24  Genres.
800000dd-0000-f300-b63f-84710c7967bb|2016-12-01 20:35:19.7217|DEBUG|GameStore.BLL.Services.GameStoreService|Getting all PlatformTypes. Returned 4  PlatformTypes.
800000dd-0000-f300-b63f-84710c7967bb|2016-12-01 20:35:19.7457|DEBUG|GameStore.BLL.Services.GameStoreService|Getting all Publishers. Returned 30  Publishers.
800000dd-0000-f300-b63f-84710c7967bb|2016-12-01 20:35:20.3551|DEBUG|GameStore.BLL.Services.GameStoreService|Getting all Games. Returned 80  Games.
800000e0-0000-f300-b63f-84710c7967bb|2016-12-01 20:35:27.3133|DEBUG|GameStore.BLL.Services.GameStoreService|GettingGameby id=f27f5eac-3680-441a-a8c1-22b581320205 
80002544-0001-f200-b63f-84710c7967bb|2016-12-01 20:38:19.1051|DEBUG|GameStore.BLL.Services.GameStoreService|Getting all Genres. Returned 24  Genres.
80002544-0001-f200-b63f-84710c7967bb|2016-12-01 20:38:19.1341|DEBUG|GameStore.BLL.Services.GameStoreService|Getting all PlatformTypes. Returned 4  PlatformTypes.
80002544-0001-f200-b63f-84710c7967bb|2016-12-01 20:38:19.1631|DEBUG|GameStore.BLL.Services.GameStoreService|Getting all Publishers. Returned 30  Publishers.
80002544-0001-f200-b63f-84710c7967bb|2016-12-01 20:38:19.8776|DEBUG|GameStore.BLL.Services.GameStoreService|Getting all Games. Returned 80  Games.
80002547-0001-f200-b63f-84710c7967bb|2016-12-01 20:38:27.0526|DEBUG|GameStore.BLL.Services.GameStoreService|GettingGameby id=f5700601-6064-44eb-941d-00eace2165e4 
80002547-0001-f200-b63f-84710c7967bb|2016-12-01 20:38:31.6736|DEBUG|GameStore.BLL.Services.OrdersService|Adding product with Game f5700601-6064-44eb-941d-00eace2165e4 to the busket of Customer  
80002548-0001-f200-b63f-84710c7967bb|2016-12-01 20:38:38.2149|DEBUG|GameStore.BLL.Services.OrdersService|Getting basket by Customer id= 
8000254a-0001-f200-b63f-84710c7967bb|2016-12-01 20:38:41.7674|DEBUG|GameStore.BLL.Services.GameStoreService|Getting all Genres. Returned 24  Genres.
8000254a-0001-f200-b63f-84710c7967bb|2016-12-01 20:38:41.7674|DEBUG|GameStore.BLL.Services.GameStoreService|Getting all PlatformTypes. Returned 4  PlatformTypes.
8000254a-0001-f200-b63f-84710c7967bb|2016-12-01 20:38:41.7845|DEBUG|GameStore.BLL.Services.GameStoreService|Getting all Publishers. Returned 30  Publishers.
8000254d-0001-f200-b63f-84710c7967bb|2016-12-01 20:38:46.3226|DEBUG|GameStore.BLL.Services.GameStoreService|GettingGameby id=5840609dd0c40ef0df84448b 
8000254d-0001-f200-b63f-84710c7967bb|2016-12-01 20:38:46.5238|DEBUG|GameStore.BLL.Services.GameStoreService|Add GameDTO with Id: 1fed34d1-bde6-46ed-9c34-9c15c56164ad
8000254d-0001-f200-b63f-84710c7967bb|2016-12-01 20:38:46.5398|DEBUG|GameStore.BLL.Services.GameStoreService|GettingGameby id=1fed34d1-bde6-46ed-9c34-9c15c56164ad 
8000254d-0001-f200-b63f-84710c7967bb|2016-12-01 20:38:52.9142|DEBUG|GameStore.BLL.Services.OrdersService|Adding product with Game 1fed34d1-bde6-46ed-9c34-9c15c56164ad to the busket of Customer  
8000254e-0001-f200-b63f-84710c7967bb|2016-12-01 20:38:56.2848|DEBUG|GameStore.BLL.Services.OrdersService|Getting basket by Customer id= 
80002550-0001-f200-b63f-84710c7967bb|2016-12-01 20:38:59.9372|DEBUG|GameStore.BLL.Services.GameStoreService|Getting all Genres. Returned 25  Genres.
80002550-0001-f200-b63f-84710c7967bb|2016-12-01 20:38:59.9372|DEBUG|GameStore.BLL.Services.GameStoreService|Getting all PlatformTypes. Returned 4  PlatformTypes.
80002550-0001-f200-b63f-84710c7967bb|2016-12-01 20:38:59.9542|DEBUG|GameStore.BLL.Services.GameStoreService|Getting all Publishers. Returned 31  Publishers.
80002552-0001-f200-b63f-84710c7967bb|2016-12-01 20:39:02.9517|DEBUG|GameStore.BLL.Services.OrdersService|Getting basket by Customer id= 
80002554-0001-f200-b63f-84710c7967bb|2016-12-01 20:39:21.8332|DEBUG|GameStore.BLL.Services.GameStoreService|Getting all Genres. Returned 25  Genres.
80002554-0001-f200-b63f-84710c7967bb|2016-12-01 20:39:21.8442|DEBUG|GameStore.BLL.Services.GameStoreService|Getting all PlatformTypes. Returned 4  PlatformTypes.
80002554-0001-f200-b63f-84710c7967bb|2016-12-01 20:39:21.8442|DEBUG|GameStore.BLL.Services.GameStoreService|Getting all Publishers. Returned 31  Publishers.
80002554-0001-f200-b63f-84710c7967bb|2016-12-01 20:39:22.0623|DEBUG|GameStore.BLL.Services.GameStoreService|Getting all Games. Returned 80  Games.
80002557-0001-f200-b63f-84710c7967bb|2016-12-01 20:39:25.8062|DEBUG|GameStore.BLL.Services.GameStoreService|GettingGameby id=f5700601-6064-44eb-941d-00eace2165e4 
