80000009-0000-e600-b63f-84710c7967bb|2016-12-01 12:13:17.7528|DEBUG|ips|Client info: IP = ::1; URI = http://localhost:65078/
80000009-0000-e600-b63f-84710c7967bb|2016-12-01 12:13:34.4118|DEBUG|ips|Client info: IP = ::1; URI = http://localhost:65078/
80000009-0000-e600-b63f-84710c7967bb|2016-12-01 12:13:35.0467|DEBUG|ips|Client info: IP = ::1; URI = http://localhost:65078/
80000004-0001-f300-b63f-84710c7967bb|2016-12-01 12:20:22.6211|DEBUG|ips|Client info: IP = ::1; URI = http://localhost:65078/Orders/History
80000004-0001-f300-b63f-84710c7967bb|2016-12-01 12:20:31.2056|DEBUG|ips|Client info: IP = ::1; URI = http://localhost:65078/Orders/History
80000004-0001-f300-b63f-84710c7967bb|2016-12-01 12:20:31.2376|DEBUG|ips|Client info: IP = ::1; URI = http://localhost:65078/Orders/History
80000004-0003-f100-b63f-84710c7967bb|2016-12-01 12:24:46.2626|DEBUG|ips|Client info: IP = ::1; URI = http://localhost:65078/orders/history?DateFrom=01%2F01%2F2015+00%3A00%3A00&DateTo=01%2F01%2F2018+00%3A00%3A00
80000004-0003-f100-b63f-84710c7967bb|2016-12-01 12:24:51.2940|DEBUG|ips|Client info: IP = ::1; URI = http://localhost:65078/orders/history?DateFrom=01%2F01%2F2015+00%3A00%3A00&DateTo=01%2F01%2F2018+00%3A00%3A00
80000004-0003-f100-b63f-84710c7967bb|2016-12-01 12:24:51.3090|DEBUG|ips|Client info: IP = ::1; URI = http://localhost:65078/orders/history?DateFrom=01%2F01%2F2015+00%3A00%3A00&DateTo=01%2F01%2F2018+00%3A00%3A00
80000006-0003-f100-b63f-84710c7967bb|2016-12-01 12:25:07.5238|DEBUG|ips|Client info: IP = ::1; URI = http://localhost:65078/orders/history?DateFrom=01%2F01%2F2015+00%3A00%3A00&DateTo=01%2F01%2F2016+00%3A00%3A00
80000006-0003-f100-b63f-84710c7967bb|2016-12-01 12:25:12.2221|DEBUG|ips|Client info: IP = ::1; URI = http://localhost:65078/orders/history?DateFrom=01%2F01%2F2015+00%3A00%3A00&DateTo=01%2F01%2F2016+00%3A00%3A00
80000006-0003-f100-b63f-84710c7967bb|2016-12-01 12:25:12.2221|DEBUG|ips|Client info: IP = ::1; URI = http://localhost:65078/orders/history?DateFrom=01%2F01%2F2015+00%3A00%3A00&DateTo=01%2F01%2F2016+00%3A00%3A00
80000017-0001-f900-b63f-84710c7967bb|2016-12-01 12:58:54.3348|DEBUG|ips|Client info: IP = ::1; URI = http://localhost:65078/Orders/History
80000017-0001-f900-b63f-84710c7967bb|2016-12-01 12:59:13.4410|DEBUG|ips|Client info: IP = ::1; URI = http://localhost:65078/Orders/History
80000017-0001-f900-b63f-84710c7967bb|2016-12-01 12:59:13.8913|DEBUG|ips|Client info: IP = ::1; URI = http://localhost:65078/Orders/History
8000000f-0000-eb00-b63f-84710c7967bb|2016-12-01 13:04:04.8249|DEBUG|ips|Client info: IP = ::1; URI = http://localhost:65078/
8000000f-0000-eb00-b63f-84710c7967bb|2016-12-01 13:04:09.1591|DEBUG|ips|Client info: IP = ::1; URI = http://localhost:65078/
8000000f-0000-eb00-b63f-84710c7967bb|2016-12-01 13:04:09.7225|DEBUG|ips|Client info: IP = ::1; URI = http://localhost:65078/
80000034-0001-f400-b63f-84710c7967bb|2016-12-01 13:05:21.4338|DEBUG|ips|Client info: IP = ::1; URI = http://localhost:65078/
80000034-0001-f400-b63f-84710c7967bb|2016-12-01 13:05:25.7772|DEBUG|ips|Client info: IP = ::1; URI = http://localhost:65078/
80000034-0001-f400-b63f-84710c7967bb|2016-12-01 13:05:26.3427|DEBUG|ips|Client info: IP = ::1; URI = http://localhost:65078/
8000002e-0001-f500-b63f-84710c7967bb|2016-12-01 13:11:21.3771|DEBUG|ips|Client info: IP = ::1; URI = http://localhost:65078/
8000002e-0001-f500-b63f-84710c7967bb|2016-12-01 13:11:25.6131|DEBUG|ips|Client info: IP = ::1; URI = http://localhost:65078/
8000002e-0001-f500-b63f-84710c7967bb|2016-12-01 13:11:26.2326|DEBUG|ips|Client info: IP = ::1; URI = http://localhost:65078/
80000017-0000-f900-b63f-84710c7967bb|2016-12-01 13:12:24.6324|DEBUG|ips|Client info: IP = ::1; URI = http://localhost:65078/
80000017-0000-f900-b63f-84710c7967bb|2016-12-01 13:12:28.9236|DEBUG|ips|Client info: IP = ::1; URI = http://localhost:65078/
80000017-0000-f900-b63f-84710c7967bb|2016-12-01 13:12:29.4880|DEBUG|ips|Client info: IP = ::1; URI = http://localhost:65078/
80000015-0001-ed00-b63f-84710c7967bb|2016-12-01 13:13:19.0774|DEBUG|ips|Client info: IP = ::1; URI = http://localhost:65078/
80000015-0001-ed00-b63f-84710c7967bb|2016-12-01 13:13:24.6987|DEBUG|ips|Client info: IP = ::1; URI = http://localhost:65078/
80000015-0001-ed00-b63f-84710c7967bb|2016-12-01 13:13:25.3032|DEBUG|ips|Client info: IP = ::1; URI = http://localhost:65078/
80000045-0001-f800-b63f-84710c7967bb|2016-12-01 13:15:35.9555|DEBUG|ips|Client info: IP = ::1; URI = http://localhost:65078/
80000045-0001-f800-b63f-84710c7967bb|2016-12-01 13:15:40.0828|DEBUG|ips|Client info: IP = ::1; URI = http://localhost:65078/
80000045-0001-f800-b63f-84710c7967bb|2016-12-01 13:15:40.6522|DEBUG|ips|Client info: IP = ::1; URI = http://localhost:65078/
80000047-0001-f800-b63f-84710c7967bb|2016-12-01 13:16:47.7577|DEBUG|ips|Client info: IP = ::1; URI = http://localhost:65078/
80000047-0001-f800-b63f-84710c7967bb|2016-12-01 13:16:47.9898|DEBUG|ips|Client info: IP = ::1; URI = http://localhost:65078/
80000047-0001-f800-b63f-84710c7967bb|2016-12-01 13:16:48.0689|DEBUG|ips|Client info: IP = ::1; URI = http://localhost:65078/
80000535-0003-fd00-b63f-84710c7967bb|2016-12-01 13:18:33.3467|DEBUG|ips|Client info: IP = ::1; URI = http://localhost:65078/
80000535-0003-fd00-b63f-84710c7967bb|2016-12-01 13:18:39.1618|DEBUG|ips|Client info: IP = ::1; URI = http://localhost:65078/
80000535-0003-fd00-b63f-84710c7967bb|2016-12-01 13:18:39.7772|DEBUG|ips|Client info: IP = ::1; URI = http://localhost:65078/
80000537-0003-fd00-b63f-84710c7967bb|2016-12-01 13:19:01.2586|DEBUG|ips|Client info: IP = ::1; URI = http://localhost:65078/Orders/History
80000537-0003-fd00-b63f-84710c7967bb|2016-12-01 13:19:09.3849|DEBUG|ips|Client info: IP = ::1; URI = http://localhost:65078/Orders/History
80000537-0003-fd00-b63f-84710c7967bb|2016-12-01 13:19:09.4159|DEBUG|ips|Client info: IP = ::1; URI = http://localhost:65078/Orders/History
80000cbb-0001-ec00-b63f-84710c7967bb|2016-12-01 13:22:40.9363|DEBUG|ips|Client info: IP = ::1; URI = http://localhost:65078/
80000cbb-0001-ec00-b63f-84710c7967bb|2016-12-01 13:22:45.1956|DEBUG|ips|Client info: IP = ::1; URI = http://localhost:65078/
80000cbb-0001-ec00-b63f-84710c7967bb|2016-12-01 13:22:45.8530|DEBUG|ips|Client info: IP = ::1; URI = http://localhost:65078/
80000cbe-0001-ec00-b63f-84710c7967bb|2016-12-01 13:22:59.1813|DEBUG|ips|Client info: IP = ::1; URI = http://localhost:65078/orders/history
80000cbe-0001-ec00-b63f-84710c7967bb|2016-12-01 13:23:07.2897|DEBUG|ips|Client info: IP = ::1; URI = http://localhost:65078/orders/history
80000cbe-0001-ec00-b63f-84710c7967bb|2016-12-01 13:23:07.3197|DEBUG|ips|Client info: IP = ::1; URI = http://localhost:65078/orders/history
80000cc2-0001-ec00-b63f-84710c7967bb|2016-12-01 13:24:07.7938|DEBUG|ips|Client info: IP = ::1; URI = http://localhost:65078/orders/history
80000cc2-0001-ec00-b63f-84710c7967bb|2016-12-01 13:24:13.3168|DEBUG|ips|Client info: IP = ::1; URI = http://localhost:65078/orders/history
80000cc2-0001-ec00-b63f-84710c7967bb|2016-12-01 13:24:13.3348|DEBUG|ips|Client info: IP = ::1; URI = http://localhost:65078/orders/history
80000cc4-0001-ec00-b63f-84710c7967bb|2016-12-01 13:24:25.3590|DEBUG|ips|Client info: IP = ::1; URI = http://localhost:65078/orders/history?DateFrom=01%2F21%2F2010&DateTo=12%2F03%2F2016
80000cc4-0001-ec00-b63f-84710c7967bb|2016-12-01 13:24:29.9432|DEBUG|ips|Client info: IP = ::1; URI = http://localhost:65078/orders/history?DateFrom=01%2F21%2F2010&DateTo=12%2F03%2F2016
80000cc4-0001-ec00-b63f-84710c7967bb|2016-12-01 13:24:29.9532|DEBUG|ips|Client info: IP = ::1; URI = http://localhost:65078/orders/history?DateFrom=01%2F21%2F2010&DateTo=12%2F03%2F2016
80000cc7-0001-ec00-b63f-84710c7967bb|2016-12-01 13:25:17.4321|DEBUG|ips|Client info: IP = ::1; URI = http://localhost:65078/orders/history?DateFrom=01%2F21%2F2010&DateTo=12%2F03%2F2016
80000cc7-0001-ec00-b63f-84710c7967bb|2016-12-01 13:25:24.8644|DEBUG|ips|Client info: IP = ::1; URI = http://localhost:65078/orders/history?DateFrom=01%2F21%2F2010&DateTo=12%2F03%2F2016
80000cc7-0001-ec00-b63f-84710c7967bb|2016-12-01 13:25:24.8834|DEBUG|ips|Client info: IP = ::1; URI = http://localhost:65078/orders/history?DateFrom=01%2F21%2F2010&DateTo=12%2F03%2F2016
80000cc9-0001-ec00-b63f-84710c7967bb|2016-12-01 13:25:29.9382|DEBUG|ips|Client info: IP = ::1; URI = http://localhost:65078/orders/history
80000cc9-0001-ec00-b63f-84710c7967bb|2016-12-01 13:25:33.5645|DEBUG|ips|Client info: IP = ::1; URI = http://localhost:65078/orders/history
80000cc9-0001-ec00-b63f-84710c7967bb|2016-12-01 13:25:33.5645|DEBUG|ips|Client info: IP = ::1; URI = http://localhost:65078/orders/history
80000ccb-0001-ec00-b63f-84710c7967bb|2016-12-01 13:25:38.0175|DEBUG|ips|Client info: IP = ::1; URI = http://localhost:65078/orders/history?DateFrom=01%2F10%2F2001&DateTo=12%2F1%2F2016
80000ccb-0001-ec00-b63f-84710c7967bb|2016-12-01 13:25:40.5263|DEBUG|ips|Client info: IP = ::1; URI = http://localhost:65078/orders/history?DateFrom=01%2F10%2F2001&DateTo=12%2F1%2F2016
80000ccb-0001-ec00-b63f-84710c7967bb|2016-12-01 13:25:40.5313|DEBUG|ips|Client info: IP = ::1; URI = http://localhost:65078/orders/history?DateFrom=01%2F10%2F2001&DateTo=12%2F1%2F2016
80000ccd-0001-ec00-b63f-84710c7967bb|2016-12-01 13:26:07.7313|DEBUG|ips|Client info: IP = ::1; URI = http://localhost:65078/orders/history
80000ccd-0001-ec00-b63f-84710c7967bb|2016-12-01 13:26:13.4434|DEBUG|ips|Client info: IP = ::1; URI = http://localhost:65078/orders/history
80000ccd-0001-ec00-b63f-84710c7967bb|2016-12-01 13:26:13.4584|DEBUG|ips|Client info: IP = ::1; URI = http://localhost:65078/orders/history
80000ccf-0001-ec00-b63f-84710c7967bb|2016-12-01 13:27:25.6711|DEBUG|ips|Client info: IP = ::1; URI = http://localhost:65078/orders/history
80000ccf-0001-ec00-b63f-84710c7967bb|2016-12-01 13:27:32.5722|DEBUG|ips|Client info: IP = ::1; URI = http://localhost:65078/orders/history
80000ccf-0001-ec00-b63f-84710c7967bb|2016-12-01 13:27:32.5903|DEBUG|ips|Client info: IP = ::1; URI = http://localhost:65078/orders/history
80000cd2-0001-ec00-b63f-84710c7967bb|2016-12-01 13:28:57.2827|DEBUG|ips|Client info: IP = ::1; URI = http://localhost:65078/orders/history
80000cd2-0001-ec00-b63f-84710c7967bb|2016-12-01 13:29:03.4643|DEBUG|ips|Client info: IP = ::1; URI = http://localhost:65078/orders/history
80000cd2-0001-ec00-b63f-84710c7967bb|2016-12-01 13:29:03.4833|DEBUG|ips|Client info: IP = ::1; URI = http://localhost:65078/orders/history
80000cd5-0001-ec00-b63f-84710c7967bb|2016-12-01 13:29:09.7085|DEBUG|ips|Client info: IP = ::1; URI = http://localhost:65078/orders/history?DateFrom=09%2F23%2F2010&DateTo=12%2F1%2F2016
80000cd5-0001-ec00-b63f-84710c7967bb|2016-12-01 13:29:13.2110|DEBUG|ips|Client info: IP = ::1; URI = http://localhost:65078/orders/history?DateFrom=09%2F23%2F2010&DateTo=12%2F1%2F2016
80000cd5-0001-ec00-b63f-84710c7967bb|2016-12-01 13:29:13.2110|DEBUG|ips|Client info: IP = ::1; URI = http://localhost:65078/orders/history?DateFrom=09%2F23%2F2010&DateTo=12%2F1%2F2016
80000cd7-0001-ec00-b63f-84710c7967bb|2016-12-01 13:29:34.4900|DEBUG|ips|Client info: IP = ::1; URI = http://localhost:65078/orders/history?DateFrom=9%2F23%2F2010&DateTo=12%2F21%2F2016
80000cd7-0001-ec00-b63f-84710c7967bb|2016-12-01 13:29:36.9928|DEBUG|ips|Client info: IP = ::1; URI = http://localhost:65078/orders/history?DateFrom=9%2F23%2F2010&DateTo=12%2F21%2F2016
80000cd7-0001-ec00-b63f-84710c7967bb|2016-12-01 13:29:37.0028|DEBUG|ips|Client info: IP = ::1; URI = http://localhost:65078/orders/history?DateFrom=9%2F23%2F2010&DateTo=12%2F21%2F2016
80000cda-0001-ec00-b63f-84710c7967bb|2016-12-01 13:30:33.7332|DEBUG|ips|Client info: IP = ::1; URI = http://localhost:65078/orders/history
80000cda-0001-ec00-b63f-84710c7967bb|2016-12-01 13:30:40.0110|DEBUG|ips|Client info: IP = ::1; URI = http://localhost:65078/orders/history
80000cda-0001-ec00-b63f-84710c7967bb|2016-12-01 13:30:40.0500|DEBUG|ips|Client info: IP = ::1; URI = http://localhost:65078/orders/history
80000cdc-0001-ec00-b63f-84710c7967bb|2016-12-01 13:30:48.1418|DEBUG|ips|Client info: IP = ::1; URI = http://localhost:65078/orders/history?DateFrom=09%2F02%2F2010&DateTo=12%2F1%2F2016
80000cdc-0001-ec00-b63f-84710c7967bb|2016-12-01 13:30:51.3080|DEBUG|ips|Client info: IP = ::1; URI = http://localhost:65078/orders/history?DateFrom=09%2F02%2F2010&DateTo=12%2F1%2F2016
80000cdc-0001-ec00-b63f-84710c7967bb|2016-12-01 13:30:51.3140|DEBUG|ips|Client info: IP = ::1; URI = http://localhost:65078/orders/history?DateFrom=09%2F02%2F2010&DateTo=12%2F1%2F2016
80000cde-0001-ec00-b63f-84710c7967bb|2016-12-01 13:30:55.7243|DEBUG|ips|Client info: IP = ::1; URI = http://localhost:65078/orders/history?DateFrom=9%2F2%2F2010&DateTo=12%2F01%2F2016
80000cde-0001-ec00-b63f-84710c7967bb|2016-12-01 13:30:59.9874|DEBUG|ips|Client info: IP = ::1; URI = http://localhost:65078/orders/history?DateFrom=9%2F2%2F2010&DateTo=12%2F01%2F2016
80000cde-0001-ec00-b63f-84710c7967bb|2016-12-01 13:30:59.9874|DEBUG|ips|Client info: IP = ::1; URI = http://localhost:65078/orders/history?DateFrom=9%2F2%2F2010&DateTo=12%2F01%2F2016
80000ce1-0001-ec00-b63f-84710c7967bb|2016-12-01 13:31:03.4923|DEBUG|ips|Client info: IP = ::1; URI = http://localhost:65078/orders/history?DateFrom=9%2F2%2F2010&DateTo=12%2F02%2F2016
80000ce1-0001-ec00-b63f-84710c7967bb|2016-12-01 13:31:07.2359|DEBUG|ips|Client info: IP = ::1; URI = http://localhost:65078/orders/history?DateFrom=9%2F2%2F2010&DateTo=12%2F02%2F2016
80000ce1-0001-ec00-b63f-84710c7967bb|2016-12-01 13:31:07.2359|DEBUG|ips|Client info: IP = ::1; URI = http://localhost:65078/orders/history?DateFrom=9%2F2%2F2010&DateTo=12%2F02%2F2016
80000ce3-0001-ec00-b63f-84710c7967bb|2016-12-01 13:31:17.4233|DEBUG|ips|Client info: IP = ::1; URI = http://localhost:65078/orders/history?DateFrom=09%2F08%2F2010&DateTo=12%2F2%2F2016
80000ce3-0001-ec00-b63f-84710c7967bb|2016-12-01 13:31:20.8798|DEBUG|ips|Client info: IP = ::1; URI = http://localhost:65078/orders/history?DateFrom=09%2F08%2F2010&DateTo=12%2F2%2F2016
80000ce3-0001-ec00-b63f-84710c7967bb|2016-12-01 13:31:20.8798|DEBUG|ips|Client info: IP = ::1; URI = http://localhost:65078/orders/history?DateFrom=09%2F08%2F2010&DateTo=12%2F2%2F2016
800032a4-0000-e900-b63f-84710c7967bb|2016-12-01 13:33:11.0371|DEBUG|ips|Client info: IP = ::1; URI = http://localhost:65078/
800032a4-0000-e900-b63f-84710c7967bb|2016-12-01 13:33:15.1309|DEBUG|ips|Client info: IP = ::1; URI = http://localhost:65078/
800032a4-0000-e900-b63f-84710c7967bb|2016-12-01 13:33:15.7293|DEBUG|ips|Client info: IP = ::1; URI = http://localhost:65078/
800032a7-0000-e900-b63f-84710c7967bb|2016-12-01 13:33:22.7996|DEBUG|ips|Client info: IP = ::1; URI = http://localhost:65078/orders/history
800032a7-0000-e900-b63f-84710c7967bb|2016-12-01 13:33:28.6308|DEBUG|ips|Client info: IP = ::1; URI = http://localhost:65078/orders/history
800032a7-0000-e900-b63f-84710c7967bb|2016-12-01 13:33:28.6578|DEBUG|ips|Client info: IP = ::1; URI = http://localhost:65078/orders/history
800032a9-0000-e900-b63f-84710c7967bb|2016-12-01 13:33:53.6395|DEBUG|ips|Client info: IP = ::1; URI = http://localhost:65078/orders/history
800032a9-0000-e900-b63f-84710c7967bb|2016-12-01 13:33:59.9470|DEBUG|ips|Client info: IP = ::1; URI = http://localhost:65078/orders/history
800032a9-0000-e900-b63f-84710c7967bb|2016-12-01 13:33:59.9640|DEBUG|ips|Client info: IP = ::1; URI = http://localhost:65078/orders/history
800032ab-0000-e900-b63f-84710c7967bb|2016-12-01 13:34:41.7005|DEBUG|ips|Client info: IP = ::1; URI = http://localhost:65078/orders/history
800032ab-0000-e900-b63f-84710c7967bb|2016-12-01 13:34:47.5921|DEBUG|ips|Client info: IP = ::1; URI = http://localhost:65078/orders/history
800032ab-0000-e900-b63f-84710c7967bb|2016-12-01 13:34:47.6071|DEBUG|ips|Client info: IP = ::1; URI = http://localhost:65078/orders/history
800032ae-0000-e900-b63f-84710c7967bb|2016-12-01 13:34:52.8212|DEBUG|ips|Client info: IP = ::1; URI = http://localhost:65078/orders/history?DateFrom=09%2F22%2F2010&DateTo=12%2F1%2F2016
800032ae-0000-e900-b63f-84710c7967bb|2016-12-01 13:34:55.3460|DEBUG|ips|Client info: IP = ::1; URI = http://localhost:65078/orders/history?DateFrom=09%2F22%2F2010&DateTo=12%2F1%2F2016
800032ae-0000-e900-b63f-84710c7967bb|2016-12-01 13:34:55.3460|DEBUG|ips|Client info: IP = ::1; URI = http://localhost:65078/orders/history?DateFrom=09%2F22%2F2010&DateTo=12%2F1%2F2016
800032b0-0000-e900-b63f-84710c7967bb|2016-12-01 13:35:01.4289|DEBUG|ips|Client info: IP = ::1; URI = http://localhost:65078/orders/history?DateFrom=09%2F17%2F2010&DateTo=12%2F1%2F2016
800032b0-0000-e900-b63f-84710c7967bb|2016-12-01 13:35:04.1409|DEBUG|ips|Client info: IP = ::1; URI = http://localhost:65078/orders/history?DateFrom=09%2F17%2F2010&DateTo=12%2F1%2F2016
800032b0-0000-e900-b63f-84710c7967bb|2016-12-01 13:35:04.1409|DEBUG|ips|Client info: IP = ::1; URI = http://localhost:65078/orders/history?DateFrom=09%2F17%2F2010&DateTo=12%2F1%2F2016
800032b2-0000-e900-b63f-84710c7967bb|2016-12-01 13:35:20.5042|DEBUG|ips|Client info: IP = ::1; URI = http://localhost:65078/orders/history?DateFrom=09%2F17%2F2010&DateTo=12%2F1%2F2016
800032b2-0000-e900-b63f-84710c7967bb|2016-12-01 13:35:26.1940|DEBUG|ips|Client info: IP = ::1; URI = http://localhost:65078/orders/history?DateFrom=09%2F17%2F2010&DateTo=12%2F1%2F2016
800032b2-0000-e900-b63f-84710c7967bb|2016-12-01 13:35:26.2101|DEBUG|ips|Client info: IP = ::1; URI = http://localhost:65078/orders/history?DateFrom=09%2F17%2F2010&DateTo=12%2F1%2F2016
800032b4-0000-e900-b63f-84710c7967bb|2016-12-01 13:35:29.2661|DEBUG|ips|Client info: IP = ::1; URI = http://localhost:65078/orders/history?DateFrom=09%2F22%2F2010&DateTo=12%2F1%2F2016
800032b4-0000-e900-b63f-84710c7967bb|2016-12-01 13:35:32.0881|DEBUG|ips|Client info: IP = ::1; URI = http://localhost:65078/orders/history?DateFrom=09%2F22%2F2010&DateTo=12%2F1%2F2016
800032b4-0000-e900-b63f-84710c7967bb|2016-12-01 13:35:32.1011|DEBUG|ips|Client info: IP = ::1; URI = http://localhost:65078/orders/history?DateFrom=09%2F22%2F2010&DateTo=12%2F1%2F2016
800032b6-0000-e900-b63f-84710c7967bb|2016-12-01 13:35:41.3266|DEBUG|ips|Client info: IP = ::1; URI = http://localhost:65078/orders/history?DateFrom=9%2F22%2F2010&DateTo=12%2F15%2F2016
800032b6-0000-e900-b63f-84710c7967bb|2016-12-01 13:35:44.8541|DEBUG|ips|Client info: IP = ::1; URI = http://localhost:65078/orders/history?DateFrom=9%2F22%2F2010&DateTo=12%2F15%2F2016
800032b6-0000-e900-b63f-84710c7967bb|2016-12-01 13:35:44.8641|DEBUG|ips|Client info: IP = ::1; URI = http://localhost:65078/orders/history?DateFrom=9%2F22%2F2010&DateTo=12%2F15%2F2016
800032b8-0000-e900-b63f-84710c7967bb|2016-12-01 13:36:00.0810|DEBUG|ips|Client info: IP = ::1; URI = http://localhost:65078/orders/history
800032b8-0000-e900-b63f-84710c7967bb|2016-12-01 13:36:02.7287|DEBUG|ips|Client info: IP = ::1; URI = http://localhost:65078/orders/history
800032b8-0000-e900-b63f-84710c7967bb|2016-12-01 13:36:02.7397|DEBUG|ips|Client info: IP = ::1; URI = http://localhost:65078/orders/history
80000096-0002-fb00-b63f-84710c7967bb|2016-12-01 13:41:22.7337|DEBUG|ips|Client info: IP = ::1; URI = http://localhost:65078/
80000096-0002-fb00-b63f-84710c7967bb|2016-12-01 13:41:29.3940|DEBUG|ips|Client info: IP = ::1; URI = http://localhost:65078/
80000096-0002-fb00-b63f-84710c7967bb|2016-12-01 13:41:30.0124|DEBUG|ips|Client info: IP = ::1; URI = http://localhost:65078/
80000099-0002-fb00-b63f-84710c7967bb|2016-12-01 13:41:33.9585|DEBUG|ips|Client info: IP = ::1; URI = http://localhost:65078/orders/history
80000099-0002-fb00-b63f-84710c7967bb|2016-12-01 13:41:36.8340|DEBUG|ips|Client info: IP = ::1; URI = http://localhost:65078/orders/history
80000099-0002-fb00-b63f-84710c7967bb|2016-12-01 13:41:36.8580|DEBUG|ips|Client info: IP = ::1; URI = http://localhost:65078/orders/history
8000009c-0002-fb00-b63f-84710c7967bb|2016-12-01 13:42:11.8844|DEBUG|ips|Client info: IP = ::1; URI = http://localhost:65078/orders/history?Page=33
8000009c-0002-fb00-b63f-84710c7967bb|2016-12-01 13:42:14.9556|DEBUG|ips|Client info: IP = ::1; URI = http://localhost:65078/orders/history?Page=33
8000009c-0002-fb00-b63f-84710c7967bb|2016-12-01 13:42:14.9556|DEBUG|ips|Client info: IP = ::1; URI = http://localhost:65078/orders/history?Page=33
80000146-0000-ec00-b63f-84710c7967bb|2016-12-01 13:42:52.8305|DEBUG|ips|Client info: IP = ::1; URI = http://localhost:65078/
80000042-0002-f500-b63f-84710c7967bb|2016-12-01 13:42:52.8305|DEBUG|ips|Client info: IP = ::1; URI = http://localhost:65078/orders/history
80000146-0000-ec00-b63f-84710c7967bb|2016-12-01 13:42:56.9852|DEBUG|ips|Client info: IP = ::1; URI = http://localhost:65078/
80000146-0000-ec00-b63f-84710c7967bb|2016-12-01 13:42:57.6357|DEBUG|ips|Client info: IP = ::1; URI = http://localhost:65078/
80000042-0002-f500-b63f-84710c7967bb|2016-12-01 13:42:58.8504|DEBUG|ips|Client info: IP = ::1; URI = http://localhost:65078/orders/history
80000042-0002-f500-b63f-84710c7967bb|2016-12-01 13:42:58.8735|DEBUG|ips|Client info: IP = ::1; URI = http://localhost:65078/orders/history
80000044-0002-f500-b63f-84710c7967bb|2016-12-01 13:43:23.7018|DEBUG|ips|Client info: IP = ::1; URI = http://localhost:65078/orders/history?Page=70
80000044-0002-f500-b63f-84710c7967bb|2016-12-01 13:43:26.5108|DEBUG|ips|Client info: IP = ::1; URI = http://localhost:65078/orders/history?Page=70
80000044-0002-f500-b63f-84710c7967bb|2016-12-01 13:43:26.5198|DEBUG|ips|Client info: IP = ::1; URI = http://localhost:65078/orders/history?Page=70
80000046-0002-f500-b63f-84710c7967bb|2016-12-01 13:43:29.4150|DEBUG|ips|Client info: IP = ::1; URI = http://localhost:65078/orders/history?Page=1
80000046-0002-f500-b63f-84710c7967bb|2016-12-01 13:43:32.0028|DEBUG|ips|Client info: IP = ::1; URI = http://localhost:65078/orders/history?Page=1
80000046-0002-f500-b63f-84710c7967bb|2016-12-01 13:43:32.0028|DEBUG|ips|Client info: IP = ::1; URI = http://localhost:65078/orders/history?Page=1
800015a9-0001-f700-b63f-84710c7967bb|2016-12-01 13:44:37.9857|DEBUG|ips|Client info: IP = ::1; URI = http://localhost:65078/
80000059-0002-f500-b63f-84710c7967bb|2016-12-01 13:44:37.9857|DEBUG|ips|Client info: IP = ::1; URI = http://localhost:65078/orders/history?Page=1
800015a9-0001-f700-b63f-84710c7967bb|2016-12-01 13:44:42.4221|DEBUG|ips|Client info: IP = ::1; URI = http://localhost:65078/
800015a9-0001-f700-b63f-84710c7967bb|2016-12-01 13:44:43.1064|DEBUG|ips|Client info: IP = ::1; URI = http://localhost:65078/
80000059-0002-f500-b63f-84710c7967bb|2016-12-01 13:44:44.4013|DEBUG|ips|Client info: IP = ::1; URI = http://localhost:65078/orders/history?Page=1
80000059-0002-f500-b63f-84710c7967bb|2016-12-01 13:44:44.4283|DEBUG|ips|Client info: IP = ::1; URI = http://localhost:65078/orders/history?Page=1
80000063-0000-eb00-b63f-84710c7967bb|2016-12-01 13:45:37.4942|DEBUG|ips|Client info: IP = ::1; URI = http://localhost:65078/
8000000e-0003-e700-b63f-84710c7967bb|2016-12-01 13:45:37.4942|DEBUG|ips|Client info: IP = ::1; URI = http://localhost:65078/orders/history?Page=1
80000063-0000-eb00-b63f-84710c7967bb|2016-12-01 13:45:41.5475|DEBUG|ips|Client info: IP = ::1; URI = http://localhost:65078/
80000063-0000-eb00-b63f-84710c7967bb|2016-12-01 13:45:42.2800|DEBUG|ips|Client info: IP = ::1; URI = http://localhost:65078/
8000000e-0003-e700-b63f-84710c7967bb|2016-12-01 13:45:43.5349|DEBUG|ips|Client info: IP = ::1; URI = http://localhost:65078/orders/history?Page=1
8000000e-0003-e700-b63f-84710c7967bb|2016-12-01 13:45:43.5599|DEBUG|ips|Client info: IP = ::1; URI = http://localhost:65078/orders/history?Page=1
80001cd1-0001-f200-b63f-84710c7967bb|2016-12-01 13:47:54.6471|DEBUG|ips|Client info: IP = ::1; URI = http://localhost:65078/
80000031-0003-e800-b63f-84710c7967bb|2016-12-01 13:47:54.6471|DEBUG|ips|Client info: IP = ::1; URI = http://localhost:65078/orders/history?Page=1
80001cd1-0001-f200-b63f-84710c7967bb|2016-12-01 13:47:58.8989|DEBUG|ips|Client info: IP = ::1; URI = http://localhost:65078/
80001cd1-0001-f200-b63f-84710c7967bb|2016-12-01 13:47:59.6124|DEBUG|ips|Client info: IP = ::1; URI = http://localhost:65078/
80000031-0003-e800-b63f-84710c7967bb|2016-12-01 13:48:00.7292|DEBUG|ips|Client info: IP = ::1; URI = http://localhost:65078/orders/history?Page=1
80000031-0003-e800-b63f-84710c7967bb|2016-12-01 13:48:00.7533|DEBUG|ips|Client info: IP = ::1; URI = http://localhost:65078/orders/history?Page=1
80000035-0003-e800-b63f-84710c7967bb|2016-12-01 13:48:13.5466|DEBUG|ips|Client info: IP = ::1; URI = http://localhost:65078/orders/history?DateFrom=9%2F15%2F2010&DateTo=12%2F21%2F2016
80000035-0003-e800-b63f-84710c7967bb|2016-12-01 13:48:16.1265|DEBUG|ips|Client info: IP = ::1; URI = http://localhost:65078/orders/history?DateFrom=9%2F15%2F2010&DateTo=12%2F21%2F2016
80000035-0003-e800-b63f-84710c7967bb|2016-12-01 13:48:16.1265|DEBUG|ips|Client info: IP = ::1; URI = http://localhost:65078/orders/history?DateFrom=9%2F15%2F2010&DateTo=12%2F21%2F2016
80000037-0003-e800-b63f-84710c7967bb|2016-12-01 13:49:15.0069|DEBUG|ips|Client info: IP = ::1; URI = http://localhost:65078/games
80000037-0003-e800-b63f-84710c7967bb|2016-12-01 13:49:15.2050|DEBUG|ips|Client info: IP = ::1; URI = http://localhost:65078/games
80000037-0003-e800-b63f-84710c7967bb|2016-12-01 13:49:15.2730|DEBUG|ips|Client info: IP = ::1; URI = http://localhost:65078/games
800005e5-0001-ea00-b63f-84710c7967bb|2016-12-01 14:40:03.9419|DEBUG|ips|Client info: IP = ::1; URI = http://localhost:65078/
800005e5-0001-ea00-b63f-84710c7967bb|2016-12-01 14:40:12.6518|DEBUG|ips|Client info: IP = ::1; URI = http://localhost:65078/
800005e5-0001-ea00-b63f-84710c7967bb|2016-12-01 14:40:13.3284|DEBUG|ips|Client info: IP = ::1; URI = http://localhost:65078/
800005e8-0001-ea00-b63f-84710c7967bb|2016-12-01 14:41:04.7766|DEBUG|ips|Client info: IP = ::1; URI = http://localhost:65078/games/New
800005e8-0001-ea00-b63f-84710c7967bb|2016-12-01 14:41:04.9775|DEBUG|ips|Client info: IP = ::1; URI = http://localhost:65078/games/New
800005ea-0001-ea00-b63f-84710c7967bb|2016-12-01 14:41:11.0286|DEBUG|ips|Client info: IP = ::1; URI = http://localhost:65078/games/New
8000055a-0000-ed00-b63f-84710c7967bb|2016-12-01 14:42:29.5862|DEBUG|ips|Client info: IP = ::1; URI = http://localhost:65078/
8000055a-0000-ed00-b63f-84710c7967bb|2016-12-01 14:42:33.9803|DEBUG|ips|Client info: IP = ::1; URI = http://localhost:65078/
8000055a-0000-ed00-b63f-84710c7967bb|2016-12-01 14:42:34.6211|DEBUG|ips|Client info: IP = ::1; URI = http://localhost:65078/
8000055c-0000-ed00-b63f-84710c7967bb|2016-12-01 14:42:59.1749|DEBUG|ips|Client info: IP = ::1; URI = http://localhost:65078/games/New
8000055c-0000-ed00-b63f-84710c7967bb|2016-12-01 14:42:59.3426|DEBUG|ips|Client info: IP = ::1; URI = http://localhost:65078/games/New
8000055e-0000-ed00-b63f-84710c7967bb|2016-12-01 14:43:07.2612|DEBUG|ips|Client info: IP = ::1; URI = http://localhost:65078/games/New
8000055f-0000-ed00-b63f-84710c7967bb|2016-12-01 14:43:07.6111|DEBUG|ips|Client info: IP = ::1; URI = http://localhost:65078/games
8000055f-0000-ed00-b63f-84710c7967bb|2016-12-01 14:43:07.8158|DEBUG|ips|Client info: IP = ::1; URI = http://localhost:65078/games
8000055f-0000-ed00-b63f-84710c7967bb|2016-12-01 14:43:07.8809|DEBUG|ips|Client info: IP = ::1; URI = http://localhost:65078/games
80000e98-0000-e500-b63f-84710c7967bb|2016-12-01 14:44:42.0009|DEBUG|ips|Client info: IP = ::1; URI = http://localhost:65078/
80000e98-0000-e500-b63f-84710c7967bb|2016-12-01 14:44:46.4172|DEBUG|ips|Client info: IP = ::1; URI = http://localhost:65078/
80000e98-0000-e500-b63f-84710c7967bb|2016-12-01 14:44:47.0258|DEBUG|ips|Client info: IP = ::1; URI = http://localhost:65078/
80000e9a-0000-e500-b63f-84710c7967bb|2016-12-01 14:44:49.8688|DEBUG|ips|Client info: IP = ::1; URI = http://localhost:65078/games/New
80000e9a-0000-e500-b63f-84710c7967bb|2016-12-01 14:44:50.0139|DEBUG|ips|Client info: IP = ::1; URI = http://localhost:65078/games/New
80000e9c-0000-e500-b63f-84710c7967bb|2016-12-01 14:44:55.6424|DEBUG|ips|Client info: IP = ::1; URI = http://localhost:65078/games/New
80000091-0003-ee00-b63f-84710c7967bb|2016-12-01 14:51:49.3533|DEBUG|ips|Client info: IP = ::1; URI = http://localhost:65078/
80000091-0003-ee00-b63f-84710c7967bb|2016-12-01 14:51:56.7538|DEBUG|ips|Client info: IP = ::1; URI = http://localhost:65078/
80000091-0003-ee00-b63f-84710c7967bb|2016-12-01 14:51:57.3972|DEBUG|ips|Client info: IP = ::1; URI = http://localhost:65078/
80000094-0003-ee00-b63f-84710c7967bb|2016-12-01 14:52:58.4189|DEBUG|ips|Client info: IP = ::1; URI = http://localhost:65078/games/New
80000094-0003-ee00-b63f-84710c7967bb|2016-12-01 14:52:58.5420|DEBUG|ips|Client info: IP = ::1; URI = http://localhost:65078/games/New
80000096-0003-ee00-b63f-84710c7967bb|2016-12-01 14:53:04.2410|DEBUG|ips|Client info: IP = ::1; URI = http://localhost:65078/games/New
80000097-0003-ee00-b63f-84710c7967bb|2016-12-01 14:53:04.6074|DEBUG|ips|Client info: IP = ::1; URI = http://localhost:65078/games
80000097-0003-ee00-b63f-84710c7967bb|2016-12-01 14:53:04.8095|DEBUG|ips|Client info: IP = ::1; URI = http://localhost:65078/games
80000097-0003-ee00-b63f-84710c7967bb|2016-12-01 14:53:04.8765|DEBUG|ips|Client info: IP = ::1; URI = http://localhost:65078/games
8000009c-0003-ee00-b63f-84710c7967bb|2016-12-01 14:57:03.5665|DEBUG|ips|Client info: IP = ::1; URI = http://localhost:65078/
8000009c-0003-ee00-b63f-84710c7967bb|2016-12-01 14:57:07.7919|DEBUG|ips|Client info: IP = ::1; URI = http://localhost:65078/
8000009c-0003-ee00-b63f-84710c7967bb|2016-12-01 14:57:08.4083|DEBUG|ips|Client info: IP = ::1; URI = http://localhost:65078/
8000009e-0003-ee00-b63f-84710c7967bb|2016-12-01 14:57:33.5293|DEBUG|ips|Client info: IP = ::1; URI = http://localhost:65078/games/Update?key=Sims3_16in1
8000009e-0003-ee00-b63f-84710c7967bb|2016-12-01 14:57:33.9439|DEBUG|ips|Client info: IP = ::1; URI = http://localhost:65078/games/Update?key=Sims3_16in1
800000a0-0003-ee00-b63f-84710c7967bb|2016-12-01 14:57:40.0630|DEBUG|ips|Client info: IP = ::1; URI = http://localhost:65078/games/Update
8000056c-0000-ed00-b63f-84710c7967bb|2016-12-01 15:01:05.3116|DEBUG|ips|Client info: IP = ::1; URI = http://localhost:65078/
8000056c-0000-ed00-b63f-84710c7967bb|2016-12-01 15:01:09.8330|DEBUG|ips|Client info: IP = ::1; URI = http://localhost:65078/
8000056c-0000-ed00-b63f-84710c7967bb|2016-12-01 15:01:10.4677|DEBUG|ips|Client info: IP = ::1; URI = http://localhost:65078/
8000056e-0000-ed00-b63f-84710c7967bb|2016-12-01 15:01:16.6262|DEBUG|ips|Client info: IP = ::1; URI = http://localhost:65078/games/Update?key=Sims3_16in1
8000056e-0000-ed00-b63f-84710c7967bb|2016-12-01 15:01:17.0371|DEBUG|ips|Client info: IP = ::1; URI = http://localhost:65078/games/Update?key=Sims3_16in1
80000570-0000-ed00-b63f-84710c7967bb|2016-12-01 15:01:21.1152|DEBUG|ips|Client info: IP = ::1; URI = http://localhost:65078/games/Update
8000000b-0000-fc00-b63f-84710c7967bb|2016-12-01 15:04:00.5537|DEBUG|ips|Client info: IP = ::1; URI = http://localhost:65078/
8000000b-0000-fc00-b63f-84710c7967bb|2016-12-01 15:04:04.7951|DEBUG|ips|Client info: IP = ::1; URI = http://localhost:65078/
8000000b-0000-fc00-b63f-84710c7967bb|2016-12-01 15:04:05.4279|DEBUG|ips|Client info: IP = ::1; URI = http://localhost:65078/
8000000e-0000-fc00-b63f-84710c7967bb|2016-12-01 15:04:08.2604|DEBUG|ips|Client info: IP = ::1; URI = http://localhost:65078/games/Update?key=Sims3_16in1
8000000e-0000-fc00-b63f-84710c7967bb|2016-12-01 15:04:08.6671|DEBUG|ips|Client info: IP = ::1; URI = http://localhost:65078/games/Update?key=Sims3_16in1
80000010-0000-fc00-b63f-84710c7967bb|2016-12-01 15:04:12.4385|DEBUG|ips|Client info: IP = ::1; URI = http://localhost:65078/games/Update
80000011-0000-fc00-b63f-84710c7967bb|2016-12-01 15:04:12.5822|DEBUG|ips|Client info: IP = ::1; URI = http://localhost:65078/games
80000011-0000-fc00-b63f-84710c7967bb|2016-12-01 15:04:12.7804|DEBUG|ips|Client info: IP = ::1; URI = http://localhost:65078/games
80000011-0000-fc00-b63f-84710c7967bb|2016-12-01 15:04:12.8278|DEBUG|ips|Client info: IP = ::1; URI = http://localhost:65078/games
80000013-0000-fc00-b63f-84710c7967bb|2016-12-01 15:05:44.9919|DEBUG|ips|Client info: IP = ::1; URI = http://localhost:65078/games/Update?key=583dc8159e6345af8e7ea635
80000013-0000-fc00-b63f-84710c7967bb|2016-12-01 15:05:45.2660|DEBUG|ips|Client info: IP = ::1; URI = http://localhost:65078/games/Update?key=583dc8159e6345af8e7ea635
80000016-0000-fc00-b63f-84710c7967bb|2016-12-01 15:05:48.1161|DEBUG|ips|Client info: IP = ::1; URI = http://localhost:65078/games/Update
80000043-0001-e200-b63f-84710c7967bb|2016-12-01 15:06:42.6849|DEBUG|ips|Client info: IP = ::1; URI = http://localhost:65078/
80000043-0001-e200-b63f-84710c7967bb|2016-12-01 15:06:47.0006|DEBUG|ips|Client info: IP = ::1; URI = http://localhost:65078/
80000043-0001-e200-b63f-84710c7967bb|2016-12-01 15:06:47.6060|DEBUG|ips|Client info: IP = ::1; URI = http://localhost:65078/
80000045-0001-e200-b63f-84710c7967bb|2016-12-01 15:06:56.4871|DEBUG|ips|Client info: IP = ::1; URI = http://localhost:65078/games/Update?key=583dc8159e6345af8e7ea638
80000045-0001-e200-b63f-84710c7967bb|2016-12-01 15:06:56.8804|DEBUG|ips|Client info: IP = ::1; URI = http://localhost:65078/games/Update?key=583dc8159e6345af8e7ea638
80000047-0001-e200-b63f-84710c7967bb|2016-12-01 15:07:05.4562|DEBUG|ips|Client info: IP = ::1; URI = http://localhost:65078/games/Update
80000048-0001-e200-b63f-84710c7967bb|2016-12-01 15:07:05.5873|DEBUG|ips|Client info: IP = ::1; URI = http://localhost:65078/games
80000048-0001-e200-b63f-84710c7967bb|2016-12-01 15:07:05.7935|DEBUG|ips|Client info: IP = ::1; URI = http://localhost:65078/games
80000048-0001-e200-b63f-84710c7967bb|2016-12-01 15:07:05.9036|DEBUG|ips|Client info: IP = ::1; URI = http://localhost:65078/games
80000dc7-0002-f900-b63f-84710c7967bb|2016-12-01 17:37:09.2188|DEBUG|ips|Client info: IP = ::1; URI = http://localhost:65078/
80000ecf-0000-e500-b63f-84710c7967bb|2016-12-01 17:39:07.0827|DEBUG|ips|Client info: IP = ::1; URI = http://localhost:65078/
8000002d-0001-f600-b63f-84710c7967bb|2016-12-01 17:39:58.7115|DEBUG|ips|Client info: IP = ::1; URI = http://localhost:65078/
8000002d-0001-f600-b63f-84710c7967bb|2016-12-01 17:40:05.1409|DEBUG|ips|Client info: IP = ::1; URI = http://localhost:65078/
8000002d-0001-f600-b63f-84710c7967bb|2016-12-01 17:40:05.7994|DEBUG|ips|Client info: IP = ::1; URI = http://localhost:65078/
80000030-0001-f600-b63f-84710c7967bb|2016-12-01 17:40:12.5225|DEBUG|ips|Client info: IP = ::1; URI = http://localhost:65078/games/AddToBasket?gameId=f58b4514-cd00-4295-8cb4-f3e125c8bd3f&unitsInStock=20&_=1480606806678
80000032-0001-f600-b63f-84710c7967bb|2016-12-01 17:40:14.0567|DEBUG|ips|Client info: IP = ::1; URI = http://localhost:65078/orders/AddToBasket
80000051-0000-f000-b63f-84710c7967bb|2016-12-01 17:44:08.6158|DEBUG|ips|Client info: IP = ::1; URI = http://localhost:65078/
80000051-0000-f000-b63f-84710c7967bb|2016-12-01 17:44:12.8207|DEBUG|ips|Client info: IP = ::1; URI = http://localhost:65078/
80000051-0000-f000-b63f-84710c7967bb|2016-12-01 17:44:13.4822|DEBUG|ips|Client info: IP = ::1; URI = http://localhost:65078/
80000053-0000-f000-b63f-84710c7967bb|2016-12-01 17:44:17.7349|DEBUG|ips|Client info: IP = ::1; URI = http://localhost:65078/games/AddToBasket?gameId=9f30a97c-28b1-48aa-8def-2386a517d645&unitsInStock=20&_=1480607054369
80000054-0000-f000-b63f-84710c7967bb|2016-12-01 17:44:19.8765|DEBUG|ips|Client info: IP = ::1; URI = http://localhost:65078/orders/AddToBasket
800000ff-0003-ee00-b63f-84710c7967bb|2016-12-01 17:46:15.9884|DEBUG|ips|Client info: IP = ::1; URI = http://localhost:65078/
800000ff-0003-ee00-b63f-84710c7967bb|2016-12-01 17:46:19.9757|DEBUG|ips|Client info: IP = ::1; URI = http://localhost:65078/
800000ff-0003-ee00-b63f-84710c7967bb|2016-12-01 17:46:20.4500|DEBUG|ips|Client info: IP = ::1; URI = http://localhost:65078/
80000101-0003-ee00-b63f-84710c7967bb|2016-12-01 17:46:24.3619|DEBUG|ips|Client info: IP = ::1; URI = http://localhost:65078/games/AddToBasket?gameId=6defd900-7487-4630-9e8b-bb4cd1d1f1e8&unitsInStock=20&_=1480607181355
80000102-0003-ee00-b63f-84710c7967bb|2016-12-01 17:46:26.3022|DEBUG|ips|Client info: IP = ::1; URI = http://localhost:65078/orders/AddToBasket
8000029f-0002-f400-b63f-84710c7967bb|2016-12-01 17:51:26.2877|DEBUG|ips|Client info: IP = ::1; URI = http://localhost:65078/
8000029f-0002-f400-b63f-84710c7967bb|2016-12-01 17:51:30.3375|DEBUG|ips|Client info: IP = ::1; URI = http://localhost:65078/
8000029f-0002-f400-b63f-84710c7967bb|2016-12-01 17:51:31.0840|DEBUG|ips|Client info: IP = ::1; URI = http://localhost:65078/
800002a1-0002-f400-b63f-84710c7967bb|2016-12-01 17:51:35.0049|DEBUG|ips|Client info: IP = ::1; URI = http://localhost:65078/games/AddToBasket?gameId=583dc8159e6345af8e7ea639&unitsInStock=120&_=1480607492001
800002a2-0002-f400-b63f-84710c7967bb|2016-12-01 17:51:36.9381|DEBUG|ips|Client info: IP = ::1; URI = http://localhost:65078/orders/AddToBasket
80000395-0000-fb00-b63f-84710c7967bb|2016-12-01 17:52:41.6370|DEBUG|ips|Client info: IP = ::1; URI = http://localhost:65078/
80000395-0000-fb00-b63f-84710c7967bb|2016-12-01 17:52:45.7814|DEBUG|ips|Client info: IP = ::1; URI = http://localhost:65078/
80000395-0000-fb00-b63f-84710c7967bb|2016-12-01 17:52:46.4109|DEBUG|ips|Client info: IP = ::1; URI = http://localhost:65078/
80000397-0000-fb00-b63f-84710c7967bb|2016-12-01 17:52:50.2642|DEBUG|ips|Client info: IP = ::1; URI = http://localhost:65078/games/AddToBasket?gameId=583dc8159e6345af8e7ea63a&unitsInStock=15&_=1480607567323
80000398-0000-fb00-b63f-84710c7967bb|2016-12-01 17:52:52.4891|DEBUG|ips|Client info: IP = ::1; URI = http://localhost:65078/orders/AddToBasket
80001d59-0001-f200-b63f-84710c7967bb|2016-12-01 19:32:44.2984|DEBUG|ips|Client info: IP = ::1; URI = http://localhost:65078/
80001d59-0001-f200-b63f-84710c7967bb|2016-12-01 19:32:51.5023|DEBUG|ips|Client info: IP = ::1; URI = http://localhost:65078/
80001d59-0001-f200-b63f-84710c7967bb|2016-12-01 19:32:52.1067|DEBUG|ips|Client info: IP = ::1; URI = http://localhost:65078/
80001d5c-0001-f200-b63f-84710c7967bb|2016-12-01 19:32:55.3375|DEBUG|ips|Client info: IP = ::1; URI = http://localhost:65078/games/AddToBasket?gameId=583dc8159e6345af8e7ea63b&unitsInStock=6&_=1480613573001
80001d5e-0001-f200-b63f-84710c7967bb|2016-12-01 19:32:56.8232|DEBUG|ips|Client info: IP = ::1; URI = http://localhost:65078/orders/AddToBasket
80000043-0000-f600-b63f-84710c7967bb|2016-12-01 19:34:46.3952|DEBUG|ips|Client info: IP = ::1; URI = http://localhost:65078/
80000043-0000-f600-b63f-84710c7967bb|2016-12-01 19:34:50.5381|DEBUG|ips|Client info: IP = ::1; URI = http://localhost:65078/
80000043-0000-f600-b63f-84710c7967bb|2016-12-01 19:34:51.2048|DEBUG|ips|Client info: IP = ::1; URI = http://localhost:65078/
80000045-0000-f600-b63f-84710c7967bb|2016-12-01 19:34:54.3712|DEBUG|ips|Client info: IP = ::1; URI = http://localhost:65078/games/AddToBasket?gameId=583dc8159e6345af8e7ea63d&unitsInStock=31&_=1480613692169
80000046-0000-f600-b63f-84710c7967bb|2016-12-01 19:34:56.0010|DEBUG|ips|Client info: IP = ::1; URI = http://localhost:65078/orders/AddToBasket
80000345-0001-ed00-b63f-84710c7967bb|2016-12-01 19:38:54.3253|DEBUG|ips|Client info: IP = ::1; URI = http://localhost:65078/
80000345-0001-ed00-b63f-84710c7967bb|2016-12-01 19:38:59.2180|DEBUG|ips|Client info: IP = ::1; URI = http://localhost:65078/
80000345-0001-ed00-b63f-84710c7967bb|2016-12-01 19:38:59.8484|DEBUG|ips|Client info: IP = ::1; URI = http://localhost:65078/
80000347-0001-ed00-b63f-84710c7967bb|2016-12-01 19:39:03.4786|DEBUG|ips|Client info: IP = ::1; URI = http://localhost:65078/games/AddToBasket?gameId=583dc8159e6345af8e7ea63c&unitsInStock=29&_=1480613940769
80000348-0001-ed00-b63f-84710c7967bb|2016-12-01 19:39:05.1397|DEBUG|ips|Client info: IP = ::1; URI = http://localhost:65078/orders/AddToBasket
800002c3-0002-ec00-b63f-84710c7967bb|2016-12-01 19:39:11.5842|DEBUG|ips|Client info: IP = ::1; URI = http://localhost:65078/orders/AddToBasket
80000980-0001-fd00-b63f-84710c7967bb|2016-12-01 19:40:54.0339|DEBUG|ips|Client info: IP = ::1; URI = http://localhost:65078/
80000980-0001-fd00-b63f-84710c7967bb|2016-12-01 19:40:58.3234|DEBUG|ips|Client info: IP = ::1; URI = http://localhost:65078/
80000980-0001-fd00-b63f-84710c7967bb|2016-12-01 19:40:59.1544|DEBUG|ips|Client info: IP = ::1; URI = http://localhost:65078/
800003a8-0003-f000-b63f-84710c7967bb|2016-12-01 19:41:27.1215|DEBUG|ips|Client info: IP = ::1; URI = http://localhost:65078/
800003a8-0003-f000-b63f-84710c7967bb|2016-12-01 19:41:30.2256|DEBUG|ips|Client info: IP = ::1; URI = http://localhost:65078/
800003a8-0003-f000-b63f-84710c7967bb|2016-12-01 19:41:30.7119|DEBUG|ips|Client info: IP = ::1; URI = http://localhost:65078/
800002c3-0002-f500-b63f-84710c7967bb|2016-12-01 19:41:35.2113|DEBUG|ips|Client info: IP = ::1; URI = http://localhost:65078/games/AddToBasket?gameId=5840609dd0c40ef0df844488&unitsInStock=39&_=1480614091823
800003ab-0003-f000-b63f-84710c7967bb|2016-12-01 19:41:36.9601|DEBUG|ips|Client info: IP = ::1; URI = http://localhost:65078/orders/AddToBasket
800002c4-0002-f500-b63f-84710c7967bb|2016-12-01 19:42:23.5890|DEBUG|ips|Client info: IP = ::1; URI = http://localhost:65078/orders/AddToBasket
800004ba-0000-fd00-b63f-84710c7967bb|2016-12-01 19:59:20.0662|DEBUG|ips|Client info: IP = ::1; URI = http://localhost:65078/
800004ba-0000-fd00-b63f-84710c7967bb|2016-12-01 19:59:26.7154|DEBUG|ips|Client info: IP = ::1; URI = http://localhost:65078/
800004ba-0000-fd00-b63f-84710c7967bb|2016-12-01 19:59:27.3438|DEBUG|ips|Client info: IP = ::1; URI = http://localhost:65078/
800004bc-0000-fd00-b63f-84710c7967bb|2016-12-01 19:59:32.2662|DEBUG|ips|Client info: IP = ::1; URI = http://localhost:65078/games/AddToBasket?gameId=5840609dd0c40ef0df844489&unitsInStock=13&_=1480615168218
800004bd-0000-fd00-b63f-84710c7967bb|2016-12-01 19:59:48.1073|DEBUG|ips|Client info: IP = ::1; URI = http://localhost:65078/orders/AddToBasket
8000009e-0001-f400-b63f-84710c7967bb|2016-12-01 20:06:18.6225|DEBUG|ips|Client info: IP = ::1; URI = http://localhost:65078/
8000009e-0001-f400-b63f-84710c7967bb|2016-12-01 20:06:26.3160|DEBUG|ips|Client info: IP = ::1; URI = http://localhost:65078/
8000009e-0001-f400-b63f-84710c7967bb|2016-12-01 20:06:27.0064|DEBUG|ips|Client info: IP = ::1; URI = http://localhost:65078/
800000a0-0001-f400-b63f-84710c7967bb|2016-12-01 20:07:06.5765|DEBUG|ips|Client info: IP = ::1; URI = http://localhost:65078/games/AddToBasket?gameId=5840609dd0c40ef0df84448a&unitsInStock=53&_=1480615587890
800000a1-0001-f400-b63f-84710c7967bb|2016-12-01 20:07:08.5950|DEBUG|ips|Client info: IP = ::1; URI = http://localhost:65078/orders/AddToBasket
80002520-0001-f200-b63f-84710c7967bb|2016-12-01 20:09:35.0698|DEBUG|ips|Client info: IP = ::1; URI = http://localhost:65078/
80002520-0001-f200-b63f-84710c7967bb|2016-12-01 20:09:39.5994|DEBUG|ips|Client info: IP = ::1; URI = http://localhost:65078/
80002520-0001-f200-b63f-84710c7967bb|2016-12-01 20:09:40.2858|DEBUG|ips|Client info: IP = ::1; URI = http://localhost:65078/
80002522-0001-f200-b63f-84710c7967bb|2016-12-01 20:09:44.2280|DEBUG|ips|Client info: IP = ::1; URI = http://localhost:65078/games/AddToBasket?gameId=5840609dd0c40ef0df84448c&unitsInStock=17&_=1480615781163
80002523-0001-f200-b63f-84710c7967bb|2016-12-01 20:09:46.8309|DEBUG|ips|Client info: IP = ::1; URI = http://localhost:65078/orders/AddToBasket
800002ff-0002-ec00-b63f-84710c7967bb|2016-12-01 20:12:17.4318|DEBUG|ips|Client info: IP = ::1; URI = http://localhost:65078/
800002ff-0002-ec00-b63f-84710c7967bb|2016-12-01 20:12:21.3471|DEBUG|ips|Client info: IP = ::1; URI = http://localhost:65078/
800002ff-0002-ec00-b63f-84710c7967bb|2016-12-01 20:12:21.9445|DEBUG|ips|Client info: IP = ::1; URI = http://localhost:65078/
80000301-0002-ec00-b63f-84710c7967bb|2016-12-01 20:12:32.9721|DEBUG|ips|Client info: IP = ::1; URI = http://localhost:65078/games/AddToBasket?gameId=5840609dd0c40ef0df84448d&unitsInStock=120&_=1480615942833
80000302-0002-ec00-b63f-84710c7967bb|2016-12-01 20:12:34.9278|DEBUG|ips|Client info: IP = ::1; URI = http://localhost:65078/orders/AddToBasket
800002a4-0002-fa00-b63f-84710c7967bb|2016-12-01 20:12:53.7282|DEBUG|ips|Client info: IP = ::1; URI = http://localhost:65078/basket
800002a4-0002-fa00-b63f-84710c7967bb|2016-12-01 20:12:59.6966|DEBUG|ips|Client info: IP = ::1; URI = http://localhost:65078/basket
800002a6-0002-fa00-b63f-84710c7967bb|2016-12-01 20:13:01.1887|DEBUG|ips|Client info: IP = ::1; URI = http://localhost:65078/games
800002a6-0002-fa00-b63f-84710c7967bb|2016-12-01 20:13:01.3548|DEBUG|ips|Client info: IP = ::1; URI = http://localhost:65078/games
800002a6-0002-fa00-b63f-84710c7967bb|2016-12-01 20:13:01.4389|DEBUG|ips|Client info: IP = ::1; URI = http://localhost:65078/games
800002a8-0002-fa00-b63f-84710c7967bb|2016-12-01 20:13:03.7616|DEBUG|ips|Client info: IP = ::1; URI = http://localhost:65078/games/AddToBasket?gameId=5840609dd0c40ef0df84448f&unitsInStock=6&_=1480615981557
800002a9-0002-fa00-b63f-84710c7967bb|2016-12-01 20:13:06.0823|DEBUG|ips|Client info: IP = ::1; URI = http://localhost:65078/orders/AddToBasket
80000ad2-0000-ed00-b63f-84710c7967bb|2016-12-01 20:13:34.7266|DEBUG|ips|Client info: IP = ::1; URI = http://localhost:65078/orders/AddToBasket
8000008d-0002-fc00-b63f-84710c7967bb|2016-12-01 20:14:20.2111|DEBUG|ips|Client info: IP = ::1; URI = http://localhost:65078/
8000008d-0002-fc00-b63f-84710c7967bb|2016-12-01 20:14:23.4299|DEBUG|ips|Client info: IP = ::1; URI = http://localhost:65078/
8000008d-0002-fc00-b63f-84710c7967bb|2016-12-01 20:14:23.8782|DEBUG|ips|Client info: IP = ::1; URI = http://localhost:65078/
8000008f-0002-fc00-b63f-84710c7967bb|2016-12-01 20:14:27.6046|DEBUG|ips|Client info: IP = ::1; URI = http://localhost:65078/games/AddToBasket?gameId=935990f7-779b-4e28-97fc-6cd42247eb76&unitsInStock=20&_=1480616064732
80000090-0002-fc00-b63f-84710c7967bb|2016-12-01 20:14:29.0664|DEBUG|ips|Client info: IP = ::1; URI = http://localhost:65078/orders/AddToBasket
800002f9-0000-f600-b63f-84710c7967bb|2016-12-01 20:15:50.4468|DEBUG|ips|Client info: IP = ::1; URI = http://localhost:65078/
800002f9-0000-f600-b63f-84710c7967bb|2016-12-01 20:15:53.8618|DEBUG|ips|Client info: IP = ::1; URI = http://localhost:65078/
800002f9-0000-f600-b63f-84710c7967bb|2016-12-01 20:15:54.3311|DEBUG|ips|Client info: IP = ::1; URI = http://localhost:65078/
800002fb-0000-f600-b63f-84710c7967bb|2016-12-01 20:15:57.6371|DEBUG|ips|Client info: IP = ::1; URI = http://localhost:65078/games/AddToBasket?gameId=5840609dd0c40ef0df84448e&unitsInStock=15&_=1480616155161
800002fc-0000-f600-b63f-84710c7967bb|2016-12-01 20:15:59.2432|DEBUG|ips|Client info: IP = ::1; URI = http://localhost:65078/orders/AddToBasket
80000193-0003-e800-b63f-84710c7967bb|2016-12-01 20:19:46.7780|DEBUG|ips|Client info: IP = ::1; URI = http://localhost:65078/
80000193-0003-e800-b63f-84710c7967bb|2016-12-01 20:19:50.9946|DEBUG|ips|Client info: IP = ::1; URI = http://localhost:65078/
80000193-0003-e800-b63f-84710c7967bb|2016-12-01 20:19:51.6111|DEBUG|ips|Client info: IP = ::1; URI = http://localhost:65078/
80000195-0003-e800-b63f-84710c7967bb|2016-12-01 20:19:56.0653|DEBUG|ips|Client info: IP = ::1; URI = http://localhost:65078/games/AddToBasket?gameId=5840609dd0c40ef0df844490&unitsInStock=29&_=1480616392451
80000196-0003-e800-b63f-84710c7967bb|2016-12-01 20:19:57.9629|DEBUG|ips|Client info: IP = ::1; URI = http://localhost:65078/orders/AddToBasket
800006f3-0000-fc00-b63f-84710c7967bb|2016-12-01 20:33:14.9389|DEBUG|ips|Client info: IP = ::1; URI = http://localhost:65078/
800006f3-0000-fc00-b63f-84710c7967bb|2016-12-01 20:33:24.9744|DEBUG|ips|Client info: IP = ::1; URI = http://localhost:65078/
800006f3-0000-fc00-b63f-84710c7967bb|2016-12-01 20:33:25.5888|DEBUG|ips|Client info: IP = ::1; URI = http://localhost:65078/
80000305-0001-e300-b63f-84710c7967bb|2016-12-01 20:33:28.8396|DEBUG|ips|Client info: IP = ::1; URI = http://localhost:65078/games/AddToBasket?gameId=5840609dd0c40ef0df844491&unitsInStock=31&_=1480617206465
800001a1-0003-e800-b63f-84710c7967bb|2016-12-01 20:33:30.5313|DEBUG|ips|Client info: IP = ::1; URI = http://localhost:65078/orders/AddToBasket
800000dd-0000-f300-b63f-84710c7967bb|2016-12-01 20:35:16.1549|DEBUG|ips|Client info: IP = ::1; URI = http://localhost:65078/
800000dd-0000-f300-b63f-84710c7967bb|2016-12-01 20:35:19.6076|DEBUG|ips|Client info: IP = ::1; URI = http://localhost:65078/
800000dd-0000-f300-b63f-84710c7967bb|2016-12-01 20:35:20.1370|DEBUG|ips|Client info: IP = ::1; URI = http://localhost:65078/
800000df-0000-f300-b63f-84710c7967bb|2016-12-01 20:35:25.3588|DEBUG|ips|Client info: IP = ::1; URI = http://localhost:65078/games/AddToBasket?gameId=f27f5eac-3680-441a-a8c1-22b581320205&unitsInStock=20&_=1480617321090
800000e0-0000-f300-b63f-84710c7967bb|2016-12-01 20:35:27.2643|DEBUG|ips|Client info: IP = ::1; URI = http://localhost:65078/orders/AddToBasket
80002544-0001-f200-b63f-84710c7967bb|2016-12-01 20:38:14.5750|DEBUG|ips|Client info: IP = ::1; URI = http://localhost:65078/
80002544-0001-f200-b63f-84710c7967bb|2016-12-01 20:38:19.0480|DEBUG|ips|Client info: IP = ::1; URI = http://localhost:65078/
80002544-0001-f200-b63f-84710c7967bb|2016-12-01 20:38:19.6585|DEBUG|ips|Client info: IP = ::1; URI = http://localhost:65078/
80002546-0001-f200-b63f-84710c7967bb|2016-12-01 20:38:23.8287|DEBUG|ips|Client info: IP = ::1; URI = http://localhost:65078/games/AddToBasket?gameId=f5700601-6064-44eb-941d-00eace2165e4&unitsInStock=20&_=1480617500524
80002547-0001-f200-b63f-84710c7967bb|2016-12-01 20:38:26.9956|DEBUG|ips|Client info: IP = ::1; URI = http://localhost:65078/orders/AddToBasket
80002548-0001-f200-b63f-84710c7967bb|2016-12-01 20:38:35.8831|DEBUG|ips|Client info: IP = ::1; URI = http://localhost:65078/basket
80002548-0001-f200-b63f-84710c7967bb|2016-12-01 20:38:38.2859|DEBUG|ips|Client info: IP = ::1; URI = http://localhost:65078/basket
8000254a-0001-f200-b63f-84710c7967bb|2016-12-01 20:38:41.5863|DEBUG|ips|Client info: IP = ::1; URI = http://localhost:65078/games
8000254a-0001-f200-b63f-84710c7967bb|2016-12-01 20:38:41.7344|DEBUG|ips|Client info: IP = ::1; URI = http://localhost:65078/games
8000254a-0001-f200-b63f-84710c7967bb|2016-12-01 20:38:41.7955|DEBUG|ips|Client info: IP = ::1; URI = http://localhost:65078/games
8000254c-0001-f200-b63f-84710c7967bb|2016-12-01 20:38:43.8669|DEBUG|ips|Client info: IP = ::1; URI = http://localhost:65078/games/AddToBasket?gameId=5840609dd0c40ef0df84448b&unitsInStock=0&_=1480617521886
8000254d-0001-f200-b63f-84710c7967bb|2016-12-01 20:38:46.2886|DEBUG|ips|Client info: IP = ::1; URI = http://localhost:65078/orders/AddToBasket
8000254e-0001-f200-b63f-84710c7967bb|2016-12-01 20:38:53.9432|DEBUG|ips|Client info: IP = ::1; URI = http://localhost:65078/basket
8000254e-0001-f200-b63f-84710c7967bb|2016-12-01 20:38:56.2848|DEBUG|ips|Client info: IP = ::1; URI = http://localhost:65078/basket
80002550-0001-f200-b63f-84710c7967bb|2016-12-01 20:38:59.7421|DEBUG|ips|Client info: IP = ::1; URI = http://localhost:65078/games
80002550-0001-f200-b63f-84710c7967bb|2016-12-01 20:38:59.8912|DEBUG|ips|Client info: IP = ::1; URI = http://localhost:65078/games
80002550-0001-f200-b63f-84710c7967bb|2016-12-01 20:38:59.9542|DEBUG|ips|Client info: IP = ::1; URI = http://localhost:65078/games
80002552-0001-f200-b63f-84710c7967bb|2016-12-01 20:39:00.6108|DEBUG|ips|Client info: IP = ::1; URI = http://localhost:65078/basket
80002552-0001-f200-b63f-84710c7967bb|2016-12-01 20:39:02.9517|DEBUG|ips|Client info: IP = ::1; URI = http://localhost:65078/basket
80002554-0001-f200-b63f-84710c7967bb|2016-12-01 20:39:21.6371|DEBUG|ips|Client info: IP = ::1; URI = http://localhost:65078/games
80002554-0001-f200-b63f-84710c7967bb|2016-12-01 20:39:21.7962|DEBUG|ips|Client info: IP = ::1; URI = http://localhost:65078/games
80002554-0001-f200-b63f-84710c7967bb|2016-12-01 20:39:21.8632|DEBUG|ips|Client info: IP = ::1; URI = http://localhost:65078/games
80002556-0001-f200-b63f-84710c7967bb|2016-12-01 20:39:24.2205|DEBUG|ips|Client info: IP = ::1; URI = http://localhost:65078/games/AddToBasket?gameId=f5700601-6064-44eb-941d-00eace2165e4&unitsInStock=20&_=1480617562167
80002557-0001-f200-b63f-84710c7967bb|2016-12-01 20:39:25.7932|DEBUG|ips|Client info: IP = ::1; URI = http://localhost:65078/orders/AddToBasket
