80000002-0002-f300-b63f-84710c7967bb|2016-11-16 08:14:58.5120|INFO|GameStore.Web.Controllers.GamesController|Request to GamesController.Get
80000014-0002-f400-b63f-84710c7967bb|2016-11-16 08:18:37.3524|INFO|GameStore.Web.Controllers.GamesController|Request to GamesController.Get
8000173d-0000-f400-b63f-84710c7967bb|2016-11-16 08:20:27.1051|INFO|GameStore.Web.Controllers.GamesController|Request to GamesController.Get
80000012-0002-fd00-b63f-84710c7967bb|2016-11-16 08:22:26.3878|INFO|GameStore.Web.Controllers.GamesController|Request to GamesController.Get
8000057c-0003-ed00-b63f-84710c7967bb|2016-11-16 08:23:40.7653|INFO|GameStore.Web.Controllers.GamesController|Request to GamesController.Get
80000008-0000-ef00-b63f-84710c7967bb|2016-11-16 08:24:38.6836|INFO|GameStore.Web.Controllers.GamesController|Request to GamesController.Get
80000016-0001-ea00-b63f-84710c7967bb|2016-11-16 08:25:13.5493|INFO|GameStore.Web.Controllers.GamesController|Request to GamesController.Get
8000001d-0001-eb00-b63f-84710c7967bb|2016-11-16 08:26:01.8547|INFO|GameStore.Web.Controllers.GamesController|Request to GamesController.Get
80000029-0000-f500-b63f-84710c7967bb|2016-11-16 08:28:34.1437|INFO|GameStore.Web.Controllers.GamesController|Request to GamesController.Get
80000038-0002-f400-b63f-84710c7967bb|2016-11-16 08:28:41.0554|INFO|GameStore.Web.Controllers.GamesController|Request to GamesController.Get
8000019d-0000-fa00-b63f-84710c7967bb|2016-11-16 08:29:44.0151|INFO|GameStore.Web.Controllers.GamesController|Request to GamesController.Get
80000007-0001-e600-b63f-84710c7967bb|2016-11-16 08:31:14.4154|INFO|GameStore.Web.Controllers.GamesController|Request to GamesController.Get
800001d7-0001-fd00-b63f-84710c7967bb|2016-11-16 08:31:54.3067|INFO|GameStore.Web.Controllers.GamesController|Request to GamesController.Get
8000003a-0001-f100-b63f-84710c7967bb|2016-11-16 08:46:31.2259|INFO|GameStore.Web.Controllers.GamesController|Request to GamesController.Get
80000039-0000-ed00-b63f-84710c7967bb|2016-11-16 08:55:58.6689|INFO|GameStore.Web.Controllers.GamesController|Request to GamesController.Get
80000036-0000-eb00-b63f-84710c7967bb|2016-11-16 08:57:20.9040|INFO|GameStore.Web.Controllers.GamesController|Request to GamesController.Get
800001a3-0000-f700-b63f-84710c7967bb|2016-11-16 09:04:04.1658|INFO|GameStore.Web.Controllers.GamesController|Request to GamesController.Get
80000059-0000-fe00-b63f-84710c7967bb|2016-11-16 09:05:23.0944|INFO|GameStore.Web.Controllers.GamesController|Request to GamesController.Get
80000987-0002-f700-b63f-84710c7967bb|2016-11-16 09:06:16.7238|INFO|GameStore.Web.Controllers.GamesController|Request to GamesController.Get
80001bf3-0000-ec00-b63f-84710c7967bb|2016-11-16 09:08:54.0135|INFO|GameStore.Web.Controllers.GamesController|Request to GamesController.Get
8000004a-0000-f500-b63f-84710c7967bb|2016-11-16 09:11:42.9135|INFO|GameStore.Web.Controllers.GamesController|Request to GamesController.Get
800001be-0000-f600-b63f-84710c7967bb|2016-11-16 09:12:39.2772|INFO|GameStore.Web.Controllers.GamesController|Request to GamesController.Get
8000009a-0000-f200-b63f-84710c7967bb|2016-11-16 09:13:25.0899|INFO|GameStore.Web.Controllers.GamesController|Request to GamesController.Get
80000083-0000-f000-b63f-84710c7967bb|2016-11-16 09:18:51.1341|INFO|GameStore.Web.Controllers.GamesController|Request to GamesController.Get
80000320-0003-e700-b63f-84710c7967bb|2016-11-16 09:22:10.3014|INFO|GameStore.Web.Controllers.GamesController|Request to GamesController.Get
8000008a-0002-f900-b63f-84710c7967bb|2016-11-16 09:24:07.0249|INFO|GameStore.Web.Controllers.GamesController|Request to GamesController.Get
8000006a-0003-ec00-b63f-84710c7967bb|2016-11-16 09:25:07.3666|INFO|GameStore.Web.Controllers.GamesController|Request to GamesController.Get
800000d9-0001-e700-b63f-84710c7967bb|2016-11-16 09:26:14.3759|INFO|GameStore.Web.Controllers.GamesController|Request to GamesController.Get
8000009e-0000-f000-b63f-84710c7967bb|2016-11-16 09:32:40.1168|INFO|GameStore.Web.Controllers.GamesController|Request to GamesController.Get
80000509-0001-fd00-b63f-84710c7967bb|2016-11-16 09:34:06.3636|INFO|GameStore.Web.Controllers.GamesController|Request to GamesController.Get
80000511-0001-fd00-b63f-84710c7967bb|2016-11-16 09:35:18.8027|INFO|GameStore.Web.Controllers.GamesController|Request to GamesController.Get
800000b4-0000-f000-b63f-84710c7967bb|2016-11-16 09:36:49.0079|INFO|GameStore.Web.Controllers.GamesController|Request to GamesController.Get
80000061-0001-e600-b63f-84710c7967bb|2016-11-16 09:38:55.7477|INFO|GameStore.Web.Controllers.GamesController|Request to GamesController.Get
8000007b-0000-f900-b63f-84710c7967bb|2016-11-16 09:39:54.7057|INFO|GameStore.Web.Controllers.GamesController|Request to GamesController.Get
80000862-0002-ec00-b63f-84710c7967bb|2016-11-16 09:42:17.3731|INFO|GameStore.Web.Controllers.GamesController|Request to GamesController.Get
80000012-0003-e200-b63f-84710c7967bb|2016-11-16 09:43:59.9534|INFO|GameStore.Web.Controllers.GamesController|Request to GamesController.Get
80000461-0000-ef00-b63f-84710c7967bb|2016-11-16 09:47:56.9620|INFO|GameStore.Web.Controllers.GamesController|Request to GamesController.Get
80000b2c-0003-e800-b63f-84710c7967bb|2016-11-16 09:48:05.1682|INFO|GameStore.Web.Controllers.GamesController|Request to GamesController.Get
8000066d-0001-eb00-b63f-84710c7967bb|2016-11-16 09:48:51.5824|INFO|GameStore.Web.Controllers.GamesController|Request to GamesController.Get
8000096b-0001-f000-b63f-84710c7967bb|2016-11-16 09:50:18.7322|INFO|GameStore.Web.Controllers.GamesController|Request to GamesController.Get
800012a3-0003-f500-b63f-84710c7967bb|2016-11-16 09:52:39.3352|INFO|GameStore.Web.Controllers.GamesController|Request to GamesController.Get
800002e6-0000-f100-b63f-84710c7967bb|2016-11-16 09:56:04.7197|INFO|GameStore.Web.Controllers.GamesController|Request to GamesController.Get
800012b4-0003-f500-b63f-84710c7967bb|2016-11-16 09:57:22.3859|INFO|GameStore.Web.Controllers.GamesController|Request to GamesController.Get
80000a67-0001-ef00-b63f-84710c7967bb|2016-11-16 10:00:04.5437|INFO|GameStore.Web.Controllers.GamesController|Request to GamesController.Get
8000093f-0001-fc00-b63f-84710c7967bb|2016-11-16 10:00:40.2189|INFO|GameStore.Web.Controllers.GamesController|Request to GamesController.Get
80000210-0002-ef00-b63f-84710c7967bb|2016-11-16 10:18:50.5322|INFO|GameStore.Web.Controllers.GamesController|Request to GamesController.Get
8000099b-0001-f000-b63f-84710c7967bb|2016-11-16 10:19:48.1379|INFO|GameStore.Web.Controllers.GamesController|Request to GamesController.Get
80000a2c-0000-f300-b63f-84710c7967bb|2016-11-16 10:20:00.5371|INFO|GameStore.Web.Controllers.GamesController|Request to GamesController.Get
8000049b-0001-e700-b63f-84710c7967bb|2016-11-16 10:21:47.1763|INFO|GameStore.Web.Controllers.GamesController|Request to GamesController.Get
80000800-0003-ee00-b63f-84710c7967bb|2016-11-16 10:24:52.0154|INFO|GameStore.Web.Controllers.GamesController|Request to GamesController.Get
8000007c-0002-fd00-b63f-84710c7967bb|2016-11-16 10:25:05.0646|INFO|GameStore.Web.Controllers.GamesController|Request to GamesController.Get
80000016-0003-e100-b63f-84710c7967bb|2016-11-16 10:27:05.4596|INFO|GameStore.Web.Controllers.GamesController|Request to GamesController.Get
8000001c-0003-e100-b63f-84710c7967bb|2016-11-16 10:27:15.8363|INFO|GameStore.Web.Controllers.GamesController|Request to GamesController.Get
8000004e-0001-fa00-b63f-84710c7967bb|2016-11-16 10:28:42.3455|INFO|GameStore.Web.Controllers.GamesController|Request to GamesController.Get
80000054-0001-fa00-b63f-84710c7967bb|2016-11-16 10:28:55.5933|INFO|GameStore.Web.Controllers.GamesController|Request to GamesController.Get
8000176b-0000-f400-b63f-84710c7967bb|2016-11-16 10:38:30.1943|INFO|GameStore.Web.Controllers.GamesController|Request to GamesController.Get
8000176f-0000-f400-b63f-84710c7967bb|2016-11-16 10:38:42.7644|INFO|GameStore.Web.Controllers.GamesController|Request to GamesController.Get
80000a50-0000-f300-b63f-84710c7967bb|2016-11-16 10:44:12.9447|INFO|GameStore.Web.Controllers.GamesController|Request to GamesController.Get
8000001b-0002-e500-b63f-84710c7967bb|2016-11-16 10:44:25.1786|INFO|GameStore.Web.Controllers.GamesController|Request to GamesController.Get
80000113-0001-f400-b63f-84710c7967bb|2016-11-16 10:55:06.1631|INFO|GameStore.Web.Controllers.GamesController|Request to GamesController.Get
800009ae-0000-f000-b63f-84710c7967bb|2016-11-16 10:57:15.6222|INFO|GameStore.Web.Controllers.GamesController|Request to GamesController.Get
80000069-0000-fb00-b63f-84710c7967bb|2016-11-16 11:03:35.0210|INFO|GameStore.Web.Controllers.GamesController|Request to GamesController.Get
800018f7-0000-f400-b63f-84710c7967bb|2016-11-16 11:09:32.5404|INFO|GameStore.Web.Controllers.GamesController|Request to GamesController.Get
80000a72-0000-f300-b63f-84710c7967bb|2016-11-16 11:13:08.5629|INFO|GameStore.Web.Controllers.GamesController|Request to GamesController.Get
8000011f-0003-e400-b63f-84710c7967bb|2016-11-16 11:15:42.8315|INFO|GameStore.Web.Controllers.GamesController|Request to GamesController.Get
800002d8-0002-f800-b63f-84710c7967bb|2016-11-16 11:18:53.2206|INFO|GameStore.Web.Controllers.GamesController|Request to GamesController.Get
800003aa-0000-f600-b63f-84710c7967bb|2016-11-16 11:19:34.9986|INFO|GameStore.Web.Controllers.GamesController|Request to GamesController.Get
8000082d-0002-e800-b63f-84710c7967bb|2016-11-16 11:22:44.9068|INFO|GameStore.Web.Controllers.GamesController|Request to GamesController.Get
8000093b-0001-e900-b63f-84710c7967bb|2016-11-16 11:23:55.5726|INFO|GameStore.Web.Controllers.GamesController|Request to GamesController.Get
8000045a-0001-ea00-b63f-84710c7967bb|2016-11-16 11:29:59.5107|INFO|GameStore.Web.Controllers.GamesController|Request to GamesController.Get
8000452f-0002-e600-b63f-84710c7967bb|2016-11-16 12:19:42.3143|INFO|GameStore.Web.Controllers.GamesController|Request to GamesController.Get
80000184-0000-ea00-b63f-84710c7967bb|2016-11-16 12:21:57.1661|INFO|GameStore.Web.Controllers.GamesController|Request to GamesController.Get
80000311-0002-f800-b63f-84710c7967bb|2016-11-16 12:27:53.3263|INFO|GameStore.Web.Controllers.GamesController|Request to GamesController.Get
8000455b-0002-e600-b63f-84710c7967bb|2016-11-16 12:31:26.5970|INFO|GameStore.Web.Controllers.GamesController|Request to GamesController.Get
8000029e-0002-ef00-b63f-84710c7967bb|2016-11-16 12:38:28.3131|INFO|GameStore.Web.Controllers.GamesController|Request to GamesController.Get
80000b2e-0001-ef00-b63f-84710c7967bb|2016-11-16 12:41:18.7740|INFO|GameStore.Web.Controllers.GamesController|Request to GamesController.Get
80000015-0000-fc00-b63f-84710c7967bb|2016-11-16 14:53:24.4944|INFO|GameStore.Web.Controllers.GamesController|Request to GamesController.Get
800001c7-0002-f400-b63f-84710c7967bb|2016-11-16 14:55:27.4008|INFO|GameStore.Web.Controllers.GamesController|Request to GamesController.Get
800013bf-0002-f300-b63f-84710c7967bb|2016-11-16 14:56:21.8984|INFO|GameStore.Web.Controllers.GamesController|Request to GamesController.Get
80001e9b-0001-f400-b63f-84710c7967bb|2016-11-16 14:57:12.2516|INFO|GameStore.Web.Controllers.GamesController|Request to GamesController.Get
80002ed5-0000-ee00-b63f-84710c7967bb|2016-11-16 14:58:33.5040|INFO|GameStore.Web.Controllers.GamesController|Request to GamesController.Get
80000569-0000-eb00-b63f-84710c7967bb|2016-11-16 15:01:54.1428|INFO|GameStore.Web.Controllers.GamesController|Request to GamesController.Get
80000133-0000-ed00-b63f-84710c7967bb|2016-11-16 15:03:16.4033|INFO|GameStore.Web.Controllers.GamesController|Request to GamesController.Get
800009ef-0002-e800-b63f-84710c7967bb|2016-11-16 15:08:51.2520|INFO|GameStore.Web.Controllers.GamesController|Request to GamesController.Get
80002b22-0002-fb00-b63f-84710c7967bb|2016-11-16 15:16:03.2284|INFO|GameStore.Web.Controllers.GamesController|Request to GamesController.Get
80001522-0001-f000-b63f-84710c7967bb|2016-11-16 15:20:30.7898|INFO|GameStore.Web.Controllers.GamesController|Request to GamesController.Get
80000154-0000-ed00-b63f-84710c7967bb|2016-11-16 15:23:41.8831|INFO|GameStore.Web.Controllers.GamesController|Request to GamesController.Get
8000002a-0001-f500-b63f-84710c7967bb|2016-11-16 15:25:13.3727|INFO|GameStore.Web.Controllers.GamesController|Request to GamesController.Get
80001058-0003-e900-b63f-84710c7967bb|2016-11-16 15:26:37.9683|INFO|GameStore.Web.Controllers.GamesController|Request to GamesController.Get
800010c1-0000-fe00-b63f-84710c7967bb|2016-11-16 15:28:34.6806|INFO|GameStore.Web.Controllers.GamesController|Request to GamesController.Get
800003cc-0000-f700-b63f-84710c7967bb|2016-11-16 15:32:11.1402|INFO|GameStore.Web.Controllers.GamesController|Request to GamesController.Get
80000379-0001-e600-b63f-84710c7967bb|2016-11-16 15:35:49.5417|INFO|GameStore.Web.Controllers.GamesController|Request to GamesController.Get
800000bc-0000-fb00-b63f-84710c7967bb|2016-11-16 18:08:10.0624|INFO|GameStore.Web.Controllers.GamesController|Request to GamesController.Update
800014e4-0001-e400-b63f-84710c7967bb|2016-11-16 18:08:14.7241|INFO|GameStore.Web.Controllers.GamesController|Request to GamesController.Update
80001467-0002-ee00-b63f-84710c7967bb|2016-11-16 18:08:47.1016|INFO|GameStore.Web.Controllers.GamesController|Request to GamesController.Update
80004621-0002-e600-b63f-84710c7967bb|2016-11-16 18:10:27.5039|INFO|GameStore.Web.Controllers.GamesController|Request to GamesController.Update
80000393-0000-ea00-b63f-84710c7967bb|2016-11-16 18:10:38.8970|INFO|GameStore.Web.Controllers.GamesController|Request to GamesController.Update
80004626-0002-e600-b63f-84710c7967bb|2016-11-16 18:10:48.8672|INFO|GameStore.Web.Controllers.GamesController|Request to GamesController.Update
800002fd-0003-e500-b63f-84710c7967bb|2016-11-16 18:12:56.0835|INFO|GameStore.Web.Controllers.GamesController|Request to GamesController.Update
800002fd-0003-e500-b63f-84710c7967bb|2016-11-16 18:12:56.0835|INFO|GameStore.Web.Controllers.GamesController|TPS
800002fd-0003-e500-b63f-84710c7967bb|2016-11-16 18:12:56.0835|INFO|GameStore.Web.Controllers.GamesController|Off-road
800002fd-0003-e500-b63f-84710c7967bb|2016-11-16 18:12:56.0835|INFO|GameStore.Web.Controllers.GamesController|Adventure
80001548-0003-e900-b63f-84710c7967bb|2016-11-16 18:17:43.4480|INFO|GameStore.Web.Controllers.GamesController|Game is created. Id  Key dfgdfg_GamesCorporation 
80000567-0002-fd00-b63f-84710c7967bb|2016-11-16 18:20:59.8289|INFO|GameStore.Web.Controllers.GamesController|Request to GamesController.Update
80001511-0001-e400-b63f-84710c7967bb|2016-11-16 18:22:12.7700|INFO|GameStore.Web.Controllers.GamesController|Request to GamesController.Update
80000c2f-0003-e700-b63f-84710c7967bb|2016-11-16 18:22:26.0091|INFO|GameStore.Web.Controllers.GamesController|Request to GamesController.Update
80002223-0002-f300-b63f-84710c7967bb|2016-11-16 18:31:37.2784|INFO|GameStore.Web.Controllers.CommentsController|Request to GameController.Index. Parameters: Key = Sims3_16in1
80000ab9-0003-f200-b63f-84710c7967bb|2016-11-16 18:31:45.9910|INFO|GameStore.Web.Controllers.CommentsController|Request to CommentsController.GetGameComments. Parameters: gameKey = Sims3_16in1
8000153b-0002-ee00-b63f-84710c7967bb|2016-11-16 18:38:31.8907|INFO|GameStore.Web.Controllers.CommentsController|Request to GameController.Index. Parameters: Key = Sims3_16in1
80000ac7-0003-f200-b63f-84710c7967bb|2016-11-16 18:38:36.5671|INFO|GameStore.Web.Controllers.CommentsController|Request to CommentsController.GetGameComments. Parameters: gameKey = Sims3_16in1
80000aca-0003-f200-b63f-84710c7967bb|2016-11-16 18:39:00.0957|INFO|GameStore.Web.Controllers.CommentsController|Request to GameController.Index. Parameters: Key = Sims3_16in1
8000152f-0001-e400-b63f-84710c7967bb|2016-11-16 18:39:04.7945|INFO|GameStore.Web.Controllers.CommentsController|Request to CommentsController.GetGameComments. Parameters: gameKey = Sims3_16in1
80002415-0000-ec00-b63f-84710c7967bb|2016-11-16 18:39:36.7543|INFO|GameStore.Web.Controllers.CommentsController|Request to GameController.Index. Parameters: Key = Sims3_16in1
80000ad4-0003-f200-b63f-84710c7967bb|2016-11-16 18:39:41.9990|INFO|GameStore.Web.Controllers.CommentsController|Request to CommentsController.GetGameComments. Parameters: gameKey = Sims3_16in1
80000b95-0003-e800-b63f-84710c7967bb|2016-11-16 18:39:47.4437|INFO|GameStore.Web.Controllers.CommentsController|Request to GamesController.Download. Parameters: gameKey = 
800010b1-0000-fc00-b63f-84710c7967bb|2016-11-16 18:40:12.7753|INFO|GameStore.Web.Controllers.GamesController|Request to GamesController.Update
80001951-0002-f500-b63f-84710c7967bb|2016-11-16 18:42:22.9896|INFO|GameStore.Web.Controllers.GamesController|Request to GamesController.Update
80000e88-0003-ec00-b63f-84710c7967bb|2016-11-16 18:42:31.2174|INFO|GameStore.Web.Controllers.GamesController|Request to GamesController.Update
80000e8d-0003-ec00-b63f-84710c7967bb|2016-11-16 18:42:44.4114|INFO|GameStore.Web.Controllers.GamesController|Game is created. Id 02a30ea4-ffa3-4bdd-8cf2-d3e2a24e3e0e Key dgfdfg_GamesCorporation 
8000065c-0000-f200-b63f-84710c7967bb|2016-11-16 18:43:12.0340|INFO|GameStore.Web.Controllers.CommentsController|Request to GameController.Index. Parameters: Key = Gta6_ThirdEdition
80000e92-0003-ec00-b63f-84710c7967bb|2016-11-16 18:43:16.3926|INFO|GameStore.Web.Controllers.CommentsController|Request to CommentsController.GetGameComments. Parameters: gameKey = Gta6_ThirdEdition
800000bd-0003-e300-b63f-84710c7967bb|2016-11-16 18:43:22.7168|INFO|GameStore.Web.Controllers.CommentsController|Request to GameController.NewComment
800000bf-0003-e300-b63f-84710c7967bb|2016-11-16 18:43:24.7746|INFO|GameStore.Web.Controllers.CommentsController|Request to CommentsController.GetGameComments. Parameters: gameKey = Gta6_ThirdEdition
80000ae9-0003-f200-b63f-84710c7967bb|2016-11-16 18:48:34.3679|INFO|GameStore.Web.Controllers.CommentsController|Request to GameController.Index. Parameters: Key = Sims3_16in1
80000793-0001-ed00-b63f-84710c7967bb|2016-11-16 18:48:36.2348|INFO|GameStore.Web.Controllers.CommentsController|Request to CommentsController.GetGameComments. Parameters: gameKey = Sims3_16in1
800003da-0003-e600-b63f-84710c7967bb|2016-11-16 18:48:40.5656|INFO|GameStore.Web.Controllers.CommentsController|Request to GameController.NewComment
800003db-0003-e600-b63f-84710c7967bb|2016-11-16 18:48:42.6299|INFO|GameStore.Web.Controllers.CommentsController|Request to CommentsController.GetGameComments. Parameters: gameKey = Sims3_16in1
