8000000d-0000-ef00-b63f-84710c7967bb|2016-11-28 09:46:18.4303|INFO|GameStore.Web.Controllers.CommentsController|Request to CommentsController.GetGameComments. Parameters: gameKey = Gta6_ThirdEdition
80000146-0000-ee00-b63f-84710c7967bb|2016-11-28 10:39:16.0328|INFO|GameStore.Web.Controllers.CommentsController|Request to GameController.Index. Parameters: Key = Game8_Game8
800000ba-0000-fd00-b63f-84710c7967bb|2016-11-28 10:46:08.4794|INFO|GameStore.Web.Controllers.CommentsController|Request to GameController.Index. Parameters: Key = 5835a55b71c151964df0b64f
8000026a-0002-f700-b63f-84710c7967bb|2016-11-28 11:00:17.9957|INFO|GameStore.Web.Controllers.CommentsController|Request to GameController.Index. Parameters: Key = Game7_Game7
8000002c-0000-f900-b63f-84710c7967bb|2016-11-28 11:01:34.6767|INFO|GameStore.Web.Controllers.CommentsController|Request to GameController.Index. Parameters: Key = 5835a55b71c151964df0b652
80000108-0003-f100-b63f-84710c7967bb|2016-11-28 11:03:17.5115|INFO|GameStore.Web.Controllers.CommentsController|Request to GameController.Index. Parameters: Key = 5835a55b71c151964df0b64e
800000b9-0002-ef00-b63f-84710c7967bb|2016-11-28 11:07:50.9129|INFO|GameStore.Web.Controllers.CommentsController|Request to GameController.Index. Parameters: Key = 5835a55b71c151964df0b64e
8000005e-0001-f200-b63f-84710c7967bb|2016-11-28 11:08:33.9358|INFO|GameStore.Web.Controllers.CommentsController|Request to GameController.Index. Parameters: Key = 5835a55b71c151964df0b64e
800000e7-0000-fd00-b63f-84710c7967bb|2016-11-28 11:10:17.7830|INFO|GameStore.Web.Controllers.CommentsController|Request to GameController.Index. Parameters: Key = 5835a55b71c151964df0b64e
8000000c-0000-ec00-b63f-84710c7967bb|2016-11-28 11:15:09.7931|INFO|GameStore.Web.Controllers.CommentsController|Request to GameController.Index. Parameters: Key = 5835a55b71c151964df0b650
800001ec-0001-ff00-b63f-84710c7967bb|2016-11-28 11:16:57.5576|INFO|GameStore.Web.Controllers.CommentsController|Request to GameController.Index. Parameters: Key = 5835a55b71c151964df0b650
80000045-0000-fe00-b63f-84710c7967bb|2016-11-28 11:18:41.6800|INFO|GameStore.Web.Controllers.CommentsController|Request to GameController.Index. Parameters: Key = 5835a55b71c151964df0b650
8000004b-0003-eb00-b63f-84710c7967bb|2016-11-28 11:46:34.6912|INFO|GameStore.Web.Controllers.CommentsController|Request to GameController.Index. Parameters: Key = 5835a55b71c151964df0b64f
800009e4-0000-ed00-b63f-84710c7967bb|2016-11-28 11:55:38.8218|INFO|GameStore.Web.Controllers.CommentsController|Request to GameController.Index. Parameters: Key = 5835a55b71c151964df0b650
800001a6-0000-e900-b63f-84710c7967bb|2016-11-28 12:01:19.3468|INFO|GameStore.Web.Controllers.CommentsController|Request to GameController.Index. Parameters: Key = 5835a55b71c151964df0b651
800000e3-0001-ee00-b63f-84710c7967bb|2016-11-28 13:57:20.4567|INFO|GameStore.Web.Controllers.GamesController|Game is created. Id 06532d04-a424-45ce-b474-d5591467d2e8 Key try_GamesCorporation 
800000e8-0001-ee00-b63f-84710c7967bb|2016-11-28 13:57:34.2645|INFO|GameStore.Web.Controllers.GamesController|Request to GamesController.Update
80000090-0003-e700-b63f-84710c7967bb|2016-11-28 14:02:01.9080|INFO|GameStore.Web.Controllers.GamesController|Request to GamesController.Update
80000095-0003-e700-b63f-84710c7967bb|2016-11-28 14:02:10.2764|INFO|GameStore.Web.Controllers.GamesController|Request to GamesController.Update
8000009c-0003-e700-b63f-84710c7967bb|2016-11-28 14:02:20.4788|INFO|GameStore.Web.Controllers.GamesController|Request to GamesController.Update
800000a1-0003-e700-b63f-84710c7967bb|2016-11-28 14:02:28.1578|INFO|GameStore.Web.Controllers.GamesController|Request to GamesController.Update
80000398-0000-ec00-b63f-84710c7967bb|2016-11-28 14:07:50.2797|INFO|GameStore.Web.Controllers.GamesController|Game is created. Id 81cf0fa2-dbad-4e59-87bb-1b26bfcb2a9f Key fgfdg_Svensk Sjöföda AB 
8000039d-0000-ec00-b63f-84710c7967bb|2016-11-28 14:08:22.0003|INFO|GameStore.Web.Controllers.GamesController|Game is created. Id 74b3adcd-054c-4073-957e-fdf3db61919f Key fdgdfg_New England Seafood Cannery 
8000052a-0000-f100-b63f-84710c7967bb|2016-11-28 14:09:33.9781|INFO|GameStore.Web.Controllers.GamesController|Game is created. Id 9578f75d-9e45-474f-90eb-a48612e458f2 Key sdfsdf_GamesCorporation 
80000337-0000-f800-b63f-84710c7967bb|2016-11-28 14:17:25.6303|INFO|GameStore.Web.Controllers.GamesController|Game is created. Id b3484e2c-7824-4412-bc73-89c5a6731641 Key dsfgsdf_GamesCorporation 
80000051-0002-ec00-b63f-84710c7967bb|2016-11-28 14:19:55.5583|INFO|GameStore.Web.Controllers.GamesController|Game is created. Id fbfbb7d5-83c7-482b-aaa3-2c3ef02309ca Key DFGDF_GamesCorporation 
8000017a-0003-f100-b63f-84710c7967bb|2016-11-28 14:22:22.8262|INFO|GameStore.Web.Controllers.GamesController|Game is created. Id 733878d7-5c0d-4ea2-9628-84933c327e23 Key dfgdf_GamesCorporation 
80000498-0002-f700-b63f-84710c7967bb|2016-11-28 14:24:12.6282|INFO|GameStore.Web.Controllers.GamesController|Game is created. Id 3fb02126-b477-4f21-af81-603f87ba3407 Key dfgdf_GamesCorporation 
80000191-0003-f100-b63f-84710c7967bb|2016-11-28 14:25:32.5984|INFO|GameStore.Web.Controllers.GamesController|Game is created. Id 59560636-9967-4fbf-bfe6-227c573f1c3b Key sdfs_GamesCorporation 
8000030e-0000-f700-b63f-84710c7967bb|2016-11-28 14:26:22.7959|INFO|GameStore.Web.Controllers.GamesController|Game is created. Id cd6e64d9-c91c-4d4b-bdb0-4482cf620518 Key dfgdf_GamesCorporation 
80000313-0000-f700-b63f-84710c7967bb|2016-11-28 14:26:33.5553|INFO|GameStore.Web.Controllers.GamesController|Game is created. Id e8d1b86d-15cd-441f-aa70-805892b01c1a Key aaaaa_GamesCorporation 
80000318-0000-f700-b63f-84710c7967bb|2016-11-28 14:26:45.1421|INFO|GameStore.Web.Controllers.GamesController|Game is created. Id 9ae4a3ea-7852-4718-b2ab-cc95317c8a45 Key sdfs_GamesCorporation 
80000ce9-0000-f900-b63f-84710c7967bb|2016-11-28 14:35:08.7295|INFO|GameStore.Web.Controllers.GamesController|Game is created. Id ff28666f-81e5-4684-a800-d79b17f578f2 Key xcvxc_GamesCorporation 
8000027c-0000-ff00-b63f-84710c7967bb|2016-11-28 14:36:37.9033|INFO|GameStore.Web.Controllers.GamesController|Game is created. Id 58e6090a-1494-4a74-886e-40c258b454fe Key dfgd_GamesCorporation 
800002c5-0001-ff00-b63f-84710c7967bb|2016-11-28 14:41:06.9818|INFO|GameStore.Web.Controllers.GamesController|Game is created. Id 9c1948d5-8369-4aca-8b7d-5686e308d482 Key sdfs_GamesCorporation 
800002ca-0001-ff00-b63f-84710c7967bb|2016-11-28 14:41:16.2774|INFO|GameStore.Web.Controllers.GamesController|Game is created. Id 8f32b594-715e-4584-a2a6-3e8a6d0fd989 Key dsfs_GamesCorporation 
800002cf-0001-ff00-b63f-84710c7967bb|2016-11-28 14:41:37.0406|INFO|GameStore.Web.Controllers.GamesController|Game is created. Id 2c2370f1-ab35-4a80-9a24-a90ccbb174be Key sdfsaaa_GamesCorporation 
800002e1-0001-ff00-b63f-84710c7967bb|2016-11-28 14:43:16.9658|INFO|GameStore.Web.Controllers.GamesController|Game is created. Id eb435442-295a-439c-817f-82b0d9e8582b Key aaaa_GamesCorporation 
80000706-0000-ee00-b63f-84710c7967bb|2016-11-28 14:54:53.2725|INFO|GameStore.Web.Controllers.GamesController|Game is created. Id 7eaa2f73-11ea-45bf-b488-a2d1c703e139 Key xcvx_GamesCorporation 
8000032e-0002-f300-b63f-84710c7967bb|2016-11-28 14:56:06.1704|INFO|GameStore.Web.Controllers.GamesController|Game is created. Id b673351a-e6ce-485e-94e2-a1e4b7fed2f3 Key dfgd_GamesCorporation 
8000057c-0000-f100-b63f-84710c7967bb|2016-11-28 14:58:33.8801|INFO|GameStore.Web.Controllers.GamesController|Game is created. Id 15bfc3b1-981a-4cf4-916b-0aa35eea56fc Key sdfs_GamesCorporation 
80000581-0000-f100-b63f-84710c7967bb|2016-11-28 14:58:44.9801|INFO|GameStore.Web.Controllers.GamesController|Game is created. Id b80c4848-970b-4e5e-896a-4b211f87cc11 Key dsfsaaa_GamesCorporation 
800004db-0001-fc00-b63f-84710c7967bb|2016-11-28 15:00:51.6502|INFO|GameStore.Web.Controllers.GamesController|Game is created. Id f49c2935-1f64-4089-8d04-972ab371636b Key dsf_GamesCorporation 
800000e5-0003-eb00-b63f-84710c7967bb|2016-11-28 15:05:57.2945|INFO|GameStore.Web.Controllers.GamesController|Game is created. Id 8ac698cb-4301-431a-9084-0ff88db0c30b Key sdfs_GamesCorporation 
800000ea-0003-eb00-b63f-84710c7967bb|2016-11-28 15:06:11.3863|INFO|GameStore.Web.Controllers.GamesController|Game is created. Id e0da0367-6b10-4bf9-b383-1db76c5b7098 Key sdf_GamesCorporation 
800000ea-0003-e700-b63f-84710c7967bb|2016-11-28 15:09:50.5433|INFO|GameStore.Web.Controllers.GamesController|Game is created. Id 0faa7a0a-ba93-4c0a-849a-179a37ae5103 Key dfgd_GamesCorporation 
80000fca-0000-fd00-b63f-84710c7967bb|2016-11-28 15:10:49.2464|INFO|GameStore.Web.Controllers.GamesController|Game is created. Id ecfd53e7-7381-4bce-b39c-eceab7361708 Key dsfs_GamesCorporation 
800000e3-0003-e800-b63f-84710c7967bb|2016-11-28 15:13:10.6657|INFO|GameStore.Web.Controllers.GamesController|Game is created. Id 47e14133-b792-49c3-b39d-e3653265187f Key dfgd_GamesCorporation 
800000e8-0003-e800-b63f-84710c7967bb|2016-11-28 15:13:20.7875|INFO|GameStore.Web.Controllers.GamesController|Game is created. Id a3986285-86db-458c-bfc1-9a990c379d62 Key dsgfsd_GamesCorporation 
800000ed-0003-e800-b63f-84710c7967bb|2016-11-28 15:13:38.5179|INFO|GameStore.Web.Controllers.GamesController|Game is created. Id 12ccd5b6-24c8-48c3-a60a-0f35244cdcd5 Key sasasa_GamesCorporation 
800000f2-0003-e800-b63f-84710c7967bb|2016-11-28 15:13:52.8785|INFO|GameStore.Web.Controllers.GamesController|Game is created. Id b1f7df8a-8c9f-48fe-ab85-283a68e8eadb Key xcvxcv_GamesCorporation 
800007bc-0001-f900-b63f-84710c7967bb|2016-11-28 15:23:50.0408|INFO|GameStore.Web.Controllers.GamesController|Game is created. Id dcd02b6b-b186-4caf-8f9c-8fdb6f9bc64d Key sdfs_GamesCorporation 
80000d88-0000-f900-b63f-84710c7967bb|2016-11-28 15:25:00.5174|INFO|GameStore.Web.Controllers.GamesController|Game is created. Id 290f663b-9529-4927-bebb-cc25e1121b18 Key dsfsd_Pasta Buttini s.r.l. 
80000d8d-0000-f900-b63f-84710c7967bb|2016-11-28 15:25:16.6394|INFO|GameStore.Web.Controllers.GamesController|Game is created. Id 4728d458-d5b4-4a29-bd54-c5fb0fbc736e Key dsfsd_Svensk Sjöföda AB 
80000d92-0000-f900-b63f-84710c7967bb|2016-11-28 15:25:36.9349|INFO|GameStore.Web.Controllers.GamesController|Game is created. Id 9636e3e7-2126-4fbb-b8fd-10dca5b64b39 Key sdfsdfas_Pasta Buttini s.r.l. 
80000da4-0000-f900-b63f-84710c7967bb|2016-11-28 15:26:16.9803|INFO|GameStore.Web.Controllers.CommentsController|Request to GameController.Index. Parameters: Key = Gta6_ThirdEdition
8000047c-0001-f100-b63f-84710c7967bb|2016-11-28 15:28:25.4452|INFO|GameStore.Web.Controllers.GamesController|Game is created. Id 5c52ab4b-818d-4973-aca0-a5afbd496670 Key dsffa_GamesCorporation 
8000047f-0001-f100-b63f-84710c7967bb|2016-11-28 15:28:30.5384|INFO|GameStore.Web.Controllers.CommentsController|Request to GameController.Index. Parameters: Key = dsffa_GamesCorporation
80000483-0001-f100-b63f-84710c7967bb|2016-11-28 15:28:47.3544|INFO|GameStore.Web.Controllers.GamesController|Game is created. Id d60343cb-d42f-4c7f-aee5-476ab5d84a86 Key sdfssdf_GamesCorporation 
80000486-0001-f100-b63f-84710c7967bb|2016-11-28 15:28:56.7351|INFO|GameStore.Web.Controllers.CommentsController|Request to GameController.Index. Parameters: Key = sdfssdf_GamesCorporation
80000488-0001-f100-b63f-84710c7967bb|2016-11-28 15:29:13.8200|INFO|GameStore.Web.Controllers.CommentsController|Request to GameController.Index. Parameters: Key = sdfssdf_GamesCorporation
800001e4-0000-eb00-b63f-84710c7967bb|2016-11-28 15:31:13.4649|INFO|GameStore.Web.Controllers.GamesController|Game is created. Id 69913958-8845-4382-a98d-c033d23213f4 Key asdas_Aux joyeux ecclésiastiques 
800001fa-0000-eb00-b63f-84710c7967bb|2016-11-28 15:34:03.0710|INFO|GameStore.Web.Controllers.GamesController|Game is created. Id 69d30fa9-14ec-44d8-833e-60f2763c8f71 Key sdfsdf_Bigfoot Breweries 
80000200-0000-eb00-b63f-84710c7967bb|2016-11-28 15:34:09.9618|INFO|GameStore.Web.Controllers.CommentsController|Request to GameController.Index. Parameters: Key = Game3
80000204-0000-eb00-b63f-84710c7967bb|2016-11-28 15:34:35.1716|INFO|GameStore.Web.Controllers.GamesController|Game is created. Id bf50c3d5-a694-4b58-9d9e-5f602b4b6755 Key dfgd_GamesCorporation 
80000207-0000-eb00-b63f-84710c7967bb|2016-11-28 15:34:40.3475|INFO|GameStore.Web.Controllers.CommentsController|Request to GameController.Index. Parameters: Key = dfgd_GamesCorporation
800006fb-0002-e500-b63f-84710c7967bb|2016-11-28 15:36:39.3915|INFO|GameStore.Web.Controllers.GamesController|Game is created. Id d856d260-845b-427a-8641-9797bb3ee003 Key dfgdf_Aux joyeux ecclésiastiques 
80000a9f-0002-f700-b63f-84710c7967bb|2016-11-28 15:40:49.0109|INFO|GameStore.Web.Controllers.GamesController|Game is created. Id 6d55df70-387c-4c7b-9bb7-ffd4168eab77 Key sdfs_Bigfoot Breweries 
80000aa6-0002-f700-b63f-84710c7967bb|2016-11-28 15:41:02.3569|INFO|GameStore.Web.Controllers.CommentsController|Request to GameController.Index. Parameters: Key = Game8_Game8
80000aaa-0002-f700-b63f-84710c7967bb|2016-11-28 15:41:27.4551|INFO|GameStore.Web.Controllers.CommentsController|Request to GameController.Index. Parameters: Key = Game3
80000aae-0002-f700-b63f-84710c7967bb|2016-11-28 15:41:43.5818|INFO|GameStore.Web.Controllers.GamesController|Game is created. Id 681d1728-25c8-4e71-acc2-03331087cf88 Key dfgd_GamesCorporation 
80000ab1-0002-f700-b63f-84710c7967bb|2016-11-28 15:41:52.8947|INFO|GameStore.Web.Controllers.CommentsController|Request to GameController.Index. Parameters: Key = dfgd_GamesCorporation
80000ea3-0001-f100-b63f-84710c7967bb|2016-11-28 15:47:38.4681|INFO|GameStore.Web.Controllers.GamesController|Game is created. Id ff457f8a-f667-4d4d-a2af-4d1a23578dad Key dfgd_Svensk Sjöföda AB 
8000086d-0001-fc00-b63f-84710c7967bb|2016-11-28 15:49:18.0933|INFO|GameStore.Web.Controllers.GamesController|Game is created. Id f93f24e8-c80c-4377-8bf1-2c0a46d2e56e Key sdfs_Formaggi Fortini s.r.l. 
80000872-0001-fc00-b63f-84710c7967bb|2016-11-28 15:49:23.2341|INFO|GameStore.Web.Controllers.CommentsController|Request to GameController.Index. Parameters: Key = Game5_Game5
800006db-0000-f000-b63f-84710c7967bb|2016-11-28 15:50:31.7487|INFO|GameStore.Web.Controllers.GamesController|Request to GamesController.Update
800006e0-0000-f000-b63f-84710c7967bb|2016-11-28 15:50:43.9539|INFO|GameStore.Web.Controllers.GamesController|Request to GamesController.Update
800006e3-0000-f000-b63f-84710c7967bb|2016-11-28 15:50:51.2837|INFO|GameStore.Web.Controllers.CommentsController|Request to GameController.Index. Parameters: Key = Game6_Game6
80001013-0000-fd00-b63f-84710c7967bb|2016-11-28 16:20:41.5735|INFO|GameStore.Web.Controllers.GamesController|Game is created. Id e5aa2d59-c7fb-4509-a567-6fd61b9dec47 Key dfgd_Svensk Sjöföda AB 
8000101e-0000-fd00-b63f-84710c7967bb|2016-11-28 16:20:57.3384|INFO|GameStore.Web.Controllers.GamesController|Game is created. Id f31bfacf-b595-441c-ae8a-29f6532a4016 Key dfgdf_GamesCorporation 
80001021-0000-fd00-b63f-84710c7967bb|2016-11-28 16:21:01.3191|INFO|GameStore.Web.Controllers.CommentsController|Request to GameController.Index. Parameters: Key = dfgdf_GamesCorporation
80000727-0003-e400-b63f-84710c7967bb|2016-11-28 16:24:05.7005|INFO|GameStore.Web.Controllers.GamesController|Game is created. Id 6af6b512-649f-4d60-9d4d-8e60b1160812 Key dfgd_Svensk Sjöföda AB 
80000943-0000-f800-b63f-84710c7967bb|2016-11-28 16:25:33.3958|INFO|GameStore.Web.Controllers.GamesController|Game is created. Id 6b56e4ab-9655-42f2-ae6c-2f8e1a2f3702 Key dfgd_Bigfoot Breweries 
8000073b-0003-e400-b63f-84710c7967bb|2016-11-28 16:34:40.4377|INFO|GameStore.Web.Controllers.GamesController|Game is created. Id b659dca0-c991-4285-aedd-cbe334e59df9 Key fdgdfg_Aux joyeux ecclésiastiques 
800016e2-0001-f300-b63f-84710c7967bb|2016-11-28 16:37:31.8494|INFO|GameStore.Web.Controllers.GamesController|Game is created. Id 83805cf7-3680-48a1-9b61-2807374c3f71 Key sdfsd 
800016e5-0001-f300-b63f-84710c7967bb|2016-11-28 16:37:34.9668|INFO|GameStore.Web.Controllers.CommentsController|Request to GameController.Index. Parameters: Key = sdfsd
80001ac3-0000-f300-b63f-84710c7967bb|2016-11-28 16:38:52.8466|INFO|GameStore.Web.Controllers.GamesController|Game is created. Id 7be2320f-3115-4024-8a67-642421815752 Key sdfs_Svensk Sjöföda AB 
80000929-0002-f100-b63f-84710c7967bb|2016-11-28 16:40:09.4465|INFO|GameStore.Web.Controllers.GamesController|Game is created. Id 36f9d7ac-edb9-482a-8d73-ea1cf61e0c06 Key dsfsd_Svensk Sjöföda AB 
800004f6-0000-f400-b63f-84710c7967bb|2016-11-28 16:44:42.1152|INFO|GameStore.Web.Controllers.GamesController|Game is created. Id badf95fc-f443-41be-806d-f21bd5990d35 Key dfgd 
800004f9-0000-f400-b63f-84710c7967bb|2016-11-28 16:44:46.0491|INFO|GameStore.Web.Controllers.CommentsController|Request to GameController.Index. Parameters: Key = dfgd
800004ff-0000-f400-b63f-84710c7967bb|2016-11-28 16:45:05.6220|INFO|GameStore.Web.Controllers.GamesController|Game is created. Id 92f69b29-2171-46e5-ae86-b82e95563506 Key dfhsg 
80000504-0000-f400-b63f-84710c7967bb|2016-11-28 16:45:21.2226|INFO|GameStore.Web.Controllers.CommentsController|Request to GameController.Index. Parameters: Key = dfhsg
800000e8-0003-e200-b63f-84710c7967bb|2016-11-28 16:48:00.7881|INFO|GameStore.Web.Controllers.GamesController|Request to GamesController.Update
800000eb-0003-e200-b63f-84710c7967bb|2016-11-28 16:48:04.9754|INFO|GameStore.Web.Controllers.CommentsController|Request to GameController.Index. Parameters: Key = Game8_Game8
800000ed-0003-e200-b63f-84710c7967bb|2016-11-28 16:48:10.7315|INFO|GameStore.Web.Controllers.CommentsController|Request to GameController.Index. Parameters: Key = Game8_Game8
800000f1-0003-e200-b63f-84710c7967bb|2016-11-28 16:48:16.9902|INFO|GameStore.Web.Controllers.GamesController|Request to GamesController.Update
800000f4-0003-e200-b63f-84710c7967bb|2016-11-28 16:48:20.2190|INFO|GameStore.Web.Controllers.CommentsController|Request to GameController.Index. Parameters: Key = Game8_Game8
8000019c-0001-f500-b63f-84710c7967bb|2016-11-28 16:51:18.3972|INFO|GameStore.Web.Controllers.GamesController|Request to GamesController.Update
80000163-0003-e800-b63f-84710c7967bb|2016-11-28 16:53:28.6973|INFO|GameStore.Web.Controllers.GamesController|Request to GamesController.Update
80001ae5-0000-f300-b63f-84710c7967bb|2016-11-28 16:55:40.9057|INFO|GameStore.Web.Controllers.GamesController|Request to GamesController.Update
80001aea-0000-f300-b63f-84710c7967bb|2016-11-28 16:55:46.0730|INFO|GameStore.Web.Controllers.GamesController|Request to GamesController.Update
80000441-0001-f600-b63f-84710c7967bb|2016-11-28 16:58:26.4088|INFO|GameStore.Web.Controllers.GamesController|Request to GamesController.Update
80000446-0001-f600-b63f-84710c7967bb|2016-11-28 16:58:34.5669|INFO|GameStore.Web.Controllers.GamesController|Request to GamesController.Update
8000044b-0001-f600-b63f-84710c7967bb|2016-11-28 16:58:41.5915|INFO|GameStore.Web.Controllers.GamesController|Request to GamesController.Update
800008e6-0001-fc00-b63f-84710c7967bb|2016-11-28 16:59:49.2077|INFO|GameStore.Web.Controllers.GamesController|Request to GamesController.Update
80000b1a-0001-fb00-b63f-84710c7967bb|2016-11-28 17:05:29.6883|INFO|GameStore.Web.Controllers.GamesController|Request to GamesController.Update
80000b1f-0001-fb00-b63f-84710c7967bb|2016-11-28 17:05:35.5512|INFO|GameStore.Web.Controllers.GamesController|Request to GamesController.Update
800008f7-0001-fc00-b63f-84710c7967bb|2016-11-28 17:12:57.6379|INFO|GameStore.Web.Controllers.GamesController|Request to GamesController.Update
80000d89-0002-e400-b63f-84710c7967bb|2016-11-28 17:15:37.6663|INFO|GameStore.Web.Controllers.GamesController|Request to GamesController.Update
80000d8e-0002-e400-b63f-84710c7967bb|2016-11-28 17:15:49.5239|INFO|GameStore.Web.Controllers.GamesController|Request to GamesController.Update
80001bdd-0000-ed00-b63f-84710c7967bb|2016-11-28 17:20:53.5183|INFO|GameStore.Web.Controllers.GamesController|Request to GamesController.Update
80001be2-0000-ed00-b63f-84710c7967bb|2016-11-28 17:20:58.9148|INFO|GameStore.Web.Controllers.GamesController|Request to GamesController.Update
800007b0-0001-f200-b63f-84710c7967bb|2016-11-28 17:23:52.8681|INFO|GameStore.Web.Controllers.GamesController|Request to GamesController.Update
800007b5-0001-f200-b63f-84710c7967bb|2016-11-28 17:23:58.7637|INFO|GameStore.Web.Controllers.GamesController|Request to GamesController.Update
80000a67-0002-ea00-b63f-84710c7967bb|2016-11-28 17:25:41.5424|INFO|GameStore.Web.Controllers.GamesController|Request to GamesController.Update
800016ec-0000-fe00-b63f-84710c7967bb|2016-11-28 17:26:35.4470|INFO|GameStore.Web.Controllers.GamesController|Request to GamesController.Update
80000975-0000-f800-b63f-84710c7967bb|2016-11-28 17:31:13.2462|INFO|GameStore.Web.Controllers.GamesController|Request to GamesController.Update
800003a5-0001-f500-b63f-84710c7967bb|2016-11-28 17:32:56.1681|INFO|GameStore.Web.Controllers.GamesController|Request to GamesController.Update
80001044-0000-f900-b63f-84710c7967bb|2016-11-28 17:35:43.7384|INFO|GameStore.Web.Controllers.GamesController|Request to GamesController.Update
8000007a-0001-e900-b63f-84710c7967bb|2016-11-28 17:36:39.0829|INFO|GameStore.Web.Controllers.GamesController|Request to GamesController.Update
80000d2a-0002-e900-b63f-84710c7967bb|2016-11-28 17:39:51.5057|INFO|GameStore.Web.Controllers.GamesController|Request to GamesController.Update
800000a3-0001-e900-b63f-84710c7967bb|2016-11-28 17:43:21.8647|INFO|GameStore.Web.Controllers.GamesController|Request to GamesController.Update
80000ec7-0003-ec00-b63f-84710c7967bb|2016-11-28 19:04:12.0868|INFO|GameStore.Web.Controllers.GamesController|Game is created. Id bda7daac-2865-4789-ba67-73ee31b018e7 Key dfgdf 
80001a61-0000-f400-b63f-84710c7967bb|2016-11-28 19:10:26.3104|INFO|GameStore.Web.Controllers.GamesController|Request to GamesController.Update
80001a63-0000-f400-b63f-84710c7967bb|2016-11-28 19:10:28.6212|INFO|GameStore.Web.Controllers.GamesController|Request to GamesController.Update
80001a65-0000-f400-b63f-84710c7967bb|2016-11-28 19:10:33.2773|INFO|GameStore.Web.Controllers.GamesController|Request to GamesController.Update
8000096c-0003-f500-b63f-84710c7967bb|2016-11-28 19:11:02.1175|INFO|GameStore.Web.Controllers.GamesController|Request to GamesController.Update
80000971-0003-f500-b63f-84710c7967bb|2016-11-28 19:11:14.8203|INFO|GameStore.Web.Controllers.GamesController|Request to GamesController.Update
80000976-0003-f500-b63f-84710c7967bb|2016-11-28 19:11:40.5726|INFO|GameStore.Web.Controllers.GamesController|Request to GamesController.Update
8000097b-0003-f500-b63f-84710c7967bb|2016-11-28 19:11:50.3709|INFO|GameStore.Web.Controllers.GamesController|Request to GamesController.Update
80000980-0003-f500-b63f-84710c7967bb|2016-11-28 19:11:56.4590|INFO|GameStore.Web.Controllers.GamesController|Request to GamesController.Update
80000cdc-0000-eb00-b63f-84710c7967bb|2016-11-28 19:20:43.4141|INFO|GameStore.Web.Controllers.GamesController|Request to GamesController.Update
80001e99-0000-ef00-b63f-84710c7967bb|2016-11-28 19:34:37.1310|INFO|GameStore.Web.Controllers.GamesController|Request to GamesController.Update
80000016-0002-e300-b63f-84710c7967bb|2016-11-28 19:35:07.9126|INFO|GameStore.Web.Controllers.GamesController|Request to GamesController.Update
80000018-0002-e300-b63f-84710c7967bb|2016-11-28 19:35:09.7853|INFO|GameStore.Web.Controllers.GamesController|Request to GamesController.Update
80001311-0002-f200-b63f-84710c7967bb|2016-11-28 19:36:44.5717|INFO|GameStore.Web.Controllers.GamesController|Request to GamesController.Update
80000020-0002-e300-b63f-84710c7967bb|2016-11-28 19:46:21.0747|INFO|GameStore.Web.Controllers.GamesController|Request to GamesController.Update
80000022-0002-e300-b63f-84710c7967bb|2016-11-28 19:46:23.1474|INFO|GameStore.Web.Controllers.GamesController|Request to GamesController.Update
80001a9f-0000-f400-b63f-84710c7967bb|2016-11-28 19:47:19.0326|INFO|GameStore.Web.Controllers.GamesController|Request to GamesController.Update
800021ef-0000-ed00-b63f-84710c7967bb|2016-11-28 19:49:31.4185|INFO|GameStore.Web.Controllers.GamesController|Request to GamesController.Update
800021f1-0000-ed00-b63f-84710c7967bb|2016-11-28 19:49:34.2570|INFO|GameStore.Web.Controllers.GamesController|Request to GamesController.Update
