8000000b-0001-f500-b63f-84710c7967bb|2016-11-18 12:42:49.3165|DEBUG|GameStore.BLL.Services.GameStoreService|Getting all Games. Returned 2  Games.
8000000b-0001-f500-b63f-84710c7967bb|2016-11-18 12:42:49.4093|DEBUG|GameStore.BLL.Services.GameStoreService|Getting all Genres. Returned 16  Genres.
8000000b-0001-f500-b63f-84710c7967bb|2016-11-18 12:42:49.4278|DEBUG|GameStore.BLL.Services.GameStoreService|Getting all Publishers. Returned 1  Publishers.
8000000b-0001-f500-b63f-84710c7967bb|2016-11-18 12:42:49.4278|DEBUG|GameStore.BLL.Services.GameStoreService|Getting all Publishers. Returned 1  Publishers.
80000017-0000-f100-b63f-84710c7967bb|2016-11-18 12:44:41.6273|DEBUG|GameStore.BLL.Services.GameStoreService|Getting all Games. Returned 2  Games.
80000017-0000-f100-b63f-84710c7967bb|2016-11-18 12:44:41.6966|DEBUG|GameStore.BLL.Services.GameStoreService|Getting all Genres. Returned 16  Genres.
80000017-0000-f100-b63f-84710c7967bb|2016-11-18 12:44:41.7196|DEBUG|GameStore.BLL.Services.GameStoreService|Getting all Publishers. Returned 1  Publishers.
80000017-0000-f100-b63f-84710c7967bb|2016-11-18 12:44:41.7246|DEBUG|GameStore.BLL.Services.GameStoreService|Getting all Publishers. Returned 1  Publishers.
80000014-0002-f400-b63f-84710c7967bb|2016-11-18 12:45:37.9657|DEBUG|GameStore.BLL.Services.GameStoreService|Getting all Games. Returned 2  Games.
80000014-0002-f400-b63f-84710c7967bb|2016-11-18 12:45:38.0437|DEBUG|GameStore.BLL.Services.GameStoreService|Getting all Genres. Returned 16  Genres.
80000014-0002-f400-b63f-84710c7967bb|2016-11-18 12:45:38.0617|DEBUG|GameStore.BLL.Services.GameStoreService|Getting all Publishers. Returned 1  Publishers.
80000014-0002-f400-b63f-84710c7967bb|2016-11-18 12:45:38.0617|DEBUG|GameStore.BLL.Services.GameStoreService|Getting all Publishers. Returned 1  Publishers.
8000000b-0000-ef00-b63f-84710c7967bb|2016-11-18 12:52:24.5713|DEBUG|GameStore.BLL.Services.GameStoreService|Getting all Games. Returned 2  Games.
8000000b-0000-ef00-b63f-84710c7967bb|2016-11-18 12:52:24.6480|DEBUG|GameStore.BLL.Services.GameStoreService|Getting all Genres. Returned 16  Genres.
8000000b-0000-ef00-b63f-84710c7967bb|2016-11-18 12:52:24.6650|DEBUG|GameStore.BLL.Services.GameStoreService|Getting all Publishers. Returned 1  Publishers.
8000000b-0000-ef00-b63f-84710c7967bb|2016-11-18 12:52:24.6650|DEBUG|GameStore.BLL.Services.GameStoreService|Getting all Publishers. Returned 1  Publishers.
8000018c-0001-e700-b63f-84710c7967bb|2016-11-18 12:53:46.6811|DEBUG|GameStore.BLL.Services.GameStoreService|Getting all Games. Returned 2  Games.
8000018c-0001-e700-b63f-84710c7967bb|2016-11-18 12:53:46.7661|DEBUG|GameStore.BLL.Services.GameStoreService|Getting all Genres. Returned 16  Genres.
8000018c-0001-e700-b63f-84710c7967bb|2016-11-18 12:53:46.7877|DEBUG|GameStore.BLL.Services.GameStoreService|Getting all Publishers. Returned 1  Publishers.
8000018c-0001-e700-b63f-84710c7967bb|2016-11-18 12:53:46.7877|DEBUG|GameStore.BLL.Services.GameStoreService|Getting all Publishers. Returned 1  Publishers.
80000197-0001-f500-b63f-84710c7967bb|2016-11-18 12:55:22.0152|DEBUG|GameStore.BLL.Services.GameStoreService|Getting all Games. Returned 2  Games.
80000197-0001-f500-b63f-84710c7967bb|2016-11-18 12:55:22.1013|DEBUG|GameStore.BLL.Services.GameStoreService|Getting all Genres. Returned 16  Genres.
80000197-0001-f500-b63f-84710c7967bb|2016-11-18 12:55:22.1203|DEBUG|GameStore.BLL.Services.GameStoreService|Getting all Publishers. Returned 1  Publishers.
80000197-0001-f500-b63f-84710c7967bb|2016-11-18 12:55:22.1203|DEBUG|GameStore.BLL.Services.GameStoreService|Getting all Publishers. Returned 1  Publishers.
80000037-0002-fd00-b63f-84710c7967bb|2016-11-18 13:00:44.5750|DEBUG|GameStore.BLL.Services.GameStoreService|Getting all Games. Returned 2  Games.
80000037-0002-fd00-b63f-84710c7967bb|2016-11-18 13:00:44.6518|DEBUG|GameStore.BLL.Services.GameStoreService|Getting all Genres. Returned 16  Genres.
80000037-0002-fd00-b63f-84710c7967bb|2016-11-18 13:00:44.6698|DEBUG|GameStore.BLL.Services.GameStoreService|Getting all Publishers. Returned 1  Publishers.
80000037-0002-fd00-b63f-84710c7967bb|2016-11-18 13:00:44.6698|DEBUG|GameStore.BLL.Services.GameStoreService|Getting all Publishers. Returned 1  Publishers.
80000023-0003-f700-b63f-84710c7967bb|2016-11-18 13:05:24.6604|DEBUG|GameStore.BLL.Services.GameStoreService|Getting all Games. Returned 2  Games.
80000023-0003-f700-b63f-84710c7967bb|2016-11-18 13:05:24.7286|DEBUG|GameStore.BLL.Services.GameStoreService|Getting all Genres. Returned 16  Genres.
80000023-0003-f700-b63f-84710c7967bb|2016-11-18 13:05:24.7477|DEBUG|GameStore.BLL.Services.GameStoreService|Getting all Publishers. Returned 1  Publishers.
80000023-0003-f700-b63f-84710c7967bb|2016-11-18 13:05:24.7747|DEBUG|GameStore.BLL.Services.GameStoreService|Getting all PlatformTypes. Returned 4  PlatformTypes.
800001a0-0001-e700-b63f-84710c7967bb|2016-11-18 13:07:34.2315|DEBUG|GameStore.BLL.Services.GameStoreService|Getting all Games. Returned 2  Games.
800001a0-0001-e700-b63f-84710c7967bb|2016-11-18 13:07:34.2984|DEBUG|GameStore.BLL.Services.GameStoreService|Getting all Genres. Returned 16  Genres.
800001a0-0001-e700-b63f-84710c7967bb|2016-11-18 13:07:34.3164|DEBUG|GameStore.BLL.Services.GameStoreService|Getting all Publishers. Returned 1  Publishers.
800001a0-0001-e700-b63f-84710c7967bb|2016-11-18 13:07:34.3394|DEBUG|GameStore.BLL.Services.GameStoreService|Getting all PlatformTypes. Returned 4  PlatformTypes.
80000008-0002-ef00-b63f-84710c7967bb|2016-11-18 13:12:27.7332|DEBUG|GameStore.BLL.Services.GameStoreService|Getting all Games. Returned 2  Games.
80000008-0002-ef00-b63f-84710c7967bb|2016-11-18 13:12:27.8012|DEBUG|GameStore.BLL.Services.GameStoreService|Getting all Genres. Returned 16  Genres.
80000008-0002-ef00-b63f-84710c7967bb|2016-11-18 13:12:27.8191|DEBUG|GameStore.BLL.Services.GameStoreService|Getting all Publishers. Returned 1  Publishers.
80000008-0002-ef00-b63f-84710c7967bb|2016-11-18 13:12:27.8441|DEBUG|GameStore.BLL.Services.GameStoreService|Getting all PlatformTypes. Returned 4  PlatformTypes.
8000004f-0002-f100-b63f-84710c7967bb|2016-11-18 13:15:31.7244|DEBUG|GameStore.BLL.Services.GameStoreService|Getting all Games. Returned 2  Games.
8000004f-0002-f100-b63f-84710c7967bb|2016-11-18 13:15:31.7924|DEBUG|GameStore.BLL.Services.GameStoreService|Getting all Genres. Returned 16  Genres.
8000004f-0002-f100-b63f-84710c7967bb|2016-11-18 13:15:31.8114|DEBUG|GameStore.BLL.Services.GameStoreService|Getting all Publishers. Returned 1  Publishers.
8000004f-0002-f100-b63f-84710c7967bb|2016-11-18 13:15:31.8324|DEBUG|GameStore.BLL.Services.GameStoreService|Getting all PlatformTypes. Returned 4  PlatformTypes.
8000003d-0000-f600-b63f-84710c7967bb|2016-11-18 13:16:14.3603|DEBUG|GameStore.BLL.Services.GameStoreService|Getting all Games. Returned 2  Games.
8000003d-0000-f600-b63f-84710c7967bb|2016-11-18 13:16:14.4244|DEBUG|GameStore.BLL.Services.GameStoreService|Getting all Genres. Returned 16  Genres.
8000003d-0000-f600-b63f-84710c7967bb|2016-11-18 13:16:14.4420|DEBUG|GameStore.BLL.Services.GameStoreService|Getting all Publishers. Returned 1  Publishers.
8000003d-0000-f600-b63f-84710c7967bb|2016-11-18 13:16:14.4690|DEBUG|GameStore.BLL.Services.GameStoreService|Getting all PlatformTypes. Returned 4  PlatformTypes.
80000241-0001-f300-b63f-84710c7967bb|2016-11-18 13:20:43.7413|DEBUG|GameStore.BLL.Services.GameStoreService|Getting all Games. Returned 2  Games.
80000241-0001-f300-b63f-84710c7967bb|2016-11-18 13:20:43.8099|DEBUG|GameStore.BLL.Services.GameStoreService|Getting all Genres. Returned 16  Genres.
80000241-0001-f300-b63f-84710c7967bb|2016-11-18 13:20:43.8279|DEBUG|GameStore.BLL.Services.GameStoreService|Getting all Publishers. Returned 1  Publishers.
80000241-0001-f300-b63f-84710c7967bb|2016-11-18 13:20:43.8519|DEBUG|GameStore.BLL.Services.GameStoreService|Getting all PlatformTypes. Returned 4  PlatformTypes.
8000001b-0000-ea00-b63f-84710c7967bb|2016-11-18 13:22:45.5766|DEBUG|GameStore.BLL.Services.GameStoreService|Getting all Games. Returned 2  Games.
8000001b-0000-ea00-b63f-84710c7967bb|2016-11-18 13:22:45.6411|DEBUG|GameStore.BLL.Services.GameStoreService|Getting all Genres. Returned 16  Genres.
8000001b-0000-ea00-b63f-84710c7967bb|2016-11-18 13:22:45.6581|DEBUG|GameStore.BLL.Services.GameStoreService|Getting all Publishers. Returned 1  Publishers.
8000001b-0000-ea00-b63f-84710c7967bb|2016-11-18 13:22:45.6831|DEBUG|GameStore.BLL.Services.GameStoreService|Getting all PlatformTypes. Returned 4  PlatformTypes.
800005a0-0001-f700-b63f-84710c7967bb|2016-11-18 13:23:53.3801|DEBUG|GameStore.BLL.Services.GameStoreService|Getting all Games. Returned 2  Games.
800005a0-0001-f700-b63f-84710c7967bb|2016-11-18 13:23:53.4441|DEBUG|GameStore.BLL.Services.GameStoreService|Getting all Genres. Returned 16  Genres.
800005a0-0001-f700-b63f-84710c7967bb|2016-11-18 13:23:53.4617|DEBUG|GameStore.BLL.Services.GameStoreService|Getting all Publishers. Returned 1  Publishers.
800005a0-0001-f700-b63f-84710c7967bb|2016-11-18 13:23:53.4842|DEBUG|GameStore.BLL.Services.GameStoreService|Getting all PlatformTypes. Returned 4  PlatformTypes.
80000036-0000-eb00-b63f-84710c7967bb|2016-11-18 13:24:59.7112|DEBUG|GameStore.BLL.Services.GameStoreService|Getting all Games. Returned 2  Games.
80000036-0000-eb00-b63f-84710c7967bb|2016-11-18 13:24:59.7762|DEBUG|GameStore.BLL.Services.GameStoreService|Getting all Genres. Returned 16  Genres.
80000036-0000-eb00-b63f-84710c7967bb|2016-11-18 13:24:59.7942|DEBUG|GameStore.BLL.Services.GameStoreService|Getting all Publishers. Returned 1  Publishers.
80000036-0000-eb00-b63f-84710c7967bb|2016-11-18 13:24:59.8201|DEBUG|GameStore.BLL.Services.GameStoreService|Getting all PlatformTypes. Returned 4  PlatformTypes.
80000146-0000-ff00-b63f-84710c7967bb|2016-11-18 13:27:49.3044|DEBUG|GameStore.BLL.Services.GameStoreService|Getting all Games. Returned 2  Games.
80000146-0000-ff00-b63f-84710c7967bb|2016-11-18 13:27:49.3735|DEBUG|GameStore.BLL.Services.GameStoreService|Getting all Genres. Returned 16  Genres.
80000146-0000-ff00-b63f-84710c7967bb|2016-11-18 13:27:49.4020|DEBUG|GameStore.BLL.Services.GameStoreService|Getting all Publishers. Returned 1  Publishers.
80000146-0000-ff00-b63f-84710c7967bb|2016-11-18 13:27:49.4282|DEBUG|GameStore.BLL.Services.GameStoreService|Getting all PlatformTypes. Returned 4  PlatformTypes.
80000036-0001-e600-b63f-84710c7967bb|2016-11-18 13:32:13.2507|DEBUG|GameStore.BLL.Services.GameStoreService|Getting all Games. Returned 2  Games.
80000036-0001-e600-b63f-84710c7967bb|2016-11-18 13:32:13.3257|DEBUG|GameStore.BLL.Services.GameStoreService|Getting all Genres. Returned 16  Genres.
80000036-0001-e600-b63f-84710c7967bb|2016-11-18 13:32:13.3467|DEBUG|GameStore.BLL.Services.GameStoreService|Getting all Publishers. Returned 1  Publishers.
80000036-0001-e600-b63f-84710c7967bb|2016-11-18 13:32:13.3718|DEBUG|GameStore.BLL.Services.GameStoreService|Getting all PlatformTypes. Returned 4  PlatformTypes.
80000025-0002-ea00-b63f-84710c7967bb|2016-11-18 13:32:44.6186|DEBUG|GameStore.BLL.Services.GameStoreService|Getting all Games. Returned 2  Games.
80000025-0002-ea00-b63f-84710c7967bb|2016-11-18 13:32:44.6666|DEBUG|GameStore.BLL.Services.GameStoreService|Getting all Genres. Returned 16  Genres.
80000025-0002-ea00-b63f-84710c7967bb|2016-11-18 13:32:44.6756|DEBUG|GameStore.BLL.Services.GameStoreService|Getting all Publishers. Returned 1  Publishers.
80000025-0002-ea00-b63f-84710c7967bb|2016-11-18 13:32:44.6756|DEBUG|GameStore.BLL.Services.GameStoreService|Getting all PlatformTypes. Returned 4  PlatformTypes.
800005d9-0001-fb00-b63f-84710c7967bb|2016-11-18 13:34:50.1261|DEBUG|GameStore.BLL.Services.GameStoreService|Getting all Games. Returned 2  Games.
800005d9-0001-fb00-b63f-84710c7967bb|2016-11-18 13:34:50.1941|DEBUG|GameStore.BLL.Services.GameStoreService|Getting all Genres. Returned 16  Genres.
800005d9-0001-fb00-b63f-84710c7967bb|2016-11-18 13:34:50.2111|DEBUG|GameStore.BLL.Services.GameStoreService|Getting all Publishers. Returned 1  Publishers.
800005d9-0001-fb00-b63f-84710c7967bb|2016-11-18 13:34:50.2341|DEBUG|GameStore.BLL.Services.GameStoreService|Getting all PlatformTypes. Returned 4  PlatformTypes.
8000017c-0002-f600-b63f-84710c7967bb|2016-11-18 13:36:15.5086|DEBUG|GameStore.BLL.Services.GameStoreService|Getting all Games. Returned 2  Games.
8000017c-0002-f600-b63f-84710c7967bb|2016-11-18 13:36:15.5481|DEBUG|GameStore.BLL.Services.GameStoreService|Getting all Genres. Returned 16  Genres.
8000017c-0002-f600-b63f-84710c7967bb|2016-11-18 13:36:15.5571|DEBUG|GameStore.BLL.Services.GameStoreService|Getting all Publishers. Returned 1  Publishers.
8000017c-0002-f600-b63f-84710c7967bb|2016-11-18 13:36:15.5746|DEBUG|GameStore.BLL.Services.GameStoreService|Getting all PlatformTypes. Returned 4  PlatformTypes.
8000006f-0003-f800-b63f-84710c7967bb|2016-11-18 13:47:26.7311|DEBUG|GameStore.BLL.Services.GameStoreService|Getting all Games. Returned 2  Games.
8000006f-0003-f800-b63f-84710c7967bb|2016-11-18 13:47:26.8572|DEBUG|GameStore.BLL.Services.GameStoreService|Getting all Genres. Returned 16  Genres.
8000006f-0003-f800-b63f-84710c7967bb|2016-11-18 13:47:26.8742|DEBUG|GameStore.BLL.Services.GameStoreService|Getting all Publishers. Returned 1  Publishers.
8000006f-0003-f800-b63f-84710c7967bb|2016-11-18 13:47:26.8972|DEBUG|GameStore.BLL.Services.GameStoreService|Getting all PlatformTypes. Returned 4  PlatformTypes.
8000072b-0002-fa00-b63f-84710c7967bb|2016-11-18 13:48:46.8675|DEBUG|GameStore.BLL.Services.GameStoreService|Getting all Games. Returned 2  Games.
8000072b-0002-fa00-b63f-84710c7967bb|2016-11-18 13:48:46.8985|DEBUG|GameStore.BLL.Services.GameStoreService|Getting all Genres. Returned 16  Genres.
8000072b-0002-fa00-b63f-84710c7967bb|2016-11-18 13:48:46.9035|DEBUG|GameStore.BLL.Services.GameStoreService|Getting all Publishers. Returned 1  Publishers.
8000072b-0002-fa00-b63f-84710c7967bb|2016-11-18 13:48:46.9035|DEBUG|GameStore.BLL.Services.GameStoreService|Getting all PlatformTypes. Returned 4  PlatformTypes.
8000003e-0000-eb00-b63f-84710c7967bb|2016-11-18 13:50:13.3694|DEBUG|GameStore.BLL.Services.GameStoreService|Getting all Games. Returned 2  Games.
8000003e-0000-eb00-b63f-84710c7967bb|2016-11-18 13:50:13.4354|DEBUG|GameStore.BLL.Services.GameStoreService|Getting all Genres. Returned 16  Genres.
8000003e-0000-eb00-b63f-84710c7967bb|2016-11-18 13:50:13.5215|DEBUG|GameStore.BLL.Services.GameStoreService|Getting all Publishers. Returned 1  Publishers.
8000003e-0000-eb00-b63f-84710c7967bb|2016-11-18 13:50:13.5455|DEBUG|GameStore.BLL.Services.GameStoreService|Getting all PlatformTypes. Returned 4  PlatformTypes.
80000163-0000-f000-b63f-84710c7967bb|2016-11-18 13:51:15.6225|DEBUG|GameStore.BLL.Services.GameStoreService|Getting all Games. Returned 2  Games.
80000163-0000-f000-b63f-84710c7967bb|2016-11-18 13:51:15.6905|DEBUG|GameStore.BLL.Services.GameStoreService|Getting all Genres. Returned 16  Genres.
80000163-0000-f000-b63f-84710c7967bb|2016-11-18 13:51:15.7105|DEBUG|GameStore.BLL.Services.GameStoreService|Getting all Publishers. Returned 1  Publishers.
80000163-0000-f000-b63f-84710c7967bb|2016-11-18 13:51:15.7366|DEBUG|GameStore.BLL.Services.GameStoreService|Getting all PlatformTypes. Returned 4  PlatformTypes.
8000005c-0000-f600-b63f-84710c7967bb|2016-11-18 13:52:48.4756|DEBUG|GameStore.BLL.Services.GameStoreService|Getting all Games. Returned 2  Games.
8000005c-0000-f600-b63f-84710c7967bb|2016-11-18 13:52:48.5406|DEBUG|GameStore.BLL.Services.GameStoreService|Getting all Genres. Returned 16  Genres.
8000005c-0000-f600-b63f-84710c7967bb|2016-11-18 13:52:48.5576|DEBUG|GameStore.BLL.Services.GameStoreService|Getting all Publishers. Returned 1  Publishers.
8000005c-0000-f600-b63f-84710c7967bb|2016-11-18 13:52:48.5806|DEBUG|GameStore.BLL.Services.GameStoreService|Getting all PlatformTypes. Returned 4  PlatformTypes.
8000006f-0003-ee00-b63f-84710c7967bb|2016-11-18 13:54:11.8035|DEBUG|GameStore.BLL.Services.GameStoreService|Getting all Games. Returned 2  Games.
8000006f-0003-ee00-b63f-84710c7967bb|2016-11-18 13:54:11.8775|DEBUG|GameStore.BLL.Services.GameStoreService|Getting all Genres. Returned 16  Genres.
8000006f-0003-ee00-b63f-84710c7967bb|2016-11-18 13:54:11.8955|DEBUG|GameStore.BLL.Services.GameStoreService|Getting all Publishers. Returned 1  Publishers.
8000006f-0003-ee00-b63f-84710c7967bb|2016-11-18 13:54:11.9185|DEBUG|GameStore.BLL.Services.GameStoreService|Getting all PlatformTypes. Returned 4  PlatformTypes.
800001f2-0000-f100-b63f-84710c7967bb|2016-11-18 14:01:03.0109|DEBUG|GameStore.BLL.Services.GameStoreService|Getting all Games. Returned 2  Games.
800001f2-0000-f100-b63f-84710c7967bb|2016-11-18 14:01:03.0850|DEBUG|GameStore.BLL.Services.GameStoreService|Getting all Genres. Returned 16  Genres.
800001f2-0000-f100-b63f-84710c7967bb|2016-11-18 14:01:03.1040|DEBUG|GameStore.BLL.Services.GameStoreService|Getting all Publishers. Returned 1  Publishers.
800001f2-0000-f100-b63f-84710c7967bb|2016-11-18 14:01:03.1260|DEBUG|GameStore.BLL.Services.GameStoreService|Getting all PlatformTypes. Returned 4  PlatformTypes.
800006d0-0003-f300-b63f-84710c7967bb|2016-11-18 14:02:04.6836|DEBUG|GameStore.BLL.Services.GameStoreService|Getting all Games. Returned 2  Games.
800006d0-0003-f300-b63f-84710c7967bb|2016-11-18 14:02:04.7577|DEBUG|GameStore.BLL.Services.GameStoreService|Getting all Genres. Returned 16  Genres.
800006d0-0003-f300-b63f-84710c7967bb|2016-11-18 14:02:04.7757|DEBUG|GameStore.BLL.Services.GameStoreService|Getting all Publishers. Returned 1  Publishers.
800006d0-0003-f300-b63f-84710c7967bb|2016-11-18 14:02:04.7997|DEBUG|GameStore.BLL.Services.GameStoreService|Getting all PlatformTypes. Returned 4  PlatformTypes.
80000a8c-0002-f700-b63f-84710c7967bb|2016-11-18 14:06:52.3669|DEBUG|GameStore.BLL.Services.GameStoreService|Getting all Games. Returned 2  Games.
80000a8c-0002-f700-b63f-84710c7967bb|2016-11-18 14:06:52.4339|DEBUG|GameStore.BLL.Services.GameStoreService|Getting all Genres. Returned 16  Genres.
80000a8c-0002-f700-b63f-84710c7967bb|2016-11-18 14:06:52.4520|DEBUG|GameStore.BLL.Services.GameStoreService|Getting all Publishers. Returned 1  Publishers.
80000a8c-0002-f700-b63f-84710c7967bb|2016-11-18 14:06:52.4750|DEBUG|GameStore.BLL.Services.GameStoreService|Getting all PlatformTypes. Returned 4  PlatformTypes.
80000436-0001-f100-b63f-84710c7967bb|2016-11-18 14:09:50.9116|DEBUG|GameStore.BLL.Services.GameStoreService|Getting all Games. Returned 2  Games.
80000436-0001-f100-b63f-84710c7967bb|2016-11-18 14:09:50.9856|DEBUG|GameStore.BLL.Services.GameStoreService|Getting all Genres. Returned 16  Genres.
80000436-0001-f100-b63f-84710c7967bb|2016-11-18 14:09:51.0027|DEBUG|GameStore.BLL.Services.GameStoreService|Getting all Publishers. Returned 1  Publishers.
80000436-0001-f100-b63f-84710c7967bb|2016-11-18 14:09:51.0287|DEBUG|GameStore.BLL.Services.GameStoreService|Getting all PlatformTypes. Returned 4  PlatformTypes.
80000098-0000-ee00-b63f-84710c7967bb|2016-11-18 14:11:16.8204|DEBUG|GameStore.BLL.Services.GameStoreService|Getting all Games. Returned 2  Games.
80000098-0000-ee00-b63f-84710c7967bb|2016-11-18 14:11:16.8864|DEBUG|GameStore.BLL.Services.GameStoreService|Getting all Genres. Returned 16  Genres.
80000098-0000-ee00-b63f-84710c7967bb|2016-11-18 14:11:16.9034|DEBUG|GameStore.BLL.Services.GameStoreService|Getting all Publishers. Returned 1  Publishers.
80000098-0000-ee00-b63f-84710c7967bb|2016-11-18 14:11:16.9254|DEBUG|GameStore.BLL.Services.GameStoreService|Getting all PlatformTypes. Returned 4  PlatformTypes.
8000006f-0000-eb00-b63f-84710c7967bb|2016-11-18 14:15:24.2813|DEBUG|GameStore.BLL.Services.GameStoreService|Getting all Games. Returned 2  Games.
8000006f-0000-eb00-b63f-84710c7967bb|2016-11-18 14:15:24.3493|DEBUG|GameStore.BLL.Services.GameStoreService|Getting all Genres. Returned 16  Genres.
8000006f-0000-eb00-b63f-84710c7967bb|2016-11-18 14:15:24.3703|DEBUG|GameStore.BLL.Services.GameStoreService|Getting all Publishers. Returned 1  Publishers.
8000006f-0000-eb00-b63f-84710c7967bb|2016-11-18 14:15:24.3954|DEBUG|GameStore.BLL.Services.GameStoreService|Getting all PlatformTypes. Returned 4  PlatformTypes.
80000005-0003-e900-b63f-84710c7967bb|2016-11-18 14:15:29.9805|DEBUG|GameStore.BLL.Services.GameStoreService|Getting all Games. Returned 2  Games.
8000038b-0000-f900-b63f-84710c7967bb|2016-11-18 14:16:09.3710|DEBUG|GameStore.BLL.Services.GameStoreService|Getting all Games. Returned 2  Games.
8000038b-0000-f900-b63f-84710c7967bb|2016-11-18 14:16:09.4371|DEBUG|GameStore.BLL.Services.GameStoreService|Getting all Genres. Returned 16  Genres.
8000038b-0000-f900-b63f-84710c7967bb|2016-11-18 14:16:09.4561|DEBUG|GameStore.BLL.Services.GameStoreService|Getting all Publishers. Returned 1  Publishers.
8000038b-0000-f900-b63f-84710c7967bb|2016-11-18 14:16:09.4841|DEBUG|GameStore.BLL.Services.GameStoreService|Getting all PlatformTypes. Returned 4  PlatformTypes.
8000027b-0000-f300-b63f-84710c7967bb|2016-11-18 14:16:43.5147|DEBUG|GameStore.BLL.Services.GameStoreService|Getting all Games. Returned 2  Games.
80000abc-0002-f700-b63f-84710c7967bb|2016-11-18 14:17:01.7304|DEBUG|GameStore.BLL.Services.GameStoreService|Getting all Games. Returned 2  Games.
80000008-0001-e300-b63f-84710c7967bb|2016-11-18 15:04:52.9297|DEBUG|GameStore.BLL.Services.GameStoreService|Getting all Games. Returned 2  Games.
80000008-0001-e300-b63f-84710c7967bb|2016-11-18 15:04:53.0007|DEBUG|GameStore.BLL.Services.GameStoreService|Getting all Genres. Returned 16  Genres.
80000008-0001-e300-b63f-84710c7967bb|2016-11-18 15:04:53.0187|DEBUG|GameStore.BLL.Services.GameStoreService|Getting all Publishers. Returned 1  Publishers.
80000008-0001-e300-b63f-84710c7967bb|2016-11-18 15:04:53.0428|DEBUG|GameStore.BLL.Services.GameStoreService|Getting all PlatformTypes. Returned 4  PlatformTypes.
80000089-0003-f200-b63f-84710c7967bb|2016-11-18 15:05:07.4433|DEBUG|GameStore.BLL.Services.GameStoreService|Getting all Games. Returned 2  Games.
8000008a-0000-eb00-b63f-84710c7967bb|2016-11-18 15:05:11.6740|DEBUG|GameStore.BLL.Services.GameStoreService|Getting all Games. Returned 2  Games.
80000024-0002-e600-b63f-84710c7967bb|2016-11-18 15:05:15.0868|DEBUG|GameStore.BLL.Services.GameStoreService|Getting all Games. Returned 2  Games.
80000ab8-0003-f700-b63f-84710c7967bb|2016-11-18 15:05:19.0430|DEBUG|GameStore.BLL.Services.GameStoreService|Getting all Games. Returned 2  Games.
80000abc-0003-f700-b63f-84710c7967bb|2016-11-18 15:05:23.2987|DEBUG|GameStore.BLL.Services.GameStoreService|Getting all Games. Returned 2  Games.
800005fb-0001-f000-b63f-84710c7967bb|2016-11-18 15:09:46.7563|DEBUG|GameStore.BLL.Services.GameStoreService|Getting all Games. Returned 2  Games.
800005fb-0001-f000-b63f-84710c7967bb|2016-11-18 15:09:46.8343|DEBUG|GameStore.BLL.Services.GameStoreService|Getting all Genres. Returned 16  Genres.
800005fb-0001-f000-b63f-84710c7967bb|2016-11-18 15:09:46.8523|DEBUG|GameStore.BLL.Services.GameStoreService|Getting all Publishers. Returned 1  Publishers.
800005fb-0001-f000-b63f-84710c7967bb|2016-11-18 15:09:46.8743|DEBUG|GameStore.BLL.Services.GameStoreService|Getting all PlatformTypes. Returned 4  PlatformTypes.
800005fd-0001-f000-b63f-84710c7967bb|2016-11-18 15:09:53.4246|DEBUG|GameStore.BLL.Services.GameStoreService|Getting all Publishers. Returned 1  Publishers.
800005fd-0001-f000-b63f-84710c7967bb|2016-11-18 15:09:53.4517|DEBUG|GameStore.BLL.Services.GameStoreService|Getting all PlatformTypes. Returned 4  PlatformTypes.
800005fd-0001-f000-b63f-84710c7967bb|2016-11-18 15:09:53.4837|DEBUG|GameStore.BLL.Services.GameStoreService|Getting all Genres. Returned 16  Genres.
800005fe-0001-f000-b63f-84710c7967bb|2016-11-18 15:10:29.3342|DEBUG|GameStore.BLL.Services.GameStoreService|Getting all Publishers. Returned 1  Publishers.
800005fe-0001-f000-b63f-84710c7967bb|2016-11-18 15:10:29.3342|DEBUG|GameStore.BLL.Services.GameStoreService|Getting all PlatformTypes. Returned 4  PlatformTypes.
800005fe-0001-f000-b63f-84710c7967bb|2016-11-18 15:10:29.3842|DEBUG|GameStore.BLL.Services.GameStoreService|Getting all Genres. Returned 16  Genres.
80000440-0002-f300-b63f-84710c7967bb|2016-11-18 15:12:02.0090|DEBUG|GameStore.BLL.Services.GameStoreService|Getting all Games. Returned 2  Games.
80000440-0002-f300-b63f-84710c7967bb|2016-11-18 15:12:02.0791|DEBUG|GameStore.BLL.Services.GameStoreService|Getting all Genres. Returned 16  Genres.
80000440-0002-f300-b63f-84710c7967bb|2016-11-18 15:12:02.0961|DEBUG|GameStore.BLL.Services.GameStoreService|Getting all Publishers. Returned 1  Publishers.
80000440-0002-f300-b63f-84710c7967bb|2016-11-18 15:12:02.1191|DEBUG|GameStore.BLL.Services.GameStoreService|Getting all PlatformTypes. Returned 4  PlatformTypes.
80000003-0003-e400-b63f-84710c7967bb|2016-11-18 15:12:03.6752|DEBUG|GameStore.BLL.Services.GameStoreService|Getting all Publishers. Returned 1  Publishers.
80000003-0003-e400-b63f-84710c7967bb|2016-11-18 15:12:03.6922|DEBUG|GameStore.BLL.Services.GameStoreService|Getting all PlatformTypes. Returned 4  PlatformTypes.
80000003-0003-e400-b63f-84710c7967bb|2016-11-18 15:12:03.7272|DEBUG|GameStore.BLL.Services.GameStoreService|Getting all Genres. Returned 16  Genres.
800000ca-0000-ee00-b63f-84710c7967bb|2016-11-18 15:13:26.4950|DEBUG|GameStore.BLL.Services.GameStoreService|Getting all Games. Returned 2  Games.
800000ca-0000-ee00-b63f-84710c7967bb|2016-11-18 15:13:26.5791|DEBUG|GameStore.BLL.Services.GameStoreService|Getting all Genres. Returned 16  Genres.
800000ca-0000-ee00-b63f-84710c7967bb|2016-11-18 15:13:26.5961|DEBUG|GameStore.BLL.Services.GameStoreService|Getting all Publishers. Returned 1  Publishers.
800000ca-0000-ee00-b63f-84710c7967bb|2016-11-18 15:13:26.6181|DEBUG|GameStore.BLL.Services.GameStoreService|Getting all PlatformTypes. Returned 4  PlatformTypes.
800000ce-0000-ee00-b63f-84710c7967bb|2016-11-18 15:13:30.4252|DEBUG|GameStore.BLL.Services.GameStoreService|Getting all Publishers. Returned 1  Publishers.
800000ce-0000-ee00-b63f-84710c7967bb|2016-11-18 15:13:30.4423|DEBUG|GameStore.BLL.Services.GameStoreService|Getting all PlatformTypes. Returned 4  PlatformTypes.
800000ce-0000-ee00-b63f-84710c7967bb|2016-11-18 15:13:30.4723|DEBUG|GameStore.BLL.Services.GameStoreService|Getting all Genres. Returned 16  Genres.
80000017-0001-f600-b63f-84710c7967bb|2016-11-18 15:13:40.1966|DEBUG|GameStore.BLL.Services.GameStoreService|Add GameDTO with Id: 31aa8385-466d-4c17-88f1-1219a3a54e4a
80000018-0001-f600-b63f-84710c7967bb|2016-11-18 15:13:40.2566|DEBUG|GameStore.BLL.Services.GameStoreService|Getting all Games. Returned 3  Games.
80000018-0001-f600-b63f-84710c7967bb|2016-11-18 15:13:40.2806|DEBUG|GameStore.BLL.Services.GameStoreService|Getting all Genres. Returned 16  Genres.
80000018-0001-f600-b63f-84710c7967bb|2016-11-18 15:13:40.2806|DEBUG|GameStore.BLL.Services.GameStoreService|Getting all Publishers. Returned 1  Publishers.
80000018-0001-f600-b63f-84710c7967bb|2016-11-18 15:13:40.2936|DEBUG|GameStore.BLL.Services.GameStoreService|Getting all PlatformTypes. Returned 4  PlatformTypes.
80000029-0002-f800-b63f-84710c7967bb|2016-11-18 15:13:46.3694|DEBUG|GameStore.BLL.Services.GameStoreService|Getting all Games. Returned 3  Games.
80000096-0000-eb00-b63f-84710c7967bb|2016-11-18 15:13:50.3229|DEBUG|GameStore.BLL.Services.GameStoreService|Getting all Games. Returned 3  Games.
8000009a-0000-eb00-b63f-84710c7967bb|2016-11-18 15:13:53.9377|DEBUG|GameStore.BLL.Services.GameStoreService|Getting all Games. Returned 3  Games.
8000010f-0002-f100-b63f-84710c7967bb|2016-11-18 15:13:59.7053|DEBUG|GameStore.BLL.Services.GameStoreService|Getting all Games. Returned 3  Games.
8000005c-0002-e600-b63f-84710c7967bb|2016-11-18 16:04:19.9903|DEBUG|GameStore.BLL.Services.GameStoreService|Getting all Games. Returned 2  Games.
8000005c-0002-e600-b63f-84710c7967bb|2016-11-18 16:04:20.0554|DEBUG|GameStore.BLL.Services.GameStoreService|Getting all Genres. Returned 16  Genres.
8000005c-0002-e600-b63f-84710c7967bb|2016-11-18 16:04:20.0755|DEBUG|GameStore.BLL.Services.GameStoreService|Getting all Publishers. Returned 1  Publishers.
8000005c-0002-e600-b63f-84710c7967bb|2016-11-18 16:04:20.0985|DEBUG|GameStore.BLL.Services.GameStoreService|Getting all PlatformTypes. Returned 4  PlatformTypes.
80000a1c-0001-fb00-b63f-84710c7967bb|2016-11-18 16:04:33.8821|DEBUG|GameStore.BLL.Services.GameStoreService|Getting all Games. Returned 2  Games.
80000877-0001-f700-b63f-84710c7967bb|2016-11-18 16:14:25.0144|DEBUG|GameStore.BLL.Services.GameStoreService|Getting all Games. Returned 2  Games.
80000877-0001-f700-b63f-84710c7967bb|2016-11-18 16:14:25.0795|DEBUG|GameStore.BLL.Services.GameStoreService|Getting all Genres. Returned 16  Genres.
80000877-0001-f700-b63f-84710c7967bb|2016-11-18 16:14:25.1025|DEBUG|GameStore.BLL.Services.GameStoreService|Getting all Publishers. Returned 1  Publishers.
80000877-0001-f700-b63f-84710c7967bb|2016-11-18 16:14:25.1315|DEBUG|GameStore.BLL.Services.GameStoreService|Getting all PlatformTypes. Returned 4  PlatformTypes.
80000029-0003-e800-b63f-84710c7967bb|2016-11-18 16:14:40.0661|DEBUG|GameStore.BLL.Services.GameStoreService|Getting all Games. Returned 2  Games.
8000002d-0003-e800-b63f-84710c7967bb|2016-11-18 16:14:42.9670|DEBUG|GameStore.BLL.Services.GameStoreService|Getting all Publishers. Returned 1  Publishers.
8000002d-0003-e800-b63f-84710c7967bb|2016-11-18 16:14:42.9830|DEBUG|GameStore.BLL.Services.GameStoreService|Getting all PlatformTypes. Returned 4  PlatformTypes.
8000002d-0003-e800-b63f-84710c7967bb|2016-11-18 16:14:43.0130|DEBUG|GameStore.BLL.Services.GameStoreService|Getting all Genres. Returned 16  Genres.
80000529-0000-fa00-b63f-84710c7967bb|2016-11-18 16:14:56.5543|DEBUG|GameStore.BLL.Services.GameStoreService|Add GameDTO with Id: c5120527-b141-4d9d-ba1a-59644297b89e
8000052a-0000-fa00-b63f-84710c7967bb|2016-11-18 16:14:56.6204|DEBUG|GameStore.BLL.Services.GameStoreService|Getting all Games. Returned 3  Games.
8000052a-0000-fa00-b63f-84710c7967bb|2016-11-18 16:14:56.6444|DEBUG|GameStore.BLL.Services.GameStoreService|Getting all Genres. Returned 16  Genres.
8000052a-0000-fa00-b63f-84710c7967bb|2016-11-18 16:14:56.6444|DEBUG|GameStore.BLL.Services.GameStoreService|Getting all Publishers. Returned 1  Publishers.
8000052a-0000-fa00-b63f-84710c7967bb|2016-11-18 16:14:56.6564|DEBUG|GameStore.BLL.Services.GameStoreService|Getting all PlatformTypes. Returned 4  PlatformTypes.
80000111-0002-f200-b63f-84710c7967bb|2016-11-18 16:15:04.8740|DEBUG|GameStore.BLL.Services.GameStoreService|Getting all Games. Returned 3  Games.
800000d5-0003-ee00-b63f-84710c7967bb|2016-11-18 16:15:08.7058|DEBUG|GameStore.BLL.Services.GameStoreService|Getting all Games. Returned 3  Games.
800002e5-0000-eb00-b63f-84710c7967bb|2016-11-18 16:16:02.7020|DEBUG|GameStore.BLL.Services.GameStoreService|Getting all Games. Returned 2  Games.
800002e5-0000-eb00-b63f-84710c7967bb|2016-11-18 16:16:02.7680|DEBUG|GameStore.BLL.Services.GameStoreService|Getting all Genres. Returned 16  Genres.
800002e5-0000-eb00-b63f-84710c7967bb|2016-11-18 16:16:02.7871|DEBUG|GameStore.BLL.Services.GameStoreService|Getting all Publishers. Returned 1  Publishers.
800002e5-0000-eb00-b63f-84710c7967bb|2016-11-18 16:16:02.8101|DEBUG|GameStore.BLL.Services.GameStoreService|Getting all PlatformTypes. Returned 4  PlatformTypes.
800002e9-0000-eb00-b63f-84710c7967bb|2016-11-18 16:16:11.7879|DEBUG|GameStore.BLL.Services.GameStoreService|Getting all Games. Returned 2  Games.
8000011e-0002-f200-b63f-84710c7967bb|2016-11-18 16:18:47.9756|DEBUG|GameStore.BLL.Services.GameStoreService|Getting all Games. Returned 2  Games.
8000011e-0002-f200-b63f-84710c7967bb|2016-11-18 16:18:48.0407|DEBUG|GameStore.BLL.Services.GameStoreService|Getting all Genres. Returned 16  Genres.
8000011e-0002-f200-b63f-84710c7967bb|2016-11-18 16:18:48.0607|DEBUG|GameStore.BLL.Services.GameStoreService|Getting all Publishers. Returned 1  Publishers.
8000011e-0002-f200-b63f-84710c7967bb|2016-11-18 16:18:48.0937|DEBUG|GameStore.BLL.Services.GameStoreService|Getting all PlatformTypes. Returned 4  PlatformTypes.
80000532-0000-fa00-b63f-84710c7967bb|2016-11-18 16:19:01.7577|DEBUG|GameStore.BLL.Services.GameStoreService|Getting all Games. Returned 2  Games.
80000639-0003-ef00-b63f-84710c7967bb|2016-11-18 16:19:07.5471|DEBUG|GameStore.BLL.Services.GameStoreService|Getting all Games. Returned 2  Games.
800000e0-0003-ee00-b63f-84710c7967bb|2016-11-18 16:19:12.4012|DEBUG|GameStore.BLL.Services.GameStoreService|Getting all Games. Returned 2  Games.
800004ef-0000-f600-b63f-84710c7967bb|2016-11-18 16:19:17.4824|DEBUG|GameStore.BLL.Services.GameStoreService|Getting all Games. Returned 2  Games.
8000055d-0001-e400-b63f-84710c7967bb|2016-11-18 16:20:48.1254|DEBUG|GameStore.BLL.Services.GameStoreService|Getting all Games. Returned 2  Games.
8000055d-0001-e400-b63f-84710c7967bb|2016-11-18 16:20:48.1934|DEBUG|GameStore.BLL.Services.GameStoreService|Getting all Genres. Returned 16  Genres.
8000055d-0001-e400-b63f-84710c7967bb|2016-11-18 16:20:48.2135|DEBUG|GameStore.BLL.Services.GameStoreService|Getting all Publishers. Returned 1  Publishers.
8000055d-0001-e400-b63f-84710c7967bb|2016-11-18 16:20:48.2405|DEBUG|GameStore.BLL.Services.GameStoreService|Getting all PlatformTypes. Returned 4  PlatformTypes.
800001fa-0000-f000-b63f-84710c7967bb|2016-11-18 16:20:55.5325|DEBUG|GameStore.BLL.Services.GameStoreService|Getting all Games. Returned 2  Games.
800001fe-0000-f000-b63f-84710c7967bb|2016-11-18 16:21:00.1110|DEBUG|GameStore.BLL.Services.GameStoreService|Getting all Games. Returned 2  Games.
8000093f-0002-fa00-b63f-84710c7967bb|2016-11-18 16:21:05.2061|DEBUG|GameStore.BLL.Services.GameStoreService|Getting all Games. Returned 2  Games.
8000006d-0000-f400-b63f-84710c7967bb|2016-11-18 16:23:02.0763|DEBUG|GameStore.BLL.Services.GameStoreService|Getting all Games. Returned 2  Games.
8000006d-0000-f400-b63f-84710c7967bb|2016-11-18 16:23:02.1463|DEBUG|GameStore.BLL.Services.GameStoreService|Getting all Genres. Returned 16  Genres.
8000006d-0000-f400-b63f-84710c7967bb|2016-11-18 16:23:02.1643|DEBUG|GameStore.BLL.Services.GameStoreService|Getting all Publishers. Returned 1  Publishers.
8000006d-0000-f400-b63f-84710c7967bb|2016-11-18 16:23:02.1863|DEBUG|GameStore.BLL.Services.GameStoreService|Getting all PlatformTypes. Returned 4  PlatformTypes.
800006ff-0002-ea00-b63f-84710c7967bb|2016-11-18 16:23:09.8251|DEBUG|GameStore.BLL.Services.GameStoreService|Getting all Games. Returned 2  Games.
80000957-0001-f200-b63f-84710c7967bb|2016-11-18 16:24:54.9224|DEBUG|GameStore.BLL.Services.GameStoreService|Getting all Games. Returned 2  Games.
80000957-0001-f200-b63f-84710c7967bb|2016-11-18 16:24:54.9925|DEBUG|GameStore.BLL.Services.GameStoreService|Getting all Genres. Returned 16  Genres.
80000957-0001-f200-b63f-84710c7967bb|2016-11-18 16:24:55.0105|DEBUG|GameStore.BLL.Services.GameStoreService|Getting all Publishers. Returned 1  Publishers.
80000957-0001-f200-b63f-84710c7967bb|2016-11-18 16:24:55.0325|DEBUG|GameStore.BLL.Services.GameStoreService|Getting all PlatformTypes. Returned 4  PlatformTypes.
8000045e-0003-f000-b63f-84710c7967bb|2016-11-18 16:25:04.3289|DEBUG|GameStore.BLL.Services.GameStoreService|Getting all Games. Returned 2  Games.
800003b1-0000-ea00-b63f-84710c7967bb|2016-11-18 16:25:10.9877|DEBUG|GameStore.BLL.Services.GameStoreService|Getting all Games. Returned 2  Games.
80000ca3-0002-f700-b63f-84710c7967bb|2016-11-18 16:27:39.2841|DEBUG|GameStore.BLL.Services.GameStoreService|Getting all Games. Returned 2  Games.
80000ca3-0002-f700-b63f-84710c7967bb|2016-11-18 16:27:39.3522|DEBUG|GameStore.BLL.Services.GameStoreService|Getting all Genres. Returned 16  Genres.
80000ca3-0002-f700-b63f-84710c7967bb|2016-11-18 16:27:39.3722|DEBUG|GameStore.BLL.Services.GameStoreService|Getting all Publishers. Returned 1  Publishers.
80000ca3-0002-f700-b63f-84710c7967bb|2016-11-18 16:27:39.3942|DEBUG|GameStore.BLL.Services.GameStoreService|Getting all PlatformTypes. Returned 4  PlatformTypes.
8000031d-0001-e600-b63f-84710c7967bb|2016-11-18 16:29:13.9368|DEBUG|GameStore.BLL.Services.GameStoreService|Getting all Games. Returned 2  Games.
8000031d-0001-e600-b63f-84710c7967bb|2016-11-18 16:29:14.0049|DEBUG|GameStore.BLL.Services.GameStoreService|Getting all Genres. Returned 16  Genres.
8000031d-0001-e600-b63f-84710c7967bb|2016-11-18 16:29:14.0229|DEBUG|GameStore.BLL.Services.GameStoreService|Getting all Publishers. Returned 1  Publishers.
8000031d-0001-e600-b63f-84710c7967bb|2016-11-18 16:29:14.0449|DEBUG|GameStore.BLL.Services.GameStoreService|Getting all PlatformTypes. Returned 4  PlatformTypes.
8000094c-0002-fa00-b63f-84710c7967bb|2016-11-18 16:29:53.7764|DEBUG|GameStore.BLL.Services.GameStoreService|Getting all Games. Returned 2  Games.
8000094c-0002-fa00-b63f-84710c7967bb|2016-11-18 16:29:53.8425|DEBUG|GameStore.BLL.Services.GameStoreService|Getting all Genres. Returned 16  Genres.
8000094c-0002-fa00-b63f-84710c7967bb|2016-11-18 16:29:53.8595|DEBUG|GameStore.BLL.Services.GameStoreService|Getting all Publishers. Returned 1  Publishers.
8000094c-0002-fa00-b63f-84710c7967bb|2016-11-18 16:29:53.8815|DEBUG|GameStore.BLL.Services.GameStoreService|Getting all PlatformTypes. Returned 4  PlatformTypes.
8000028d-0003-e700-b63f-84710c7967bb|2016-11-18 16:30:11.1486|DEBUG|GameStore.BLL.Services.GamesService|Getting games by price
8000029a-0001-ee00-b63f-84710c7967bb|2016-11-18 16:33:56.4070|DEBUG|GameStore.BLL.Services.GameStoreService|Getting all Games. Returned 2  Games.
8000029a-0001-ee00-b63f-84710c7967bb|2016-11-18 16:33:56.4710|DEBUG|GameStore.BLL.Services.GameStoreService|Getting all Genres. Returned 16  Genres.
8000029a-0001-ee00-b63f-84710c7967bb|2016-11-18 16:33:56.4880|DEBUG|GameStore.BLL.Services.GameStoreService|Getting all Publishers. Returned 1  Publishers.
8000029a-0001-ee00-b63f-84710c7967bb|2016-11-18 16:33:56.5110|DEBUG|GameStore.BLL.Services.GameStoreService|Getting all PlatformTypes. Returned 4  PlatformTypes.
80000952-0002-fa00-b63f-84710c7967bb|2016-11-18 16:34:04.1195|DEBUG|GameStore.BLL.Services.GamesService|Getting games by price
80000d7d-0001-f300-b63f-84710c7967bb|2016-11-18 16:36:13.2822|DEBUG|GameStore.BLL.Services.GameStoreService|Getting all Games. Returned 2  Games.
80000d7d-0001-f300-b63f-84710c7967bb|2016-11-18 16:36:13.3472|DEBUG|GameStore.BLL.Services.GameStoreService|Getting all Genres. Returned 16  Genres.
80000d7d-0001-f300-b63f-84710c7967bb|2016-11-18 16:36:13.3683|DEBUG|GameStore.BLL.Services.GameStoreService|Getting all Publishers. Returned 1  Publishers.
80000d7d-0001-f300-b63f-84710c7967bb|2016-11-18 16:36:13.3953|DEBUG|GameStore.BLL.Services.GameStoreService|Getting all PlatformTypes. Returned 4  PlatformTypes.
80000476-0003-f000-b63f-84710c7967bb|2016-11-18 16:36:32.8751|DEBUG|GameStore.BLL.Services.GamesService|Getting games by price
