80000009-0000-f700-b63f-84710c7967bb|2016-11-25 12:15:45.2918|DEBUG|GameStore.BLL.Services.GameStoreService|Getting all Genres. Returned 24  Genres.
80000009-0000-f700-b63f-84710c7967bb|2016-11-25 12:15:45.3308|DEBUG|GameStore.BLL.Services.GameStoreService|Getting all PlatformTypes. Returned 4  PlatformTypes.
80000009-0000-f700-b63f-84710c7967bb|2016-11-25 12:15:45.3649|DEBUG|GameStore.BLL.Services.GameStoreService|Getting all Publishers. Returned 30  Publishers.
80000009-0000-f700-b63f-84710c7967bb|2016-11-25 12:15:45.9552|DEBUG|GameStore.BLL.Services.GameStoreService|Getting all Games. Returned 89  Games.
8000000a-0000-f700-b63f-84710c7967bb|2016-11-25 12:15:46.7648|DEBUG|GameStore.BLL.Services.GameStoreService|Getting all Genres. Returned 24  Genres.
8000000a-0000-f700-b63f-84710c7967bb|2016-11-25 12:15:46.7754|DEBUG|GameStore.BLL.Services.GameStoreService|Getting all PlatformTypes. Returned 4  PlatformTypes.
8000000a-0000-f700-b63f-84710c7967bb|2016-11-25 12:15:46.7754|DEBUG|GameStore.BLL.Services.GameStoreService|Getting all Publishers. Returned 30  Publishers.
80000029-0001-f900-b63f-84710c7967bb|2016-11-25 12:17:58.0668|DEBUG|GameStore.BLL.Services.GameStoreService|Getting all Genres. Returned 24  Genres.
80000029-0001-f900-b63f-84710c7967bb|2016-11-25 12:17:58.1038|DEBUG|GameStore.BLL.Services.GameStoreService|Getting all PlatformTypes. Returned 4  PlatformTypes.
80000029-0001-f900-b63f-84710c7967bb|2016-11-25 12:17:58.1739|DEBUG|GameStore.BLL.Services.GameStoreService|Getting all Publishers. Returned 30  Publishers.
80000029-0001-f900-b63f-84710c7967bb|2016-11-25 12:17:58.8724|DEBUG|GameStore.BLL.Services.GameStoreService|Getting all Games. Returned 89  Games.
8000002b-0001-f900-b63f-84710c7967bb|2016-11-25 12:18:06.6040|DEBUG|GameStore.BLL.Services.GameStoreService|Getting all Genres. Returned 24  Genres.
8000002b-0001-f900-b63f-84710c7967bb|2016-11-25 12:18:06.6040|DEBUG|GameStore.BLL.Services.GameStoreService|Getting all PlatformTypes. Returned 4  PlatformTypes.
8000002b-0001-f900-b63f-84710c7967bb|2016-11-25 12:18:06.6200|DEBUG|GameStore.BLL.Services.GameStoreService|Getting all Publishers. Returned 30  Publishers.
8000002d-0001-f900-b63f-84710c7967bb|2016-11-25 12:18:27.5339|DEBUG|GameStore.BLL.Services.GameStoreService|Getting all Genres. Returned 24  Genres.
8000002d-0001-f900-b63f-84710c7967bb|2016-11-25 12:18:27.5429|DEBUG|GameStore.BLL.Services.GameStoreService|Getting all PlatformTypes. Returned 4  PlatformTypes.
8000002d-0001-f900-b63f-84710c7967bb|2016-11-25 12:18:27.5429|DEBUG|GameStore.BLL.Services.GameStoreService|Getting all Publishers. Returned 30  Publishers.
8000002f-0001-f900-b63f-84710c7967bb|2016-11-25 12:18:36.6269|DEBUG|GameStore.BLL.Services.GameStoreService|Getting all Genres. Returned 24  Genres.
8000002f-0001-f900-b63f-84710c7967bb|2016-11-25 12:18:36.6369|DEBUG|GameStore.BLL.Services.GameStoreService|Getting all PlatformTypes. Returned 4  PlatformTypes.
8000002f-0001-f900-b63f-84710c7967bb|2016-11-25 12:18:36.6369|DEBUG|GameStore.BLL.Services.GameStoreService|Getting all Publishers. Returned 30  Publishers.
80000006-0001-f300-b63f-84710c7967bb|2016-11-25 12:20:11.6930|DEBUG|GameStore.BLL.Services.GameStoreService|Getting all Genres. Returned 24  Genres.
80000006-0001-f300-b63f-84710c7967bb|2016-11-25 12:20:11.7385|DEBUG|GameStore.BLL.Services.GameStoreService|Getting all PlatformTypes. Returned 4  PlatformTypes.
80000006-0001-f300-b63f-84710c7967bb|2016-11-25 12:20:11.7736|DEBUG|GameStore.BLL.Services.GameStoreService|Getting all Publishers. Returned 30  Publishers.
80000006-0001-f300-b63f-84710c7967bb|2016-11-25 12:20:12.3800|DEBUG|GameStore.BLL.Services.GameStoreService|Getting all Games. Returned 89  Games.
80000008-0001-f300-b63f-84710c7967bb|2016-11-25 12:20:20.4581|DEBUG|GameStore.BLL.Services.GameStoreService|Getting all Genres. Returned 24  Genres.
80000008-0001-f300-b63f-84710c7967bb|2016-11-25 12:20:20.4581|DEBUG|GameStore.BLL.Services.GameStoreService|Getting all PlatformTypes. Returned 4  PlatformTypes.
80000008-0001-f300-b63f-84710c7967bb|2016-11-25 12:20:20.4747|DEBUG|GameStore.BLL.Services.GameStoreService|Getting all Publishers. Returned 30  Publishers.
8000000a-0001-f300-b63f-84710c7967bb|2016-11-25 12:20:40.1421|DEBUG|GameStore.BLL.Services.GameStoreService|Getting all Genres. Returned 24  Genres.
8000000a-0001-f300-b63f-84710c7967bb|2016-11-25 12:20:40.1521|DEBUG|GameStore.BLL.Services.GameStoreService|Getting all PlatformTypes. Returned 4  PlatformTypes.
8000000a-0001-f300-b63f-84710c7967bb|2016-11-25 12:20:40.1521|DEBUG|GameStore.BLL.Services.GameStoreService|Getting all Publishers. Returned 30  Publishers.
8000000c-0001-f300-b63f-84710c7967bb|2016-11-25 12:20:52.4038|DEBUG|GameStore.BLL.Services.GameStoreService|Getting all Genres. Returned 24  Genres.
8000000c-0001-f300-b63f-84710c7967bb|2016-11-25 12:20:52.4038|DEBUG|GameStore.BLL.Services.GameStoreService|Getting all PlatformTypes. Returned 4  PlatformTypes.
8000000c-0001-f300-b63f-84710c7967bb|2016-11-25 12:20:52.4203|DEBUG|GameStore.BLL.Services.GameStoreService|Getting all Publishers. Returned 30  Publishers.
8000002e-0000-f100-b63f-84710c7967bb|2016-11-25 13:22:22.7546|DEBUG|GameStore.BLL.Services.GameStoreService|Getting all Genres. Returned 24  Genres.
8000002e-0000-f100-b63f-84710c7967bb|2016-11-25 13:22:22.7926|DEBUG|GameStore.BLL.Services.GameStoreService|Getting all PlatformTypes. Returned 4  PlatformTypes.
8000002e-0000-f100-b63f-84710c7967bb|2016-11-25 13:22:22.8256|DEBUG|GameStore.BLL.Services.GameStoreService|Getting all Publishers. Returned 30  Publishers.
8000002e-0000-f100-b63f-84710c7967bb|2016-11-25 13:22:23.4481|DEBUG|GameStore.BLL.Services.GameStoreService|Getting all Games. Returned 89  Games.
800001a4-0000-f200-b63f-84710c7967bb|2016-11-25 16:19:02.0668|DEBUG|GameStore.BLL.Services.GameStoreService|Getting all Games. Returned 89  Games.
800001a4-0000-f200-b63f-84710c7967bb|2016-11-25 16:19:03.8287|DEBUG|GameStore.BLL.Services.GameStoreService|Getting all Games. Returned 89  Games.
800001a6-0000-f200-b63f-84710c7967bb|2016-11-25 16:19:28.6573|DEBUG|GameStore.BLL.Services.GameStoreService|Getting all Games. Returned 89  Games.
800001a8-0000-f200-b63f-84710c7967bb|2016-11-25 16:19:33.5995|DEBUG|GameStore.BLL.Services.GameStoreService|Getting all Games. Returned 89  Games.
80000046-0003-e600-b63f-84710c7967bb|2016-11-25 16:34:27.2491|DEBUG|GameStore.BLL.Services.GameStoreService|Getting all Games. Returned 89  Games.
80000046-0003-e600-b63f-84710c7967bb|2016-11-25 16:34:28.9773|DEBUG|GameStore.BLL.Services.GameStoreService|Getting all Games. Returned 89  Games.
80000280-0003-e000-b63f-84710c7967bb|2016-11-25 16:43:17.4521|DEBUG|GameStore.BLL.Services.GameStoreService|Getting all Games. Returned 89  Games.
80000280-0003-e000-b63f-84710c7967bb|2016-11-25 16:43:19.2481|DEBUG|GameStore.BLL.Services.GameStoreService|Getting all Games. Returned 89  Games.
800006a3-0001-ee00-b63f-84710c7967bb|2016-11-25 16:44:21.6649|DEBUG|GameStore.BLL.Services.GameStoreService|Getting all Games. Returned 89  Games.
800006a3-0001-ee00-b63f-84710c7967bb|2016-11-25 16:44:23.4549|DEBUG|GameStore.BLL.Services.GameStoreService|Getting all Games. Returned 89  Games.
80000273-0000-f800-b63f-84710c7967bb|2016-11-25 16:44:58.1542|DEBUG|GameStore.BLL.Services.GameStoreService|Getting all Games. Returned 89  Games.
80000273-0000-f800-b63f-84710c7967bb|2016-11-25 16:44:58.8429|DEBUG|GameStore.BLL.Services.GameStoreService|Getting all Games. Returned 89  Games.
80000061-0000-fa00-b63f-84710c7967bb|2016-11-25 16:45:20.0362|DEBUG|GameStore.BLL.Services.GameStoreService|Getting all Games. Returned 89  Games.
80000061-0000-fa00-b63f-84710c7967bb|2016-11-25 16:45:20.7489|DEBUG|GameStore.BLL.Services.GameStoreService|Getting all Games. Returned 89  Games.
80000063-0000-fa00-b63f-84710c7967bb|2016-11-25 16:45:24.8767|DEBUG|GameStore.BLL.Services.GameStoreService|GettingPublisherby name=GamesCorporation 
80000065-0000-fa00-b63f-84710c7967bb|2016-11-25 16:45:31.6813|DEBUG|GameStore.BLL.Services.GameStoreService|Getting all Games. Returned 89  Games.
800000ab-0001-f900-b63f-84710c7967bb|2016-11-25 16:46:05.2792|DEBUG|GameStore.BLL.Services.GameStoreService|Getting all Games. Returned 89  Games.
800000ab-0001-f900-b63f-84710c7967bb|2016-11-25 16:46:06.0074|DEBUG|GameStore.BLL.Services.GameStoreService|Getting all Games. Returned 89  Games.
80000031-0001-e700-b63f-84710c7967bb|2016-11-25 16:46:48.1033|DEBUG|GameStore.BLL.Services.GameStoreService|Getting all Games. Returned 89  Games.
80000031-0001-e700-b63f-84710c7967bb|2016-11-25 16:46:49.8585|DEBUG|GameStore.BLL.Services.GameStoreService|Getting all Games. Returned 89  Games.
80000195-0000-f300-b63f-84710c7967bb|2016-11-25 16:47:24.8766|DEBUG|GameStore.BLL.Services.GameStoreService|Getting all Games. Returned 89  Games.
80000195-0000-f300-b63f-84710c7967bb|2016-11-25 16:47:26.5997|DEBUG|GameStore.BLL.Services.GameStoreService|Getting all Games. Returned 89  Games.
80000197-0000-f300-b63f-84710c7967bb|2016-11-25 16:47:30.2722|DEBUG|GameStore.BLL.Services.GameStoreService|GettingPublisherby name=Exotic Liquids 
800005d0-0001-f100-b63f-84710c7967bb|2016-11-25 16:48:33.0129|DEBUG|GameStore.BLL.Services.GameStoreService|Getting all Games. Returned 89  Games.
800005d0-0001-f100-b63f-84710c7967bb|2016-11-25 16:48:34.7604|DEBUG|GameStore.BLL.Services.GameStoreService|Getting all Games. Returned 89  Games.
800005d2-0001-f100-b63f-84710c7967bb|2016-11-25 16:48:42.0772|DEBUG|GameStore.BLL.Services.GameStoreService|Getting all Games. Returned 89  Games.
800005d4-0001-f100-b63f-84710c7967bb|2016-11-25 16:48:44.5699|DEBUG|GameStore.BLL.Services.GameStoreService|GettingGameby key=Game12_Game12 
800005d6-0001-f100-b63f-84710c7967bb|2016-11-25 16:48:50.0100|DEBUG|GameStore.BLL.Services.GameStoreService|Getting all Games. Returned 89  Games.
800005d8-0001-f100-b63f-84710c7967bb|2016-11-25 16:48:52.2441|DEBUG|GameStore.BLL.Services.GameStoreService|Getting all Games. Returned 89  Games.
800005da-0001-f100-b63f-84710c7967bb|2016-11-25 16:48:55.5039|DEBUG|GameStore.BLL.Services.GameStoreService|GettingGameby key=Game7_Game7 
800005da-0001-f100-b63f-84710c7967bb|2016-11-25 16:48:55.5514|DEBUG|GameStore.BLL.Services.GameStoreService|Getting all Publishers. Returned 30  Publishers.
80000294-0001-f700-b63f-84710c7967bb|2016-11-25 17:19:29.6610|DEBUG|GameStore.BLL.Services.GameStoreService|Getting all Games. Returned 89  Games.
80000294-0001-f700-b63f-84710c7967bb|2016-11-25 17:19:31.5203|DEBUG|GameStore.BLL.Services.GameStoreService|Getting all Games. Returned 89  Games.
80000296-0001-f700-b63f-84710c7967bb|2016-11-25 17:19:38.3933|DEBUG|GameStore.BLL.Services.GameStoreService|GettingPublisherby name=Exotic Liquids 
80000298-0001-f700-b63f-84710c7967bb|2016-11-25 17:19:40.7653|DEBUG|GameStore.BLL.Services.GameStoreService|Getting all Games. Returned 89  Games.
800001c3-0002-ea00-b63f-84710c7967bb|2016-11-25 17:22:26.6003|DEBUG|GameStore.BLL.Services.GameStoreService|Getting all Games. Returned 89  Games.
800001c3-0002-ea00-b63f-84710c7967bb|2016-11-25 17:22:28.4269|DEBUG|GameStore.BLL.Services.GameStoreService|Getting all Games. Returned 89  Games.
800001c5-0002-ea00-b63f-84710c7967bb|2016-11-25 17:22:33.2764|DEBUG|GameStore.BLL.Services.GameStoreService|GettingPublisherby name=Exotic Liquids 
800001c7-0002-ea00-b63f-84710c7967bb|2016-11-25 17:22:36.5688|DEBUG|GameStore.BLL.Services.GameStoreService|GettingPublisherby name=New Orleans Cajun Delights 
8000007f-0001-fe00-b63f-84710c7967bb|2016-11-25 17:24:53.3463|DEBUG|GameStore.BLL.Services.GameStoreService|Getting all Games. Returned 89  Games.
8000007f-0001-fe00-b63f-84710c7967bb|2016-11-25 17:24:55.2476|DEBUG|GameStore.BLL.Services.GameStoreService|Getting all Games. Returned 89  Games.
80000081-0001-fe00-b63f-84710c7967bb|2016-11-25 17:24:59.4322|DEBUG|GameStore.BLL.Services.GameStoreService|GettingPublisherby name=Exotic Liquids 
80000083-0001-fe00-b63f-84710c7967bb|2016-11-25 17:25:03.0578|DEBUG|GameStore.BLL.Services.GameStoreService|GettingPublisherby name=GamesCorporation 
80000085-0001-fe00-b63f-84710c7967bb|2016-11-25 17:25:06.1065|DEBUG|GameStore.BLL.Services.GameStoreService|GettingPublisherby name=Exotic Liquids 
80000097-0002-eb00-b63f-84710c7967bb|2016-11-25 17:25:51.4033|DEBUG|GameStore.BLL.Services.GameStoreService|Getting all Games. Returned 89  Games.
80000097-0002-eb00-b63f-84710c7967bb|2016-11-25 17:25:53.2477|DEBUG|GameStore.BLL.Services.GameStoreService|Getting all Games. Returned 89  Games.
80000099-0002-eb00-b63f-84710c7967bb|2016-11-25 17:25:56.8429|DEBUG|GameStore.BLL.Services.GameStoreService|GettingPublisherby name=Exotic Liquids 
8000009b-0002-eb00-b63f-84710c7967bb|2016-11-25 17:25:59.7845|DEBUG|GameStore.BLL.Services.GameStoreService|GettingPublisherby name=GamesCorporation 
80000662-0001-f100-b63f-84710c7967bb|2016-11-25 17:26:56.4175|DEBUG|GameStore.BLL.Services.GameStoreService|Getting all Games. Returned 89  Games.
80000662-0001-f100-b63f-84710c7967bb|2016-11-25 17:26:58.3466|DEBUG|GameStore.BLL.Services.GameStoreService|Getting all Games. Returned 89  Games.
80000664-0001-f100-b63f-84710c7967bb|2016-11-25 17:27:01.5489|DEBUG|GameStore.BLL.Services.GameStoreService|GettingPublisherby name=Exotic Liquids 
80000666-0001-f100-b63f-84710c7967bb|2016-11-25 17:27:05.0696|DEBUG|GameStore.BLL.Services.GameStoreService|GettingPublisherby name=GamesCorporation 
80000026-0002-fb00-b63f-84710c7967bb|2016-11-25 17:30:05.5113|DEBUG|GameStore.BLL.Services.GameStoreService|Getting all Games. Returned 89  Games.
80000026-0002-fb00-b63f-84710c7967bb|2016-11-25 17:30:07.3843|DEBUG|GameStore.BLL.Services.GameStoreService|Getting all Games. Returned 89  Games.
80000028-0002-fb00-b63f-84710c7967bb|2016-11-25 17:30:11.1670|DEBUG|GameStore.BLL.Services.GameStoreService|GettingPublisherby name=New Orleans Cajun Delights 
8000002a-0002-fb00-b63f-84710c7967bb|2016-11-25 17:30:14.8940|DEBUG|GameStore.BLL.Services.GameStoreService|GettingPublisherby name=GamesCorporation 
8000002c-0002-fb00-b63f-84710c7967bb|2016-11-25 17:30:18.4893|DEBUG|GameStore.BLL.Services.GameStoreService|GettingPublisherby name=New Orleans Cajun Delights 
800002b6-0001-f700-b63f-84710c7967bb|2016-11-25 17:31:06.6677|DEBUG|GameStore.BLL.Services.GameStoreService|Getting all Games. Returned 89  Games.
800002b6-0001-f700-b63f-84710c7967bb|2016-11-25 17:31:08.6240|DEBUG|GameStore.BLL.Services.GameStoreService|Getting all Games. Returned 89  Games.
800002b8-0001-f700-b63f-84710c7967bb|2016-11-25 17:31:14.3021|DEBUG|GameStore.BLL.Services.GameStoreService|GettingPublisherby name=Exotic Liquids 
800002ba-0001-f700-b63f-84710c7967bb|2016-11-25 17:31:17.7560|DEBUG|GameStore.BLL.Services.GameStoreService|GettingPublisherby name=GamesCorporation 
8000027e-0000-ed00-b63f-84710c7967bb|2016-11-25 17:33:26.1706|DEBUG|GameStore.BLL.Services.GameStoreService|Getting all Games. Returned 89  Games.
8000027e-0000-ed00-b63f-84710c7967bb|2016-11-25 17:33:28.0031|DEBUG|GameStore.BLL.Services.GameStoreService|Getting all Games. Returned 89  Games.
80000280-0000-ed00-b63f-84710c7967bb|2016-11-25 17:33:33.4068|DEBUG|GameStore.BLL.Services.GameStoreService|GettingPublisherby name=Exotic Liquids 
8000064b-0001-ec00-b63f-84710c7967bb|2016-11-25 17:39:30.3156|DEBUG|GameStore.BLL.Services.GameStoreService|Getting all Games. Returned 89  Games.
8000064b-0001-ec00-b63f-84710c7967bb|2016-11-25 17:39:32.2351|DEBUG|GameStore.BLL.Services.GameStoreService|Getting all Games. Returned 89  Games.
8000064d-0001-ec00-b63f-84710c7967bb|2016-11-25 17:39:36.6356|DEBUG|GameStore.BLL.Services.GameStoreService|GettingPublisherby name=Exotic Liquids 
8000064f-0001-ec00-b63f-84710c7967bb|2016-11-25 17:39:42.4853|DEBUG|GameStore.BLL.Services.GameStoreService|GettingPublisherby name=GamesCorporation 
80000651-0001-ec00-b63f-84710c7967bb|2016-11-25 17:39:46.6584|DEBUG|GameStore.BLL.Services.GameStoreService|GettingGameby key=Game7_Game7 
80000653-0001-ec00-b63f-84710c7967bb|2016-11-25 17:39:56.6219|DEBUG|GameStore.BLL.Services.GameStoreService|Getting all Games. Returned 89  Games.
8000006b-0003-ec00-b63f-84710c7967bb|2016-11-25 17:42:33.6251|DEBUG|GameStore.BLL.Services.GameStoreService|Getting all Games. Returned 89  Games.
8000006b-0003-ec00-b63f-84710c7967bb|2016-11-25 17:42:35.4623|DEBUG|GameStore.BLL.Services.GameStoreService|Getting all Games. Returned 89  Games.
80000242-0002-f700-b63f-84710c7967bb|2016-11-25 19:40:38.6600|DEBUG|GameStore.BLL.Services.GameStoreService|Getting all Games. Returned 89  Games.
80000242-0002-f700-b63f-84710c7967bb|2016-11-25 19:40:40.8141|DEBUG|GameStore.BLL.Services.GameStoreService|Getting all Games. Returned 89  Games.
80000131-0003-e900-b63f-84710c7967bb|2016-11-25 19:44:08.5372|DEBUG|GameStore.BLL.Services.GameStoreService|Getting all Games. Returned 89  Games.
80000131-0003-e900-b63f-84710c7967bb|2016-11-25 19:44:10.5754|DEBUG|GameStore.BLL.Services.GameStoreService|Getting all Games. Returned 89  Games.
80000093-0001-fc00-b63f-84710c7967bb|2016-11-25 19:45:39.2789|DEBUG|GameStore.BLL.Services.GameStoreService|Getting all Games. Returned 89  Games.
80000093-0001-fc00-b63f-84710c7967bb|2016-11-25 19:45:41.1747|DEBUG|GameStore.BLL.Services.GameStoreService|Getting all Games. Returned 89  Games.
80000860-0001-ed00-b63f-84710c7967bb|2016-11-25 19:47:29.4469|DEBUG|GameStore.BLL.Services.GameStoreService|Getting all Games. Returned 89  Games.
80000860-0001-ed00-b63f-84710c7967bb|2016-11-25 19:47:31.4338|DEBUG|GameStore.BLL.Services.GameStoreService|Getting all Games. Returned 89  Games.
80000095-0000-fa00-b63f-84710c7967bb|2016-11-25 19:49:12.4923|DEBUG|GameStore.BLL.Services.GameStoreService|Getting all Games. Returned 89  Games.
80000095-0000-fa00-b63f-84710c7967bb|2016-11-25 19:49:14.5059|DEBUG|GameStore.BLL.Services.GameStoreService|Getting all Games. Returned 89  Games.
8000009f-0001-fc00-b63f-84710c7967bb|2016-11-25 19:49:42.9337|DEBUG|GameStore.BLL.Services.GameStoreService|Getting all Games. Returned 89  Games.
8000009f-0001-fc00-b63f-84710c7967bb|2016-11-25 19:49:43.6954|DEBUG|GameStore.BLL.Services.GameStoreService|Getting all Games. Returned 89  Games.
800006d3-0001-e900-b63f-84710c7967bb|2016-11-25 19:50:37.2627|DEBUG|GameStore.BLL.Services.GameStoreService|Getting all Games. Returned 89  Games.
800006d3-0001-e900-b63f-84710c7967bb|2016-11-25 19:50:39.1360|DEBUG|GameStore.BLL.Services.GameStoreService|Getting all Games. Returned 89  Games.
80000058-0003-ef00-b63f-84710c7967bb|2016-11-25 19:53:41.9439|DEBUG|GameStore.BLL.Services.GameStoreService|Getting all Games. Returned 89  Games.
80000058-0003-ef00-b63f-84710c7967bb|2016-11-25 19:53:43.9054|DEBUG|GameStore.BLL.Services.GameStoreService|Getting all Games. Returned 89  Games.
8000011a-0001-fe00-b63f-84710c7967bb|2016-11-25 19:55:57.0272|DEBUG|GameStore.BLL.Services.GameStoreService|Getting all Games. Returned 89  Games.
8000011a-0001-fe00-b63f-84710c7967bb|2016-11-25 19:55:58.8653|DEBUG|GameStore.BLL.Services.GameStoreService|Getting all Games. Returned 89  Games.
80000aaa-0000-f400-b63f-84710c7967bb|2016-11-25 19:58:19.7268|DEBUG|GameStore.BLL.Services.GameStoreService|Getting all Games. Returned 89  Games.
80000aaa-0000-f400-b63f-84710c7967bb|2016-11-25 19:58:21.6302|DEBUG|GameStore.BLL.Services.GameStoreService|Getting all Games. Returned 89  Games.
80000152-0003-e900-b63f-84710c7967bb|2016-11-25 20:04:07.7867|DEBUG|GameStore.BLL.Services.GameStoreService|Getting all Games. Returned 89  Games.
80000152-0003-e900-b63f-84710c7967bb|2016-11-25 20:04:09.7479|DEBUG|GameStore.BLL.Services.GameStoreService|Getting all Games. Returned 89  Games.
80000647-0001-f700-b63f-84710c7967bb|2016-11-25 20:05:12.1833|DEBUG|GameStore.BLL.Services.GameStoreService|Getting all Games. Returned 89  Games.
80000647-0001-f700-b63f-84710c7967bb|2016-11-25 20:05:13.9905|DEBUG|GameStore.BLL.Services.GameStoreService|Getting all Games. Returned 89  Games.
80000413-0000-e300-b63f-84710c7967bb|2016-11-25 20:06:14.2760|DEBUG|GameStore.BLL.Services.GameStoreService|Getting all Games. Returned 89  Games.
80000413-0000-e300-b63f-84710c7967bb|2016-11-25 20:06:16.1847|DEBUG|GameStore.BLL.Services.GameStoreService|Getting all Games. Returned 89  Games.
