8000000c-0002-f300-b63f-84710c7967bb|2016-11-25 12:13:23.2326|DEBUG|ips|Client info: IP = ::1; URI = http://localhost:65078/
80000009-0000-f700-b63f-84710c7967bb|2016-11-25 12:15:32.8984|DEBUG|ips|Client info: IP = 127.0.0.1; URI = http://localhost:65078/
80000009-0000-f700-b63f-84710c7967bb|2016-11-25 12:15:37.2235|DEBUG|ips|Client info: IP = 127.0.0.1; URI = http://localhost:65078/
80000009-0000-f700-b63f-84710c7967bb|2016-11-25 12:15:45.8348|DEBUG|ips|Client info: IP = 127.0.0.1; URI = http://localhost:65078/
8000000a-0000-f700-b63f-84710c7967bb|2016-11-25 12:15:46.6418|DEBUG|ips|Client info: IP = 127.0.0.1; URI = http://localhost:65078/
8000000a-0000-f700-b63f-84710c7967bb|2016-11-25 12:15:46.6588|DEBUG|ips|Client info: IP = 127.0.0.1; URI = http://localhost:65078/
8000000a-0000-f700-b63f-84710c7967bb|2016-11-25 12:15:46.7879|DEBUG|ips|Client info: IP = 127.0.0.1; URI = http://localhost:65078/
80000029-0001-f900-b63f-84710c7967bb|2016-11-25 12:17:54.1236|DEBUG|ips|Client info: IP = 127.0.0.1; URI = http://localhost:65078/
80000029-0001-f900-b63f-84710c7967bb|2016-11-25 12:17:55.6279|DEBUG|ips|Client info: IP = 127.0.0.1; URI = http://localhost:65078/
80000029-0001-f900-b63f-84710c7967bb|2016-11-25 12:17:58.7578|DEBUG|ips|Client info: IP = 127.0.0.1; URI = http://localhost:65078/
8000002b-0001-f900-b63f-84710c7967bb|2016-11-25 12:18:06.5630|DEBUG|ips|Client info: IP = 127.0.0.1; URI = http://localhost:65078/games?PageSize=0
8000002b-0001-f900-b63f-84710c7967bb|2016-11-25 12:18:06.5700|DEBUG|ips|Client info: IP = 127.0.0.1; URI = http://localhost:65078/games?PageSize=0
8000002b-0001-f900-b63f-84710c7967bb|2016-11-25 12:18:06.6556|DEBUG|ips|Client info: IP = 127.0.0.1; URI = http://localhost:65078/games?PageSize=0
8000002d-0001-f900-b63f-84710c7967bb|2016-11-25 12:18:27.4813|DEBUG|ips|Client info: IP = 127.0.0.1; URI = http://localhost:65078/games?PageSize=0&Name=&MinPrice=&MaxPrice=&DateOfAdding=threeyear&FilterBy=Popularity
8000002d-0001-f900-b63f-84710c7967bb|2016-11-25 12:18:27.4988|DEBUG|ips|Client info: IP = 127.0.0.1; URI = http://localhost:65078/games?PageSize=0&Name=&MinPrice=&MaxPrice=&DateOfAdding=threeyear&FilterBy=Popularity
8000002d-0001-f900-b63f-84710c7967bb|2016-11-25 12:18:27.5799|DEBUG|ips|Client info: IP = 127.0.0.1; URI = http://localhost:65078/games?PageSize=0&Name=&MinPrice=&MaxPrice=&DateOfAdding=threeyear&FilterBy=Popularity
8000002f-0001-f900-b63f-84710c7967bb|2016-11-25 12:18:36.5864|DEBUG|ips|Client info: IP = 127.0.0.1; URI = http://localhost:65078/games?Name=&MinPrice=&MaxPrice=&DateOfAdding=threeyear&FilterBy=Popularity&PageSize=0
8000002f-0001-f900-b63f-84710c7967bb|2016-11-25 12:18:36.5864|DEBUG|ips|Client info: IP = 127.0.0.1; URI = http://localhost:65078/games?Name=&MinPrice=&MaxPrice=&DateOfAdding=threeyear&FilterBy=Popularity&PageSize=0
8000002f-0001-f900-b63f-84710c7967bb|2016-11-25 12:18:36.6749|DEBUG|ips|Client info: IP = 127.0.0.1; URI = http://localhost:65078/games?Name=&MinPrice=&MaxPrice=&DateOfAdding=threeyear&FilterBy=Popularity&PageSize=0
80000006-0001-f300-b63f-84710c7967bb|2016-11-25 12:20:07.8936|DEBUG|ips|Client info: IP = 127.0.0.1; URI = http://localhost:65078/
80000006-0001-f300-b63f-84710c7967bb|2016-11-25 12:20:09.3292|DEBUG|ips|Client info: IP = 127.0.0.1; URI = http://localhost:65078/
80000006-0001-f300-b63f-84710c7967bb|2016-11-25 12:20:12.2649|DEBUG|ips|Client info: IP = 127.0.0.1; URI = http://localhost:65078/
80000008-0001-f300-b63f-84710c7967bb|2016-11-25 12:20:20.4111|DEBUG|ips|Client info: IP = 127.0.0.1; URI = http://localhost:65078/games?PageSize=0
80000008-0001-f300-b63f-84710c7967bb|2016-11-25 12:20:20.4161|DEBUG|ips|Client info: IP = 127.0.0.1; URI = http://localhost:65078/games?PageSize=0
80000008-0001-f300-b63f-84710c7967bb|2016-11-25 12:20:20.5098|DEBUG|ips|Client info: IP = 127.0.0.1; URI = http://localhost:65078/games?PageSize=0
8000000a-0001-f300-b63f-84710c7967bb|2016-11-25 12:20:40.0885|DEBUG|ips|Client info: IP = 127.0.0.1; URI = http://localhost:65078/games?PageSize=0&Name=&MinPrice=&MaxPrice=&DateOfAdding=week&FilterBy=PriceAsc
8000000a-0001-f300-b63f-84710c7967bb|2016-11-25 12:20:40.0885|DEBUG|ips|Client info: IP = 127.0.0.1; URI = http://localhost:65078/games?PageSize=0&Name=&MinPrice=&MaxPrice=&DateOfAdding=week&FilterBy=PriceAsc
8000000a-0001-f300-b63f-84710c7967bb|2016-11-25 12:20:40.1891|DEBUG|ips|Client info: IP = 127.0.0.1; URI = http://localhost:65078/games?PageSize=0&Name=&MinPrice=&MaxPrice=&DateOfAdding=week&FilterBy=PriceAsc
8000000c-0001-f300-b63f-84710c7967bb|2016-11-25 12:20:52.3578|DEBUG|ips|Client info: IP = 127.0.0.1; URI = http://localhost:65078/games?PageSize=0&Name=&MinPrice=&MaxPrice=&DateOfAdding=threeyear&FilterBy=PriceDesc
8000000c-0001-f300-b63f-84710c7967bb|2016-11-25 12:20:52.3578|DEBUG|ips|Client info: IP = 127.0.0.1; URI = http://localhost:65078/games?PageSize=0&Name=&MinPrice=&MaxPrice=&DateOfAdding=threeyear&FilterBy=PriceDesc
8000000c-0001-f300-b63f-84710c7967bb|2016-11-25 12:20:52.4524|DEBUG|ips|Client info: IP = 127.0.0.1; URI = http://localhost:65078/games?PageSize=0&Name=&MinPrice=&MaxPrice=&DateOfAdding=threeyear&FilterBy=PriceDesc
80000216-0000-f900-b63f-84710c7967bb|2016-11-25 12:49:55.6961|DEBUG|ips|Client info: IP = ::1; URI = http://localhost:65078/
80000224-0000-f900-b63f-84710c7967bb|2016-11-25 12:51:29.4306|DEBUG|ips|Client info: IP = ::1; URI = http://localhost:65078/
80000008-0001-ea00-b63f-84710c7967bb|2016-11-25 13:21:30.8077|DEBUG|ips|Client info: IP = ::1; URI = http://localhost:65078/
8000002e-0000-f100-b63f-84710c7967bb|2016-11-25 13:22:15.0671|DEBUG|ips|Client info: IP = ::1; URI = http://localhost:65078/
8000002e-0000-f100-b63f-84710c7967bb|2016-11-25 13:22:16.5168|DEBUG|ips|Client info: IP = ::1; URI = http://localhost:65078/
8000002e-0000-f100-b63f-84710c7967bb|2016-11-25 13:22:23.3350|DEBUG|ips|Client info: IP = ::1; URI = http://localhost:65078/
80000005-0003-df00-b63f-84710c7967bb|2016-11-25 14:11:07.5223|DEBUG|ips|Client info: IP = ::1; URI = http://localhost:65078/
80000049-0000-ef00-b63f-84710c7967bb|2016-11-25 16:03:42.1670|DEBUG|ips|Client info: IP = ::1; URI = http://localhost:65078/
80000023-0000-ed00-b63f-84710c7967bb|2016-11-25 16:05:43.2012|DEBUG|ips|Client info: IP = ::1; URI = http://localhost:65078/
80000046-0001-e900-b63f-84710c7967bb|2016-11-25 16:07:51.8806|DEBUG|ips|Client info: IP = ::1; URI = http://localhost:65078/
8000004f-0001-e900-b63f-84710c7967bb|2016-11-25 16:11:03.2954|DEBUG|ips|Client info: IP = ::1; URI = http://localhost:65078/
80000028-0002-f700-b63f-84710c7967bb|2016-11-25 16:12:11.3120|DEBUG|ips|Client info: IP = ::1; URI = http://localhost:65078/
80000260-0000-f800-b63f-84710c7967bb|2016-11-25 16:13:22.2835|DEBUG|ips|Client info: IP = ::1; URI = http://localhost:65078/
8000018f-0000-f100-b63f-84710c7967bb|2016-11-25 16:14:06.8040|DEBUG|ips|Client info: IP = ::1; URI = http://localhost:65078/
80000095-0000-f400-b63f-84710c7967bb|2016-11-25 16:17:36.0284|DEBUG|ips|Client info: IP = ::1; URI = http://localhost:65078/
800001a4-0000-f200-b63f-84710c7967bb|2016-11-25 16:18:58.8012|DEBUG|ips|Client info: IP = ::1; URI = http://localhost:65078/
800001a4-0000-f200-b63f-84710c7967bb|2016-11-25 16:19:03.7386|DEBUG|ips|Client info: IP = ::1; URI = http://localhost:65078/
800001a6-0000-f200-b63f-84710c7967bb|2016-11-25 16:19:28.5723|DEBUG|ips|Client info: IP = ::1; URI = http://localhost:65078/games?PageSize=20
800001a6-0000-f200-b63f-84710c7967bb|2016-11-25 16:19:28.6953|DEBUG|ips|Client info: IP = ::1; URI = http://localhost:65078/games?PageSize=20
800001a8-0000-f200-b63f-84710c7967bb|2016-11-25 16:19:33.5119|DEBUG|ips|Client info: IP = ::1; URI = http://localhost:65078/games?PageSize=10
800001a8-0000-f200-b63f-84710c7967bb|2016-11-25 16:19:33.6355|DEBUG|ips|Client info: IP = ::1; URI = http://localhost:65078/games?PageSize=10
80000046-0003-e600-b63f-84710c7967bb|2016-11-25 16:34:20.6383|DEBUG|ips|Client info: IP = ::1; URI = http://localhost:65078/
80000046-0003-e600-b63f-84710c7967bb|2016-11-25 16:34:28.7843|DEBUG|ips|Client info: IP = ::1; URI = http://localhost:65078/
80000280-0003-e000-b63f-84710c7967bb|2016-11-25 16:43:10.1212|DEBUG|ips|Client info: IP = ::1; URI = http://localhost:65078/
80000280-0003-e000-b63f-84710c7967bb|2016-11-25 16:43:19.0629|DEBUG|ips|Client info: IP = ::1; URI = http://localhost:65078/
80000282-0003-e000-b63f-84710c7967bb|2016-11-25 16:43:23.7884|DEBUG|ips|Client info: IP = ::1; URI = http://localhost:65078/publisher/Details?companyName=New%20Orleans%20Cajun%20Delights
800006a3-0001-ee00-b63f-84710c7967bb|2016-11-25 16:44:18.3340|DEBUG|ips|Client info: IP = ::1; URI = http://localhost:65078/
800006a3-0001-ee00-b63f-84710c7967bb|2016-11-25 16:44:23.2487|DEBUG|ips|Client info: IP = ::1; URI = http://localhost:65078/
800006a5-0001-ee00-b63f-84710c7967bb|2016-11-25 16:44:30.4611|DEBUG|ips|Client info: IP = ::1; URI = http://localhost:65078/publisher/Details?companyName=Grandma%20Kelly%27s%20Homestead
80000273-0000-f800-b63f-84710c7967bb|2016-11-25 16:44:54.1423|DEBUG|ips|Client info: IP = ::1; URI = http://localhost:65078/
80000273-0000-f800-b63f-84710c7967bb|2016-11-25 16:44:58.6347|DEBUG|ips|Client info: IP = ::1; URI = http://localhost:65078/
80000275-0000-f800-b63f-84710c7967bb|2016-11-25 16:45:02.8986|DEBUG|ips|Client info: IP = ::1; URI = http://localhost:65078/publisher/Details?companyName=New%20Orleans%20Cajun%20Delights
80000061-0000-fa00-b63f-84710c7967bb|2016-11-25 16:45:16.8866|DEBUG|ips|Client info: IP = ::1; URI = http://localhost:65078/
80000061-0000-fa00-b63f-84710c7967bb|2016-11-25 16:45:20.5568|DEBUG|ips|Client info: IP = ::1; URI = http://localhost:65078/
80000063-0000-fa00-b63f-84710c7967bb|2016-11-25 16:45:24.7962|DEBUG|ips|Client info: IP = ::1; URI = http://localhost:65078/publisher/Details?companyName=GamesCorporation
80000063-0000-fa00-b63f-84710c7967bb|2016-11-25 16:45:28.5107|DEBUG|ips|Client info: IP = ::1; URI = http://localhost:65078/publisher/Details?companyName=GamesCorporation
80000065-0000-fa00-b63f-84710c7967bb|2016-11-25 16:45:31.4810|DEBUG|ips|Client info: IP = ::1; URI = http://localhost:65078/games
80000065-0000-fa00-b63f-84710c7967bb|2016-11-25 16:45:31.7238|DEBUG|ips|Client info: IP = ::1; URI = http://localhost:65078/games
800000ab-0001-f900-b63f-84710c7967bb|2016-11-25 16:46:01.6997|DEBUG|ips|Client info: IP = ::1; URI = http://localhost:65078/
800000ab-0001-f900-b63f-84710c7967bb|2016-11-25 16:46:05.8147|DEBUG|ips|Client info: IP = ::1; URI = http://localhost:65078/
800000ad-0001-f900-b63f-84710c7967bb|2016-11-25 16:46:10.3581|DEBUG|ips|Client info: IP = ::1; URI = http://localhost:65078/publisher/Details?companyName=Exotic%20Liquids
80000031-0001-e700-b63f-84710c7967bb|2016-11-25 16:46:44.8494|DEBUG|ips|Client info: IP = ::1; URI = http://localhost:65078/
80000031-0001-e700-b63f-84710c7967bb|2016-11-25 16:46:49.6628|DEBUG|ips|Client info: IP = ::1; URI = http://localhost:65078/
80000033-0001-e700-b63f-84710c7967bb|2016-11-25 16:46:53.3657|DEBUG|ips|Client info: IP = ::1; URI = http://localhost:65078/publisher/Details?companyName=Exotic%20Liquids
80000195-0000-f300-b63f-84710c7967bb|2016-11-25 16:47:21.7780|DEBUG|ips|Client info: IP = ::1; URI = http://localhost:65078/
80000195-0000-f300-b63f-84710c7967bb|2016-11-25 16:47:26.4132|DEBUG|ips|Client info: IP = ::1; URI = http://localhost:65078/
80000197-0000-f300-b63f-84710c7967bb|2016-11-25 16:47:30.2046|DEBUG|ips|Client info: IP = ::1; URI = http://localhost:65078/publisher/Details?companyName=Exotic%20Liquids
80000197-0000-f300-b63f-84710c7967bb|2016-11-25 16:47:30.4544|DEBUG|ips|Client info: IP = ::1; URI = http://localhost:65078/publisher/Details?companyName=Exotic%20Liquids
80000199-0000-f300-b63f-84710c7967bb|2016-11-25 16:48:00.5676|DEBUG|ips|Client info: IP = ::1; URI = http://localhost:65078/game/Chang/Details
800005d0-0001-f100-b63f-84710c7967bb|2016-11-25 16:48:29.1311|DEBUG|ips|Client info: IP = ::1; URI = http://localhost:65078/
800005d0-0001-f100-b63f-84710c7967bb|2016-11-25 16:48:34.5546|DEBUG|ips|Client info: IP = ::1; URI = http://localhost:65078/
800005d2-0001-f100-b63f-84710c7967bb|2016-11-25 16:48:41.8911|DEBUG|ips|Client info: IP = ::1; URI = http://localhost:65078/
800005d2-0001-f100-b63f-84710c7967bb|2016-11-25 16:48:42.1173|DEBUG|ips|Client info: IP = ::1; URI = http://localhost:65078/
800005d4-0001-f100-b63f-84710c7967bb|2016-11-25 16:48:44.4743|DEBUG|ips|Client info: IP = ::1; URI = http://localhost:65078/game/Game12_Game12/Details
800005d4-0001-f100-b63f-84710c7967bb|2016-11-25 16:48:47.9336|DEBUG|ips|Client info: IP = ::1; URI = http://localhost:65078/game/Game12_Game12/Details
800005d6-0001-f100-b63f-84710c7967bb|2016-11-25 16:48:49.8270|DEBUG|ips|Client info: IP = ::1; URI = http://localhost:65078/games
800005d6-0001-f100-b63f-84710c7967bb|2016-11-25 16:48:50.0521|DEBUG|ips|Client info: IP = ::1; URI = http://localhost:65078/games
800005d8-0001-f100-b63f-84710c7967bb|2016-11-25 16:48:52.0480|DEBUG|ips|Client info: IP = ::1; URI = http://localhost:65078/games
800005d8-0001-f100-b63f-84710c7967bb|2016-11-25 16:48:52.3012|DEBUG|ips|Client info: IP = ::1; URI = http://localhost:65078/games
800005da-0001-f100-b63f-84710c7967bb|2016-11-25 16:48:55.5039|DEBUG|ips|Client info: IP = ::1; URI = http://localhost:65078/games/Update?key=Game7_Game7
80000299-0000-f800-b63f-84710c7967bb|2016-11-25 16:52:37.2731|DEBUG|ips|Client info: IP = ::1; URI = http://localhost:65078/
80000412-0001-ef00-b63f-84710c7967bb|2016-11-25 16:52:59.0279|DEBUG|ips|Client info: IP = ::1; URI = http://localhost:65078/
8000001a-0002-e500-b63f-84710c7967bb|2016-11-25 17:07:24.8147|DEBUG|ips|Client info: IP = ::1; URI = http://localhost:65078/
800000ba-0000-fc00-b63f-84710c7967bb|2016-11-25 17:09:47.5856|DEBUG|ips|Client info: IP = ::1; URI = http://localhost:65078/
80000231-0001-ea00-b63f-84710c7967bb|2016-11-25 17:12:52.5373|DEBUG|ips|Client info: IP = ::1; URI = http://localhost:65078/
80000051-0003-f400-b63f-84710c7967bb|2016-11-25 17:15:34.8748|DEBUG|ips|Client info: IP = ::1; URI = http://localhost:65078/
8000001e-0001-fc00-b63f-84710c7967bb|2016-11-25 17:17:51.2016|DEBUG|ips|Client info: IP = ::1; URI = http://localhost:65078/
80000294-0001-f700-b63f-84710c7967bb|2016-11-25 17:19:26.3243|DEBUG|ips|Client info: IP = ::1; URI = http://localhost:65078/
80000294-0001-f700-b63f-84710c7967bb|2016-11-25 17:19:31.2498|DEBUG|ips|Client info: IP = ::1; URI = http://localhost:65078/
80000296-0001-f700-b63f-84710c7967bb|2016-11-25 17:19:38.2802|DEBUG|ips|Client info: IP = ::1; URI = http://localhost:65078/publisher/Details?companyName=Exotic%20Liquids
80000296-0001-f700-b63f-84710c7967bb|2016-11-25 17:19:38.5918|DEBUG|ips|Client info: IP = ::1; URI = http://localhost:65078/publisher/Details?companyName=Exotic%20Liquids
80000298-0001-f700-b63f-84710c7967bb|2016-11-25 17:19:40.4849|DEBUG|ips|Client info: IP = ::1; URI = http://localhost:65078/games
80000298-0001-f700-b63f-84710c7967bb|2016-11-25 17:19:40.8144|DEBUG|ips|Client info: IP = ::1; URI = http://localhost:65078/games
800001c3-0002-ea00-b63f-84710c7967bb|2016-11-25 17:22:23.4346|DEBUG|ips|Client info: IP = ::1; URI = http://localhost:65078/
800001c3-0002-ea00-b63f-84710c7967bb|2016-11-25 17:22:28.1637|DEBUG|ips|Client info: IP = ::1; URI = http://localhost:65078/
800001c5-0002-ea00-b63f-84710c7967bb|2016-11-25 17:22:33.2097|DEBUG|ips|Client info: IP = ::1; URI = http://localhost:65078/publisher/Details?companyName=Exotic%20Liquids
800001c5-0002-ea00-b63f-84710c7967bb|2016-11-25 17:22:33.4725|DEBUG|ips|Client info: IP = ::1; URI = http://localhost:65078/publisher/Details?companyName=Exotic%20Liquids
800001c7-0002-ea00-b63f-84710c7967bb|2016-11-25 17:22:36.5647|DEBUG|ips|Client info: IP = ::1; URI = http://localhost:65078/publisher/Details?companyName=New%20Orleans%20Cajun%20Delights
800001c7-0002-ea00-b63f-84710c7967bb|2016-11-25 17:22:36.5688|DEBUG|ips|Client info: IP = ::1; URI = http://localhost:65078/publisher/Details?companyName=New%20Orleans%20Cajun%20Delights
8000007f-0001-fe00-b63f-84710c7967bb|2016-11-25 17:24:50.0324|DEBUG|ips|Client info: IP = ::1; URI = http://localhost:65078/
8000007f-0001-fe00-b63f-84710c7967bb|2016-11-25 17:24:54.9864|DEBUG|ips|Client info: IP = ::1; URI = http://localhost:65078/
80000081-0001-fe00-b63f-84710c7967bb|2016-11-25 17:24:59.3672|DEBUG|ips|Client info: IP = ::1; URI = http://localhost:65078/publisher/Details?companyName=Exotic%20Liquids
80000081-0001-fe00-b63f-84710c7967bb|2016-11-25 17:24:59.6120|DEBUG|ips|Client info: IP = ::1; URI = http://localhost:65078/publisher/Details?companyName=Exotic%20Liquids
80000083-0001-fe00-b63f-84710c7967bb|2016-11-25 17:25:03.0368|DEBUG|ips|Client info: IP = ::1; URI = http://localhost:65078/publisher/Details?companyName=GamesCorporation
80000083-0001-fe00-b63f-84710c7967bb|2016-11-25 17:25:03.0668|DEBUG|ips|Client info: IP = ::1; URI = http://localhost:65078/publisher/Details?companyName=GamesCorporation
80000085-0001-fe00-b63f-84710c7967bb|2016-11-25 17:25:06.1065|DEBUG|ips|Client info: IP = ::1; URI = http://localhost:65078/publisher/Details?companyName=Exotic%20Liquids
80000085-0001-fe00-b63f-84710c7967bb|2016-11-25 17:25:06.1135|DEBUG|ips|Client info: IP = ::1; URI = http://localhost:65078/publisher/Details?companyName=Exotic%20Liquids
80000097-0002-eb00-b63f-84710c7967bb|2016-11-25 17:25:48.3033|DEBUG|ips|Client info: IP = ::1; URI = http://localhost:65078/
80000097-0002-eb00-b63f-84710c7967bb|2016-11-25 17:25:52.9646|DEBUG|ips|Client info: IP = ::1; URI = http://localhost:65078/
80000099-0002-eb00-b63f-84710c7967bb|2016-11-25 17:25:56.7658|DEBUG|ips|Client info: IP = ::1; URI = http://localhost:65078/publisher/Details?companyName=Exotic%20Liquids
80000099-0002-eb00-b63f-84710c7967bb|2016-11-25 17:25:57.0255|DEBUG|ips|Client info: IP = ::1; URI = http://localhost:65078/publisher/Details?companyName=Exotic%20Liquids
8000009b-0002-eb00-b63f-84710c7967bb|2016-11-25 17:25:59.7635|DEBUG|ips|Client info: IP = ::1; URI = http://localhost:65078/publisher/Details?companyName=GamesCorporation
8000009b-0002-eb00-b63f-84710c7967bb|2016-11-25 17:25:59.7845|DEBUG|ips|Client info: IP = ::1; URI = http://localhost:65078/publisher/Details?companyName=GamesCorporation
80000662-0001-f100-b63f-84710c7967bb|2016-11-25 17:26:52.8462|DEBUG|ips|Client info: IP = ::1; URI = http://localhost:65078/
80000662-0001-f100-b63f-84710c7967bb|2016-11-25 17:26:58.0801|DEBUG|ips|Client info: IP = ::1; URI = http://localhost:65078/
80000664-0001-f100-b63f-84710c7967bb|2016-11-25 17:27:01.4829|DEBUG|ips|Client info: IP = ::1; URI = http://localhost:65078/publisher/Details?companyName=Exotic%20Liquids
80000664-0001-f100-b63f-84710c7967bb|2016-11-25 17:27:01.7343|DEBUG|ips|Client info: IP = ::1; URI = http://localhost:65078/publisher/Details?companyName=Exotic%20Liquids
80000666-0001-f100-b63f-84710c7967bb|2016-11-25 17:27:05.0370|DEBUG|ips|Client info: IP = ::1; URI = http://localhost:65078/publisher/Details?companyName=GamesCorporation
80000666-0001-f100-b63f-84710c7967bb|2016-11-25 17:27:05.0696|DEBUG|ips|Client info: IP = ::1; URI = http://localhost:65078/publisher/Details?companyName=GamesCorporation
80000026-0002-fb00-b63f-84710c7967bb|2016-11-25 17:30:02.1569|DEBUG|ips|Client info: IP = ::1; URI = http://localhost:65078/
80000026-0002-fb00-b63f-84710c7967bb|2016-11-25 17:30:07.0894|DEBUG|ips|Client info: IP = ::1; URI = http://localhost:65078/
80000028-0002-fb00-b63f-84710c7967bb|2016-11-25 17:30:11.0985|DEBUG|ips|Client info: IP = ::1; URI = http://localhost:65078/publisher/Details?companyName=New%20Orleans%20Cajun%20Delights
80000028-0002-fb00-b63f-84710c7967bb|2016-11-25 17:30:11.3682|DEBUG|ips|Client info: IP = ::1; URI = http://localhost:65078/publisher/Details?companyName=New%20Orleans%20Cajun%20Delights
8000002a-0002-fb00-b63f-84710c7967bb|2016-11-25 17:30:14.8675|DEBUG|ips|Client info: IP = ::1; URI = http://localhost:65078/publisher/Details?companyName=GamesCorporation
8000002a-0002-fb00-b63f-84710c7967bb|2016-11-25 17:30:14.9120|DEBUG|ips|Client info: IP = ::1; URI = http://localhost:65078/publisher/Details?companyName=GamesCorporation
8000002c-0002-fb00-b63f-84710c7967bb|2016-11-25 17:30:18.4843|DEBUG|ips|Client info: IP = ::1; URI = http://localhost:65078/publisher/Details?companyName=New%20Orleans%20Cajun%20Delights
8000002c-0002-fb00-b63f-84710c7967bb|2016-11-25 17:30:18.4893|DEBUG|ips|Client info: IP = ::1; URI = http://localhost:65078/publisher/Details?companyName=New%20Orleans%20Cajun%20Delights
800002b6-0001-f700-b63f-84710c7967bb|2016-11-25 17:31:03.3450|DEBUG|ips|Client info: IP = ::1; URI = http://localhost:65078/
800002b6-0001-f700-b63f-84710c7967bb|2016-11-25 17:31:08.3440|DEBUG|ips|Client info: IP = ::1; URI = http://localhost:65078/
800002b8-0001-f700-b63f-84710c7967bb|2016-11-25 17:31:14.2336|DEBUG|ips|Client info: IP = ::1; URI = http://localhost:65078/publisher/Details?companyName=Exotic%20Liquids
800002b8-0001-f700-b63f-84710c7967bb|2016-11-25 17:31:14.5073|DEBUG|ips|Client info: IP = ::1; URI = http://localhost:65078/publisher/Details?companyName=Exotic%20Liquids
800002ba-0001-f700-b63f-84710c7967bb|2016-11-25 17:31:17.7390|DEBUG|ips|Client info: IP = ::1; URI = http://localhost:65078/publisher/Details?companyName=GamesCorporation
800002ba-0001-f700-b63f-84710c7967bb|2016-11-25 17:31:17.7560|DEBUG|ips|Client info: IP = ::1; URI = http://localhost:65078/publisher/Details?companyName=GamesCorporation
8000027e-0000-ed00-b63f-84710c7967bb|2016-11-25 17:33:22.6217|DEBUG|ips|Client info: IP = ::1; URI = http://localhost:65078/
8000027e-0000-ed00-b63f-84710c7967bb|2016-11-25 17:33:27.7335|DEBUG|ips|Client info: IP = ::1; URI = http://localhost:65078/
80000280-0000-ed00-b63f-84710c7967bb|2016-11-25 17:33:33.3318|DEBUG|ips|Client info: IP = ::1; URI = http://localhost:65078/publisher/Details?companyName=Exotic%20Liquids
80000280-0000-ed00-b63f-84710c7967bb|2016-11-25 17:33:33.5900|DEBUG|ips|Client info: IP = ::1; URI = http://localhost:65078/publisher/Details?companyName=Exotic%20Liquids
8000064b-0001-ec00-b63f-84710c7967bb|2016-11-25 17:39:24.1376|DEBUG|ips|Client info: IP = ::1; URI = http://localhost:65078/
8000064b-0001-ec00-b63f-84710c7967bb|2016-11-25 17:39:31.9706|DEBUG|ips|Client info: IP = ::1; URI = http://localhost:65078/
8000064d-0001-ec00-b63f-84710c7967bb|2016-11-25 17:39:36.5640|DEBUG|ips|Client info: IP = ::1; URI = http://localhost:65078/publisher/Details?companyName=Exotic%20Liquids
8000064d-0001-ec00-b63f-84710c7967bb|2016-11-25 17:39:36.8177|DEBUG|ips|Client info: IP = ::1; URI = http://localhost:65078/publisher/Details?companyName=Exotic%20Liquids
8000064f-0001-ec00-b63f-84710c7967bb|2016-11-25 17:39:42.4623|DEBUG|ips|Client info: IP = ::1; URI = http://localhost:65078/publisher/Details?companyName=GamesCorporation
8000064f-0001-ec00-b63f-84710c7967bb|2016-11-25 17:39:42.4938|DEBUG|ips|Client info: IP = ::1; URI = http://localhost:65078/publisher/Details?companyName=GamesCorporation
80000651-0001-ec00-b63f-84710c7967bb|2016-11-25 17:39:46.6074|DEBUG|ips|Client info: IP = ::1; URI = http://localhost:65078/game/Game7_Game7/Details
80000651-0001-ec00-b63f-84710c7967bb|2016-11-25 17:39:50.2108|DEBUG|ips|Client info: IP = ::1; URI = http://localhost:65078/game/Game7_Game7/Details
80000653-0001-ec00-b63f-84710c7967bb|2016-11-25 17:39:56.3591|DEBUG|ips|Client info: IP = ::1; URI = http://localhost:65078/
80000653-0001-ec00-b63f-84710c7967bb|2016-11-25 17:39:56.6709|DEBUG|ips|Client info: IP = ::1; URI = http://localhost:65078/
8000006b-0003-ec00-b63f-84710c7967bb|2016-11-25 17:42:30.3805|DEBUG|ips|Client info: IP = ::1; URI = http://localhost:65078/
8000006b-0003-ec00-b63f-84710c7967bb|2016-11-25 17:42:35.1832|DEBUG|ips|Client info: IP = ::1; URI = http://localhost:65078/
8000006d-0003-ec00-b63f-84710c7967bb|2016-11-25 17:42:43.0639|DEBUG|ips|Client info: IP = ::1; URI = http://localhost:65078/publisher/Details?companyName=Exotic%20Liquids
8000061a-0000-f000-b63f-84710c7967bb|2016-11-25 19:20:53.1676|DEBUG|ips|Client info: IP = ::1; URI = http://localhost:65078/
8000004f-0002-fb00-b63f-84710c7967bb|2016-11-25 19:21:58.7581|DEBUG|ips|Client info: IP = ::1; URI = http://localhost:65078/
80000271-0002-ea00-b63f-84710c7967bb|2016-11-25 19:27:47.8834|DEBUG|ips|Client info: IP = ::1; URI = http://localhost:65078/
80000242-0002-f700-b63f-84710c7967bb|2016-11-25 19:40:31.7886|DEBUG|ips|Client info: IP = ::1; URI = http://localhost:65078/
80000242-0002-f700-b63f-84710c7967bb|2016-11-25 19:40:40.5039|DEBUG|ips|Client info: IP = ::1; URI = http://localhost:65078/
80000246-0002-f700-b63f-84710c7967bb|2016-11-25 19:40:48.8880|DEBUG|ips|Client info: IP = ::1; URI = http://localhost:65078/game/Ikura/Details
80000131-0003-e900-b63f-84710c7967bb|2016-11-25 19:44:04.8637|DEBUG|ips|Client info: IP = ::1; URI = http://localhost:65078/
80000131-0003-e900-b63f-84710c7967bb|2016-11-25 19:44:10.2785|DEBUG|ips|Client info: IP = ::1; URI = http://localhost:65078/
80000133-0003-e900-b63f-84710c7967bb|2016-11-25 19:44:18.2003|DEBUG|ips|Client info: IP = ::1; URI = http://localhost:65078/game/4/Details
80000093-0001-fc00-b63f-84710c7967bb|2016-11-25 19:45:36.0000|DEBUG|ips|Client info: IP = ::1; URI = http://localhost:65078/
80000093-0001-fc00-b63f-84710c7967bb|2016-11-25 19:45:40.8668|DEBUG|ips|Client info: IP = ::1; URI = http://localhost:65078/
80000095-0001-fc00-b63f-84710c7967bb|2016-11-25 19:45:46.7977|DEBUG|ips|Client info: IP = ::1; URI = http://localhost:65078/game/5835a55b71c151964df0b650/Details
80000860-0001-ed00-b63f-84710c7967bb|2016-11-25 19:47:26.0948|DEBUG|ips|Client info: IP = ::1; URI = http://localhost:65078/
80000860-0001-ed00-b63f-84710c7967bb|2016-11-25 19:47:31.1392|DEBUG|ips|Client info: IP = ::1; URI = http://localhost:65078/
80000862-0001-ed00-b63f-84710c7967bb|2016-11-25 19:47:35.4088|DEBUG|ips|Client info: IP = ::1; URI = http://localhost:65078/game/Game3/Details
80000095-0000-fa00-b63f-84710c7967bb|2016-11-25 19:49:09.1976|DEBUG|ips|Client info: IP = ::1; URI = http://localhost:65078/
80000095-0000-fa00-b63f-84710c7967bb|2016-11-25 19:49:14.2249|DEBUG|ips|Client info: IP = ::1; URI = http://localhost:65078/
80000097-0000-fa00-b63f-84710c7967bb|2016-11-25 19:49:19.1396|DEBUG|ips|Client info: IP = ::1; URI = http://localhost:65078/game/Game9_Game9/Details
8000009f-0001-fc00-b63f-84710c7967bb|2016-11-25 19:49:39.2170|DEBUG|ips|Client info: IP = ::1; URI = http://localhost:65078/
8000009f-0001-fc00-b63f-84710c7967bb|2016-11-25 19:49:43.4056|DEBUG|ips|Client info: IP = ::1; URI = http://localhost:65078/
800000a1-0001-fc00-b63f-84710c7967bb|2016-11-25 19:49:47.1478|DEBUG|ips|Client info: IP = ::1; URI = http://localhost:65078/game/5835a55b71c151964df0b652/Details
800006d3-0001-e900-b63f-84710c7967bb|2016-11-25 19:50:34.0843|DEBUG|ips|Client info: IP = ::1; URI = http://localhost:65078/
800006d3-0001-e900-b63f-84710c7967bb|2016-11-25 19:50:38.8501|DEBUG|ips|Client info: IP = ::1; URI = http://localhost:65078/
800006d5-0001-e900-b63f-84710c7967bb|2016-11-25 19:50:45.1007|DEBUG|ips|Client info: IP = ::1; URI = http://localhost:65078/game/5835a55b71c151964df0b651/Details
80000058-0003-ef00-b63f-84710c7967bb|2016-11-25 19:53:37.9293|DEBUG|ips|Client info: IP = ::1; URI = http://localhost:65078/
80000058-0003-ef00-b63f-84710c7967bb|2016-11-25 19:53:43.5952|DEBUG|ips|Client info: IP = ::1; URI = http://localhost:65078/
8000005a-0003-ef00-b63f-84710c7967bb|2016-11-25 19:53:53.2693|DEBUG|ips|Client info: IP = ::1; URI = http://localhost:65078/game/5835a55b71c151964df0b650/Details
8000011a-0001-fe00-b63f-84710c7967bb|2016-11-25 19:55:53.1999|DEBUG|ips|Client info: IP = ::1; URI = http://localhost:65078/
8000011a-0001-fe00-b63f-84710c7967bb|2016-11-25 19:55:58.5813|DEBUG|ips|Client info: IP = ::1; URI = http://localhost:65078/
8000011c-0001-fe00-b63f-84710c7967bb|2016-11-25 19:56:05.3482|DEBUG|ips|Client info: IP = ::1; URI = http://localhost:65078/game/5835a55b71c151964df0b64e/Details
80000aaa-0000-f400-b63f-84710c7967bb|2016-11-25 19:58:15.9744|DEBUG|ips|Client info: IP = ::1; URI = http://localhost:65078/
80000aaa-0000-f400-b63f-84710c7967bb|2016-11-25 19:58:21.3494|DEBUG|ips|Client info: IP = ::1; URI = http://localhost:65078/
80000aac-0000-f400-b63f-84710c7967bb|2016-11-25 19:58:28.9621|DEBUG|ips|Client info: IP = ::1; URI = http://localhost:65078/game/5835a55b71c151964df0b64e/Details
80000152-0003-e900-b63f-84710c7967bb|2016-11-25 20:04:01.4643|DEBUG|ips|Client info: IP = ::1; URI = http://localhost:65078/
80000152-0003-e900-b63f-84710c7967bb|2016-11-25 20:04:09.4740|DEBUG|ips|Client info: IP = ::1; URI = http://localhost:65078/
80000154-0003-e900-b63f-84710c7967bb|2016-11-25 20:04:14.3012|DEBUG|ips|Client info: IP = ::1; URI = http://localhost:65078/game/5835a55b71c151964df0b64e/Details
80000647-0001-f700-b63f-84710c7967bb|2016-11-25 20:05:08.9618|DEBUG|ips|Client info: IP = ::1; URI = http://localhost:65078/
80000647-0001-f700-b63f-84710c7967bb|2016-11-25 20:05:13.7124|DEBUG|ips|Client info: IP = ::1; URI = http://localhost:65078/
80000649-0001-f700-b63f-84710c7967bb|2016-11-25 20:05:18.2188|DEBUG|ips|Client info: IP = ::1; URI = http://localhost:65078/game/5835a55b71c151964df0b64f/Details
80000413-0000-e300-b63f-84710c7967bb|2016-11-25 20:06:10.7990|DEBUG|ips|Client info: IP = ::1; URI = http://localhost:65078/
80000413-0000-e300-b63f-84710c7967bb|2016-11-25 20:06:15.9020|DEBUG|ips|Client info: IP = ::1; URI = http://localhost:65078/
80000415-0000-e300-b63f-84710c7967bb|2016-11-25 20:06:21.5968|DEBUG|ips|Client info: IP = ::1; URI = http://localhost:65078/game/5835a55b71c151964df0b64f/Details
