80000009-0000-f700-b63f-84710c7967bb|2016-11-25 12:15:33.3108|DEBUG|performance|Performance info: URI = http://localhost:65078/; Time(ms) = 397
80000009-0000-f700-b63f-84710c7967bb|2016-11-25 12:15:45.3649|DEBUG|performance|Performance info: URI = http://localhost:65078/; Time(ms) = 8540
80000009-0000-f700-b63f-84710c7967bb|2016-11-25 12:15:45.9572|DEBUG|performance|Performance info: URI = http://localhost:65078/; Time(ms) = 8661
8000000a-0000-f700-b63f-84710c7967bb|2016-11-25 12:15:46.6518|DEBUG|performance|Performance info: URI = http://localhost:65078/; Time(ms) = 8668
8000000a-0000-f700-b63f-84710c7967bb|2016-11-25 12:15:46.7754|DEBUG|performance|Performance info: URI = http://localhost:65078/; Time(ms) = 8789
8000000a-0000-f700-b63f-84710c7967bb|2016-11-25 12:15:46.7879|DEBUG|performance|Performance info: URI = http://localhost:65078/; Time(ms) = 8790
80000029-0001-f900-b63f-84710c7967bb|2016-11-25 12:17:54.5548|DEBUG|performance|Performance info: URI = http://localhost:65078/; Time(ms) = 418
80000029-0001-f900-b63f-84710c7967bb|2016-11-25 12:17:58.1739|DEBUG|performance|Performance info: URI = http://localhost:65078/; Time(ms) = 2965
80000029-0001-f900-b63f-84710c7967bb|2016-11-25 12:17:58.8724|DEBUG|performance|Performance info: URI = http://localhost:65078/; Time(ms) = 3080
8000002b-0001-f900-b63f-84710c7967bb|2016-11-25 12:18:06.5630|DEBUG|performance|Performance info: URI = http://localhost:65078/games?PageSize=0; Time(ms) = 3084
8000002b-0001-f900-b63f-84710c7967bb|2016-11-25 12:18:06.6200|DEBUG|performance|Performance info: URI = http://localhost:65078/games?PageSize=0; Time(ms) = 3134
8000002b-0001-f900-b63f-84710c7967bb|2016-11-25 12:18:06.6556|DEBUG|performance|Performance info: URI = http://localhost:65078/games?PageSize=0; Time(ms) = 3134
8000002d-0001-f900-b63f-84710c7967bb|2016-11-25 12:18:27.4988|DEBUG|performance|Performance info: URI = http://localhost:65078/games?PageSize=0&Name=&MinPrice=&MaxPrice=&DateOfAdding=threeyear&FilterBy=Popularity; Time(ms) = 3141
8000002d-0001-f900-b63f-84710c7967bb|2016-11-25 12:18:27.5429|DEBUG|performance|Performance info: URI = http://localhost:65078/games?PageSize=0&Name=&MinPrice=&MaxPrice=&DateOfAdding=threeyear&FilterBy=Popularity; Time(ms) = 3189
8000002d-0001-f900-b63f-84710c7967bb|2016-11-25 12:18:27.5799|DEBUG|performance|Performance info: URI = http://localhost:65078/games?PageSize=0&Name=&MinPrice=&MaxPrice=&DateOfAdding=threeyear&FilterBy=Popularity; Time(ms) = 3189
8000002f-0001-f900-b63f-84710c7967bb|2016-11-25 12:18:36.5864|DEBUG|performance|Performance info: URI = http://localhost:65078/games?Name=&MinPrice=&MaxPrice=&DateOfAdding=threeyear&FilterBy=Popularity&PageSize=0; Time(ms) = 3193
8000002f-0001-f900-b63f-84710c7967bb|2016-11-25 12:18:36.6369|DEBUG|performance|Performance info: URI = http://localhost:65078/games?Name=&MinPrice=&MaxPrice=&DateOfAdding=threeyear&FilterBy=Popularity&PageSize=0; Time(ms) = 3240
8000002f-0001-f900-b63f-84710c7967bb|2016-11-25 12:18:36.6749|DEBUG|performance|Performance info: URI = http://localhost:65078/games?Name=&MinPrice=&MaxPrice=&DateOfAdding=threeyear&FilterBy=Popularity&PageSize=0; Time(ms) = 3240
80000006-0001-f300-b63f-84710c7967bb|2016-11-25 12:20:08.2661|DEBUG|performance|Performance info: URI = http://localhost:65078/; Time(ms) = 360
80000006-0001-f300-b63f-84710c7967bb|2016-11-25 12:20:11.7736|DEBUG|performance|Performance info: URI = http://localhost:65078/; Time(ms) = 2804
80000006-0001-f300-b63f-84710c7967bb|2016-11-25 12:20:12.3800|DEBUG|performance|Performance info: URI = http://localhost:65078/; Time(ms) = 2921
80000008-0001-f300-b63f-84710c7967bb|2016-11-25 12:20:20.4161|DEBUG|performance|Performance info: URI = http://localhost:65078/games?PageSize=0; Time(ms) = 2925
80000008-0001-f300-b63f-84710c7967bb|2016-11-25 12:20:20.4747|DEBUG|performance|Performance info: URI = http://localhost:65078/games?PageSize=0; Time(ms) = 2980
80000008-0001-f300-b63f-84710c7967bb|2016-11-25 12:20:20.5098|DEBUG|performance|Performance info: URI = http://localhost:65078/games?PageSize=0; Time(ms) = 2981
8000000a-0001-f300-b63f-84710c7967bb|2016-11-25 12:20:40.0885|DEBUG|performance|Performance info: URI = http://localhost:65078/games?PageSize=0&Name=&MinPrice=&MaxPrice=&DateOfAdding=week&FilterBy=PriceAsc; Time(ms) = 2986
8000000a-0001-f300-b63f-84710c7967bb|2016-11-25 12:20:40.1521|DEBUG|performance|Performance info: URI = http://localhost:65078/games?PageSize=0&Name=&MinPrice=&MaxPrice=&DateOfAdding=week&FilterBy=PriceAsc; Time(ms) = 3046
8000000a-0001-f300-b63f-84710c7967bb|2016-11-25 12:20:40.1891|DEBUG|performance|Performance info: URI = http://localhost:65078/games?PageSize=0&Name=&MinPrice=&MaxPrice=&DateOfAdding=week&FilterBy=PriceAsc; Time(ms) = 3047
8000000c-0001-f300-b63f-84710c7967bb|2016-11-25 12:20:52.3578|DEBUG|performance|Performance info: URI = http://localhost:65078/games?PageSize=0&Name=&MinPrice=&MaxPrice=&DateOfAdding=threeyear&FilterBy=PriceDesc; Time(ms) = 3051
8000000c-0001-f300-b63f-84710c7967bb|2016-11-25 12:20:52.4203|DEBUG|performance|Performance info: URI = http://localhost:65078/games?PageSize=0&Name=&MinPrice=&MaxPrice=&DateOfAdding=threeyear&FilterBy=PriceDesc; Time(ms) = 3105
8000000c-0001-f300-b63f-84710c7967bb|2016-11-25 12:20:52.4524|DEBUG|performance|Performance info: URI = http://localhost:65078/games?PageSize=0&Name=&MinPrice=&MaxPrice=&DateOfAdding=threeyear&FilterBy=PriceDesc; Time(ms) = 3105
8000002e-0000-f100-b63f-84710c7967bb|2016-11-25 13:22:15.4704|DEBUG|performance|Performance info: URI = http://localhost:65078/; Time(ms) = 390
8000002e-0000-f100-b63f-84710c7967bb|2016-11-25 13:22:22.8256|DEBUG|performance|Performance info: URI = http://localhost:65078/; Time(ms) = 6700
8000002e-0000-f100-b63f-84710c7967bb|2016-11-25 13:22:23.4481|DEBUG|performance|Performance info: URI = http://localhost:65078/; Time(ms) = 6813
800001a4-0000-f200-b63f-84710c7967bb|2016-11-25 16:19:02.0878|DEBUG|performance|Performance info: URI = http://localhost:65078/; Time(ms) = 3270
800001a4-0000-f200-b63f-84710c7967bb|2016-11-25 16:19:03.8287|DEBUG|performance|Performance info: URI = http://localhost:65078/; Time(ms) = 3361
800001a6-0000-f200-b63f-84710c7967bb|2016-11-25 16:19:28.6573|DEBUG|performance|Performance info: URI = http://localhost:65078/games?PageSize=20; Time(ms) = 3445
800001a6-0000-f200-b63f-84710c7967bb|2016-11-25 16:19:28.6968|DEBUG|performance|Performance info: URI = http://localhost:65078/games?PageSize=20; Time(ms) = 3445
800001a8-0000-f200-b63f-84710c7967bb|2016-11-25 16:19:33.5995|DEBUG|performance|Performance info: URI = http://localhost:65078/games?PageSize=10; Time(ms) = 3532
800001a8-0000-f200-b63f-84710c7967bb|2016-11-25 16:19:33.6355|DEBUG|performance|Performance info: URI = http://localhost:65078/games?PageSize=10; Time(ms) = 3532
80000046-0003-e600-b63f-84710c7967bb|2016-11-25 16:34:27.2671|DEBUG|performance|Performance info: URI = http://localhost:65078/; Time(ms) = 6615
80000046-0003-e600-b63f-84710c7967bb|2016-11-25 16:34:28.9773|DEBUG|performance|Performance info: URI = http://localhost:65078/; Time(ms) = 6808
80000280-0003-e000-b63f-84710c7967bb|2016-11-25 16:43:17.4827|DEBUG|performance|Performance info: URI = http://localhost:65078/; Time(ms) = 7349
80000280-0003-e000-b63f-84710c7967bb|2016-11-25 16:43:19.2481|DEBUG|performance|Performance info: URI = http://localhost:65078/; Time(ms) = 7534
800006a3-0001-ee00-b63f-84710c7967bb|2016-11-25 16:44:21.6970|DEBUG|performance|Performance info: URI = http://localhost:65078/; Time(ms) = 3350
800006a3-0001-ee00-b63f-84710c7967bb|2016-11-25 16:44:23.4564|DEBUG|performance|Performance info: URI = http://localhost:65078/; Time(ms) = 3556
80000273-0000-f800-b63f-84710c7967bb|2016-11-25 16:44:58.1722|DEBUG|performance|Performance info: URI = http://localhost:65078/; Time(ms) = 4013
80000273-0000-f800-b63f-84710c7967bb|2016-11-25 16:44:58.8460|DEBUG|performance|Performance info: URI = http://localhost:65078/; Time(ms) = 4224
80000061-0000-fa00-b63f-84710c7967bb|2016-11-25 16:45:20.0522|DEBUG|performance|Performance info: URI = http://localhost:65078/; Time(ms) = 3152
80000061-0000-fa00-b63f-84710c7967bb|2016-11-25 16:45:20.7489|DEBUG|performance|Performance info: URI = http://localhost:65078/; Time(ms) = 3344
80000063-0000-fa00-b63f-84710c7967bb|2016-11-25 16:45:24.8848|DEBUG|performance|Performance info: URI = http://localhost:65078/publisher/Details?companyName=GamesCorporation; Time(ms) = 3432
80000063-0000-fa00-b63f-84710c7967bb|2016-11-25 16:45:28.5107|DEBUG|performance|Performance info: URI = http://localhost:65078/publisher/Details?companyName=GamesCorporation; Time(ms) = 3432
80000065-0000-fa00-b63f-84710c7967bb|2016-11-25 16:45:31.6813|DEBUG|performance|Performance info: URI = http://localhost:65078/games; Time(ms) = 3632
80000065-0000-fa00-b63f-84710c7967bb|2016-11-25 16:45:31.7238|DEBUG|performance|Performance info: URI = http://localhost:65078/games; Time(ms) = 3632
800000ab-0001-f900-b63f-84710c7967bb|2016-11-25 16:46:05.2952|DEBUG|performance|Performance info: URI = http://localhost:65078/; Time(ms) = 3583
800000ab-0001-f900-b63f-84710c7967bb|2016-11-25 16:46:06.0074|DEBUG|performance|Performance info: URI = http://localhost:65078/; Time(ms) = 3776
80000031-0001-e700-b63f-84710c7967bb|2016-11-25 16:46:48.1194|DEBUG|performance|Performance info: URI = http://localhost:65078/; Time(ms) = 3257
80000031-0001-e700-b63f-84710c7967bb|2016-11-25 16:46:49.8585|DEBUG|performance|Performance info: URI = http://localhost:65078/; Time(ms) = 3454
80000195-0000-f300-b63f-84710c7967bb|2016-11-25 16:47:24.8956|DEBUG|performance|Performance info: URI = http://localhost:65078/; Time(ms) = 3103
80000195-0000-f300-b63f-84710c7967bb|2016-11-25 16:47:26.5997|DEBUG|performance|Performance info: URI = http://localhost:65078/; Time(ms) = 3290
80000197-0000-f300-b63f-84710c7967bb|2016-11-25 16:47:30.2722|DEBUG|performance|Performance info: URI = http://localhost:65078/publisher/Details?companyName=Exotic%20Liquids; Time(ms) = 3357
80000197-0000-f300-b63f-84710c7967bb|2016-11-25 16:47:30.4564|DEBUG|performance|Performance info: URI = http://localhost:65078/publisher/Details?companyName=Exotic%20Liquids; Time(ms) = 3357
800005d0-0001-f100-b63f-84710c7967bb|2016-11-25 16:48:33.0289|DEBUG|performance|Performance info: URI = http://localhost:65078/; Time(ms) = 3879
800005d0-0001-f100-b63f-84710c7967bb|2016-11-25 16:48:34.7604|DEBUG|performance|Performance info: URI = http://localhost:65078/; Time(ms) = 4085
800005d2-0001-f100-b63f-84710c7967bb|2016-11-25 16:48:42.0772|DEBUG|performance|Performance info: URI = http://localhost:65078/; Time(ms) = 4271
800005d2-0001-f100-b63f-84710c7967bb|2016-11-25 16:48:42.1173|DEBUG|performance|Performance info: URI = http://localhost:65078/; Time(ms) = 4271
800005d4-0001-f100-b63f-84710c7967bb|2016-11-25 16:48:44.5699|DEBUG|performance|Performance info: URI = http://localhost:65078/game/Game12_Game12/Details; Time(ms) = 4373
800005d4-0001-f100-b63f-84710c7967bb|2016-11-25 16:48:47.9336|DEBUG|performance|Performance info: URI = http://localhost:65078/game/Game12_Game12/Details; Time(ms) = 4373
800005d6-0001-f100-b63f-84710c7967bb|2016-11-25 16:48:50.0100|DEBUG|performance|Performance info: URI = http://localhost:65078/games; Time(ms) = 4553
800005d6-0001-f100-b63f-84710c7967bb|2016-11-25 16:48:50.0521|DEBUG|performance|Performance info: URI = http://localhost:65078/games; Time(ms) = 4553
800005d8-0001-f100-b63f-84710c7967bb|2016-11-25 16:48:52.2441|DEBUG|performance|Performance info: URI = http://localhost:65078/games; Time(ms) = 4747
800005d8-0001-f100-b63f-84710c7967bb|2016-11-25 16:48:52.3012|DEBUG|performance|Performance info: URI = http://localhost:65078/games; Time(ms) = 4747
80000294-0001-f700-b63f-84710c7967bb|2016-11-25 17:19:29.6940|DEBUG|performance|Performance info: URI = http://localhost:65078/; Time(ms) = 3355
80000294-0001-f700-b63f-84710c7967bb|2016-11-25 17:19:31.5203|DEBUG|performance|Performance info: URI = http://localhost:65078/; Time(ms) = 3627
80000296-0001-f700-b63f-84710c7967bb|2016-11-25 17:19:38.3953|DEBUG|performance|Performance info: URI = http://localhost:65078/publisher/Details?companyName=Exotic%20Liquids; Time(ms) = 3741
80000296-0001-f700-b63f-84710c7967bb|2016-11-25 17:19:38.5918|DEBUG|performance|Performance info: URI = http://localhost:65078/publisher/Details?companyName=Exotic%20Liquids; Time(ms) = 3741
80000298-0001-f700-b63f-84710c7967bb|2016-11-25 17:19:40.7653|DEBUG|performance|Performance info: URI = http://localhost:65078/games; Time(ms) = 4023
80000298-0001-f700-b63f-84710c7967bb|2016-11-25 17:19:40.8144|DEBUG|performance|Performance info: URI = http://localhost:65078/games; Time(ms) = 4023
800001c3-0002-ea00-b63f-84710c7967bb|2016-11-25 17:22:26.6163|DEBUG|performance|Performance info: URI = http://localhost:65078/; Time(ms) = 3166
800001c3-0002-ea00-b63f-84710c7967bb|2016-11-25 17:22:28.4269|DEBUG|performance|Performance info: URI = http://localhost:65078/; Time(ms) = 3430
800001c5-0002-ea00-b63f-84710c7967bb|2016-11-25 17:22:33.2764|DEBUG|performance|Performance info: URI = http://localhost:65078/publisher/Details?companyName=Exotic%20Liquids; Time(ms) = 3496
800001c5-0002-ea00-b63f-84710c7967bb|2016-11-25 17:22:33.4725|DEBUG|performance|Performance info: URI = http://localhost:65078/publisher/Details?companyName=Exotic%20Liquids; Time(ms) = 3497
800001c7-0002-ea00-b63f-84710c7967bb|2016-11-25 17:22:36.5688|DEBUG|performance|Performance info: URI = http://localhost:65078/publisher/Details?companyName=New%20Orleans%20Cajun%20Delights; Time(ms) = 3501
800001c7-0002-ea00-b63f-84710c7967bb|2016-11-25 17:22:36.5688|DEBUG|performance|Performance info: URI = http://localhost:65078/publisher/Details?companyName=New%20Orleans%20Cajun%20Delights; Time(ms) = 3501
8000007f-0001-fe00-b63f-84710c7967bb|2016-11-25 17:24:53.3623|DEBUG|performance|Performance info: URI = http://localhost:65078/; Time(ms) = 3317
8000007f-0001-fe00-b63f-84710c7967bb|2016-11-25 17:24:55.2476|DEBUG|performance|Performance info: URI = http://localhost:65078/; Time(ms) = 3578
80000081-0001-fe00-b63f-84710c7967bb|2016-11-25 17:24:59.4322|DEBUG|performance|Performance info: URI = http://localhost:65078/publisher/Details?companyName=Exotic%20Liquids; Time(ms) = 3644
80000081-0001-fe00-b63f-84710c7967bb|2016-11-25 17:24:59.6130|DEBUG|performance|Performance info: URI = http://localhost:65078/publisher/Details?companyName=Exotic%20Liquids; Time(ms) = 3644
80000083-0001-fe00-b63f-84710c7967bb|2016-11-25 17:25:03.0578|DEBUG|performance|Performance info: URI = http://localhost:65078/publisher/Details?companyName=GamesCorporation; Time(ms) = 3667
80000083-0001-fe00-b63f-84710c7967bb|2016-11-25 17:25:03.0668|DEBUG|performance|Performance info: URI = http://localhost:65078/publisher/Details?companyName=GamesCorporation; Time(ms) = 3667
80000085-0001-fe00-b63f-84710c7967bb|2016-11-25 17:25:06.1135|DEBUG|performance|Performance info: URI = http://localhost:65078/publisher/Details?companyName=Exotic%20Liquids; Time(ms) = 3672
80000085-0001-fe00-b63f-84710c7967bb|2016-11-25 17:25:06.1135|DEBUG|performance|Performance info: URI = http://localhost:65078/publisher/Details?companyName=Exotic%20Liquids; Time(ms) = 3672
80000097-0002-eb00-b63f-84710c7967bb|2016-11-25 17:25:51.4198|DEBUG|performance|Performance info: URI = http://localhost:65078/; Time(ms) = 3103
80000097-0002-eb00-b63f-84710c7967bb|2016-11-25 17:25:53.2477|DEBUG|performance|Performance info: URI = http://localhost:65078/; Time(ms) = 3387
80000099-0002-eb00-b63f-84710c7967bb|2016-11-25 17:25:56.8429|DEBUG|performance|Performance info: URI = http://localhost:65078/publisher/Details?companyName=Exotic%20Liquids; Time(ms) = 3464
80000099-0002-eb00-b63f-84710c7967bb|2016-11-25 17:25:57.0255|DEBUG|performance|Performance info: URI = http://localhost:65078/publisher/Details?companyName=Exotic%20Liquids; Time(ms) = 3464
8000009b-0002-eb00-b63f-84710c7967bb|2016-11-25 17:25:59.7845|DEBUG|performance|Performance info: URI = http://localhost:65078/publisher/Details?companyName=GamesCorporation; Time(ms) = 3492
8000009b-0002-eb00-b63f-84710c7967bb|2016-11-25 17:25:59.7845|DEBUG|performance|Performance info: URI = http://localhost:65078/publisher/Details?companyName=GamesCorporation; Time(ms) = 3492
80000662-0001-f100-b63f-84710c7967bb|2016-11-25 17:26:56.4335|DEBUG|performance|Performance info: URI = http://localhost:65078/; Time(ms) = 3572
80000662-0001-f100-b63f-84710c7967bb|2016-11-25 17:26:58.3486|DEBUG|performance|Performance info: URI = http://localhost:65078/; Time(ms) = 3840
80000664-0001-f100-b63f-84710c7967bb|2016-11-25 17:27:01.5489|DEBUG|performance|Performance info: URI = http://localhost:65078/publisher/Details?companyName=Exotic%20Liquids; Time(ms) = 3906
80000664-0001-f100-b63f-84710c7967bb|2016-11-25 17:27:01.7343|DEBUG|performance|Performance info: URI = http://localhost:65078/publisher/Details?companyName=Exotic%20Liquids; Time(ms) = 3906
80000666-0001-f100-b63f-84710c7967bb|2016-11-25 17:27:05.0696|DEBUG|performance|Performance info: URI = http://localhost:65078/publisher/Details?companyName=GamesCorporation; Time(ms) = 3944
80000666-0001-f100-b63f-84710c7967bb|2016-11-25 17:27:05.0696|DEBUG|performance|Performance info: URI = http://localhost:65078/publisher/Details?companyName=GamesCorporation; Time(ms) = 3944
80000026-0002-fb00-b63f-84710c7967bb|2016-11-25 17:30:05.5273|DEBUG|performance|Performance info: URI = http://localhost:65078/; Time(ms) = 3355
80000026-0002-fb00-b63f-84710c7967bb|2016-11-25 17:30:07.3843|DEBUG|performance|Performance info: URI = http://localhost:65078/; Time(ms) = 3650
80000028-0002-fb00-b63f-84710c7967bb|2016-11-25 17:30:11.1670|DEBUG|performance|Performance info: URI = http://localhost:65078/publisher/Details?companyName=New%20Orleans%20Cajun%20Delights; Time(ms) = 3718
80000028-0002-fb00-b63f-84710c7967bb|2016-11-25 17:30:11.3682|DEBUG|performance|Performance info: URI = http://localhost:65078/publisher/Details?companyName=New%20Orleans%20Cajun%20Delights; Time(ms) = 3718
8000002a-0002-fb00-b63f-84710c7967bb|2016-11-25 17:30:14.9080|DEBUG|performance|Performance info: URI = http://localhost:65078/publisher/Details?companyName=GamesCorporation; Time(ms) = 3754
8000002a-0002-fb00-b63f-84710c7967bb|2016-11-25 17:30:14.9120|DEBUG|performance|Performance info: URI = http://localhost:65078/publisher/Details?companyName=GamesCorporation; Time(ms) = 3754
8000002c-0002-fb00-b63f-84710c7967bb|2016-11-25 17:30:18.4893|DEBUG|performance|Performance info: URI = http://localhost:65078/publisher/Details?companyName=New%20Orleans%20Cajun%20Delights; Time(ms) = 3759
8000002c-0002-fb00-b63f-84710c7967bb|2016-11-25 17:30:18.4893|DEBUG|performance|Performance info: URI = http://localhost:65078/publisher/Details?companyName=New%20Orleans%20Cajun%20Delights; Time(ms) = 3760
800002b6-0001-f700-b63f-84710c7967bb|2016-11-25 17:31:06.6847|DEBUG|performance|Performance info: URI = http://localhost:65078/; Time(ms) = 3325
800002b6-0001-f700-b63f-84710c7967bb|2016-11-25 17:31:08.6240|DEBUG|performance|Performance info: URI = http://localhost:65078/; Time(ms) = 3606
800002b8-0001-f700-b63f-84710c7967bb|2016-11-25 17:31:14.3021|DEBUG|performance|Performance info: URI = http://localhost:65078/publisher/Details?companyName=Exotic%20Liquids; Time(ms) = 3676
800002b8-0001-f700-b63f-84710c7967bb|2016-11-25 17:31:14.5073|DEBUG|performance|Performance info: URI = http://localhost:65078/publisher/Details?companyName=Exotic%20Liquids; Time(ms) = 3676
800002ba-0001-f700-b63f-84710c7967bb|2016-11-25 17:31:17.7560|DEBUG|performance|Performance info: URI = http://localhost:65078/publisher/Details?companyName=GamesCorporation; Time(ms) = 3698
800002ba-0001-f700-b63f-84710c7967bb|2016-11-25 17:31:17.7560|DEBUG|performance|Performance info: URI = http://localhost:65078/publisher/Details?companyName=GamesCorporation; Time(ms) = 3698
8000027e-0000-ed00-b63f-84710c7967bb|2016-11-25 17:33:26.1876|DEBUG|performance|Performance info: URI = http://localhost:65078/; Time(ms) = 3552
8000027e-0000-ed00-b63f-84710c7967bb|2016-11-25 17:33:28.0031|DEBUG|performance|Performance info: URI = http://localhost:65078/; Time(ms) = 3822
80000280-0000-ed00-b63f-84710c7967bb|2016-11-25 17:33:33.4068|DEBUG|performance|Performance info: URI = http://localhost:65078/publisher/Details?companyName=Exotic%20Liquids; Time(ms) = 3893
80000280-0000-ed00-b63f-84710c7967bb|2016-11-25 17:33:33.5900|DEBUG|performance|Performance info: URI = http://localhost:65078/publisher/Details?companyName=Exotic%20Liquids; Time(ms) = 3893
8000064b-0001-ec00-b63f-84710c7967bb|2016-11-25 17:39:30.3326|DEBUG|performance|Performance info: URI = http://localhost:65078/; Time(ms) = 6182
8000064b-0001-ec00-b63f-84710c7967bb|2016-11-25 17:39:32.2351|DEBUG|performance|Performance info: URI = http://localhost:65078/; Time(ms) = 6448
8000064d-0001-ec00-b63f-84710c7967bb|2016-11-25 17:39:36.6356|DEBUG|performance|Performance info: URI = http://localhost:65078/publisher/Details?companyName=Exotic%20Liquids; Time(ms) = 6519
8000064d-0001-ec00-b63f-84710c7967bb|2016-11-25 17:39:36.8177|DEBUG|performance|Performance info: URI = http://localhost:65078/publisher/Details?companyName=Exotic%20Liquids; Time(ms) = 6519
8000064f-0001-ec00-b63f-84710c7967bb|2016-11-25 17:39:42.4853|DEBUG|performance|Performance info: URI = http://localhost:65078/publisher/Details?companyName=GamesCorporation; Time(ms) = 6542
8000064f-0001-ec00-b63f-84710c7967bb|2016-11-25 17:39:42.4938|DEBUG|performance|Performance info: URI = http://localhost:65078/publisher/Details?companyName=GamesCorporation; Time(ms) = 6542
80000651-0001-ec00-b63f-84710c7967bb|2016-11-25 17:39:46.6584|DEBUG|performance|Performance info: URI = http://localhost:65078/game/Game7_Game7/Details; Time(ms) = 6599
80000651-0001-ec00-b63f-84710c7967bb|2016-11-25 17:39:50.2108|DEBUG|performance|Performance info: URI = http://localhost:65078/game/Game7_Game7/Details; Time(ms) = 6599
80000653-0001-ec00-b63f-84710c7967bb|2016-11-25 17:39:56.6219|DEBUG|performance|Performance info: URI = http://localhost:65078/; Time(ms) = 6862
80000653-0001-ec00-b63f-84710c7967bb|2016-11-25 17:39:56.6709|DEBUG|performance|Performance info: URI = http://localhost:65078/; Time(ms) = 6862
8000006b-0003-ec00-b63f-84710c7967bb|2016-11-25 17:42:33.6421|DEBUG|performance|Performance info: URI = http://localhost:65078/; Time(ms) = 3243
8000006b-0003-ec00-b63f-84710c7967bb|2016-11-25 17:42:35.4623|DEBUG|performance|Performance info: URI = http://localhost:65078/; Time(ms) = 3522
80000242-0002-f700-b63f-84710c7967bb|2016-11-25 19:40:38.6805|DEBUG|performance|Performance info: URI = http://localhost:65078/; Time(ms) = 6875
80000242-0002-f700-b63f-84710c7967bb|2016-11-25 19:40:40.8141|DEBUG|performance|Performance info: URI = http://localhost:65078/; Time(ms) = 7187
80000131-0003-e900-b63f-84710c7967bb|2016-11-25 19:44:08.5553|DEBUG|performance|Performance info: URI = http://localhost:65078/; Time(ms) = 3677
80000131-0003-e900-b63f-84710c7967bb|2016-11-25 19:44:10.5754|DEBUG|performance|Performance info: URI = http://localhost:65078/; Time(ms) = 3975
80000093-0001-fc00-b63f-84710c7967bb|2016-11-25 19:45:39.2964|DEBUG|performance|Performance info: URI = http://localhost:65078/; Time(ms) = 3282
80000093-0001-fc00-b63f-84710c7967bb|2016-11-25 19:45:41.1747|DEBUG|performance|Performance info: URI = http://localhost:65078/; Time(ms) = 3590
80000860-0001-ed00-b63f-84710c7967bb|2016-11-25 19:47:29.4469|DEBUG|performance|Performance info: URI = http://localhost:65078/; Time(ms) = 3352
80000860-0001-ed00-b63f-84710c7967bb|2016-11-25 19:47:31.4338|DEBUG|performance|Performance info: URI = http://localhost:65078/; Time(ms) = 3648
80000095-0000-fa00-b63f-84710c7967bb|2016-11-25 19:49:12.5103|DEBUG|performance|Performance info: URI = http://localhost:65078/; Time(ms) = 3299
80000095-0000-fa00-b63f-84710c7967bb|2016-11-25 19:49:14.5059|DEBUG|performance|Performance info: URI = http://localhost:65078/; Time(ms) = 3581
8000009f-0001-fc00-b63f-84710c7967bb|2016-11-25 19:49:42.9503|DEBUG|performance|Performance info: URI = http://localhost:65078/; Time(ms) = 3719
8000009f-0001-fc00-b63f-84710c7967bb|2016-11-25 19:49:43.6954|DEBUG|performance|Performance info: URI = http://localhost:65078/; Time(ms) = 4008
800006d3-0001-e900-b63f-84710c7967bb|2016-11-25 19:50:37.2786|DEBUG|performance|Performance info: URI = http://localhost:65078/; Time(ms) = 3180
800006d3-0001-e900-b63f-84710c7967bb|2016-11-25 19:50:39.1360|DEBUG|performance|Performance info: URI = http://localhost:65078/; Time(ms) = 3465
80000058-0003-ef00-b63f-84710c7967bb|2016-11-25 19:53:41.9609|DEBUG|performance|Performance info: URI = http://localhost:65078/; Time(ms) = 4018
80000058-0003-ef00-b63f-84710c7967bb|2016-11-25 19:53:43.9054|DEBUG|performance|Performance info: URI = http://localhost:65078/; Time(ms) = 4330
8000011a-0001-fe00-b63f-84710c7967bb|2016-11-25 19:55:57.0453|DEBUG|performance|Performance info: URI = http://localhost:65078/; Time(ms) = 3831
8000011a-0001-fe00-b63f-84710c7967bb|2016-11-25 19:55:58.8653|DEBUG|performance|Performance info: URI = http://localhost:65078/; Time(ms) = 4116
80000aaa-0000-f400-b63f-84710c7967bb|2016-11-25 19:58:19.7448|DEBUG|performance|Performance info: URI = http://localhost:65078/; Time(ms) = 3758
80000aaa-0000-f400-b63f-84710c7967bb|2016-11-25 19:58:21.6302|DEBUG|performance|Performance info: URI = http://localhost:65078/; Time(ms) = 4040
80000152-0003-e900-b63f-84710c7967bb|2016-11-25 20:04:07.8047|DEBUG|performance|Performance info: URI = http://localhost:65078/; Time(ms) = 6328
80000152-0003-e900-b63f-84710c7967bb|2016-11-25 20:04:09.7499|DEBUG|performance|Performance info: URI = http://localhost:65078/; Time(ms) = 6603
80000647-0001-f700-b63f-84710c7967bb|2016-11-25 20:05:12.1993|DEBUG|performance|Performance info: URI = http://localhost:65078/; Time(ms) = 3221
80000647-0001-f700-b63f-84710c7967bb|2016-11-25 20:05:13.9905|DEBUG|performance|Performance info: URI = http://localhost:65078/; Time(ms) = 3500
80000413-0000-e300-b63f-84710c7967bb|2016-11-25 20:06:14.2961|DEBUG|performance|Performance info: URI = http://localhost:65078/; Time(ms) = 3482
80000413-0000-e300-b63f-84710c7967bb|2016-11-25 20:06:16.1847|DEBUG|performance|Performance info: URI = http://localhost:65078/; Time(ms) = 3765
