80000007-0001-fd00-b63f-84710c7967bb|2016-12-02 09:33:23.8386|DEBUG|ips|Client info: IP = ::1; URI = http://localhost:65078/
80000007-0001-fd00-b63f-84710c7967bb|2016-12-02 09:33:38.2821|DEBUG|ips|Client info: IP = ::1; URI = http://localhost:65078/
80000007-0001-fd00-b63f-84710c7967bb|2016-12-02 09:33:39.0027|DEBUG|ips|Client info: IP = ::1; URI = http://localhost:65078/
80000007-0000-f400-b63f-84710c7967bb|2016-12-02 09:34:18.9749|DEBUG|ips|Client info: IP = ::1; URI = http://localhost:65078/games/AddToBasket?gameId=5840609dd0c40ef0df844492&unitsInStock=22&_=1480664020417
8000000b-0001-fd00-b63f-84710c7967bb|2016-12-02 09:34:21.0894|DEBUG|ips|Client info: IP = ::1; URI = http://localhost:65078/orders/AddToBasket
8000000c-0001-fd00-b63f-84710c7967bb|2016-12-02 09:34:25.4180|DEBUG|ips|Client info: IP = ::1; URI = http://localhost:65078/basket
8000000c-0001-fd00-b63f-84710c7967bb|2016-12-02 09:34:28.0325|DEBUG|ips|Client info: IP = ::1; URI = http://localhost:65078/basket
8000000e-0001-fd00-b63f-84710c7967bb|2016-12-02 09:34:30.5733|DEBUG|ips|Client info: IP = ::1; URI = http://localhost:65078/games
8000000e-0001-fd00-b63f-84710c7967bb|2016-12-02 09:34:30.7385|DEBUG|ips|Client info: IP = ::1; URI = http://localhost:65078/games
8000000e-0001-fd00-b63f-84710c7967bb|2016-12-02 09:34:30.8084|DEBUG|ips|Client info: IP = ::1; URI = http://localhost:65078/games
80000010-0001-fd00-b63f-84710c7967bb|2016-12-02 09:34:36.4153|DEBUG|ips|Client info: IP = ::1; URI = http://localhost:65078/basket
80000010-0001-fd00-b63f-84710c7967bb|2016-12-02 09:34:38.7775|DEBUG|ips|Client info: IP = ::1; URI = http://localhost:65078/basket
80000018-0000-f100-b63f-84710c7967bb|2016-12-02 11:38:40.7674|DEBUG|ips|Client info: IP = ::1; URI = http://localhost:65078/
80000018-0000-f100-b63f-84710c7967bb|2016-12-02 11:38:48.2312|DEBUG|ips|Client info: IP = ::1; URI = http://localhost:65078/
80000018-0000-f100-b63f-84710c7967bb|2016-12-02 11:38:48.8256|DEBUG|ips|Client info: IP = ::1; URI = http://localhost:65078/
80000025-0000-f700-b63f-84710c7967bb|2016-12-02 11:50:08.9080|DEBUG|ips|Client info: IP = ::1; URI = http://localhost:65078/
80000025-0000-f700-b63f-84710c7967bb|2016-12-02 11:50:15.8581|DEBUG|ips|Client info: IP = ::1; URI = http://localhost:65078/
80000025-0000-f700-b63f-84710c7967bb|2016-12-02 11:50:16.4699|DEBUG|ips|Client info: IP = ::1; URI = http://localhost:65078/
80000027-0000-f700-b63f-84710c7967bb|2016-12-02 11:50:28.0339|DEBUG|ips|Client info: IP = ::1; URI = http://localhost:65078/games?Name=&MinPrice=&MaxPrice=&DateOfAdding=threeyear&FilterBy=Popularity
80000027-0000-f700-b63f-84710c7967bb|2016-12-02 11:50:28.3971|DEBUG|ips|Client info: IP = ::1; URI = http://localhost:65078/games?Name=&MinPrice=&MaxPrice=&DateOfAdding=threeyear&FilterBy=Popularity
80000027-0000-f700-b63f-84710c7967bb|2016-12-02 11:50:28.4598|DEBUG|ips|Client info: IP = ::1; URI = http://localhost:65078/games?Name=&MinPrice=&MaxPrice=&DateOfAdding=threeyear&FilterBy=Popularity
80000029-0000-f700-b63f-84710c7967bb|2016-12-02 11:50:50.1450|DEBUG|ips|Client info: IP = ::1; URI = http://localhost:65078/games?Name=&MinPrice=&MaxPrice=&DateOfAdding=threeyear&FilterBy=Popularity&PageSize=0
80000029-0000-f700-b63f-84710c7967bb|2016-12-02 11:50:50.4452|DEBUG|ips|Client info: IP = ::1; URI = http://localhost:65078/games?Name=&MinPrice=&MaxPrice=&DateOfAdding=threeyear&FilterBy=Popularity&PageSize=0
80000029-0000-f700-b63f-84710c7967bb|2016-12-02 11:50:50.4967|DEBUG|ips|Client info: IP = ::1; URI = http://localhost:65078/games?Name=&MinPrice=&MaxPrice=&DateOfAdding=threeyear&FilterBy=Popularity&PageSize=0
800007ce-0000-f000-b63f-84710c7967bb|2016-12-02 11:51:58.2285|DEBUG|ips|Client info: IP = ::1; URI = http://localhost:65078/
800007ce-0000-f000-b63f-84710c7967bb|2016-12-02 11:52:02.9565|DEBUG|ips|Client info: IP = ::1; URI = http://localhost:65078/
800007ce-0000-f000-b63f-84710c7967bb|2016-12-02 11:52:03.5880|DEBUG|ips|Client info: IP = ::1; URI = http://localhost:65078/
800007d0-0000-f000-b63f-84710c7967bb|2016-12-02 11:52:09.6335|DEBUG|ips|Client info: IP = ::1; URI = http://localhost:65078/games?PageSize=0
800007d0-0000-f000-b63f-84710c7967bb|2016-12-02 11:52:09.8779|DEBUG|ips|Client info: IP = ::1; URI = http://localhost:65078/games?PageSize=0
800007d0-0000-f000-b63f-84710c7967bb|2016-12-02 11:52:09.9738|DEBUG|ips|Client info: IP = ::1; URI = http://localhost:65078/games?PageSize=0
800007d2-0000-f000-b63f-84710c7967bb|2016-12-02 11:52:16.1743|DEBUG|ips|Client info: IP = ::1; URI = http://localhost:65078/games/New
800007d2-0000-f000-b63f-84710c7967bb|2016-12-02 11:52:16.4278|DEBUG|ips|Client info: IP = ::1; URI = http://localhost:65078/games/New
800007d4-0000-f000-b63f-84710c7967bb|2016-12-02 11:52:23.1968|DEBUG|ips|Client info: IP = ::1; URI = http://localhost:65078/games/New
800007d5-0000-f000-b63f-84710c7967bb|2016-12-02 11:52:23.3084|DEBUG|ips|Client info: IP = ::1; URI = http://localhost:65078/games
800007d5-0000-f000-b63f-84710c7967bb|2016-12-02 11:52:23.5894|DEBUG|ips|Client info: IP = ::1; URI = http://localhost:65078/games
800007d5-0000-f000-b63f-84710c7967bb|2016-12-02 11:52:23.6595|DEBUG|ips|Client info: IP = ::1; URI = http://localhost:65078/games
800007d7-0000-f000-b63f-84710c7967bb|2016-12-02 11:52:28.6821|DEBUG|ips|Client info: IP = ::1; URI = http://localhost:65078/games/Update?key=5840609dd0c40ef0df844493
800007d7-0000-f000-b63f-84710c7967bb|2016-12-02 11:52:29.0293|DEBUG|ips|Client info: IP = ::1; URI = http://localhost:65078/games/Update?key=5840609dd0c40ef0df844493
800007d9-0000-f000-b63f-84710c7967bb|2016-12-02 11:52:32.9937|DEBUG|ips|Client info: IP = ::1; URI = http://localhost:65078/games/Update
800007d9-0000-f000-b63f-84710c7967bb|2016-12-02 11:52:33.0437|DEBUG|ips|Client info: IP = ::1; URI = http://localhost:65078/games/Update
800007db-0000-f000-b63f-84710c7967bb|2016-12-02 11:52:34.9911|DEBUG|ips|Client info: IP = ::1; URI = http://localhost:65078/games/Update
80000014-0000-ed00-b63f-84710c7967bb|2016-12-02 11:53:41.0384|DEBUG|ips|Client info: IP = ::1; URI = http://localhost:65078/
80000014-0000-ed00-b63f-84710c7967bb|2016-12-02 11:53:45.9248|DEBUG|ips|Client info: IP = ::1; URI = http://localhost:65078/
80000014-0000-ed00-b63f-84710c7967bb|2016-12-02 11:53:46.5850|DEBUG|ips|Client info: IP = ::1; URI = http://localhost:65078/
80000016-0000-ed00-b63f-84710c7967bb|2016-12-02 11:53:53.2912|DEBUG|ips|Client info: IP = ::1; URI = http://localhost:65078/games/Update?key=5840609dd0c40ef0df844493
80000016-0000-ed00-b63f-84710c7967bb|2016-12-02 11:53:53.7218|DEBUG|ips|Client info: IP = ::1; URI = http://localhost:65078/games/Update?key=5840609dd0c40ef0df844493
80000018-0000-ed00-b63f-84710c7967bb|2016-12-02 11:54:00.9475|DEBUG|ips|Client info: IP = ::1; URI = http://localhost:65078/games/Update
80000019-0000-ed00-b63f-84710c7967bb|2016-12-02 11:54:01.1247|DEBUG|ips|Client info: IP = ::1; URI = http://localhost:65078/games
80000019-0000-ed00-b63f-84710c7967bb|2016-12-02 11:54:01.3887|DEBUG|ips|Client info: IP = ::1; URI = http://localhost:65078/games
80000019-0000-ed00-b63f-84710c7967bb|2016-12-02 11:54:01.4653|DEBUG|ips|Client info: IP = ::1; URI = http://localhost:65078/games
8000001b-0000-ed00-b63f-84710c7967bb|2016-12-02 11:54:11.3366|DEBUG|ips|Client info: IP = ::1; URI = http://localhost:65078/games
8000001b-0000-ed00-b63f-84710c7967bb|2016-12-02 11:54:11.6128|DEBUG|ips|Client info: IP = ::1; URI = http://localhost:65078/games
8000001b-0000-ed00-b63f-84710c7967bb|2016-12-02 11:54:11.6679|DEBUG|ips|Client info: IP = ::1; URI = http://localhost:65078/games
8000001d-0000-ed00-b63f-84710c7967bb|2016-12-02 11:54:18.1735|DEBUG|ips|Client info: IP = ::1; URI = http://localhost:65078/games/AddToBasket?gameId=4615d8fb-bb3a-4bf6-9053-857decbb6b1a&unitsInStock=24&_=1480672451771
8000001f-0000-ed00-b63f-84710c7967bb|2016-12-02 11:54:20.9971|DEBUG|ips|Client info: IP = ::1; URI = http://localhost:65078/games/Update?key=5840609dd0c40ef0df844494
8000001f-0000-ed00-b63f-84710c7967bb|2016-12-02 11:54:21.2947|DEBUG|ips|Client info: IP = ::1; URI = http://localhost:65078/games/Update?key=5840609dd0c40ef0df844494
80000021-0000-ed00-b63f-84710c7967bb|2016-12-02 11:54:25.4010|DEBUG|ips|Client info: IP = ::1; URI = http://localhost:65078/games/Update
80000022-0000-ed00-b63f-84710c7967bb|2016-12-02 11:54:25.4490|DEBUG|ips|Client info: IP = ::1; URI = http://localhost:65078/games
80000022-0000-ed00-b63f-84710c7967bb|2016-12-02 11:54:25.7012|DEBUG|ips|Client info: IP = ::1; URI = http://localhost:65078/games
80000022-0000-ed00-b63f-84710c7967bb|2016-12-02 11:54:25.7609|DEBUG|ips|Client info: IP = ::1; URI = http://localhost:65078/games
80000024-0000-ed00-b63f-84710c7967bb|2016-12-02 11:54:33.2397|DEBUG|ips|Client info: IP = ::1; URI = http://localhost:65078/games?PageSize=0
80000024-0000-ed00-b63f-84710c7967bb|2016-12-02 11:54:33.4979|DEBUG|ips|Client info: IP = ::1; URI = http://localhost:65078/games?PageSize=0
80000024-0000-ed00-b63f-84710c7967bb|2016-12-02 11:54:33.5906|DEBUG|ips|Client info: IP = ::1; URI = http://localhost:65078/games?PageSize=0
80000026-0000-ed00-b63f-84710c7967bb|2016-12-02 11:54:40.2905|DEBUG|ips|Client info: IP = ::1; URI = http://localhost:65078/games?PageSize=0&Name=Kon&MinPrice=&MaxPrice=&DateOfAdding=week&FilterBy=Popularity
80000026-0000-ed00-b63f-84710c7967bb|2016-12-02 11:54:40.5693|DEBUG|ips|Client info: IP = ::1; URI = http://localhost:65078/games?PageSize=0&Name=Kon&MinPrice=&MaxPrice=&DateOfAdding=week&FilterBy=Popularity
80000026-0000-ed00-b63f-84710c7967bb|2016-12-02 11:54:40.6363|DEBUG|ips|Client info: IP = ::1; URI = http://localhost:65078/games?PageSize=0&Name=Kon&MinPrice=&MaxPrice=&DateOfAdding=week&FilterBy=Popularity
800003fa-0000-ec00-b63f-84710c7967bb|2016-12-02 11:56:01.5909|DEBUG|ips|Client info: IP = ::1; URI = http://localhost:65078/
800003fa-0000-ec00-b63f-84710c7967bb|2016-12-02 11:56:06.4874|DEBUG|ips|Client info: IP = ::1; URI = http://localhost:65078/
800003fa-0000-ec00-b63f-84710c7967bb|2016-12-02 11:56:07.0970|DEBUG|ips|Client info: IP = ::1; URI = http://localhost:65078/
800003fc-0000-ec00-b63f-84710c7967bb|2016-12-02 11:56:20.5479|DEBUG|ips|Client info: IP = ::1; URI = http://localhost:65078/games/Update?key=5840609dd0c40ef0df844495
800003fc-0000-ec00-b63f-84710c7967bb|2016-12-02 11:56:20.9830|DEBUG|ips|Client info: IP = ::1; URI = http://localhost:65078/games/Update?key=5840609dd0c40ef0df844495
800003fe-0000-ec00-b63f-84710c7967bb|2016-12-02 11:56:25.4452|DEBUG|ips|Client info: IP = ::1; URI = http://localhost:65078/games/Update
800003ff-0000-ec00-b63f-84710c7967bb|2016-12-02 11:56:25.6446|DEBUG|ips|Client info: IP = ::1; URI = http://localhost:65078/games
800003ff-0000-ec00-b63f-84710c7967bb|2016-12-02 11:56:25.8911|DEBUG|ips|Client info: IP = ::1; URI = http://localhost:65078/games
800003ff-0000-ec00-b63f-84710c7967bb|2016-12-02 11:56:25.9581|DEBUG|ips|Client info: IP = ::1; URI = http://localhost:65078/games
80000401-0000-ec00-b63f-84710c7967bb|2016-12-02 11:56:41.7240|DEBUG|ips|Client info: IP = ::1; URI = http://localhost:65078/games/Update?key=5840609dd0c40ef0df844495
80000401-0000-ec00-b63f-84710c7967bb|2016-12-02 11:56:42.0353|DEBUG|ips|Client info: IP = ::1; URI = http://localhost:65078/games/Update?key=5840609dd0c40ef0df844495
80000403-0000-ec00-b63f-84710c7967bb|2016-12-02 11:56:45.2301|DEBUG|ips|Client info: IP = ::1; URI = http://localhost:65078/games/Update
80000404-0000-ec00-b63f-84710c7967bb|2016-12-02 11:56:45.2971|DEBUG|ips|Client info: IP = ::1; URI = http://localhost:65078/games
80000404-0000-ec00-b63f-84710c7967bb|2016-12-02 11:56:45.5796|DEBUG|ips|Client info: IP = ::1; URI = http://localhost:65078/games
80000404-0000-ec00-b63f-84710c7967bb|2016-12-02 11:56:45.6425|DEBUG|ips|Client info: IP = ::1; URI = http://localhost:65078/games
80000406-0000-ec00-b63f-84710c7967bb|2016-12-02 11:56:50.0525|DEBUG|ips|Client info: IP = ::1; URI = http://localhost:65078/games/Update?key=Sims3_16in1
80000406-0000-ec00-b63f-84710c7967bb|2016-12-02 11:56:50.3449|DEBUG|ips|Client info: IP = ::1; URI = http://localhost:65078/games/Update?key=Sims3_16in1
80000408-0000-ec00-b63f-84710c7967bb|2016-12-02 11:56:52.5590|DEBUG|ips|Client info: IP = ::1; URI = http://localhost:65078/games/Update
80000409-0000-ec00-b63f-84710c7967bb|2016-12-02 11:56:52.6216|DEBUG|ips|Client info: IP = ::1; URI = http://localhost:65078/games
80000409-0000-ec00-b63f-84710c7967bb|2016-12-02 11:56:52.8791|DEBUG|ips|Client info: IP = ::1; URI = http://localhost:65078/games
80000409-0000-ec00-b63f-84710c7967bb|2016-12-02 11:56:52.9561|DEBUG|ips|Client info: IP = ::1; URI = http://localhost:65078/games
8000040b-0000-ec00-b63f-84710c7967bb|2016-12-02 11:57:03.5905|DEBUG|ips|Client info: IP = ::1; URI = http://localhost:65078/game/5840609dd0c40ef0df844496/Details
8000040b-0000-ec00-b63f-84710c7967bb|2016-12-02 11:57:06.9546|DEBUG|ips|Client info: IP = ::1; URI = http://localhost:65078/game/5840609dd0c40ef0df844496/Details
8000040d-0000-ec00-b63f-84710c7967bb|2016-12-02 11:57:08.6426|DEBUG|ips|Client info: IP = ::1; URI = http://localhost:65078/games
8000040d-0000-ec00-b63f-84710c7967bb|2016-12-02 11:57:08.9053|DEBUG|ips|Client info: IP = ::1; URI = http://localhost:65078/games
8000040d-0000-ec00-b63f-84710c7967bb|2016-12-02 11:57:08.9864|DEBUG|ips|Client info: IP = ::1; URI = http://localhost:65078/games
8000040f-0000-ec00-b63f-84710c7967bb|2016-12-02 11:57:17.3280|DEBUG|ips|Client info: IP = ::1; URI = http://localhost:65078/games?Name=Sir&MinPrice=&MaxPrice=&DateOfAdding=week&FilterBy=Popularity
8000040f-0000-ec00-b63f-84710c7967bb|2016-12-02 11:57:17.5842|DEBUG|ips|Client info: IP = ::1; URI = http://localhost:65078/games?Name=Sir&MinPrice=&MaxPrice=&DateOfAdding=week&FilterBy=Popularity
8000040f-0000-ec00-b63f-84710c7967bb|2016-12-02 11:57:17.6403|DEBUG|ips|Client info: IP = ::1; URI = http://localhost:65078/games?Name=Sir&MinPrice=&MaxPrice=&DateOfAdding=week&FilterBy=Popularity
80000411-0000-ec00-b63f-84710c7967bb|2016-12-02 11:57:25.8312|DEBUG|ips|Client info: IP = ::1; URI = http://localhost:65078/games?Name=&MinPrice=&MaxPrice=&DateOfAdding=week&FilterBy=Popularity&SelectedGenresName=RTS
80000411-0000-ec00-b63f-84710c7967bb|2016-12-02 11:57:26.1069|DEBUG|ips|Client info: IP = ::1; URI = http://localhost:65078/games?Name=&MinPrice=&MaxPrice=&DateOfAdding=week&FilterBy=Popularity&SelectedGenresName=RTS
80000411-0000-ec00-b63f-84710c7967bb|2016-12-02 11:57:26.1740|DEBUG|ips|Client info: IP = ::1; URI = http://localhost:65078/games?Name=&MinPrice=&MaxPrice=&DateOfAdding=week&FilterBy=Popularity&SelectedGenresName=RTS
80000413-0000-ec00-b63f-84710c7967bb|2016-12-02 11:57:34.2985|DEBUG|ips|Client info: IP = ::1; URI = http://localhost:65078/order
80000413-0000-ec00-b63f-84710c7967bb|2016-12-02 11:57:42.2165|DEBUG|ips|Client info: IP = ::1; URI = http://localhost:65078/order
80000415-0000-ec00-b63f-84710c7967bb|2016-12-02 11:57:54.6897|DEBUG|ips|Client info: IP = ::1; URI = http://localhost:65078/basket
80000415-0000-ec00-b63f-84710c7967bb|2016-12-02 11:57:57.0049|DEBUG|ips|Client info: IP = ::1; URI = http://localhost:65078/basket
80000417-0000-ec00-b63f-84710c7967bb|2016-12-02 11:57:58.7811|DEBUG|ips|Client info: IP = ::1; URI = http://localhost:65078/order
80000417-0000-ec00-b63f-84710c7967bb|2016-12-02 11:58:03.4035|DEBUG|ips|Client info: IP = ::1; URI = http://localhost:65078/order
80000419-0000-ec00-b63f-84710c7967bb|2016-12-02 11:58:06.0044|DEBUG|ips|Client info: IP = ::1; URI = http://localhost:65078/games
80000419-0000-ec00-b63f-84710c7967bb|2016-12-02 11:58:06.2628|DEBUG|ips|Client info: IP = ::1; URI = http://localhost:65078/games
80000419-0000-ec00-b63f-84710c7967bb|2016-12-02 11:58:06.3299|DEBUG|ips|Client info: IP = ::1; URI = http://localhost:65078/games
8000041b-0000-ec00-b63f-84710c7967bb|2016-12-02 11:58:21.9368|DEBUG|ips|Client info: IP = ::1; URI = http://localhost:65078/Orders/History
80000d5f-0001-f100-b63f-84710c7967bb|2016-12-02 11:59:24.3960|DEBUG|ips|Client info: IP = ::1; URI = http://localhost:65078/
80000d5f-0001-f100-b63f-84710c7967bb|2016-12-02 11:59:38.8724|DEBUG|ips|Client info: IP = ::1; URI = http://localhost:65078/
80000d5f-0001-f100-b63f-84710c7967bb|2016-12-02 11:59:39.3220|DEBUG|ips|Client info: IP = ::1; URI = http://localhost:65078/
80000d61-0001-f100-b63f-84710c7967bb|2016-12-02 11:59:51.7178|DEBUG|ips|Client info: IP = ::1; URI = http://localhost:65078/Orders/History
800006b4-0003-f400-b63f-84710c7967bb|2016-12-02 12:03:51.0568|DEBUG|ips|Client info: IP = ::1; URI = http://localhost:65078/
800000bb-0002-ff00-b63f-84710c7967bb|2016-12-02 12:03:51.0568|DEBUG|ips|Client info: IP = ::1; URI = http://localhost:65078/Orders/History
80000037-0000-eb00-b63f-84710c7967bb|2016-12-02 12:05:27.0197|DEBUG|ips|Client info: IP = ::1; URI = http://localhost:65078/
80000037-0000-eb00-b63f-84710c7967bb|2016-12-02 12:05:34.5920|DEBUG|ips|Client info: IP = ::1; URI = http://localhost:65078/
80000037-0000-eb00-b63f-84710c7967bb|2016-12-02 12:05:35.0412|DEBUG|ips|Client info: IP = ::1; URI = http://localhost:65078/
80000039-0000-eb00-b63f-84710c7967bb|2016-12-02 12:05:38.9639|DEBUG|ips|Client info: IP = ::1; URI = http://localhost:65078/Orders/History
80000048-0000-ed00-b63f-84710c7967bb|2016-12-02 12:06:25.0575|DEBUG|ips|Client info: IP = ::1; URI = http://localhost:65078/
80000010-0000-e700-b63f-84710c7967bb|2016-12-02 12:06:25.0575|DEBUG|ips|Client info: IP = ::1; URI = http://localhost:65078/Orders/History
80000048-0000-ed00-b63f-84710c7967bb|2016-12-02 12:06:36.6013|DEBUG|ips|Client info: IP = ::1; URI = http://localhost:65078/
80000048-0000-ed00-b63f-84710c7967bb|2016-12-02 12:06:37.0719|DEBUG|ips|Client info: IP = ::1; URI = http://localhost:65078/
80000a5c-0000-f400-b63f-84710c7967bb|2016-12-02 12:09:49.3763|DEBUG|ips|Client info: IP = ::1; URI = http://localhost:65078/
800011c9-0000-ee00-b63f-84710c7967bb|2016-12-02 12:09:49.3763|DEBUG|ips|Client info: IP = ::1; URI = http://localhost:65078/Orders/History
80000044-0002-f000-b63f-84710c7967bb|2016-12-02 12:10:29.5606|DEBUG|ips|Client info: IP = ::1; URI = http://localhost:65078/
80000044-0002-f000-b63f-84710c7967bb|2016-12-02 12:10:39.5157|DEBUG|ips|Client info: IP = ::1; URI = http://localhost:65078/
80000044-0002-f000-b63f-84710c7967bb|2016-12-02 12:10:40.2017|DEBUG|ips|Client info: IP = ::1; URI = http://localhost:65078/
80000046-0002-f000-b63f-84710c7967bb|2016-12-02 12:10:44.2031|DEBUG|ips|Client info: IP = ::1; URI = http://localhost:65078/Orders/History
80000073-0001-f300-b63f-84710c7967bb|2016-12-02 12:11:24.7845|DEBUG|ips|Client info: IP = ::1; URI = http://localhost:65078/
80000056-0000-f300-b63f-84710c7967bb|2016-12-02 12:11:27.4178|DEBUG|ips|Client info: IP = ::1; URI = http://localhost:65078/Orders/History
80000094-0001-f000-b63f-84710c7967bb|2016-12-02 12:20:14.3403|DEBUG|ips|Client info: IP = ::1; URI = http://localhost:65078/Orders/History
80001260-0000-ee00-b63f-84710c7967bb|2016-12-02 12:20:14.3403|DEBUG|ips|Client info: IP = ::1; URI = http://localhost:65078/
80001260-0000-ee00-b63f-84710c7967bb|2016-12-02 12:21:08.5382|DEBUG|ips|Client info: IP = ::1; URI = http://localhost:65078/
80001260-0000-ee00-b63f-84710c7967bb|2016-12-02 12:21:09.0262|DEBUG|ips|Client info: IP = ::1; URI = http://localhost:65078/
8000074c-0003-f400-b63f-84710c7967bb|2016-12-02 12:21:57.4512|DEBUG|ips|Client info: IP = ::1; URI = http://localhost:65078/
8000074c-0003-f400-b63f-84710c7967bb|2016-12-02 12:22:03.8477|DEBUG|ips|Client info: IP = ::1; URI = http://localhost:65078/
8000074c-0003-f400-b63f-84710c7967bb|2016-12-02 12:22:04.3050|DEBUG|ips|Client info: IP = ::1; URI = http://localhost:65078/
8000074e-0003-f400-b63f-84710c7967bb|2016-12-02 12:22:10.2663|DEBUG|ips|Client info: IP = ::1; URI = http://localhost:65078/Orders/History
8000045a-0001-e900-b63f-84710c7967bb|2016-12-02 12:29:43.8642|DEBUG|ips|Client info: IP = ::1; URI = http://localhost:65078/
8000013a-0001-eb00-b63f-84710c7967bb|2016-12-02 12:29:43.8642|DEBUG|ips|Client info: IP = ::1; URI = http://localhost:65078/Orders/History
8000008b-0000-f700-b63f-84710c7967bb|2016-12-02 12:32:21.0636|DEBUG|ips|Client info: IP = ::1; URI = http://localhost:65078/Orders/History
8000009c-0000-f300-b63f-84710c7967bb|2016-12-02 12:32:21.0636|DEBUG|ips|Client info: IP = ::1; URI = http://localhost:65078/
800001f0-0000-eb00-b63f-84710c7967bb|2016-12-02 12:34:16.2647|DEBUG|ips|Client info: IP = ::1; URI = http://localhost:65078/Orders/History
80000159-0000-f100-b63f-84710c7967bb|2016-12-02 12:34:16.2647|DEBUG|ips|Client info: IP = ::1; URI = http://localhost:65078/
800001f0-0000-eb00-b63f-84710c7967bb|2016-12-02 12:34:40.1787|DEBUG|ips|Client info: IP = ::1; URI = http://localhost:65078/Orders/History
80000159-0000-f100-b63f-84710c7967bb|2016-12-02 12:34:40.1787|DEBUG|ips|Client info: IP = ::1; URI = http://localhost:65078/
800001f0-0000-eb00-b63f-84710c7967bb|2016-12-02 12:34:40.5989|DEBUG|ips|Client info: IP = ::1; URI = http://localhost:65078/Orders/History
80000159-0000-f100-b63f-84710c7967bb|2016-12-02 12:34:40.5989|DEBUG|ips|Client info: IP = ::1; URI = http://localhost:65078/
80000153-0001-eb00-b63f-84710c7967bb|2016-12-02 12:36:20.2488|DEBUG|ips|Client info: IP = ::1; URI = http://localhost:65078/Orders/History
80000121-0000-fb00-b63f-84710c7967bb|2016-12-02 12:36:20.2488|DEBUG|ips|Client info: IP = ::1; URI = http://localhost:65078/
80000153-0001-eb00-b63f-84710c7967bb|2016-12-02 12:36:26.9209|DEBUG|ips|Client info: IP = ::1; URI = http://localhost:65078/Orders/History
80000121-0000-fb00-b63f-84710c7967bb|2016-12-02 12:36:26.9259|DEBUG|ips|Client info: IP = ::1; URI = http://localhost:65078/
80000153-0001-eb00-b63f-84710c7967bb|2016-12-02 12:36:27.3592|DEBUG|ips|Client info: IP = ::1; URI = http://localhost:65078/Orders/History
80000121-0000-fb00-b63f-84710c7967bb|2016-12-02 12:36:27.3592|DEBUG|ips|Client info: IP = ::1; URI = http://localhost:65078/
800001f9-0000-eb00-b63f-84710c7967bb|2016-12-02 12:37:09.0439|DEBUG|ips|Client info: IP = ::1; URI = http://localhost:65078/
800000f6-0000-e700-b63f-84710c7967bb|2016-12-02 12:37:09.0439|DEBUG|ips|Client info: IP = ::1; URI = http://localhost:65078/Orders/History
800000f6-0000-e700-b63f-84710c7967bb|2016-12-02 12:37:15.6733|DEBUG|ips|Client info: IP = ::1; URI = http://localhost:65078/Orders/History
800001f9-0000-eb00-b63f-84710c7967bb|2016-12-02 12:37:15.6758|DEBUG|ips|Client info: IP = ::1; URI = http://localhost:65078/
800000f6-0000-e700-b63f-84710c7967bb|2016-12-02 12:37:16.1396|DEBUG|ips|Client info: IP = ::1; URI = http://localhost:65078/Orders/History
800001f9-0000-eb00-b63f-84710c7967bb|2016-12-02 12:37:16.1396|DEBUG|ips|Client info: IP = ::1; URI = http://localhost:65078/
800000a0-0003-fa00-b63f-84710c7967bb|2016-12-02 12:38:37.4485|DEBUG|ips|Client info: IP = ::1; URI = http://localhost:65078/
800005f8-0001-e600-b63f-84710c7967bb|2016-12-02 12:38:37.4485|DEBUG|ips|Client info: IP = ::1; URI = http://localhost:65078/Orders/History
800000a0-0003-fa00-b63f-84710c7967bb|2016-12-02 12:38:42.1785|DEBUG|ips|Client info: IP = ::1; URI = http://localhost:65078/
800000a0-0003-fa00-b63f-84710c7967bb|2016-12-02 12:38:42.9832|DEBUG|ips|Client info: IP = ::1; URI = http://localhost:65078/
80000065-0001-ed00-b63f-84710c7967bb|2016-12-02 12:39:38.4753|DEBUG|ips|Client info: IP = ::1; URI = http://localhost:65078/Orders/History
800006d7-0000-f600-b63f-84710c7967bb|2016-12-02 12:39:38.4753|DEBUG|ips|Client info: IP = ::1; URI = http://localhost:65078/
800006d7-0000-f600-b63f-84710c7967bb|2016-12-02 12:39:43.0511|DEBUG|ips|Client info: IP = ::1; URI = http://localhost:65078/
800006d7-0000-f600-b63f-84710c7967bb|2016-12-02 12:39:43.7524|DEBUG|ips|Client info: IP = ::1; URI = http://localhost:65078/
80000090-0001-f300-b63f-84710c7967bb|2016-12-02 12:41:29.9388|DEBUG|ips|Client info: IP = ::1; URI = http://localhost:65078/
80001a40-0000-f900-b63f-84710c7967bb|2016-12-02 12:41:29.9388|DEBUG|ips|Client info: IP = ::1; URI = http://localhost:65078/Orders/History
80001a40-0000-f900-b63f-84710c7967bb|2016-12-02 12:41:34.8282|DEBUG|ips|Client info: IP = ::1; URI = http://localhost:65078/Orders/History
80000090-0001-f300-b63f-84710c7967bb|2016-12-02 12:41:34.8282|DEBUG|ips|Client info: IP = ::1; URI = http://localhost:65078/
80000090-0001-f300-b63f-84710c7967bb|2016-12-02 12:41:35.2428|DEBUG|ips|Client info: IP = ::1; URI = http://localhost:65078/
80001a40-0000-f900-b63f-84710c7967bb|2016-12-02 12:41:35.2428|DEBUG|ips|Client info: IP = ::1; URI = http://localhost:65078/Orders/History
8000008f-0003-f500-b63f-84710c7967bb|2016-12-02 12:42:50.6417|DEBUG|ips|Client info: IP = ::1; URI = http://localhost:65078/
80000087-0000-ed00-b63f-84710c7967bb|2016-12-02 12:42:50.6417|DEBUG|ips|Client info: IP = ::1; URI = http://localhost:65078/Orders/History
80000106-0000-e700-b63f-84710c7967bb|2016-12-02 12:44:27.9588|DEBUG|ips|Client info: IP = ::1; URI = http://localhost:65078/
80000194-0002-f500-b63f-84710c7967bb|2016-12-02 12:44:27.9588|DEBUG|ips|Client info: IP = ::1; URI = http://localhost:65078/Orders/History
800006e4-0000-f600-b63f-84710c7967bb|2016-12-02 12:44:51.9076|DEBUG|ips|Client info: IP = ::1; URI = http://localhost:65078/
80000e55-0001-f100-b63f-84710c7967bb|2016-12-02 12:45:35.5317|DEBUG|ips|Client info: IP = ::1; URI = http://localhost:65078/Orders/History
80000045-0001-ea00-b63f-84710c7967bb|2016-12-02 12:45:35.5317|DEBUG|ips|Client info: IP = ::1; URI = http://localhost:65078/
80000045-0001-ea00-b63f-84710c7967bb|2016-12-02 12:45:39.9953|DEBUG|ips|Client info: IP = ::1; URI = http://localhost:65078/
80000045-0001-ea00-b63f-84710c7967bb|2016-12-02 12:45:40.6312|DEBUG|ips|Client info: IP = ::1; URI = http://localhost:65078/
8000001d-0000-e300-b63f-84710c7967bb|2016-12-02 12:49:35.0979|DEBUG|ips|Client info: IP = ::1; URI = http://localhost:65078/
8000001d-0000-e300-b63f-84710c7967bb|2016-12-02 12:49:39.2789|DEBUG|ips|Client info: IP = ::1; URI = http://localhost:65078/
8000001d-0000-e300-b63f-84710c7967bb|2016-12-02 12:49:39.9116|DEBUG|ips|Client info: IP = ::1; URI = http://localhost:65078/
8000001f-0000-e300-b63f-84710c7967bb|2016-12-02 12:49:44.7999|DEBUG|ips|Client info: IP = ::1; URI = http://localhost:65078/Orders/History
8000001f-0000-e300-b63f-84710c7967bb|2016-12-02 12:49:46.4971|DEBUG|ips|Client info: IP = ::1; URI = http://localhost:65078/Orders/History
8000001f-0000-e300-b63f-84710c7967bb|2016-12-02 12:49:46.5221|DEBUG|ips|Client info: IP = ::1; URI = http://localhost:65078/Orders/History
80000021-0000-e300-b63f-84710c7967bb|2016-12-02 12:49:55.5759|DEBUG|ips|Client info: IP = ::1; URI = http://localhost:65078/orders/history?Page=83
80000021-0000-e300-b63f-84710c7967bb|2016-12-02 12:49:56.8918|DEBUG|ips|Client info: IP = ::1; URI = http://localhost:65078/orders/history?Page=83
80000021-0000-e300-b63f-84710c7967bb|2016-12-02 12:49:56.9018|DEBUG|ips|Client info: IP = ::1; URI = http://localhost:65078/orders/history?Page=83
80000023-0000-e300-b63f-84710c7967bb|2016-12-02 12:50:06.2080|DEBUG|ips|Client info: IP = ::1; URI = http://localhost:65078/orders/history?PageSize=100
80000023-0000-e300-b63f-84710c7967bb|2016-12-02 12:50:07.5419|DEBUG|ips|Client info: IP = ::1; URI = http://localhost:65078/orders/history?PageSize=100
80000023-0000-e300-b63f-84710c7967bb|2016-12-02 12:50:07.5640|DEBUG|ips|Client info: IP = ::1; URI = http://localhost:65078/orders/history?PageSize=100
80000025-0000-e300-b63f-84710c7967bb|2016-12-02 12:50:11.8215|DEBUG|ips|Client info: IP = ::1; URI = http://localhost:65078/orders/history?PageSize=100&Page=8
80000025-0000-e300-b63f-84710c7967bb|2016-12-02 12:50:13.1370|DEBUG|ips|Client info: IP = ::1; URI = http://localhost:65078/orders/history?PageSize=100&Page=8
80000025-0000-e300-b63f-84710c7967bb|2016-12-02 12:50:13.1741|DEBUG|ips|Client info: IP = ::1; URI = http://localhost:65078/orders/history?PageSize=100&Page=8
80000027-0000-e300-b63f-84710c7967bb|2016-12-02 12:50:16.0177|DEBUG|ips|Client info: IP = ::1; URI = http://localhost:65078/orders/history?PageSize=100&Page=9
80000027-0000-e300-b63f-84710c7967bb|2016-12-02 12:50:17.3459|DEBUG|ips|Client info: IP = ::1; URI = http://localhost:65078/orders/history?PageSize=100&Page=9
80000027-0000-e300-b63f-84710c7967bb|2016-12-02 12:50:17.3569|DEBUG|ips|Client info: IP = ::1; URI = http://localhost:65078/orders/history?PageSize=100&Page=9
80000029-0000-e300-b63f-84710c7967bb|2016-12-02 12:50:30.9407|DEBUG|ips|Client info: IP = ::1; URI = http://localhost:65078/orders/history?PageSize=100&DateFrom=2014-02-02&DateTo=
80000029-0000-e300-b63f-84710c7967bb|2016-12-02 12:50:32.2485|DEBUG|ips|Client info: IP = ::1; URI = http://localhost:65078/orders/history?PageSize=100&DateFrom=2014-02-02&DateTo=
80000029-0000-e300-b63f-84710c7967bb|2016-12-02 12:50:32.2686|DEBUG|ips|Client info: IP = ::1; URI = http://localhost:65078/orders/history?PageSize=100&DateFrom=2014-02-02&DateTo=
80000cf0-0000-f400-b63f-84710c7967bb|2016-12-02 12:59:29.0450|DEBUG|ips|Client info: IP = ::1; URI = http://localhost:65078/
80000cf0-0000-f400-b63f-84710c7967bb|2016-12-02 12:59:32.3115|DEBUG|ips|Client info: IP = ::1; URI = http://localhost:65078/
80000cf0-0000-f400-b63f-84710c7967bb|2016-12-02 12:59:32.8099|DEBUG|ips|Client info: IP = ::1; URI = http://localhost:65078/
80000cf2-0000-f400-b63f-84710c7967bb|2016-12-02 12:59:37.7181|DEBUG|ips|Client info: IP = ::1; URI = http://localhost:65078/games/AddToBasket?gameId=057ee9e4-a229-4cd7-ab63-874b226ab6ed&unitsInStock=20&_=1480676373767
80000cf3-0000-f400-b63f-84710c7967bb|2016-12-02 12:59:39.4847|DEBUG|ips|Client info: IP = ::1; URI = http://localhost:65078/orders/AddToBasket
80000cf4-0000-f400-b63f-84710c7967bb|2016-12-02 12:59:43.0497|DEBUG|ips|Client info: IP = ::1; URI = http://localhost:65078/basket
80000cf4-0000-f400-b63f-84710c7967bb|2016-12-02 12:59:45.4988|DEBUG|ips|Client info: IP = ::1; URI = http://localhost:65078/basket
80000cf6-0000-f400-b63f-84710c7967bb|2016-12-02 12:59:47.1444|DEBUG|ips|Client info: IP = ::1; URI = http://localhost:65078/games
80000cf6-0000-f400-b63f-84710c7967bb|2016-12-02 12:59:47.3558|DEBUG|ips|Client info: IP = ::1; URI = http://localhost:65078/games
80000cf6-0000-f400-b63f-84710c7967bb|2016-12-02 12:59:47.4054|DEBUG|ips|Client info: IP = ::1; URI = http://localhost:65078/games
80000cf8-0000-f400-b63f-84710c7967bb|2016-12-02 12:59:48.9135|DEBUG|ips|Client info: IP = ::1; URI = http://localhost:65078/games/AddToBasket?gameId=8530f8b4-a467-4593-af38-3af0a353b524&unitsInStock=29&_=1480676387513
80000cf9-0000-f400-b63f-84710c7967bb|2016-12-02 12:59:50.8587|DEBUG|ips|Client info: IP = ::1; URI = http://localhost:65078/orders/AddToBasket
80000e00-0001-f800-b63f-84710c7967bb|2016-12-02 13:01:50.4102|DEBUG|ips|Client info: IP = ::1; URI = http://localhost:65078/
80000e00-0001-f800-b63f-84710c7967bb|2016-12-02 13:01:54.4778|DEBUG|ips|Client info: IP = ::1; URI = http://localhost:65078/
80000e00-0001-f800-b63f-84710c7967bb|2016-12-02 13:01:55.0717|DEBUG|ips|Client info: IP = ::1; URI = http://localhost:65078/
80000e02-0001-f800-b63f-84710c7967bb|2016-12-02 13:01:58.5470|DEBUG|ips|Client info: IP = ::1; URI = http://localhost:65078/games/AddToBasket?gameId=364d8872-4c35-41b5-a4a8-2e7a41b686fd&unitsInStock=20&_=1480676515950
80000e03-0001-f800-b63f-84710c7967bb|2016-12-02 13:02:00.1887|DEBUG|ips|Client info: IP = ::1; URI = http://localhost:65078/orders/AddToBasket
80000e04-0001-f800-b63f-84710c7967bb|2016-12-02 13:02:04.0218|DEBUG|ips|Client info: IP = ::1; URI = http://localhost:65078/basket
80000e04-0001-f800-b63f-84710c7967bb|2016-12-02 13:02:06.4580|DEBUG|ips|Client info: IP = ::1; URI = http://localhost:65078/basket
80000e06-0001-f800-b63f-84710c7967bb|2016-12-02 13:02:08.3873|DEBUG|ips|Client info: IP = ::1; URI = http://localhost:65078/games
80000e06-0001-f800-b63f-84710c7967bb|2016-12-02 13:02:08.5990|DEBUG|ips|Client info: IP = ::1; URI = http://localhost:65078/games
80000e06-0001-f800-b63f-84710c7967bb|2016-12-02 13:02:08.6540|DEBUG|ips|Client info: IP = ::1; URI = http://localhost:65078/games
80000e08-0001-f800-b63f-84710c7967bb|2016-12-02 13:02:10.3540|DEBUG|ips|Client info: IP = ::1; URI = http://localhost:65078/games/AddToBasket?gameId=d123cfa6-a85d-435d-903a-8325ebe9c1cb&unitsInStock=29&_=1480676528755
80000e09-0001-f800-b63f-84710c7967bb|2016-12-02 13:02:12.5928|DEBUG|ips|Client info: IP = ::1; URI = http://localhost:65078/orders/AddToBasket
80000019-0001-e200-b63f-84710c7967bb|2016-12-02 14:58:59.9876|DEBUG|ips|Client info: IP = ::1; URI = http://localhost:65078/
80000019-0001-e200-b63f-84710c7967bb|2016-12-02 14:59:06.5858|DEBUG|ips|Client info: IP = ::1; URI = http://localhost:65078/
800004b3-0001-e900-b63f-84710c7967bb|2016-12-02 15:00:27.4439|DEBUG|ips|Client info: IP = ::1; URI = http://localhost:65078/
800004b3-0001-e900-b63f-84710c7967bb|2016-12-02 15:00:31.2551|DEBUG|ips|Client info: IP = ::1; URI = http://localhost:65078/
800000eb-0003-fa00-b63f-84710c7967bb|2016-12-02 15:02:18.5132|DEBUG|ips|Client info: IP = ::1; URI = http://localhost:65078/
800000eb-0003-fa00-b63f-84710c7967bb|2016-12-02 15:02:22.8286|DEBUG|ips|Client info: IP = ::1; URI = http://localhost:65078/
800000eb-0003-fa00-b63f-84710c7967bb|2016-12-02 15:02:23.4542|DEBUG|ips|Client info: IP = ::1; URI = http://localhost:65078/
8000002e-0001-e200-b63f-84710c7967bb|2016-12-02 15:02:32.2921|DEBUG|ips|Client info: IP = ::1; URI = http://localhost:65078/games?Name=&MinPrice=&MaxPrice=&DateOfAdding=week&FilterBy=PriceAsc
8000002e-0001-e200-b63f-84710c7967bb|2016-12-02 15:02:32.4974|DEBUG|ips|Client info: IP = ::1; URI = http://localhost:65078/games?Name=&MinPrice=&MaxPrice=&DateOfAdding=week&FilterBy=PriceAsc
8000002e-0001-e200-b63f-84710c7967bb|2016-12-02 15:02:32.5556|DEBUG|ips|Client info: IP = ::1; URI = http://localhost:65078/games?Name=&MinPrice=&MaxPrice=&DateOfAdding=week&FilterBy=PriceAsc
80000030-0001-e200-b63f-84710c7967bb|2016-12-02 15:02:45.4169|DEBUG|ips|Client info: IP = ::1; URI = http://localhost:65078/Orders/History
80000030-0001-e200-b63f-84710c7967bb|2016-12-02 15:02:49.9009|DEBUG|ips|Client info: IP = ::1; URI = http://localhost:65078/Orders/History
80000030-0001-e200-b63f-84710c7967bb|2016-12-02 15:02:49.9229|DEBUG|ips|Client info: IP = ::1; URI = http://localhost:65078/Orders/History
80000032-0001-e200-b63f-84710c7967bb|2016-12-02 15:02:53.2029|DEBUG|ips|Client info: IP = ::1; URI = http://localhost:65078/games
80000032-0001-e200-b63f-84710c7967bb|2016-12-02 15:02:53.4082|DEBUG|ips|Client info: IP = ::1; URI = http://localhost:65078/games
80000032-0001-e200-b63f-84710c7967bb|2016-12-02 15:02:53.4553|DEBUG|ips|Client info: IP = ::1; URI = http://localhost:65078/games
80000034-0001-e200-b63f-84710c7967bb|2016-12-02 15:02:55.6591|DEBUG|ips|Client info: IP = ::1; URI = http://localhost:65078/game/Sims3_16in1/Details
80000034-0001-e200-b63f-84710c7967bb|2016-12-02 15:02:56.2437|DEBUG|ips|Client info: IP = ::1; URI = http://localhost:65078/game/Sims3_16in1/Details
80000036-0001-e200-b63f-84710c7967bb|2016-12-02 15:02:59.8120|DEBUG|ips|Client info: IP = ::1; URI = http://localhost:65078/game/Sims3_16in1/Comments
80000036-0001-e200-b63f-84710c7967bb|2016-12-02 15:02:59.8531|DEBUG|ips|Client info: IP = ::1; URI = http://localhost:65078/game/Sims3_16in1/Comments
800000ef-0003-fa00-b63f-84710c7967bb|2016-12-02 15:03:01.2496|DEBUG|ips|Client info: IP = ::1; URI = http://localhost:65078/games
800000ef-0003-fa00-b63f-84710c7967bb|2016-12-02 15:03:01.4568|DEBUG|ips|Client info: IP = ::1; URI = http://localhost:65078/games
800000ef-0003-fa00-b63f-84710c7967bb|2016-12-02 15:03:01.5037|DEBUG|ips|Client info: IP = ::1; URI = http://localhost:65078/games
800000f1-0003-fa00-b63f-84710c7967bb|2016-12-02 15:03:07.0767|DEBUG|ips|Client info: IP = ::1; URI = http://localhost:65078/publisher/Details?companyName=GamesCorporation
800000f1-0003-fa00-b63f-84710c7967bb|2016-12-02 15:03:10.1638|DEBUG|ips|Client info: IP = ::1; URI = http://localhost:65078/publisher/Details?companyName=GamesCorporation
800000f3-0003-fa00-b63f-84710c7967bb|2016-12-02 15:03:11.4260|DEBUG|ips|Client info: IP = ::1; URI = http://localhost:65078/publisher/Index
800000f3-0003-fa00-b63f-84710c7967bb|2016-12-02 15:03:11.4560|DEBUG|ips|Client info: IP = ::1; URI = http://localhost:65078/publisher/Index
800000f5-0003-fa00-b63f-84710c7967bb|2016-12-02 15:03:14.0627|DEBUG|ips|Client info: IP = ::1; URI = http://localhost:65078/games
800000f5-0003-fa00-b63f-84710c7967bb|2016-12-02 15:03:14.2706|DEBUG|ips|Client info: IP = ::1; URI = http://localhost:65078/games
800000f5-0003-fa00-b63f-84710c7967bb|2016-12-02 15:03:14.3332|DEBUG|ips|Client info: IP = ::1; URI = http://localhost:65078/games
80000011-0003-e900-b63f-84710c7967bb|2016-12-02 15:55:37.4577|DEBUG|ips|Client info: IP = ::1; URI = http://localhost:65078/
80000011-0003-e900-b63f-84710c7967bb|2016-12-02 15:55:44.8387|DEBUG|ips|Client info: IP = ::1; URI = http://localhost:65078/
80000011-0003-e900-b63f-84710c7967bb|2016-12-02 15:55:45.4387|DEBUG|ips|Client info: IP = ::1; URI = http://localhost:65078/
80000013-0003-e900-b63f-84710c7967bb|2016-12-02 15:55:52.2318|DEBUG|ips|Client info: IP = ::1; URI = http://localhost:65078/games/AddToBasket?gameId=cc89af85-fc6d-4ba9-b7ad-afea31cc85c0&unitsInStock=20&_=1480686946329
80000015-0003-e900-b63f-84710c7967bb|2016-12-02 15:55:53.8639|DEBUG|ips|Client info: IP = ::1; URI = http://localhost:65078/orders/AddToBasket
80000016-0003-e900-b63f-84710c7967bb|2016-12-02 15:56:00.4495|DEBUG|ips|Client info: IP = ::1; URI = http://localhost:65078/basket
80000016-0003-e900-b63f-84710c7967bb|2016-12-02 15:56:02.8999|DEBUG|ips|Client info: IP = ::1; URI = http://localhost:65078/basket
80000018-0003-e900-b63f-84710c7967bb|2016-12-02 15:56:04.8836|DEBUG|ips|Client info: IP = ::1; URI = http://localhost:65078/games
80000018-0003-e900-b63f-84710c7967bb|2016-12-02 15:56:05.0852|DEBUG|ips|Client info: IP = ::1; URI = http://localhost:65078/games
80000018-0003-e900-b63f-84710c7967bb|2016-12-02 15:56:05.1327|DEBUG|ips|Client info: IP = ::1; URI = http://localhost:65078/games
8000001a-0003-e900-b63f-84710c7967bb|2016-12-02 15:56:07.1888|DEBUG|ips|Client info: IP = ::1; URI = http://localhost:65078/basket
8000001a-0003-e900-b63f-84710c7967bb|2016-12-02 15:56:09.5233|DEBUG|ips|Client info: IP = ::1; URI = http://localhost:65078/basket
8000001c-0003-e900-b63f-84710c7967bb|2016-12-02 15:56:11.0774|DEBUG|ips|Client info: IP = ::1; URI = http://localhost:65078/games
8000001c-0003-e900-b63f-84710c7967bb|2016-12-02 15:56:11.3033|DEBUG|ips|Client info: IP = ::1; URI = http://localhost:65078/games
8000001c-0003-e900-b63f-84710c7967bb|2016-12-02 15:56:11.3524|DEBUG|ips|Client info: IP = ::1; URI = http://localhost:65078/games
8000001e-0003-e900-b63f-84710c7967bb|2016-12-02 15:56:13.0111|DEBUG|ips|Client info: IP = ::1; URI = http://localhost:65078/games/AddToBasket?gameId=cc89af85-fc6d-4ba9-b7ad-afea31cc85c0&unitsInStock=20&_=1480686971448
8000001f-0003-e900-b63f-84710c7967bb|2016-12-02 15:56:14.7495|DEBUG|ips|Client info: IP = ::1; URI = http://localhost:65078/orders/AddToBasket
800009a5-0003-fb00-b63f-84710c7967bb|2016-12-02 16:10:03.9156|DEBUG|ips|Client info: IP = ::1; URI = http://localhost:65078/
800009a5-0003-fb00-b63f-84710c7967bb|2016-12-02 16:10:08.1544|DEBUG|ips|Client info: IP = ::1; URI = http://localhost:65078/
800009a5-0003-fb00-b63f-84710c7967bb|2016-12-02 16:10:08.7775|DEBUG|ips|Client info: IP = ::1; URI = http://localhost:65078/
800009a7-0003-fb00-b63f-84710c7967bb|2016-12-02 16:10:17.5372|DEBUG|ips|Client info: IP = ::1; URI = http://localhost:65078/order
800009a7-0003-fb00-b63f-84710c7967bb|2016-12-02 16:10:25.5435|DEBUG|ips|Client info: IP = ::1; URI = http://localhost:65078/order
80000216-0000-eb00-b63f-84710c7967bb|2016-12-02 16:13:49.5183|DEBUG|ips|Client info: IP = ::1; URI = http://localhost:65078/
80000216-0000-eb00-b63f-84710c7967bb|2016-12-02 16:13:53.9563|DEBUG|ips|Client info: IP = ::1; URI = http://localhost:65078/
80000216-0000-eb00-b63f-84710c7967bb|2016-12-02 16:13:54.5558|DEBUG|ips|Client info: IP = ::1; URI = http://localhost:65078/
80000218-0000-eb00-b63f-84710c7967bb|2016-12-02 16:13:58.6801|DEBUG|ips|Client info: IP = ::1; URI = http://localhost:65078/order
800002b8-0000-f300-b63f-84710c7967bb|2016-12-02 16:15:15.2285|DEBUG|ips|Client info: IP = ::1; URI = http://localhost:65078/
800002b8-0000-f300-b63f-84710c7967bb|2016-12-02 16:15:19.7959|DEBUG|ips|Client info: IP = ::1; URI = http://localhost:65078/
800002b8-0000-f300-b63f-84710c7967bb|2016-12-02 16:15:20.4126|DEBUG|ips|Client info: IP = ::1; URI = http://localhost:65078/
800002ba-0000-f300-b63f-84710c7967bb|2016-12-02 16:15:30.6854|DEBUG|ips|Client info: IP = ::1; URI = http://localhost:65078/order
800007e8-0002-e700-b63f-84710c7967bb|2016-12-02 16:16:35.7402|DEBUG|ips|Client info: IP = ::1; URI = http://localhost:65078/
800007e8-0002-e700-b63f-84710c7967bb|2016-12-02 16:16:39.9716|DEBUG|ips|Client info: IP = ::1; URI = http://localhost:65078/
800007e8-0002-e700-b63f-84710c7967bb|2016-12-02 16:16:40.5581|DEBUG|ips|Client info: IP = ::1; URI = http://localhost:65078/
800007ea-0002-e700-b63f-84710c7967bb|2016-12-02 16:16:43.8066|DEBUG|ips|Client info: IP = ::1; URI = http://localhost:65078/order
800002c3-0000-f300-b63f-84710c7967bb|2016-12-02 16:18:30.5834|DEBUG|ips|Client info: IP = ::1; URI = http://localhost:65078/
800002c3-0000-f300-b63f-84710c7967bb|2016-12-02 16:18:35.3229|DEBUG|ips|Client info: IP = ::1; URI = http://localhost:65078/
800002c3-0000-f300-b63f-84710c7967bb|2016-12-02 16:18:35.9715|DEBUG|ips|Client info: IP = ::1; URI = http://localhost:65078/
800002c5-0000-f300-b63f-84710c7967bb|2016-12-02 16:18:39.0641|DEBUG|ips|Client info: IP = ::1; URI = http://localhost:65078/order
800002c5-0000-f300-b63f-84710c7967bb|2016-12-02 16:18:44.2078|DEBUG|ips|Client info: IP = ::1; URI = http://localhost:65078/order
800002c7-0000-f300-b63f-84710c7967bb|2016-12-02 16:18:49.7005|DEBUG|ips|Client info: IP = ::1; URI = http://localhost:65078/basket
800002c7-0000-f300-b63f-84710c7967bb|2016-12-02 16:18:52.0376|DEBUG|ips|Client info: IP = ::1; URI = http://localhost:65078/basket
800002c9-0000-f300-b63f-84710c7967bb|2016-12-02 16:18:57.7166|DEBUG|ips|Client info: IP = ::1; URI = http://localhost:65078/games
800002c9-0000-f300-b63f-84710c7967bb|2016-12-02 16:18:57.9195|DEBUG|ips|Client info: IP = ::1; URI = http://localhost:65078/games
800002c9-0000-f300-b63f-84710c7967bb|2016-12-02 16:18:57.9665|DEBUG|ips|Client info: IP = ::1; URI = http://localhost:65078/games
800002cb-0000-f300-b63f-84710c7967bb|2016-12-02 16:18:59.8580|DEBUG|ips|Client info: IP = ::1; URI = http://localhost:65078/basket
800002cb-0000-f300-b63f-84710c7967bb|2016-12-02 16:19:02.2366|DEBUG|ips|Client info: IP = ::1; URI = http://localhost:65078/basket
800002cd-0000-f300-b63f-84710c7967bb|2016-12-02 16:19:03.2249|DEBUG|ips|Client info: IP = ::1; URI = http://localhost:65078/games
800002cd-0000-f300-b63f-84710c7967bb|2016-12-02 16:19:03.4285|DEBUG|ips|Client info: IP = ::1; URI = http://localhost:65078/games
800002cd-0000-f300-b63f-84710c7967bb|2016-12-02 16:19:03.4977|DEBUG|ips|Client info: IP = ::1; URI = http://localhost:65078/games
800002cf-0000-f300-b63f-84710c7967bb|2016-12-02 16:19:05.9626|DEBUG|ips|Client info: IP = ::1; URI = http://localhost:65078/games/AddToBasket?gameId=2f80984b-2de3-431d-b11a-588bc8c2ac2a&unitsInStock=20&_=1480688343603
800002d0-0000-f300-b63f-84710c7967bb|2016-12-02 16:19:07.9540|DEBUG|ips|Client info: IP = ::1; URI = http://localhost:65078/orders/AddToBasket
80001cca-0001-f500-b63f-84710c7967bb|2016-12-02 16:20:03.0928|DEBUG|ips|Client info: IP = ::1; URI = http://localhost:65078/
80001cca-0001-f500-b63f-84710c7967bb|2016-12-02 16:20:06.4185|DEBUG|ips|Client info: IP = ::1; URI = http://localhost:65078/
80001cca-0001-f500-b63f-84710c7967bb|2016-12-02 16:20:06.9029|DEBUG|ips|Client info: IP = ::1; URI = http://localhost:65078/
80001ccc-0001-f500-b63f-84710c7967bb|2016-12-02 16:20:11.6158|DEBUG|ips|Client info: IP = ::1; URI = http://localhost:65078/games/AddToBasket?gameId=de12dd70-4e7d-423d-a799-421b0d385491&unitsInStock=20&_=1480688407836
80001ccd-0001-f500-b63f-84710c7967bb|2016-12-02 16:20:13.4295|DEBUG|ips|Client info: IP = ::1; URI = http://localhost:65078/orders/AddToBasket
800010e1-0001-f300-b63f-84710c7967bb|2016-12-02 16:30:32.1012|DEBUG|ips|Client info: IP = ::1; URI = http://localhost:65078/
800010e1-0001-f300-b63f-84710c7967bb|2016-12-02 16:30:36.7820|DEBUG|ips|Client info: IP = ::1; URI = http://localhost:65078/
800010e1-0001-f300-b63f-84710c7967bb|2016-12-02 16:30:37.3875|DEBUG|ips|Client info: IP = ::1; URI = http://localhost:65078/
800010e3-0001-f300-b63f-84710c7967bb|2016-12-02 16:30:42.5083|DEBUG|ips|Client info: IP = ::1; URI = http://localhost:65078/games/AddToBasket?gameId=be2ea87d-ed5b-49bc-81f2-b02dc367a06d&unitsInStock=29&_=1480689038264
800010e4-0001-f300-b63f-84710c7967bb|2016-12-02 16:30:43.9764|DEBUG|ips|Client info: IP = ::1; URI = http://localhost:65078/orders/AddToBasket
80000918-0002-ed00-b63f-84710c7967bb|2016-12-02 16:31:39.5632|DEBUG|ips|Client info: IP = ::1; URI = http://localhost:65078/
80000918-0002-ed00-b63f-84710c7967bb|2016-12-02 16:31:42.9011|DEBUG|ips|Client info: IP = ::1; URI = http://localhost:65078/
80000918-0002-ed00-b63f-84710c7967bb|2016-12-02 16:31:43.3614|DEBUG|ips|Client info: IP = ::1; URI = http://localhost:65078/
8000091a-0002-ed00-b63f-84710c7967bb|2016-12-02 16:31:50.1799|DEBUG|ips|Client info: IP = ::1; URI = http://localhost:65078/games/AddToBasket?gameId=09b2f9dc-1532-413d-a116-3e10f6e5d381&unitsInStock=29&_=1480689104324
8000091b-0002-ed00-b63f-84710c7967bb|2016-12-02 16:31:51.4808|DEBUG|ips|Client info: IP = ::1; URI = http://localhost:65078/orders/AddToBasket
80000037-0002-e200-b63f-84710c7967bb|2016-12-02 16:32:46.2494|DEBUG|ips|Client info: IP = ::1; URI = http://localhost:65078/
80000037-0002-e200-b63f-84710c7967bb|2016-12-02 16:32:49.5524|DEBUG|ips|Client info: IP = ::1; URI = http://localhost:65078/
80000037-0002-e200-b63f-84710c7967bb|2016-12-02 16:32:50.0508|DEBUG|ips|Client info: IP = ::1; URI = http://localhost:65078/
80000039-0002-e200-b63f-84710c7967bb|2016-12-02 16:32:52.9545|DEBUG|ips|Client info: IP = ::1; URI = http://localhost:65078/games/AddToBasket?gameId=34528d73-7411-45cb-9ac8-412a33e5b13b&unitsInStock=0&_=1480689171001
8000003a-0002-e200-b63f-84710c7967bb|2016-12-02 16:32:54.3767|DEBUG|ips|Client info: IP = ::1; URI = http://localhost:65078/orders/AddToBasket
80000bed-0000-f800-b63f-84710c7967bb|2016-12-02 16:34:07.4828|DEBUG|ips|Client info: IP = ::1; URI = http://localhost:65078/
80000bed-0000-f800-b63f-84710c7967bb|2016-12-02 16:34:10.6070|DEBUG|ips|Client info: IP = ::1; URI = http://localhost:65078/
80000bed-0000-f800-b63f-84710c7967bb|2016-12-02 16:34:11.0912|DEBUG|ips|Client info: IP = ::1; URI = http://localhost:65078/
80000bef-0000-f800-b63f-84710c7967bb|2016-12-02 16:34:14.9362|DEBUG|ips|Client info: IP = ::1; URI = http://localhost:65078/games/AddToBasket?gameId=b307ecf8-bcb8-44e2-9a46-cd7eb3e1efcf&unitsInStock=35&_=1480689252099
80000bf0-0000-f800-b63f-84710c7967bb|2016-12-02 16:34:16.8280|DEBUG|ips|Client info: IP = ::1; URI = http://localhost:65078/orders/AddToBasket
8000125c-0001-ee00-b63f-84710c7967bb|2016-12-02 16:35:41.5932|DEBUG|ips|Client info: IP = ::1; URI = http://localhost:65078/
8000125c-0001-ee00-b63f-84710c7967bb|2016-12-02 16:35:46.3578|DEBUG|ips|Client info: IP = ::1; URI = http://localhost:65078/
8000125c-0001-ee00-b63f-84710c7967bb|2016-12-02 16:35:46.9699|DEBUG|ips|Client info: IP = ::1; URI = http://localhost:65078/
8000125e-0001-ee00-b63f-84710c7967bb|2016-12-02 16:35:49.8630|DEBUG|ips|Client info: IP = ::1; URI = http://localhost:65078/games/AddToBasket?gameId=76d04141-73ff-4cc4-baf0-a2ccdb9c2c8f&unitsInStock=29&_=1480689347959
8000125f-0001-ee00-b63f-84710c7967bb|2016-12-02 16:35:51.4725|DEBUG|ips|Client info: IP = ::1; URI = http://localhost:65078/orders/AddToBasket
80000140-0001-e200-b63f-84710c7967bb|2016-12-02 16:37:27.9532|DEBUG|ips|Client info: IP = ::1; URI = http://localhost:65078/
80000140-0001-e200-b63f-84710c7967bb|2016-12-02 16:37:31.1560|DEBUG|ips|Client info: IP = ::1; URI = http://localhost:65078/
80000140-0001-e200-b63f-84710c7967bb|2016-12-02 16:37:31.6530|DEBUG|ips|Client info: IP = ::1; URI = http://localhost:65078/
80000142-0001-e200-b63f-84710c7967bb|2016-12-02 16:37:36.7479|DEBUG|ips|Client info: IP = ::1; URI = http://localhost:65078/games/AddToBasket?gameId=9a83f014-c185-4ca1-83f4-2eb00c6500d3&unitsInStock=29&_=1480689452613
80000143-0001-e200-b63f-84710c7967bb|2016-12-02 16:37:38.9382|DEBUG|ips|Client info: IP = ::1; URI = http://localhost:65078/orders/AddToBasket
8000074a-0000-f600-b63f-84710c7967bb|2016-12-02 16:43:11.9771|DEBUG|ips|Client info: IP = ::1; URI = http://localhost:65078/
8000074a-0000-f600-b63f-84710c7967bb|2016-12-02 16:43:19.0026|DEBUG|ips|Client info: IP = ::1; URI = http://localhost:65078/
8000074a-0000-f600-b63f-84710c7967bb|2016-12-02 16:43:19.8224|DEBUG|ips|Client info: IP = ::1; URI = http://localhost:65078/
8000074c-0000-f600-b63f-84710c7967bb|2016-12-02 16:43:25.8091|DEBUG|ips|Client info: IP = ::1; URI = http://localhost:65078/games/AddToBasket?gameId=5840609dd0c40ef0df844496&unitsInStock=29&_=1480689801005
8000074d-0000-f600-b63f-84710c7967bb|2016-12-02 16:43:31.9098|DEBUG|ips|Client info: IP = ::1; URI = http://localhost:65078/
8000074d-0000-f600-b63f-84710c7967bb|2016-12-02 16:43:32.1119|DEBUG|ips|Client info: IP = ::1; URI = http://localhost:65078/
8000074d-0000-f600-b63f-84710c7967bb|2016-12-02 16:43:32.1750|DEBUG|ips|Client info: IP = ::1; URI = http://localhost:65078/
8000074f-0000-f600-b63f-84710c7967bb|2016-12-02 16:43:33.7940|DEBUG|ips|Client info: IP = ::1; URI = http://localhost:65078/games/AddToBasket?gameId=5840609dd0c40ef0df844497&unitsInStock=0&_=1480689812275
80000750-0000-f600-b63f-84710c7967bb|2016-12-02 16:43:42.6943|DEBUG|ips|Client info: IP = ::1; URI = http://localhost:65078/games/AddToBasket?gameId=Sims3_16in1&unitsInStock=20&_=1480689812276
80000751-0000-f600-b63f-84710c7967bb|2016-12-02 16:44:20.5503|DEBUG|ips|Client info: IP = ::1; URI = http://localhost:65078/
80000751-0000-f600-b63f-84710c7967bb|2016-12-02 16:44:20.7524|DEBUG|ips|Client info: IP = ::1; URI = http://localhost:65078/
80000751-0000-f600-b63f-84710c7967bb|2016-12-02 16:44:20.8145|DEBUG|ips|Client info: IP = ::1; URI = http://localhost:65078/
8000003c-0002-f600-b63f-84710c7967bb|2016-12-02 16:44:20.9216|DEBUG|ips|Client info: IP = ::1; URI = http://localhost:65078/orders/AddToBasket
80000753-0000-f600-b63f-84710c7967bb|2016-12-02 16:44:22.9426|DEBUG|ips|Client info: IP = ::1; URI = http://localhost:65078/games/AddToBasket?gameId=5840609dd0c40ef0df844496&unitsInStock=29&_=1480689861234
80000754-0000-f600-b63f-84710c7967bb|2016-12-02 16:44:27.0330|DEBUG|ips|Client info: IP = ::1; URI = http://localhost:65078/orders/AddToBasket
8000094c-0000-e900-b63f-84710c7967bb|2016-12-02 16:45:27.4591|DEBUG|ips|Client info: IP = ::1; URI = http://localhost:65078/
8000094c-0000-e900-b63f-84710c7967bb|2016-12-02 16:45:30.5287|DEBUG|ips|Client info: IP = ::1; URI = http://localhost:65078/
8000094c-0000-e900-b63f-84710c7967bb|2016-12-02 16:45:31.0149|DEBUG|ips|Client info: IP = ::1; URI = http://localhost:65078/
8000094e-0000-e900-b63f-84710c7967bb|2016-12-02 16:45:34.2408|DEBUG|ips|Client info: IP = ::1; URI = http://localhost:65078/games/AddToBasket?gameId=5840609dd0c40ef0df844496&unitsInStock=29&_=1480689931941
8000094f-0000-e900-b63f-84710c7967bb|2016-12-02 16:45:35.7984|DEBUG|ips|Client info: IP = ::1; URI = http://localhost:65078/orders/AddToBasket
80001a8c-0000-f900-b63f-84710c7967bb|2016-12-02 16:46:43.4938|DEBUG|ips|Client info: IP = ::1; URI = http://localhost:65078/
80001a8c-0000-f900-b63f-84710c7967bb|2016-12-02 16:46:47.6210|DEBUG|ips|Client info: IP = ::1; URI = http://localhost:65078/
80001a8c-0000-f900-b63f-84710c7967bb|2016-12-02 16:46:48.2525|DEBUG|ips|Client info: IP = ::1; URI = http://localhost:65078/
80001a8e-0000-f900-b63f-84710c7967bb|2016-12-02 16:47:05.3528|DEBUG|ips|Client info: IP = ::1; URI = http://localhost:65078/games/AddToBasket?gameId=5840609dd0c40ef0df844497&unitsInStock=0&_=1480690009199
80001a8f-0000-f900-b63f-84710c7967bb|2016-12-02 16:47:07.2221|DEBUG|ips|Client info: IP = ::1; URI = http://localhost:65078/orders/AddToBasket
8000071a-0000-ef00-b63f-84710c7967bb|2016-12-02 16:48:30.1383|DEBUG|ips|Client info: IP = ::1; URI = http://localhost:65078/Games/AddToBasket
8000071b-0000-ef00-b63f-84710c7967bb|2016-12-02 16:48:35.4901|DEBUG|ips|Client info: IP = ::1; URI = http://localhost:65078/Games/
8000071b-0000-ef00-b63f-84710c7967bb|2016-12-02 16:48:38.9351|DEBUG|ips|Client info: IP = ::1; URI = http://localhost:65078/Games/
8000071b-0000-ef00-b63f-84710c7967bb|2016-12-02 16:48:39.4102|DEBUG|ips|Client info: IP = ::1; URI = http://localhost:65078/Games/
8000071d-0000-ef00-b63f-84710c7967bb|2016-12-02 16:48:42.1451|DEBUG|ips|Client info: IP = ::1; URI = http://localhost:65078/games/AddToBasket?gameId=Sims3_16in1&unitsInStock=20&_=1480690120398
8000071e-0000-ef00-b63f-84710c7967bb|2016-12-02 16:48:50.0792|DEBUG|ips|Client info: IP = ::1; URI = http://localhost:65078/orders/AddToBasket
8000098e-0000-ed00-b63f-84710c7967bb|2016-12-02 16:49:57.5812|DEBUG|ips|Client info: IP = ::1; URI = http://localhost:65078/
8000098e-0000-ed00-b63f-84710c7967bb|2016-12-02 16:50:05.4783|DEBUG|ips|Client info: IP = ::1; URI = http://localhost:65078/
8000098e-0000-ed00-b63f-84710c7967bb|2016-12-02 16:50:05.9254|DEBUG|ips|Client info: IP = ::1; URI = http://localhost:65078/
80000990-0000-ed00-b63f-84710c7967bb|2016-12-02 16:50:09.2594|DEBUG|ips|Client info: IP = ::1; URI = http://localhost:65078/games/AddToBasket?gameKey=5840609dd0c40ef0df844497&unitsInStock=0&_=1480690206846
80000991-0000-ed00-b63f-84710c7967bb|2016-12-02 16:50:10.8105|DEBUG|ips|Client info: IP = ::1; URI = http://localhost:65078/orders/AddToBasket
80000c29-0000-f800-b63f-84710c7967bb|2016-12-02 16:51:13.7696|DEBUG|ips|Client info: IP = ::1; URI = http://localhost:65078/
80000c29-0000-f800-b63f-84710c7967bb|2016-12-02 16:51:17.8406|DEBUG|ips|Client info: IP = ::1; URI = http://localhost:65078/
80000c29-0000-f800-b63f-84710c7967bb|2016-12-02 16:51:18.4391|DEBUG|ips|Client info: IP = ::1; URI = http://localhost:65078/
80000c2b-0000-f800-b63f-84710c7967bb|2016-12-02 16:51:38.1893|DEBUG|ips|Client info: IP = ::1; URI = http://localhost:65078/games/AddToBasket?gameKey=5840609dd0c40ef0df844498&unitsInStock=35&_=1480690279331
80000c2c-0000-f800-b63f-84710c7967bb|2016-12-02 16:51:39.7925|DEBUG|ips|Client info: IP = ::1; URI = http://localhost:65078/orders/AddToBasket
80000c3d-0000-e500-b63f-84710c7967bb|2016-12-02 16:52:10.7890|DEBUG|ips|Client info: IP = ::1; URI = http://localhost:65078/
80000c3d-0000-e500-b63f-84710c7967bb|2016-12-02 16:52:14.5490|DEBUG|ips|Client info: IP = ::1; URI = http://localhost:65078/
80000c3d-0000-e500-b63f-84710c7967bb|2016-12-02 16:52:15.0586|DEBUG|ips|Client info: IP = ::1; URI = http://localhost:65078/
80000c3f-0000-e500-b63f-84710c7967bb|2016-12-02 16:52:18.3905|DEBUG|ips|Client info: IP = ::1; URI = http://localhost:65078/games/AddToBasket?gameKey=5840609dd0c40ef0df844498&unitsInStock=35&_=1480690336039
80000c40-0000-e500-b63f-84710c7967bb|2016-12-02 16:52:19.8675|DEBUG|ips|Client info: IP = ::1; URI = http://localhost:65078/orders/AddToBasket
80000c4f-0001-e700-b63f-84710c7967bb|2016-12-02 16:56:27.4279|DEBUG|ips|Client info: IP = ::1; URI = http://localhost:65078/
80000c4f-0001-e700-b63f-84710c7967bb|2016-12-02 16:56:31.5359|DEBUG|ips|Client info: IP = ::1; URI = http://localhost:65078/
80000c4f-0001-e700-b63f-84710c7967bb|2016-12-02 16:56:32.1766|DEBUG|ips|Client info: IP = ::1; URI = http://localhost:65078/
80000c51-0001-e700-b63f-84710c7967bb|2016-12-02 16:56:49.1318|DEBUG|ips|Client info: IP = ::1; URI = http://localhost:65078/games/AddToBasket?gameKey=5840609dd0c40ef0df844498&unitsInStock=35&_=1480690593107
80000c52-0001-e700-b63f-84710c7967bb|2016-12-02 16:56:51.1670|DEBUG|ips|Client info: IP = ::1; URI = http://localhost:65078/orders/AddToBasket
8000083d-0002-f900-b63f-84710c7967bb|2016-12-02 16:58:45.3251|DEBUG|ips|Client info: IP = ::1; URI = http://localhost:65078/
8000083d-0002-f900-b63f-84710c7967bb|2016-12-02 16:58:49.3961|DEBUG|ips|Client info: IP = ::1; URI = http://localhost:65078/
8000083d-0002-f900-b63f-84710c7967bb|2016-12-02 16:58:50.0228|DEBUG|ips|Client info: IP = ::1; URI = http://localhost:65078/
8000083f-0002-f900-b63f-84710c7967bb|2016-12-02 16:58:53.4955|DEBUG|ips|Client info: IP = ::1; URI = http://localhost:65078/games/AddToBasket?gameKey=5840609dd0c40ef0df844497&unitsInStock=0&_=1480690730925
80000840-0002-f900-b63f-84710c7967bb|2016-12-02 16:58:55.4333|DEBUG|ips|Client info: IP = ::1; URI = http://localhost:65078/orders/AddToBasket
8000077e-0002-e200-b63f-84710c7967bb|2016-12-02 17:00:57.4078|DEBUG|ips|Client info: IP = ::1; URI = http://localhost:65078/
8000077e-0002-e200-b63f-84710c7967bb|2016-12-02 17:01:00.6848|DEBUG|ips|Client info: IP = ::1; URI = http://localhost:65078/
8000077e-0002-e200-b63f-84710c7967bb|2016-12-02 17:01:01.1694|DEBUG|ips|Client info: IP = ::1; URI = http://localhost:65078/
80000780-0002-e200-b63f-84710c7967bb|2016-12-02 17:01:05.4290|DEBUG|ips|Client info: IP = ::1; URI = http://localhost:65078/games/AddToBasket?gameKey=5840609dd0c40ef0df844498&unitsInStock=35&_=1480690862112
80000781-0002-e200-b63f-84710c7967bb|2016-12-02 17:01:07.1540|DEBUG|ips|Client info: IP = ::1; URI = http://localhost:65078/orders/AddToBasket
