80000007-0001-fd00-b63f-84710c7967bb|2016-12-02 09:33:37.8496|DEBUG|performance|Performance info: URI = http://localhost:65078/; Time(ms) = 13994
80000007-0001-fd00-b63f-84710c7967bb|2016-12-02 09:33:38.3962|DEBUG|performance|Performance info: URI = http://localhost:65078/; Time(ms) = 14109
80000007-0001-fd00-b63f-84710c7967bb|2016-12-02 09:33:39.2210|DEBUG|performance|Performance info: URI = http://localhost:65078/; Time(ms) = 14328
80000007-0000-f400-b63f-84710c7967bb|2016-12-02 09:34:18.9749|DEBUG|performance|Performance info: URI = http://localhost:65078/games/AddToBasket?gameId=5840609dd0c40ef0df844492&unitsInStock=22&_=1480664020417; Time(ms) = 14329
8000000b-0001-fd00-b63f-84710c7967bb|2016-12-02 09:34:24.2061|DEBUG|performance|Performance info: URI = http://localhost:65078/orders/AddToBasket; Time(ms) = 17446
8000000c-0001-fd00-b63f-84710c7967bb|2016-12-02 09:34:27.9615|DEBUG|performance|Performance info: URI = http://localhost:65078/basket; Time(ms) = 19987
8000000c-0001-fd00-b63f-84710c7967bb|2016-12-02 09:34:28.0325|DEBUG|performance|Performance info: URI = http://localhost:65078/basket; Time(ms) = 19987
8000000e-0001-fd00-b63f-84710c7967bb|2016-12-02 09:34:30.7385|DEBUG|performance|Performance info: URI = http://localhost:65078/games; Time(ms) = 20152
8000000e-0001-fd00-b63f-84710c7967bb|2016-12-02 09:34:30.7963|DEBUG|performance|Performance info: URI = http://localhost:65078/games; Time(ms) = 20206
8000000e-0001-fd00-b63f-84710c7967bb|2016-12-02 09:34:30.8084|DEBUG|performance|Performance info: URI = http://localhost:65078/games; Time(ms) = 20206
80000010-0001-fd00-b63f-84710c7967bb|2016-12-02 09:34:38.7685|DEBUG|performance|Performance info: URI = http://localhost:65078/basket; Time(ms) = 22563
80000010-0001-fd00-b63f-84710c7967bb|2016-12-02 09:34:38.7775|DEBUG|performance|Performance info: URI = http://localhost:65078/basket; Time(ms) = 22563
80000018-0000-f100-b63f-84710c7967bb|2016-12-02 11:38:47.1394|DEBUG|performance|Performance info: URI = http://localhost:65078/; Time(ms) = 6358
80000018-0000-f100-b63f-84710c7967bb|2016-12-02 11:38:48.3451|DEBUG|performance|Performance info: URI = http://localhost:65078/; Time(ms) = 6475
80000018-0000-f100-b63f-84710c7967bb|2016-12-02 11:38:49.1116|DEBUG|performance|Performance info: URI = http://localhost:65078/; Time(ms) = 6761
80000025-0000-f700-b63f-84710c7967bb|2016-12-02 11:50:14.7717|DEBUG|performance|Performance info: URI = http://localhost:65078/; Time(ms) = 5851
80000025-0000-f700-b63f-84710c7967bb|2016-12-02 11:50:15.9722|DEBUG|performance|Performance info: URI = http://localhost:65078/; Time(ms) = 5965
80000025-0000-f700-b63f-84710c7967bb|2016-12-02 11:50:16.7572|DEBUG|performance|Performance info: URI = http://localhost:65078/; Time(ms) = 6253
80000027-0000-f700-b63f-84710c7967bb|2016-12-02 11:50:28.3971|DEBUG|performance|Performance info: URI = http://localhost:65078/games?Name=&MinPrice=&MaxPrice=&DateOfAdding=threeyear&FilterBy=Popularity; Time(ms) = 6615
80000027-0000-f700-b63f-84710c7967bb|2016-12-02 11:50:28.4408|DEBUG|performance|Performance info: URI = http://localhost:65078/games?Name=&MinPrice=&MaxPrice=&DateOfAdding=threeyear&FilterBy=Popularity; Time(ms) = 6662
80000027-0000-f700-b63f-84710c7967bb|2016-12-02 11:50:28.4598|DEBUG|performance|Performance info: URI = http://localhost:65078/games?Name=&MinPrice=&MaxPrice=&DateOfAdding=threeyear&FilterBy=Popularity; Time(ms) = 6662
80000029-0000-f700-b63f-84710c7967bb|2016-12-02 11:50:50.4452|DEBUG|performance|Performance info: URI = http://localhost:65078/games?Name=&MinPrice=&MaxPrice=&DateOfAdding=threeyear&FilterBy=Popularity&PageSize=0; Time(ms) = 6961
80000029-0000-f700-b63f-84710c7967bb|2016-12-02 11:50:50.4967|DEBUG|performance|Performance info: URI = http://localhost:65078/games?Name=&MinPrice=&MaxPrice=&DateOfAdding=threeyear&FilterBy=Popularity&PageSize=0; Time(ms) = 7010
80000029-0000-f700-b63f-84710c7967bb|2016-12-02 11:50:50.4967|DEBUG|performance|Performance info: URI = http://localhost:65078/games?Name=&MinPrice=&MaxPrice=&DateOfAdding=threeyear&FilterBy=Popularity&PageSize=0; Time(ms) = 7011
800007ce-0000-f000-b63f-84710c7967bb|2016-12-02 11:52:01.9525|DEBUG|performance|Performance info: URI = http://localhost:65078/; Time(ms) = 3711
800007ce-0000-f000-b63f-84710c7967bb|2016-12-02 11:52:03.0976|DEBUG|performance|Performance info: URI = http://localhost:65078/; Time(ms) = 3853
800007ce-0000-f000-b63f-84710c7967bb|2016-12-02 11:52:03.8931|DEBUG|performance|Performance info: URI = http://localhost:65078/; Time(ms) = 4156
800007d0-0000-f000-b63f-84710c7967bb|2016-12-02 11:52:09.8779|DEBUG|performance|Performance info: URI = http://localhost:65078/games?PageSize=0; Time(ms) = 4399
800007d0-0000-f000-b63f-84710c7967bb|2016-12-02 11:52:09.9369|DEBUG|performance|Performance info: URI = http://localhost:65078/games?PageSize=0; Time(ms) = 4456
800007d0-0000-f000-b63f-84710c7967bb|2016-12-02 11:52:09.9738|DEBUG|performance|Performance info: URI = http://localhost:65078/games?PageSize=0; Time(ms) = 4457
800007d2-0000-f000-b63f-84710c7967bb|2016-12-02 11:52:16.2459|DEBUG|performance|Performance info: URI = http://localhost:65078/games/New; Time(ms) = 4532
800007d2-0000-f000-b63f-84710c7967bb|2016-12-02 11:52:16.4278|DEBUG|performance|Performance info: URI = http://localhost:65078/games/New; Time(ms) = 4532
800007d4-0000-f000-b63f-84710c7967bb|2016-12-02 11:52:23.3084|DEBUG|performance|Performance info: URI = http://localhost:65078/games/New; Time(ms) = 4645
800007d5-0000-f000-b63f-84710c7967bb|2016-12-02 11:52:23.5894|DEBUG|performance|Performance info: URI = http://localhost:65078/games; Time(ms) = 4912
800007d5-0000-f000-b63f-84710c7967bb|2016-12-02 11:52:23.6395|DEBUG|performance|Performance info: URI = http://localhost:65078/games; Time(ms) = 4966
800007d5-0000-f000-b63f-84710c7967bb|2016-12-02 11:52:23.6595|DEBUG|performance|Performance info: URI = http://localhost:65078/games; Time(ms) = 4966
800007d7-0000-f000-b63f-84710c7967bb|2016-12-02 11:52:28.9973|DEBUG|performance|Performance info: URI = http://localhost:65078/games/Update?key=5840609dd0c40ef0df844493; Time(ms) = 5282
800007d7-0000-f000-b63f-84710c7967bb|2016-12-02 11:52:29.0293|DEBUG|performance|Performance info: URI = http://localhost:65078/games/Update?key=5840609dd0c40ef0df844493; Time(ms) = 5282
800007d9-0000-f000-b63f-84710c7967bb|2016-12-02 11:52:33.0437|DEBUG|performance|Performance info: URI = http://localhost:65078/games/Update; Time(ms) = 5332
800007d9-0000-f000-b63f-84710c7967bb|2016-12-02 11:52:33.0437|DEBUG|performance|Performance info: URI = http://localhost:65078/games/Update; Time(ms) = 5332
80000014-0000-ed00-b63f-84710c7967bb|2016-12-02 11:53:44.8813|DEBUG|performance|Performance info: URI = http://localhost:65078/; Time(ms) = 3830
80000014-0000-ed00-b63f-84710c7967bb|2016-12-02 11:53:46.0740|DEBUG|performance|Performance info: URI = http://localhost:65078/; Time(ms) = 3981
80000014-0000-ed00-b63f-84710c7967bb|2016-12-02 11:53:46.8875|DEBUG|performance|Performance info: URI = http://localhost:65078/; Time(ms) = 4282
80000016-0000-ed00-b63f-84710c7967bb|2016-12-02 11:53:53.6587|DEBUG|performance|Performance info: URI = http://localhost:65078/games/Update?key=5840609dd0c40ef0df844493; Time(ms) = 4655
80000016-0000-ed00-b63f-84710c7967bb|2016-12-02 11:53:53.7218|DEBUG|performance|Performance info: URI = http://localhost:65078/games/Update?key=5840609dd0c40ef0df844493; Time(ms) = 4655
80000018-0000-ed00-b63f-84710c7967bb|2016-12-02 11:54:01.1127|DEBUG|performance|Performance info: URI = http://localhost:65078/games/Update; Time(ms) = 4821
80000019-0000-ed00-b63f-84710c7967bb|2016-12-02 11:54:01.3887|DEBUG|performance|Performance info: URI = http://localhost:65078/games; Time(ms) = 5083
80000019-0000-ed00-b63f-84710c7967bb|2016-12-02 11:54:01.4523|DEBUG|performance|Performance info: URI = http://localhost:65078/games; Time(ms) = 5144
80000019-0000-ed00-b63f-84710c7967bb|2016-12-02 11:54:01.4653|DEBUG|performance|Performance info: URI = http://localhost:65078/games; Time(ms) = 5144
8000001b-0000-ed00-b63f-84710c7967bb|2016-12-02 11:54:11.6128|DEBUG|performance|Performance info: URI = http://localhost:65078/games; Time(ms) = 5418
8000001b-0000-ed00-b63f-84710c7967bb|2016-12-02 11:54:11.6679|DEBUG|performance|Performance info: URI = http://localhost:65078/games; Time(ms) = 5471
8000001b-0000-ed00-b63f-84710c7967bb|2016-12-02 11:54:11.6679|DEBUG|performance|Performance info: URI = http://localhost:65078/games; Time(ms) = 5471
8000001d-0000-ed00-b63f-84710c7967bb|2016-12-02 11:54:18.1735|DEBUG|performance|Performance info: URI = http://localhost:65078/games/AddToBasket?gameId=4615d8fb-bb3a-4bf6-9053-857decbb6b1a&unitsInStock=24&_=1480672451771; Time(ms) = 5472
8000001f-0000-ed00-b63f-84710c7967bb|2016-12-02 11:54:21.2947|DEBUG|performance|Performance info: URI = http://localhost:65078/games/Update?key=5840609dd0c40ef0df844494; Time(ms) = 5769
8000001f-0000-ed00-b63f-84710c7967bb|2016-12-02 11:54:21.2947|DEBUG|performance|Performance info: URI = http://localhost:65078/games/Update?key=5840609dd0c40ef0df844494; Time(ms) = 5769
80000021-0000-ed00-b63f-84710c7967bb|2016-12-02 11:54:25.4490|DEBUG|performance|Performance info: URI = http://localhost:65078/games/Update; Time(ms) = 5816
80000022-0000-ed00-b63f-84710c7967bb|2016-12-02 11:54:25.6982|DEBUG|performance|Performance info: URI = http://localhost:65078/games; Time(ms) = 6055
80000022-0000-ed00-b63f-84710c7967bb|2016-12-02 11:54:25.7609|DEBUG|performance|Performance info: URI = http://localhost:65078/games; Time(ms) = 6114
80000022-0000-ed00-b63f-84710c7967bb|2016-12-02 11:54:25.7609|DEBUG|performance|Performance info: URI = http://localhost:65078/games; Time(ms) = 6114
80000024-0000-ed00-b63f-84710c7967bb|2016-12-02 11:54:33.4949|DEBUG|performance|Performance info: URI = http://localhost:65078/games?PageSize=0; Time(ms) = 6369
80000024-0000-ed00-b63f-84710c7967bb|2016-12-02 11:54:33.5586|DEBUG|performance|Performance info: URI = http://localhost:65078/games?PageSize=0; Time(ms) = 6429
80000024-0000-ed00-b63f-84710c7967bb|2016-12-02 11:54:33.5906|DEBUG|performance|Performance info: URI = http://localhost:65078/games?PageSize=0; Time(ms) = 6429
80000026-0000-ed00-b63f-84710c7967bb|2016-12-02 11:54:40.5693|DEBUG|performance|Performance info: URI = http://localhost:65078/games?PageSize=0&Name=Kon&MinPrice=&MaxPrice=&DateOfAdding=week&FilterBy=Popularity; Time(ms) = 6706
80000026-0000-ed00-b63f-84710c7967bb|2016-12-02 11:54:40.6363|DEBUG|performance|Performance info: URI = http://localhost:65078/games?PageSize=0&Name=Kon&MinPrice=&MaxPrice=&DateOfAdding=week&FilterBy=Popularity; Time(ms) = 6770
80000026-0000-ed00-b63f-84710c7967bb|2016-12-02 11:54:40.6363|DEBUG|performance|Performance info: URI = http://localhost:65078/games?PageSize=0&Name=Kon&MinPrice=&MaxPrice=&DateOfAdding=week&FilterBy=Popularity; Time(ms) = 6770
800003fa-0000-ec00-b63f-84710c7967bb|2016-12-02 11:56:05.5631|DEBUG|performance|Performance info: URI = http://localhost:65078/; Time(ms) = 3960
800003fa-0000-ec00-b63f-84710c7967bb|2016-12-02 11:56:06.6180|DEBUG|performance|Performance info: URI = http://localhost:65078/; Time(ms) = 4091
800003fa-0000-ec00-b63f-84710c7967bb|2016-12-02 11:56:07.3678|DEBUG|performance|Performance info: URI = http://localhost:65078/; Time(ms) = 4362
800003fc-0000-ec00-b63f-84710c7967bb|2016-12-02 11:56:20.9214|DEBUG|performance|Performance info: URI = http://localhost:65078/games/Update?key=5840609dd0c40ef0df844495; Time(ms) = 4740
800003fc-0000-ec00-b63f-84710c7967bb|2016-12-02 11:56:20.9830|DEBUG|performance|Performance info: URI = http://localhost:65078/games/Update?key=5840609dd0c40ef0df844495; Time(ms) = 4741
800003fe-0000-ec00-b63f-84710c7967bb|2016-12-02 11:56:25.6306|DEBUG|performance|Performance info: URI = http://localhost:65078/games/Update; Time(ms) = 4926
800003ff-0000-ec00-b63f-84710c7967bb|2016-12-02 11:56:25.8911|DEBUG|performance|Performance info: URI = http://localhost:65078/games; Time(ms) = 5172
800003ff-0000-ec00-b63f-84710c7967bb|2016-12-02 11:56:25.9381|DEBUG|performance|Performance info: URI = http://localhost:65078/games; Time(ms) = 5224
800003ff-0000-ec00-b63f-84710c7967bb|2016-12-02 11:56:25.9581|DEBUG|performance|Performance info: URI = http://localhost:65078/games; Time(ms) = 5224
80000401-0000-ec00-b63f-84710c7967bb|2016-12-02 11:56:42.0353|DEBUG|performance|Performance info: URI = http://localhost:65078/games/Update?key=5840609dd0c40ef0df844495; Time(ms) = 5535
80000401-0000-ec00-b63f-84710c7967bb|2016-12-02 11:56:42.0423|DEBUG|performance|Performance info: URI = http://localhost:65078/games/Update?key=5840609dd0c40ef0df844495; Time(ms) = 5535
80000403-0000-ec00-b63f-84710c7967bb|2016-12-02 11:56:45.2971|DEBUG|performance|Performance info: URI = http://localhost:65078/games/Update; Time(ms) = 5602
80000404-0000-ec00-b63f-84710c7967bb|2016-12-02 11:56:45.5796|DEBUG|performance|Performance info: URI = http://localhost:65078/games; Time(ms) = 5876
80000404-0000-ec00-b63f-84710c7967bb|2016-12-02 11:56:45.6222|DEBUG|performance|Performance info: URI = http://localhost:65078/games; Time(ms) = 5924
80000404-0000-ec00-b63f-84710c7967bb|2016-12-02 11:56:45.6425|DEBUG|performance|Performance info: URI = http://localhost:65078/games; Time(ms) = 5924
80000406-0000-ec00-b63f-84710c7967bb|2016-12-02 11:56:50.3449|DEBUG|performance|Performance info: URI = http://localhost:65078/games/Update?key=Sims3_16in1; Time(ms) = 6217
80000406-0000-ec00-b63f-84710c7967bb|2016-12-02 11:56:50.3449|DEBUG|performance|Performance info: URI = http://localhost:65078/games/Update?key=Sims3_16in1; Time(ms) = 6217
80000408-0000-ec00-b63f-84710c7967bb|2016-12-02 11:56:52.6121|DEBUG|performance|Performance info: URI = http://localhost:65078/games/Update; Time(ms) = 6269
80000409-0000-ec00-b63f-84710c7967bb|2016-12-02 11:56:52.8791|DEBUG|performance|Performance info: URI = http://localhost:65078/games; Time(ms) = 6526
80000409-0000-ec00-b63f-84710c7967bb|2016-12-02 11:56:52.9421|DEBUG|performance|Performance info: URI = http://localhost:65078/games; Time(ms) = 6587
80000409-0000-ec00-b63f-84710c7967bb|2016-12-02 11:56:52.9561|DEBUG|performance|Performance info: URI = http://localhost:65078/games; Time(ms) = 6587
8000040b-0000-ec00-b63f-84710c7967bb|2016-12-02 11:57:03.8273|DEBUG|performance|Performance info: URI = http://localhost:65078/game/5840609dd0c40ef0df844496/Details; Time(ms) = 6828
8000040b-0000-ec00-b63f-84710c7967bb|2016-12-02 11:57:06.9546|DEBUG|performance|Performance info: URI = http://localhost:65078/game/5840609dd0c40ef0df844496/Details; Time(ms) = 6828
8000040d-0000-ec00-b63f-84710c7967bb|2016-12-02 11:57:08.9053|DEBUG|performance|Performance info: URI = http://localhost:65078/games; Time(ms) = 7090
8000040d-0000-ec00-b63f-84710c7967bb|2016-12-02 11:57:08.9713|DEBUG|performance|Performance info: URI = http://localhost:65078/games; Time(ms) = 7156
8000040d-0000-ec00-b63f-84710c7967bb|2016-12-02 11:57:09.2500|DEBUG|performance|Performance info: URI = http://localhost:65078/games; Time(ms) = 7419
8000040f-0000-ec00-b63f-84710c7967bb|2016-12-02 11:57:17.5842|DEBUG|performance|Performance info: URI = http://localhost:65078/games?Name=Sir&MinPrice=&MaxPrice=&DateOfAdding=week&FilterBy=Popularity; Time(ms) = 7675
8000040f-0000-ec00-b63f-84710c7967bb|2016-12-02 11:57:17.6403|DEBUG|performance|Performance info: URI = http://localhost:65078/games?Name=Sir&MinPrice=&MaxPrice=&DateOfAdding=week&FilterBy=Popularity; Time(ms) = 7728
8000040f-0000-ec00-b63f-84710c7967bb|2016-12-02 11:57:17.6403|DEBUG|performance|Performance info: URI = http://localhost:65078/games?Name=Sir&MinPrice=&MaxPrice=&DateOfAdding=week&FilterBy=Popularity; Time(ms) = 7728
80000411-0000-ec00-b63f-84710c7967bb|2016-12-02 11:57:26.1039|DEBUG|performance|Performance info: URI = http://localhost:65078/games?Name=&MinPrice=&MaxPrice=&DateOfAdding=week&FilterBy=Popularity&SelectedGenresName=RTS; Time(ms) = 8001
80000411-0000-ec00-b63f-84710c7967bb|2016-12-02 11:57:26.1549|DEBUG|performance|Performance info: URI = http://localhost:65078/games?Name=&MinPrice=&MaxPrice=&DateOfAdding=week&FilterBy=Popularity&SelectedGenresName=RTS; Time(ms) = 8060
80000411-0000-ec00-b63f-84710c7967bb|2016-12-02 11:57:26.1740|DEBUG|performance|Performance info: URI = http://localhost:65078/games?Name=&MinPrice=&MaxPrice=&DateOfAdding=week&FilterBy=Popularity&SelectedGenresName=RTS; Time(ms) = 8060
80000413-0000-ec00-b63f-84710c7967bb|2016-12-02 11:57:39.0251|DEBUG|performance|Performance info: URI = http://localhost:65078/order; Time(ms) = 12786
80000413-0000-ec00-b63f-84710c7967bb|2016-12-02 11:57:42.2165|DEBUG|performance|Performance info: URI = http://localhost:65078/order; Time(ms) = 12786
80000415-0000-ec00-b63f-84710c7967bb|2016-12-02 11:57:56.9929|DEBUG|performance|Performance info: URI = http://localhost:65078/basket; Time(ms) = 15089
80000415-0000-ec00-b63f-84710c7967bb|2016-12-02 11:57:57.0049|DEBUG|performance|Performance info: URI = http://localhost:65078/basket; Time(ms) = 15089
80000417-0000-ec00-b63f-84710c7967bb|2016-12-02 11:58:03.4035|DEBUG|performance|Performance info: URI = http://localhost:65078/order; Time(ms) = 19711
80000417-0000-ec00-b63f-84710c7967bb|2016-12-02 11:58:03.4035|DEBUG|performance|Performance info: URI = http://localhost:65078/order; Time(ms) = 19711
80000419-0000-ec00-b63f-84710c7967bb|2016-12-02 11:58:06.2608|DEBUG|performance|Performance info: URI = http://localhost:65078/games; Time(ms) = 19966
80000419-0000-ec00-b63f-84710c7967bb|2016-12-02 11:58:06.3083|DEBUG|performance|Performance info: URI = http://localhost:65078/games; Time(ms) = 20020
80000419-0000-ec00-b63f-84710c7967bb|2016-12-02 11:58:06.3299|DEBUG|performance|Performance info: URI = http://localhost:65078/games; Time(ms) = 20020
80000d5f-0001-f100-b63f-84710c7967bb|2016-12-02 11:59:38.7293|DEBUG|performance|Performance info: URI = http://localhost:65078/; Time(ms) = 14321
80000d5f-0001-f100-b63f-84710c7967bb|2016-12-02 11:59:38.9811|DEBUG|performance|Performance info: URI = http://localhost:65078/; Time(ms) = 14428
80000d5f-0001-f100-b63f-84710c7967bb|2016-12-02 11:59:39.5839|DEBUG|performance|Performance info: URI = http://localhost:65078/; Time(ms) = 14690
80000037-0000-eb00-b63f-84710c7967bb|2016-12-02 12:05:34.4384|DEBUG|performance|Performance info: URI = http://localhost:65078/; Time(ms) = 7406
80000037-0000-eb00-b63f-84710c7967bb|2016-12-02 12:05:34.7073|DEBUG|performance|Performance info: URI = http://localhost:65078/; Time(ms) = 7524
80000037-0000-eb00-b63f-84710c7967bb|2016-12-02 12:05:35.3120|DEBUG|performance|Performance info: URI = http://localhost:65078/; Time(ms) = 7795
80000048-0000-ed00-b63f-84710c7967bb|2016-12-02 12:06:36.4427|DEBUG|performance|Performance info: URI = http://localhost:65078/; Time(ms) = 11371
80000048-0000-ed00-b63f-84710c7967bb|2016-12-02 12:06:36.7149|DEBUG|performance|Performance info: URI = http://localhost:65078/; Time(ms) = 11487
80000048-0000-ed00-b63f-84710c7967bb|2016-12-02 12:06:37.4141|DEBUG|performance|Performance info: URI = http://localhost:65078/; Time(ms) = 11830
80000a5c-0000-f400-b63f-84710c7967bb|2016-12-02 12:10:03.6308|DEBUG|performance|Performance info: URI = http://localhost:65078/; Time(ms) = 14241
80000044-0002-f000-b63f-84710c7967bb|2016-12-02 12:10:35.3936|DEBUG|performance|Performance info: URI = http://localhost:65078/; Time(ms) = 5820
80000044-0002-f000-b63f-84710c7967bb|2016-12-02 12:10:39.6818|DEBUG|performance|Performance info: URI = http://localhost:65078/; Time(ms) = 5985
80000044-0002-f000-b63f-84710c7967bb|2016-12-02 12:10:40.4699|DEBUG|performance|Performance info: URI = http://localhost:65078/; Time(ms) = 6253
80001260-0000-ee00-b63f-84710c7967bb|2016-12-02 12:21:08.3770|DEBUG|performance|Performance info: URI = http://localhost:65078/; Time(ms) = 54020
80001260-0000-ee00-b63f-84710c7967bb|2016-12-02 12:21:08.6604|DEBUG|performance|Performance info: URI = http://localhost:65078/; Time(ms) = 54142
80001260-0000-ee00-b63f-84710c7967bb|2016-12-02 12:21:09.3255|DEBUG|performance|Performance info: URI = http://localhost:65078/; Time(ms) = 54442
8000074c-0003-f400-b63f-84710c7967bb|2016-12-02 12:22:03.6875|DEBUG|performance|Performance info: URI = http://localhost:65078/; Time(ms) = 6223
8000074c-0003-f400-b63f-84710c7967bb|2016-12-02 12:22:03.9587|DEBUG|performance|Performance info: URI = http://localhost:65078/; Time(ms) = 6332
8000074c-0003-f400-b63f-84710c7967bb|2016-12-02 12:22:04.5993|DEBUG|performance|Performance info: URI = http://localhost:65078/; Time(ms) = 6627
8000009c-0000-f300-b63f-84710c7967bb|2016-12-02 12:33:14.6826|DEBUG|performance|Performance info: URI = http://localhost:65078/; Time(ms) = 53605
800001f0-0000-eb00-b63f-84710c7967bb|2016-12-02 12:34:36.3815|DEBUG|performance|Performance info: URI = http://localhost:65078/Orders/History; Time(ms) = 20104
80000159-0000-f100-b63f-84710c7967bb|2016-12-02 12:34:36.4833|DEBUG|performance|Performance info: URI = http://localhost:65078/; Time(ms) = 20104
800001f0-0000-eb00-b63f-84710c7967bb|2016-12-02 12:34:40.1787|DEBUG|performance|Performance info: URI = http://localhost:65078/Orders/History; Time(ms) = 20105
80000159-0000-f100-b63f-84710c7967bb|2016-12-02 12:34:40.2918|DEBUG|performance|Performance info: URI = http://localhost:65078/; Time(ms) = 20215
800001f0-0000-eb00-b63f-84710c7967bb|2016-12-02 12:34:40.9800|DEBUG|performance|Performance info: URI = http://localhost:65078/Orders/History; Time(ms) = 20596
80000159-0000-f100-b63f-84710c7967bb|2016-12-02 12:34:40.9800|DEBUG|performance|Performance info: URI = http://localhost:65078/; Time(ms) = 20596
80000153-0001-eb00-b63f-84710c7967bb|2016-12-02 12:36:25.5811|DEBUG|performance|Performance info: URI = http://localhost:65078/Orders/History; Time(ms) = 5317
80000121-0000-fb00-b63f-84710c7967bb|2016-12-02 12:36:25.8655|DEBUG|performance|Performance info: URI = http://localhost:65078/; Time(ms) = 5317
80000153-0001-eb00-b63f-84710c7967bb|2016-12-02 12:36:26.9209|DEBUG|performance|Performance info: URI = http://localhost:65078/Orders/History; Time(ms) = 5319
80000121-0000-fb00-b63f-84710c7967bb|2016-12-02 12:36:27.0466|DEBUG|performance|Performance info: URI = http://localhost:65078/; Time(ms) = 5440
80000153-0001-eb00-b63f-84710c7967bb|2016-12-02 12:36:27.6678|DEBUG|performance|Performance info: URI = http://localhost:65078/Orders/History; Time(ms) = 5749
80000121-0000-fb00-b63f-84710c7967bb|2016-12-02 12:36:27.6678|DEBUG|performance|Performance info: URI = http://localhost:65078/; Time(ms) = 5749
800000f6-0000-e700-b63f-84710c7967bb|2016-12-02 12:37:14.4299|DEBUG|performance|Performance info: URI = http://localhost:65078/Orders/History; Time(ms) = 5372
800001f9-0000-eb00-b63f-84710c7967bb|2016-12-02 12:37:14.5825|DEBUG|performance|Performance info: URI = http://localhost:65078/; Time(ms) = 5372
800000f6-0000-e700-b63f-84710c7967bb|2016-12-02 12:37:15.6758|DEBUG|performance|Performance info: URI = http://localhost:65078/Orders/History; Time(ms) = 5374
800001f9-0000-eb00-b63f-84710c7967bb|2016-12-02 12:37:15.7903|DEBUG|performance|Performance info: URI = http://localhost:65078/; Time(ms) = 5487
800000f6-0000-e700-b63f-84710c7967bb|2016-12-02 12:37:16.4518|DEBUG|performance|Performance info: URI = http://localhost:65078/Orders/History; Time(ms) = 5799
800001f9-0000-eb00-b63f-84710c7967bb|2016-12-02 12:37:16.4518|DEBUG|performance|Performance info: URI = http://localhost:65078/; Time(ms) = 5799
800000a0-0003-fa00-b63f-84710c7967bb|2016-12-02 12:38:40.9948|DEBUG|performance|Performance info: URI = http://localhost:65078/; Time(ms) = 3532
800000a0-0003-fa00-b63f-84710c7967bb|2016-12-02 12:38:42.4578|DEBUG|performance|Performance info: URI = http://localhost:65078/; Time(ms) = 3811
800000a0-0003-fa00-b63f-84710c7967bb|2016-12-02 12:38:43.3301|DEBUG|performance|Performance info: URI = http://localhost:65078/; Time(ms) = 4157
800006d7-0000-f600-b63f-84710c7967bb|2016-12-02 12:39:41.8690|DEBUG|performance|Performance info: URI = http://localhost:65078/; Time(ms) = 3379
800006d7-0000-f600-b63f-84710c7967bb|2016-12-02 12:39:43.2260|DEBUG|performance|Performance info: URI = http://localhost:65078/; Time(ms) = 3553
800006d7-0000-f600-b63f-84710c7967bb|2016-12-02 12:39:44.1855|DEBUG|performance|Performance info: URI = http://localhost:65078/; Time(ms) = 3987
80000090-0001-f300-b63f-84710c7967bb|2016-12-02 12:41:33.4836|DEBUG|performance|Performance info: URI = http://localhost:65078/; Time(ms) = 3532
80001a40-0000-f900-b63f-84710c7967bb|2016-12-02 12:41:34.0769|DEBUG|performance|Performance info: URI = http://localhost:65078/Orders/History; Time(ms) = 3532
80001a40-0000-f900-b63f-84710c7967bb|2016-12-02 12:41:34.8282|DEBUG|performance|Performance info: URI = http://localhost:65078/Orders/History; Time(ms) = 3533
80000090-0001-f300-b63f-84710c7967bb|2016-12-02 12:41:34.9408|DEBUG|performance|Performance info: URI = http://localhost:65078/; Time(ms) = 3641
80000090-0001-f300-b63f-84710c7967bb|2016-12-02 12:41:35.5262|DEBUG|performance|Performance info: URI = http://localhost:65078/; Time(ms) = 3924
80001a40-0000-f900-b63f-84710c7967bb|2016-12-02 12:41:35.5262|DEBUG|performance|Performance info: URI = http://localhost:65078/Orders/History; Time(ms) = 3924
8000008f-0003-f500-b63f-84710c7967bb|2016-12-02 12:42:53.5910|DEBUG|performance|Performance info: URI = http://localhost:65078/; Time(ms) = 2936
80000045-0001-ea00-b63f-84710c7967bb|2016-12-02 12:45:38.8429|DEBUG|performance|Performance info: URI = http://localhost:65078/; Time(ms) = 3298
80000045-0001-ea00-b63f-84710c7967bb|2016-12-02 12:45:40.1239|DEBUG|performance|Performance info: URI = http://localhost:65078/; Time(ms) = 3423
80000045-0001-ea00-b63f-84710c7967bb|2016-12-02 12:45:40.9119|DEBUG|performance|Performance info: URI = http://localhost:65078/; Time(ms) = 3704
8000001d-0000-e300-b63f-84710c7967bb|2016-12-02 12:49:38.2963|DEBUG|performance|Performance info: URI = http://localhost:65078/; Time(ms) = 3186
8000001d-0000-e300-b63f-84710c7967bb|2016-12-02 12:49:39.3931|DEBUG|performance|Performance info: URI = http://localhost:65078/; Time(ms) = 3301
8000001d-0000-e300-b63f-84710c7967bb|2016-12-02 12:49:40.1894|DEBUG|performance|Performance info: URI = http://localhost:65078/; Time(ms) = 3578
8000001f-0000-e300-b63f-84710c7967bb|2016-12-02 12:49:46.2508|DEBUG|performance|Performance info: URI = http://localhost:65078/Orders/History; Time(ms) = 5028
8000001f-0000-e300-b63f-84710c7967bb|2016-12-02 12:49:46.4971|DEBUG|performance|Performance info: URI = http://localhost:65078/Orders/History; Time(ms) = 5029
8000001f-0000-e300-b63f-84710c7967bb|2016-12-02 12:49:46.5221|DEBUG|performance|Performance info: URI = http://localhost:65078/Orders/History; Time(ms) = 5029
80000021-0000-e300-b63f-84710c7967bb|2016-12-02 12:49:56.8918|DEBUG|performance|Performance info: URI = http://localhost:65078/orders/history?Page=83; Time(ms) = 6345
80000021-0000-e300-b63f-84710c7967bb|2016-12-02 12:49:56.8918|DEBUG|performance|Performance info: URI = http://localhost:65078/orders/history?Page=83; Time(ms) = 6345
80000021-0000-e300-b63f-84710c7967bb|2016-12-02 12:49:56.9018|DEBUG|performance|Performance info: URI = http://localhost:65078/orders/history?Page=83; Time(ms) = 6345
80000023-0000-e300-b63f-84710c7967bb|2016-12-02 12:50:07.5389|DEBUG|performance|Performance info: URI = http://localhost:65078/orders/history?PageSize=100; Time(ms) = 7675
80000023-0000-e300-b63f-84710c7967bb|2016-12-02 12:50:07.5419|DEBUG|performance|Performance info: URI = http://localhost:65078/orders/history?PageSize=100; Time(ms) = 7675
80000023-0000-e300-b63f-84710c7967bb|2016-12-02 12:50:07.5640|DEBUG|performance|Performance info: URI = http://localhost:65078/orders/history?PageSize=100; Time(ms) = 7675
80000025-0000-e300-b63f-84710c7967bb|2016-12-02 12:50:13.1370|DEBUG|performance|Performance info: URI = http://localhost:65078/orders/history?PageSize=100&Page=8; Time(ms) = 8989
80000025-0000-e300-b63f-84710c7967bb|2016-12-02 12:50:13.1370|DEBUG|performance|Performance info: URI = http://localhost:65078/orders/history?PageSize=100&Page=8; Time(ms) = 8989
80000025-0000-e300-b63f-84710c7967bb|2016-12-02 12:50:13.1741|DEBUG|performance|Performance info: URI = http://localhost:65078/orders/history?PageSize=100&Page=8; Time(ms) = 8989
80000027-0000-e300-b63f-84710c7967bb|2016-12-02 12:50:17.3459|DEBUG|performance|Performance info: URI = http://localhost:65078/orders/history?PageSize=100&Page=9; Time(ms) = 10317
80000027-0000-e300-b63f-84710c7967bb|2016-12-02 12:50:17.3459|DEBUG|performance|Performance info: URI = http://localhost:65078/orders/history?PageSize=100&Page=9; Time(ms) = 10317
80000027-0000-e300-b63f-84710c7967bb|2016-12-02 12:50:17.3569|DEBUG|performance|Performance info: URI = http://localhost:65078/orders/history?PageSize=100&Page=9; Time(ms) = 10317
80000029-0000-e300-b63f-84710c7967bb|2016-12-02 12:50:32.2485|DEBUG|performance|Performance info: URI = http://localhost:65078/orders/history?PageSize=100&DateFrom=2014-02-02&DateTo=; Time(ms) = 11624
80000029-0000-e300-b63f-84710c7967bb|2016-12-02 12:50:32.2485|DEBUG|performance|Performance info: URI = http://localhost:65078/orders/history?PageSize=100&DateFrom=2014-02-02&DateTo=; Time(ms) = 11624
80000029-0000-e300-b63f-84710c7967bb|2016-12-02 12:50:32.2686|DEBUG|performance|Performance info: URI = http://localhost:65078/orders/history?PageSize=100&DateFrom=2014-02-02&DateTo=; Time(ms) = 11624
80000cf0-0000-f400-b63f-84710c7967bb|2016-12-02 12:59:32.1409|DEBUG|performance|Performance info: URI = http://localhost:65078/; Time(ms) = 3025
80000cf0-0000-f400-b63f-84710c7967bb|2016-12-02 12:59:32.4494|DEBUG|performance|Performance info: URI = http://localhost:65078/; Time(ms) = 3159
80000cf0-0000-f400-b63f-84710c7967bb|2016-12-02 12:59:33.0894|DEBUG|performance|Performance info: URI = http://localhost:65078/; Time(ms) = 3430
80000cf2-0000-f400-b63f-84710c7967bb|2016-12-02 12:59:37.7181|DEBUG|performance|Performance info: URI = http://localhost:65078/games/AddToBasket?gameId=057ee9e4-a229-4cd7-ab63-874b226ab6ed&unitsInStock=20&_=1480676373767; Time(ms) = 3430
80000cf3-0000-f400-b63f-84710c7967bb|2016-12-02 12:59:41.9891|DEBUG|performance|Performance info: URI = http://localhost:65078/orders/AddToBasket; Time(ms) = 5889
80000cf4-0000-f400-b63f-84710c7967bb|2016-12-02 12:59:45.4668|DEBUG|performance|Performance info: URI = http://localhost:65078/basket; Time(ms) = 8270
80000cf4-0000-f400-b63f-84710c7967bb|2016-12-02 12:59:45.4988|DEBUG|performance|Performance info: URI = http://localhost:65078/basket; Time(ms) = 8270
80000cf6-0000-f400-b63f-84710c7967bb|2016-12-02 12:59:47.3558|DEBUG|performance|Performance info: URI = http://localhost:65078/games; Time(ms) = 8477
80000cf6-0000-f400-b63f-84710c7967bb|2016-12-02 12:59:47.4054|DEBUG|performance|Performance info: URI = http://localhost:65078/games; Time(ms) = 8524
80000cf6-0000-f400-b63f-84710c7967bb|2016-12-02 12:59:47.4054|DEBUG|performance|Performance info: URI = http://localhost:65078/games; Time(ms) = 8525
80000cf8-0000-f400-b63f-84710c7967bb|2016-12-02 12:59:48.9135|DEBUG|performance|Performance info: URI = http://localhost:65078/games/AddToBasket?gameId=8530f8b4-a467-4593-af38-3af0a353b524&unitsInStock=29&_=1480676387513; Time(ms) = 8525
80000e00-0001-f800-b63f-84710c7967bb|2016-12-02 13:01:53.5502|DEBUG|performance|Performance info: URI = http://localhost:65078/; Time(ms) = 3122
80000e00-0001-f800-b63f-84710c7967bb|2016-12-02 13:01:54.5877|DEBUG|performance|Performance info: URI = http://localhost:65078/; Time(ms) = 3232
80000e00-0001-f800-b63f-84710c7967bb|2016-12-02 13:01:55.3440|DEBUG|performance|Performance info: URI = http://localhost:65078/; Time(ms) = 3505
80000e02-0001-f800-b63f-84710c7967bb|2016-12-02 13:01:58.5470|DEBUG|performance|Performance info: URI = http://localhost:65078/games/AddToBasket?gameId=364d8872-4c35-41b5-a4a8-2e7a41b686fd&unitsInStock=20&_=1480676515950; Time(ms) = 3506
80000e03-0001-f800-b63f-84710c7967bb|2016-12-02 13:02:02.7363|DEBUG|performance|Performance info: URI = http://localhost:65078/orders/AddToBasket; Time(ms) = 6054
80000e04-0001-f800-b63f-84710c7967bb|2016-12-02 13:02:06.4278|DEBUG|performance|Performance info: URI = http://localhost:65078/basket; Time(ms) = 8457
80000e04-0001-f800-b63f-84710c7967bb|2016-12-02 13:02:06.4580|DEBUG|performance|Performance info: URI = http://localhost:65078/basket; Time(ms) = 8457
80000e06-0001-f800-b63f-84710c7967bb|2016-12-02 13:02:08.5990|DEBUG|performance|Performance info: URI = http://localhost:65078/games; Time(ms) = 8668
80000e06-0001-f800-b63f-84710c7967bb|2016-12-02 13:02:08.6540|DEBUG|performance|Performance info: URI = http://localhost:65078/games; Time(ms) = 8721
80000e06-0001-f800-b63f-84710c7967bb|2016-12-02 13:02:08.6690|DEBUG|performance|Performance info: URI = http://localhost:65078/games; Time(ms) = 8721
80000e08-0001-f800-b63f-84710c7967bb|2016-12-02 13:02:10.3540|DEBUG|performance|Performance info: URI = http://localhost:65078/games/AddToBasket?gameId=d123cfa6-a85d-435d-903a-8325ebe9c1cb&unitsInStock=29&_=1480676528755; Time(ms) = 8721
80000019-0001-e200-b63f-84710c7967bb|2016-12-02 14:59:05.5717|DEBUG|performance|Performance info: URI = http://localhost:65078/; Time(ms) = 5572
800004b3-0001-e900-b63f-84710c7967bb|2016-12-02 15:00:31.1110|DEBUG|performance|Performance info: URI = http://localhost:65078/; Time(ms) = 3654
800000eb-0003-fa00-b63f-84710c7967bb|2016-12-02 15:02:21.7887|DEBUG|performance|Performance info: URI = http://localhost:65078/; Time(ms) = 3263
800000eb-0003-fa00-b63f-84710c7967bb|2016-12-02 15:02:22.9417|DEBUG|performance|Performance info: URI = http://localhost:65078/; Time(ms) = 3375
800000eb-0003-fa00-b63f-84710c7967bb|2016-12-02 15:02:23.7328|DEBUG|performance|Performance info: URI = http://localhost:65078/; Time(ms) = 3653
8000002e-0001-e200-b63f-84710c7967bb|2016-12-02 15:02:32.4974|DEBUG|performance|Performance info: URI = http://localhost:65078/games?Name=&MinPrice=&MaxPrice=&DateOfAdding=week&FilterBy=PriceAsc; Time(ms) = 3857
8000002e-0001-e200-b63f-84710c7967bb|2016-12-02 15:02:32.5426|DEBUG|performance|Performance info: URI = http://localhost:65078/games?Name=&MinPrice=&MaxPrice=&DateOfAdding=week&FilterBy=PriceAsc; Time(ms) = 3899
8000002e-0001-e200-b63f-84710c7967bb|2016-12-02 15:02:32.5556|DEBUG|performance|Performance info: URI = http://localhost:65078/games?Name=&MinPrice=&MaxPrice=&DateOfAdding=week&FilterBy=PriceAsc; Time(ms) = 3899
80000030-0001-e200-b63f-84710c7967bb|2016-12-02 15:02:46.8356|DEBUG|performance|Performance info: URI = http://localhost:65078/Orders/History; Time(ms) = 5317
80000030-0001-e200-b63f-84710c7967bb|2016-12-02 15:02:49.9009|DEBUG|performance|Performance info: URI = http://localhost:65078/Orders/History; Time(ms) = 5317
80000030-0001-e200-b63f-84710c7967bb|2016-12-02 15:02:49.9239|DEBUG|performance|Performance info: URI = http://localhost:65078/Orders/History; Time(ms) = 5318
80000032-0001-e200-b63f-84710c7967bb|2016-12-02 15:02:53.4052|DEBUG|performance|Performance info: URI = http://localhost:65078/games; Time(ms) = 5519
80000032-0001-e200-b63f-84710c7967bb|2016-12-02 15:02:53.4553|DEBUG|performance|Performance info: URI = http://localhost:65078/games; Time(ms) = 5566
80000032-0001-e200-b63f-84710c7967bb|2016-12-02 15:02:53.4553|DEBUG|performance|Performance info: URI = http://localhost:65078/games; Time(ms) = 5566
80000034-0001-e200-b63f-84710c7967bb|2016-12-02 15:02:55.9635|DEBUG|performance|Performance info: URI = http://localhost:65078/game/Sims3_16in1/Details; Time(ms) = 5869
80000034-0001-e200-b63f-84710c7967bb|2016-12-02 15:02:56.2437|DEBUG|performance|Performance info: URI = http://localhost:65078/game/Sims3_16in1/Details; Time(ms) = 5869
80000036-0001-e200-b63f-84710c7967bb|2016-12-02 15:02:59.8340|DEBUG|performance|Performance info: URI = http://localhost:65078/game/Sims3_16in1/Comments; Time(ms) = 5895
80000036-0001-e200-b63f-84710c7967bb|2016-12-02 15:02:59.8531|DEBUG|performance|Performance info: URI = http://localhost:65078/game/Sims3_16in1/Comments; Time(ms) = 5895
800000ef-0003-fa00-b63f-84710c7967bb|2016-12-02 15:03:01.4568|DEBUG|performance|Performance info: URI = http://localhost:65078/games; Time(ms) = 6101
800000ef-0003-fa00-b63f-84710c7967bb|2016-12-02 15:03:01.5037|DEBUG|performance|Performance info: URI = http://localhost:65078/games; Time(ms) = 6145
800000ef-0003-fa00-b63f-84710c7967bb|2016-12-02 15:03:01.5037|DEBUG|performance|Performance info: URI = http://localhost:65078/games; Time(ms) = 6145
800000f1-0003-fa00-b63f-84710c7967bb|2016-12-02 15:03:07.1107|DEBUG|performance|Performance info: URI = http://localhost:65078/publisher/Details?companyName=GamesCorporation; Time(ms) = 6179
800000f1-0003-fa00-b63f-84710c7967bb|2016-12-02 15:03:10.1638|DEBUG|performance|Performance info: URI = http://localhost:65078/publisher/Details?companyName=GamesCorporation; Time(ms) = 6179
800000f3-0003-fa00-b63f-84710c7967bb|2016-12-02 15:03:11.4390|DEBUG|performance|Performance info: URI = http://localhost:65078/publisher/Index; Time(ms) = 6191
800000f3-0003-fa00-b63f-84710c7967bb|2016-12-02 15:03:11.4560|DEBUG|performance|Performance info: URI = http://localhost:65078/publisher/Index; Time(ms) = 6191
800000f5-0003-fa00-b63f-84710c7967bb|2016-12-02 15:03:14.2706|DEBUG|performance|Performance info: URI = http://localhost:65078/games; Time(ms) = 6398
800000f5-0003-fa00-b63f-84710c7967bb|2016-12-02 15:03:14.3332|DEBUG|performance|Performance info: URI = http://localhost:65078/games; Time(ms) = 6453
800000f5-0003-fa00-b63f-84710c7967bb|2016-12-02 15:03:14.3452|DEBUG|performance|Performance info: URI = http://localhost:65078/games; Time(ms) = 6453
80000011-0003-e900-b63f-84710c7967bb|2016-12-02 15:55:43.8228|DEBUG|performance|Performance info: URI = http://localhost:65078/; Time(ms) = 6351
80000011-0003-e900-b63f-84710c7967bb|2016-12-02 15:55:44.9583|DEBUG|performance|Performance info: URI = http://localhost:65078/; Time(ms) = 6470
80000011-0003-e900-b63f-84710c7967bb|2016-12-02 15:55:45.7175|DEBUG|performance|Performance info: URI = http://localhost:65078/; Time(ms) = 6747
80000013-0003-e900-b63f-84710c7967bb|2016-12-02 15:55:52.2318|DEBUG|performance|Performance info: URI = http://localhost:65078/games/AddToBasket?gameId=cc89af85-fc6d-4ba9-b7ad-afea31cc85c0&unitsInStock=20&_=1480686946329; Time(ms) = 6748
80000015-0003-e900-b63f-84710c7967bb|2016-12-02 15:55:56.3673|DEBUG|performance|Performance info: URI = http://localhost:65078/orders/AddToBasket; Time(ms) = 9251
80000016-0003-e900-b63f-84710c7967bb|2016-12-02 15:56:02.8679|DEBUG|performance|Performance info: URI = http://localhost:65078/basket; Time(ms) = 11667
80000016-0003-e900-b63f-84710c7967bb|2016-12-02 15:56:02.8999|DEBUG|performance|Performance info: URI = http://localhost:65078/basket; Time(ms) = 11668
80000018-0003-e900-b63f-84710c7967bb|2016-12-02 15:56:05.0852|DEBUG|performance|Performance info: URI = http://localhost:65078/games; Time(ms) = 11867
80000018-0003-e900-b63f-84710c7967bb|2016-12-02 15:56:05.1327|DEBUG|performance|Performance info: URI = http://localhost:65078/games; Time(ms) = 11913
80000018-0003-e900-b63f-84710c7967bb|2016-12-02 15:56:05.1327|DEBUG|performance|Performance info: URI = http://localhost:65078/games; Time(ms) = 11913
8000001a-0003-e900-b63f-84710c7967bb|2016-12-02 15:56:09.5133|DEBUG|performance|Performance info: URI = http://localhost:65078/basket; Time(ms) = 14242
8000001a-0003-e900-b63f-84710c7967bb|2016-12-02 15:56:09.5233|DEBUG|performance|Performance info: URI = http://localhost:65078/basket; Time(ms) = 14242
8000001c-0003-e900-b63f-84710c7967bb|2016-12-02 15:56:11.3033|DEBUG|performance|Performance info: URI = http://localhost:65078/games; Time(ms) = 14467
8000001c-0003-e900-b63f-84710c7967bb|2016-12-02 15:56:11.3524|DEBUG|performance|Performance info: URI = http://localhost:65078/games; Time(ms) = 14512
8000001c-0003-e900-b63f-84710c7967bb|2016-12-02 15:56:11.3644|DEBUG|performance|Performance info: URI = http://localhost:65078/games; Time(ms) = 14512
8000001e-0003-e900-b63f-84710c7967bb|2016-12-02 15:56:13.0111|DEBUG|performance|Performance info: URI = http://localhost:65078/games/AddToBasket?gameId=cc89af85-fc6d-4ba9-b7ad-afea31cc85c0&unitsInStock=20&_=1480686971448; Time(ms) = 14512
800009a5-0003-fb00-b63f-84710c7967bb|2016-12-02 16:10:07.1552|DEBUG|performance|Performance info: URI = http://localhost:65078/; Time(ms) = 3227
800009a5-0003-fb00-b63f-84710c7967bb|2016-12-02 16:10:08.2739|DEBUG|performance|Performance info: URI = http://localhost:65078/; Time(ms) = 3346
800009a5-0003-fb00-b63f-84710c7967bb|2016-12-02 16:10:09.0527|DEBUG|performance|Performance info: URI = http://localhost:65078/; Time(ms) = 3619
800009a7-0003-fb00-b63f-84710c7967bb|2016-12-02 16:10:22.3949|DEBUG|performance|Performance info: URI = http://localhost:65078/order; Time(ms) = 8476
800009a7-0003-fb00-b63f-84710c7967bb|2016-12-02 16:10:25.5435|DEBUG|performance|Performance info: URI = http://localhost:65078/order; Time(ms) = 8476
80000216-0000-eb00-b63f-84710c7967bb|2016-12-02 16:13:52.8962|DEBUG|performance|Performance info: URI = http://localhost:65078/; Time(ms) = 3363
80000216-0000-eb00-b63f-84710c7967bb|2016-12-02 16:13:54.0684|DEBUG|performance|Performance info: URI = http://localhost:65078/; Time(ms) = 3474
80000216-0000-eb00-b63f-84710c7967bb|2016-12-02 16:13:54.8319|DEBUG|performance|Performance info: URI = http://localhost:65078/; Time(ms) = 3750
800002b8-0000-f300-b63f-84710c7967bb|2016-12-02 16:15:18.8333|DEBUG|performance|Performance info: URI = http://localhost:65078/; Time(ms) = 3592
800002b8-0000-f300-b63f-84710c7967bb|2016-12-02 16:15:19.9259|DEBUG|performance|Performance info: URI = http://localhost:65078/; Time(ms) = 3721
800002b8-0000-f300-b63f-84710c7967bb|2016-12-02 16:15:20.7088|DEBUG|performance|Performance info: URI = http://localhost:65078/; Time(ms) = 4016
800007e8-0002-e700-b63f-84710c7967bb|2016-12-02 16:16:38.9877|DEBUG|performance|Performance info: URI = http://localhost:65078/; Time(ms) = 3233
800007e8-0002-e700-b63f-84710c7967bb|2016-12-02 16:16:40.0843|DEBUG|performance|Performance info: URI = http://localhost:65078/; Time(ms) = 3345
800007e8-0002-e700-b63f-84710c7967bb|2016-12-02 16:16:40.8224|DEBUG|performance|Performance info: URI = http://localhost:65078/; Time(ms) = 3609
800002c3-0000-f300-b63f-84710c7967bb|2016-12-02 16:18:34.2971|DEBUG|performance|Performance info: URI = http://localhost:65078/; Time(ms) = 3700
800002c3-0000-f300-b63f-84710c7967bb|2016-12-02 16:18:35.4366|DEBUG|performance|Performance info: URI = http://localhost:65078/; Time(ms) = 3812
800002c3-0000-f300-b63f-84710c7967bb|2016-12-02 16:18:36.2527|DEBUG|performance|Performance info: URI = http://localhost:65078/; Time(ms) = 4092
800002c5-0000-f300-b63f-84710c7967bb|2016-12-02 16:18:43.9581|DEBUG|performance|Performance info: URI = http://localhost:65078/order; Time(ms) = 8985
800002c5-0000-f300-b63f-84710c7967bb|2016-12-02 16:18:44.2078|DEBUG|performance|Performance info: URI = http://localhost:65078/order; Time(ms) = 8985
800002c7-0000-f300-b63f-84710c7967bb|2016-12-02 16:18:52.0245|DEBUG|performance|Performance info: URI = http://localhost:65078/basket; Time(ms) = 11309
800002c7-0000-f300-b63f-84710c7967bb|2016-12-02 16:18:52.0376|DEBUG|performance|Performance info: URI = http://localhost:65078/basket; Time(ms) = 11309
800002c9-0000-f300-b63f-84710c7967bb|2016-12-02 16:18:57.9165|DEBUG|performance|Performance info: URI = http://localhost:65078/games; Time(ms) = 11508
800002c9-0000-f300-b63f-84710c7967bb|2016-12-02 16:18:57.9665|DEBUG|performance|Performance info: URI = http://localhost:65078/games; Time(ms) = 11555
800002c9-0000-f300-b63f-84710c7967bb|2016-12-02 16:18:57.9665|DEBUG|performance|Performance info: URI = http://localhost:65078/games; Time(ms) = 11555
800002cb-0000-f300-b63f-84710c7967bb|2016-12-02 16:19:02.2366|DEBUG|performance|Performance info: URI = http://localhost:65078/basket; Time(ms) = 13934
800002cb-0000-f300-b63f-84710c7967bb|2016-12-02 16:19:02.2366|DEBUG|performance|Performance info: URI = http://localhost:65078/basket; Time(ms) = 13934
800002cd-0000-f300-b63f-84710c7967bb|2016-12-02 16:19:03.4285|DEBUG|performance|Performance info: URI = http://localhost:65078/games; Time(ms) = 14137
800002cd-0000-f300-b63f-84710c7967bb|2016-12-02 16:19:03.4877|DEBUG|performance|Performance info: URI = http://localhost:65078/games; Time(ms) = 14192
800002cd-0000-f300-b63f-84710c7967bb|2016-12-02 16:19:03.4977|DEBUG|performance|Performance info: URI = http://localhost:65078/games; Time(ms) = 14193
800002cf-0000-f300-b63f-84710c7967bb|2016-12-02 16:19:05.9626|DEBUG|performance|Performance info: URI = http://localhost:65078/games/AddToBasket?gameId=2f80984b-2de3-431d-b11a-588bc8c2ac2a&unitsInStock=20&_=1480688343603; Time(ms) = 14193
80001cca-0001-f500-b63f-84710c7967bb|2016-12-02 16:20:06.2784|DEBUG|performance|Performance info: URI = http://localhost:65078/; Time(ms) = 3172
80001cca-0001-f500-b63f-84710c7967bb|2016-12-02 16:20:06.5386|DEBUG|performance|Performance info: URI = http://localhost:65078/; Time(ms) = 3291
80001cca-0001-f500-b63f-84710c7967bb|2016-12-02 16:20:07.1737|DEBUG|performance|Performance info: URI = http://localhost:65078/; Time(ms) = 3560
80001ccc-0001-f500-b63f-84710c7967bb|2016-12-02 16:20:11.6158|DEBUG|performance|Performance info: URI = http://localhost:65078/games/AddToBasket?gameId=de12dd70-4e7d-423d-a799-421b0d385491&unitsInStock=20&_=1480688407836; Time(ms) = 3561
800010e1-0001-f300-b63f-84710c7967bb|2016-12-02 16:30:35.8293|DEBUG|performance|Performance info: URI = http://localhost:65078/; Time(ms) = 3716
800010e1-0001-f300-b63f-84710c7967bb|2016-12-02 16:30:36.9011|DEBUG|performance|Performance info: URI = http://localhost:65078/; Time(ms) = 3833
800010e1-0001-f300-b63f-84710c7967bb|2016-12-02 16:30:37.6527|DEBUG|performance|Performance info: URI = http://localhost:65078/; Time(ms) = 4097
800010e3-0001-f300-b63f-84710c7967bb|2016-12-02 16:30:42.5083|DEBUG|performance|Performance info: URI = http://localhost:65078/games/AddToBasket?gameId=be2ea87d-ed5b-49bc-81f2-b02dc367a06d&unitsInStock=29&_=1480689038264; Time(ms) = 4098
80000918-0002-ed00-b63f-84710c7967bb|2016-12-02 16:31:42.7429|DEBUG|performance|Performance info: URI = http://localhost:65078/; Time(ms) = 3167
80000918-0002-ed00-b63f-84710c7967bb|2016-12-02 16:31:43.0162|DEBUG|performance|Performance info: URI = http://localhost:65078/; Time(ms) = 3281
80000918-0002-ed00-b63f-84710c7967bb|2016-12-02 16:31:43.6286|DEBUG|performance|Performance info: URI = http://localhost:65078/; Time(ms) = 3547
8000091a-0002-ed00-b63f-84710c7967bb|2016-12-02 16:31:50.1799|DEBUG|performance|Performance info: URI = http://localhost:65078/games/AddToBasket?gameId=09b2f9dc-1532-413d-a116-3e10f6e5d381&unitsInStock=29&_=1480689104324; Time(ms) = 3548
80000037-0002-e200-b63f-84710c7967bb|2016-12-02 16:32:49.4033|DEBUG|performance|Performance info: URI = http://localhost:65078/; Time(ms) = 3140
80000037-0002-e200-b63f-84710c7967bb|2016-12-02 16:32:49.6825|DEBUG|performance|Performance info: URI = http://localhost:65078/; Time(ms) = 3268
80000037-0002-e200-b63f-84710c7967bb|2016-12-02 16:32:50.3118|DEBUG|performance|Performance info: URI = http://localhost:65078/; Time(ms) = 3527
80000039-0002-e200-b63f-84710c7967bb|2016-12-02 16:32:52.9545|DEBUG|performance|Performance info: URI = http://localhost:65078/games/AddToBasket?gameId=34528d73-7411-45cb-9ac8-412a33e5b13b&unitsInStock=0&_=1480689171001; Time(ms) = 3528
80000bed-0000-f800-b63f-84710c7967bb|2016-12-02 16:34:10.4539|DEBUG|performance|Performance info: URI = http://localhost:65078/; Time(ms) = 2958
80000bed-0000-f800-b63f-84710c7967bb|2016-12-02 16:34:10.7257|DEBUG|performance|Performance info: URI = http://localhost:65078/; Time(ms) = 3075
80000bed-0000-f800-b63f-84710c7967bb|2016-12-02 16:34:11.3673|DEBUG|performance|Performance info: URI = http://localhost:65078/; Time(ms) = 3350
80000bef-0000-f800-b63f-84710c7967bb|2016-12-02 16:34:14.9362|DEBUG|performance|Performance info: URI = http://localhost:65078/games/AddToBasket?gameId=b307ecf8-bcb8-44e2-9a46-cd7eb3e1efcf&unitsInStock=35&_=1480689252099; Time(ms) = 3351
8000125c-0001-ee00-b63f-84710c7967bb|2016-12-02 16:35:45.2481|DEBUG|performance|Performance info: URI = http://localhost:65078/; Time(ms) = 3643
8000125c-0001-ee00-b63f-84710c7967bb|2016-12-02 16:35:46.4759|DEBUG|performance|Performance info: URI = http://localhost:65078/; Time(ms) = 3760
8000125c-0001-ee00-b63f-84710c7967bb|2016-12-02 16:35:47.2636|DEBUG|performance|Performance info: URI = http://localhost:65078/; Time(ms) = 4053
8000125e-0001-ee00-b63f-84710c7967bb|2016-12-02 16:35:49.8630|DEBUG|performance|Performance info: URI = http://localhost:65078/games/AddToBasket?gameId=76d04141-73ff-4cc4-baf0-a2ccdb9c2c8f&unitsInStock=29&_=1480689347959; Time(ms) = 4054
80000140-0001-e200-b63f-84710c7967bb|2016-12-02 16:37:30.9954|DEBUG|performance|Performance info: URI = http://localhost:65078/; Time(ms) = 3029
80000140-0001-e200-b63f-84710c7967bb|2016-12-02 16:37:31.2726|DEBUG|performance|Performance info: URI = http://localhost:65078/; Time(ms) = 3144
80000140-0001-e200-b63f-84710c7967bb|2016-12-02 16:37:31.9405|DEBUG|performance|Performance info: URI = http://localhost:65078/; Time(ms) = 3430
80000142-0001-e200-b63f-84710c7967bb|2016-12-02 16:37:36.7479|DEBUG|performance|Performance info: URI = http://localhost:65078/games/AddToBasket?gameId=9a83f014-c185-4ca1-83f4-2eb00c6500d3&unitsInStock=29&_=1480689452613; Time(ms) = 3431
8000074a-0000-f600-b63f-84710c7967bb|2016-12-02 16:43:17.8874|DEBUG|performance|Performance info: URI = http://localhost:65078/; Time(ms) = 5898
8000074a-0000-f600-b63f-84710c7967bb|2016-12-02 16:43:19.1222|DEBUG|performance|Performance info: URI = http://localhost:65078/; Time(ms) = 6016
8000074a-0000-f600-b63f-84710c7967bb|2016-12-02 16:43:20.1255|DEBUG|performance|Performance info: URI = http://localhost:65078/; Time(ms) = 6318
8000074c-0000-f600-b63f-84710c7967bb|2016-12-02 16:43:25.8091|DEBUG|performance|Performance info: URI = http://localhost:65078/games/AddToBasket?gameId=5840609dd0c40ef0df844496&unitsInStock=29&_=1480689801005; Time(ms) = 6319
8000074d-0000-f600-b63f-84710c7967bb|2016-12-02 16:43:32.1119|DEBUG|performance|Performance info: URI = http://localhost:65078/; Time(ms) = 6520
8000074d-0000-f600-b63f-84710c7967bb|2016-12-02 16:43:32.1640|DEBUG|performance|Performance info: URI = http://localhost:65078/; Time(ms) = 6569
8000074d-0000-f600-b63f-84710c7967bb|2016-12-02 16:43:32.1750|DEBUG|performance|Performance info: URI = http://localhost:65078/; Time(ms) = 6570
8000074f-0000-f600-b63f-84710c7967bb|2016-12-02 16:43:33.7940|DEBUG|performance|Performance info: URI = http://localhost:65078/games/AddToBasket?gameId=5840609dd0c40ef0df844497&unitsInStock=0&_=1480689812275; Time(ms) = 6570
80000750-0000-f600-b63f-84710c7967bb|2016-12-02 16:43:42.6943|DEBUG|performance|Performance info: URI = http://localhost:65078/games/AddToBasket?gameId=Sims3_16in1&unitsInStock=20&_=1480689812276; Time(ms) = 6570
80000751-0000-f600-b63f-84710c7967bb|2016-12-02 16:44:20.7524|DEBUG|performance|Performance info: URI = http://localhost:65078/; Time(ms) = 6770
80000751-0000-f600-b63f-84710c7967bb|2016-12-02 16:44:20.7995|DEBUG|performance|Performance info: URI = http://localhost:65078/; Time(ms) = 6814
8000003c-0002-f600-b63f-84710c7967bb|2016-12-02 16:44:20.9216|DEBUG|performance|Performance info: URI = http://localhost:65078/orders/AddToBasket; Time(ms) = 6924
80000751-0000-f600-b63f-84710c7967bb|2016-12-02 16:44:21.1135|DEBUG|performance|Performance info: URI = http://localhost:65078/; Time(ms) = 6924
80000753-0000-f600-b63f-84710c7967bb|2016-12-02 16:44:22.9426|DEBUG|performance|Performance info: URI = http://localhost:65078/games/AddToBasket?gameId=5840609dd0c40ef0df844496&unitsInStock=29&_=1480689861234; Time(ms) = 6924
8000094c-0000-e900-b63f-84710c7967bb|2016-12-02 16:45:30.3834|DEBUG|performance|Performance info: URI = http://localhost:65078/; Time(ms) = 2912
8000094c-0000-e900-b63f-84710c7967bb|2016-12-02 16:45:30.6638|DEBUG|performance|Performance info: URI = http://localhost:65078/; Time(ms) = 3045
8000094c-0000-e900-b63f-84710c7967bb|2016-12-02 16:45:31.2839|DEBUG|performance|Performance info: URI = http://localhost:65078/; Time(ms) = 3313
8000094e-0000-e900-b63f-84710c7967bb|2016-12-02 16:45:34.2408|DEBUG|performance|Performance info: URI = http://localhost:65078/games/AddToBasket?gameId=5840609dd0c40ef0df844496&unitsInStock=29&_=1480689931941; Time(ms) = 3314
80001a8c-0000-f900-b63f-84710c7967bb|2016-12-02 16:46:46.6651|DEBUG|performance|Performance info: URI = http://localhost:65078/; Time(ms) = 3145
80001a8c-0000-f900-b63f-84710c7967bb|2016-12-02 16:46:47.7411|DEBUG|performance|Performance info: URI = http://localhost:65078/; Time(ms) = 3263
80001a8c-0000-f900-b63f-84710c7967bb|2016-12-02 16:46:48.5588|DEBUG|performance|Performance info: URI = http://localhost:65078/; Time(ms) = 3569
80001a8e-0000-f900-b63f-84710c7967bb|2016-12-02 16:47:05.3528|DEBUG|performance|Performance info: URI = http://localhost:65078/games/AddToBasket?gameId=5840609dd0c40ef0df844497&unitsInStock=0&_=1480690009199; Time(ms) = 3569
8000071a-0000-ef00-b63f-84710c7967bb|2016-12-02 16:48:30.1593|DEBUG|performance|Performance info: URI = http://localhost:65078/Games/AddToBasket; Time(ms) = 8
8000071b-0000-ef00-b63f-84710c7967bb|2016-12-02 16:48:38.8231|DEBUG|performance|Performance info: URI = http://localhost:65078/Games/; Time(ms) = 3340
8000071b-0000-ef00-b63f-84710c7967bb|2016-12-02 16:48:39.0577|DEBUG|performance|Performance info: URI = http://localhost:65078/Games/; Time(ms) = 3461
8000071b-0000-ef00-b63f-84710c7967bb|2016-12-02 16:48:39.7089|DEBUG|performance|Performance info: URI = http://localhost:65078/Games/; Time(ms) = 3759
8000071d-0000-ef00-b63f-84710c7967bb|2016-12-02 16:48:42.1451|DEBUG|performance|Performance info: URI = http://localhost:65078/games/AddToBasket?gameId=Sims3_16in1&unitsInStock=20&_=1480690120398; Time(ms) = 3760
8000098e-0000-ed00-b63f-84710c7967bb|2016-12-02 16:50:01.6335|DEBUG|performance|Performance info: URI = http://localhost:65078/; Time(ms) = 4037
8000098e-0000-ed00-b63f-84710c7967bb|2016-12-02 16:50:05.5964|DEBUG|performance|Performance info: URI = http://localhost:65078/; Time(ms) = 4155
8000098e-0000-ed00-b63f-84710c7967bb|2016-12-02 16:50:06.2137|DEBUG|performance|Performance info: URI = http://localhost:65078/; Time(ms) = 4442
80000990-0000-ed00-b63f-84710c7967bb|2016-12-02 16:50:09.2594|DEBUG|performance|Performance info: URI = http://localhost:65078/games/AddToBasket?gameKey=5840609dd0c40ef0df844497&unitsInStock=0&_=1480690206846; Time(ms) = 4442
80000c29-0000-f800-b63f-84710c7967bb|2016-12-02 16:51:16.7469|DEBUG|performance|Performance info: URI = http://localhost:65078/; Time(ms) = 2965
80000c29-0000-f800-b63f-84710c7967bb|2016-12-02 16:51:17.9585|DEBUG|performance|Performance info: URI = http://localhost:65078/; Time(ms) = 3082
80000c29-0000-f800-b63f-84710c7967bb|2016-12-02 16:51:18.7094|DEBUG|performance|Performance info: URI = http://localhost:65078/; Time(ms) = 3351
80000c2b-0000-f800-b63f-84710c7967bb|2016-12-02 16:51:38.1893|DEBUG|performance|Performance info: URI = http://localhost:65078/games/AddToBasket?gameKey=5840609dd0c40ef0df844498&unitsInStock=35&_=1480690279331; Time(ms) = 3352
80000c3d-0000-e500-b63f-84710c7967bb|2016-12-02 16:52:14.3958|DEBUG|performance|Performance info: URI = http://localhost:65078/; Time(ms) = 3593
80000c3d-0000-e500-b63f-84710c7967bb|2016-12-02 16:52:14.6758|DEBUG|performance|Performance info: URI = http://localhost:65078/; Time(ms) = 3719
80000c3d-0000-e500-b63f-84710c7967bb|2016-12-02 16:52:15.3347|DEBUG|performance|Performance info: URI = http://localhost:65078/; Time(ms) = 3995
80000c3f-0000-e500-b63f-84710c7967bb|2016-12-02 16:52:18.3925|DEBUG|performance|Performance info: URI = http://localhost:65078/games/AddToBasket?gameKey=5840609dd0c40ef0df844498&unitsInStock=35&_=1480690336039; Time(ms) = 3995
80000c4f-0001-e700-b63f-84710c7967bb|2016-12-02 16:56:30.5445|DEBUG|performance|Performance info: URI = http://localhost:65078/; Time(ms) = 3103
80000c4f-0001-e700-b63f-84710c7967bb|2016-12-02 16:56:31.6740|DEBUG|performance|Performance info: URI = http://localhost:65078/; Time(ms) = 3240
80000c4f-0001-e700-b63f-84710c7967bb|2016-12-02 16:56:32.4759|DEBUG|performance|Performance info: URI = http://localhost:65078/; Time(ms) = 3538
80000c51-0001-e700-b63f-84710c7967bb|2016-12-02 16:56:49.1338|DEBUG|performance|Performance info: URI = http://localhost:65078/games/AddToBasket?gameKey=5840609dd0c40ef0df844498&unitsInStock=35&_=1480690593107; Time(ms) = 3539
8000083d-0002-f900-b63f-84710c7967bb|2016-12-02 16:58:48.2470|DEBUG|performance|Performance info: URI = http://localhost:65078/; Time(ms) = 2909
8000083d-0002-f900-b63f-84710c7967bb|2016-12-02 16:58:49.5229|DEBUG|performance|Performance info: URI = http://localhost:65078/; Time(ms) = 3034
8000083d-0002-f900-b63f-84710c7967bb|2016-12-02 16:58:50.3127|DEBUG|performance|Performance info: URI = http://localhost:65078/; Time(ms) = 3323
8000083f-0002-f900-b63f-84710c7967bb|2016-12-02 16:58:53.4955|DEBUG|performance|Performance info: URI = http://localhost:65078/games/AddToBasket?gameKey=5840609dd0c40ef0df844497&unitsInStock=0&_=1480690730925; Time(ms) = 3324
8000077e-0002-e200-b63f-84710c7967bb|2016-12-02 17:01:00.5362|DEBUG|performance|Performance info: URI = http://localhost:65078/; Time(ms) = 3116
8000077e-0002-e200-b63f-84710c7967bb|2016-12-02 17:01:00.8071|DEBUG|performance|Performance info: URI = http://localhost:65078/; Time(ms) = 3237
8000077e-0002-e200-b63f-84710c7967bb|2016-12-02 17:01:01.4384|DEBUG|performance|Performance info: URI = http://localhost:65078/; Time(ms) = 3506
80000780-0002-e200-b63f-84710c7967bb|2016-12-02 17:01:05.4290|DEBUG|performance|Performance info: URI = http://localhost:65078/games/AddToBasket?gameKey=5840609dd0c40ef0df844498&unitsInStock=35&_=1480690862112; Time(ms) = 3507
