8000000e-0000-e100-b63f-84710c7967bb|2016-11-29 09:53:08.9053|INFO|GameStore.Web.Controllers.CommentsController|Request to GameController.Index. Parameters: Key = Sims3_16in1
8000002f-0000-ee00-b63f-84710c7967bb|2016-11-29 10:01:59.3270|INFO|GameStore.Web.Controllers.GamesController|Request to GamesController.Update
80000014-0001-ee00-b63f-84710c7967bb|2016-11-29 10:03:08.1364|INFO|GameStore.Web.Controllers.GamesController|Request to GamesController.Update
80000016-0001-ee00-b63f-84710c7967bb|2016-11-29 10:03:10.2616|INFO|GameStore.Web.Controllers.GamesController|Request to GamesController.Update
80000017-0000-f900-b63f-84710c7967bb|2016-11-29 10:04:37.1900|INFO|GameStore.Web.Controllers.GamesController|Request to GamesController.Update
80000021-0002-f500-b63f-84710c7967bb|2016-11-29 10:06:51.4655|INFO|GameStore.Web.Controllers.GamesController|Request to GamesController.Update
80000276-0001-fd00-b63f-84710c7967bb|2016-11-29 10:07:57.8069|INFO|GameStore.Web.Controllers.GamesController|Request to GamesController.Update
80000035-0000-e900-b63f-84710c7967bb|2016-11-29 10:09:21.5973|INFO|GameStore.Web.Controllers.GamesController|Request to GamesController.Update
8000003a-0000-e900-b63f-84710c7967bb|2016-11-29 10:09:28.6408|INFO|GameStore.Web.Controllers.GamesController|Request to GamesController.Update
80000315-0000-f800-b63f-84710c7967bb|2016-11-29 10:12:03.9310|INFO|GameStore.Web.Controllers.GamesController|Request to GamesController.Update
80000490-0000-fa00-b63f-84710c7967bb|2016-11-29 10:12:45.3702|INFO|GameStore.Web.Controllers.GamesController|Request to GamesController.Update
80000016-0000-f100-b63f-84710c7967bb|2016-11-29 10:13:57.5529|INFO|GameStore.Web.Controllers.GamesController|Request to GamesController.Update
80000027-0001-e800-b63f-84710c7967bb|2016-11-29 10:16:10.0428|INFO|GameStore.Web.Controllers.GamesController|Request to GamesController.Update
800001eb-0001-ef00-b63f-84710c7967bb|2016-11-29 10:19:33.4383|INFO|GameStore.Web.Controllers.GamesController|Request to GamesController.Update
8000023e-0003-fb00-b63f-84710c7967bb|2016-11-29 10:20:58.1893|INFO|GameStore.Web.Controllers.GamesController|Request to GamesController.Update
8000002e-0001-e900-b63f-84710c7967bb|2016-11-29 10:22:33.2620|INFO|GameStore.Web.Controllers.GamesController|Request to GamesController.Update
80000d86-0000-e200-b63f-84710c7967bb|2016-11-29 10:23:11.9303|INFO|GameStore.Web.Controllers.GamesController|Request to GamesController.Update
8000006d-0000-e900-b63f-84710c7967bb|2016-11-29 10:24:44.3014|INFO|GameStore.Web.Controllers.GamesController|Request to GamesController.Update
8000036e-0000-e600-b63f-84710c7967bb|2016-11-29 10:29:01.7341|INFO|GameStore.Web.Controllers.GamesController|Request to GamesController.Update
80000373-0000-e600-b63f-84710c7967bb|2016-11-29 10:29:12.2775|INFO|GameStore.Web.Controllers.GamesController|Request to GamesController.Update
8000002f-0000-e800-b63f-84710c7967bb|2016-11-29 10:31:20.4388|INFO|GameStore.Web.Controllers.GamesController|Request to GamesController.Update
80000247-0001-f300-b63f-84710c7967bb|2016-11-29 10:36:31.3115|INFO|GameStore.Web.Controllers.GamesController|Request to GamesController.Update
80000073-0003-fd00-b63f-84710c7967bb|2016-11-29 10:37:15.3904|INFO|GameStore.Web.Controllers.GamesController|Request to GamesController.Update
80000072-0001-eb00-b63f-84710c7967bb|2016-11-29 10:42:30.3257|INFO|GameStore.Web.Controllers.GamesController|Request to GamesController.Update
80000077-0001-eb00-b63f-84710c7967bb|2016-11-29 10:42:37.3641|INFO|GameStore.Web.Controllers.GamesController|Request to GamesController.Update
80000210-0002-f000-b63f-84710c7967bb|2016-11-29 10:44:27.8268|INFO|GameStore.Web.Controllers.GamesController|Request to GamesController.Update
80000215-0002-f000-b63f-84710c7967bb|2016-11-29 10:44:41.5465|INFO|GameStore.Web.Controllers.GamesController|Request to GamesController.Update
8000021a-0002-f000-b63f-84710c7967bb|2016-11-29 10:44:48.7717|INFO|GameStore.Web.Controllers.GamesController|Request to GamesController.Update
8000006b-0000-ea00-b63f-84710c7967bb|2016-11-29 11:06:40.6270|INFO|GameStore.Web.Controllers.GamesController|Request to GamesController.Update
80000070-0000-ea00-b63f-84710c7967bb|2016-11-29 11:06:49.4618|INFO|GameStore.Web.Controllers.GamesController|Request to GamesController.Update
8000009b-0002-f500-b63f-84710c7967bb|2016-11-29 11:12:02.8809|INFO|GameStore.Web.Controllers.GamesController|Request to GamesController.Update
800000a0-0002-f500-b63f-84710c7967bb|2016-11-29 11:12:51.3966|INFO|GameStore.Web.Controllers.GamesController|Request to GamesController.Update
800000a5-0002-f500-b63f-84710c7967bb|2016-11-29 11:12:59.2646|INFO|GameStore.Web.Controllers.GamesController|Request to GamesController.Update
800003c1-0001-ef00-b63f-84710c7967bb|2016-11-29 11:14:43.1795|INFO|GameStore.Web.Controllers.GamesController|Request to GamesController.Update
80000381-0000-f800-b63f-84710c7967bb|2016-11-29 11:16:48.6809|INFO|GameStore.Web.Controllers.GamesController|Request to GamesController.Update
80000247-0003-f800-b63f-84710c7967bb|2016-11-29 11:20:43.8796|INFO|GameStore.Web.Controllers.GamesController|Request to GamesController.Update
80000006-0003-f000-b63f-84710c7967bb|2016-11-29 11:21:57.0895|INFO|GameStore.Web.Controllers.GamesController|Request to GamesController.Update
8000007d-0003-f600-b63f-84710c7967bb|2016-11-29 11:26:51.9659|INFO|GameStore.Web.Controllers.GamesController|Request to GamesController.Update
80000409-0002-e700-b63f-84710c7967bb|2016-11-29 11:30:44.4927|INFO|GameStore.Web.Controllers.GamesController|Request to GamesController.Update
80000554-0000-ec00-b63f-84710c7967bb|2016-11-29 11:36:29.3576|INFO|GameStore.Web.Controllers.GamesController|Request to GamesController.Update
80000559-0000-ec00-b63f-84710c7967bb|2016-11-29 11:36:48.6419|INFO|GameStore.Web.Controllers.GamesController|Request to GamesController.Update
8000075a-0000-f600-b63f-84710c7967bb|2016-11-29 11:40:17.7755|INFO|GameStore.Web.Controllers.GamesController|Request to GamesController.Update
8000075f-0000-f600-b63f-84710c7967bb|2016-11-29 11:40:52.1687|INFO|GameStore.Web.Controllers.GamesController|Request to GamesController.Update
8000033a-0001-fb00-b63f-84710c7967bb|2016-11-29 11:43:38.1176|INFO|GameStore.Web.Controllers.GamesController|Request to GamesController.Update
80000a30-0003-fb00-b63f-84710c7967bb|2016-11-29 11:45:37.7683|INFO|GameStore.Web.Controllers.GamesController|Request to GamesController.Update
80000034-0003-f000-b63f-84710c7967bb|2016-11-29 11:46:37.7905|INFO|GameStore.Web.Controllers.GamesController|Request to GamesController.Update
8000010d-0003-f900-b63f-84710c7967bb|2016-11-29 11:47:29.7036|INFO|GameStore.Web.Controllers.GamesController|Request to GamesController.Update
8000024b-0003-fd00-b63f-84710c7967bb|2016-11-29 11:56:20.2749|INFO|GameStore.Web.Controllers.GamesController|Request to GamesController.Update
8000070d-0000-e600-b63f-84710c7967bb|2016-11-29 11:57:41.8899|INFO|GameStore.Web.Controllers.GamesController|Request to GamesController.Update
8000045f-0001-ef00-b63f-84710c7967bb|2016-11-29 11:59:17.2218|INFO|GameStore.Web.Controllers.GamesController|Request to GamesController.Update
80000216-0001-eb00-b63f-84710c7967bb|2016-11-29 12:00:13.2099|INFO|GameStore.Web.Controllers.GamesController|Request to GamesController.Update
8000021b-0001-eb00-b63f-84710c7967bb|2016-11-29 12:00:25.5647|INFO|GameStore.Web.Controllers.GamesController|Request to GamesController.Update
800002ba-0002-f200-b63f-84710c7967bb|2016-11-29 12:03:49.8370|INFO|GameStore.Web.Controllers.GamesController|Request to GamesController.Update
8000058e-0000-ec00-b63f-84710c7967bb|2016-11-29 12:07:32.0327|INFO|GameStore.Web.Controllers.GamesController|Request to GamesController.Update
80000418-0000-ef00-b63f-84710c7967bb|2016-11-29 12:22:56.6309|INFO|GameStore.Web.Controllers.GamesController|Request to GamesController.Update
8000041f-0000-ef00-b63f-84710c7967bb|2016-11-29 12:23:19.3460|INFO|GameStore.Web.Controllers.GamesController|Request to GamesController.Update
80000311-0002-f200-b63f-84710c7967bb|2016-11-29 12:25:30.4697|INFO|GameStore.Web.Controllers.GamesController|Request to GamesController.Update
80000316-0002-f200-b63f-84710c7967bb|2016-11-29 12:25:34.4048|INFO|GameStore.Web.Controllers.GamesController|Request to GamesController.Update
8000031b-0002-f200-b63f-84710c7967bb|2016-11-29 12:25:39.4419|INFO|GameStore.Web.Controllers.GamesController|Request to GamesController.Update
80000893-0000-e800-b63f-84710c7967bb|2016-11-29 12:36:38.0470|INFO|GameStore.Web.Controllers.GamesController|Request to GamesController.Update
80000157-0003-fa00-b63f-84710c7967bb|2016-11-29 12:38:14.5035|INFO|GameStore.Web.Controllers.GamesController|Request to GamesController.Update
80000d33-0000-fd00-b63f-84710c7967bb|2016-11-29 12:40:15.1077|INFO|GameStore.Web.Controllers.GamesController|Request to GamesController.Update
80000d38-0000-fd00-b63f-84710c7967bb|2016-11-29 12:40:22.3399|INFO|GameStore.Web.Controllers.GamesController|Request to GamesController.Update
80000bc2-0001-f200-b63f-84710c7967bb|2016-11-29 12:42:41.3218|INFO|GameStore.Web.Controllers.GamesController|Request to GamesController.Update
80000bc7-0001-f200-b63f-84710c7967bb|2016-11-29 12:43:04.8990|INFO|GameStore.Web.Controllers.GamesController|Request to GamesController.Update
800005f6-0003-f400-b63f-84710c7967bb|2016-11-29 12:44:31.5917|INFO|GameStore.Web.Controllers.GamesController|Request to GamesController.Update
800005fb-0003-f400-b63f-84710c7967bb|2016-11-29 12:44:39.7395|INFO|GameStore.Web.Controllers.GamesController|Request to GamesController.Update
80000800-0001-e800-b63f-84710c7967bb|2016-11-29 12:49:15.0611|INFO|GameStore.Web.Controllers.GamesController|Request to GamesController.Update
80000805-0001-e800-b63f-84710c7967bb|2016-11-29 12:49:22.6178|INFO|GameStore.Web.Controllers.GamesController|Request to GamesController.Update
80000837-0003-f300-b63f-84710c7967bb|2016-11-29 12:56:07.5642|INFO|GameStore.Web.Controllers.GamesController|Request to GamesController.Update
8000083c-0003-f300-b63f-84710c7967bb|2016-11-29 12:57:54.3537|INFO|GameStore.Web.Controllers.GamesController|Request to GamesController.Update
800005da-0000-e300-b63f-84710c7967bb|2016-11-29 12:59:28.6671|INFO|GameStore.Web.Controllers.GamesController|Request to GamesController.Update
800009e3-0000-ef00-b63f-84710c7967bb|2016-11-29 13:05:33.7135|INFO|GameStore.Web.Controllers.GamesController|Request to GamesController.Update
800009e6-0000-ef00-b63f-84710c7967bb|2016-11-29 13:05:38.5568|INFO|GameStore.Web.Controllers.CommentsController|Request to GameController.Index. Parameters: Key = Sims3_16in1
8000015a-0002-f500-b63f-84710c7967bb|2016-11-29 13:19:00.3656|INFO|GameStore.Web.Controllers.GamesController|Request to GamesController.Update
80000e75-0001-fe00-b63f-84710c7967bb|2016-11-29 13:20:59.3638|INFO|GameStore.Web.Controllers.GamesController|Request to GamesController.Update
800005ea-0000-e300-b63f-84710c7967bb|2016-11-29 13:23:30.8574|INFO|GameStore.Web.Controllers.GamesController|Request to GamesController.Update
800006b5-0003-f500-b63f-84710c7967bb|2016-11-29 13:31:56.9462|INFO|GameStore.Web.Controllers.GamesController|Request to GamesController.Update
80000fb2-0000-fd00-b63f-84710c7967bb|2016-11-29 13:32:57.4402|INFO|GameStore.Web.Controllers.GamesController|Request to GamesController.Update
80000fb7-0000-fd00-b63f-84710c7967bb|2016-11-29 13:34:21.7892|INFO|GameStore.Web.Controllers.GamesController|Request to GamesController.Update
800003d1-0000-f200-b63f-84710c7967bb|2016-11-29 13:38:18.7098|INFO|GameStore.Web.Controllers.GamesController|Request to GamesController.Update
800010ed-0002-ea00-b63f-84710c7967bb|2016-11-29 13:39:07.3503|INFO|GameStore.Web.Controllers.GamesController|Request to GamesController.Update
800006d5-0003-f500-b63f-84710c7967bb|2016-11-29 13:39:55.1880|INFO|GameStore.Web.Controllers.GamesController|Request to GamesController.Update
800006da-0003-f500-b63f-84710c7967bb|2016-11-29 13:40:02.1562|INFO|GameStore.Web.Controllers.GamesController|Request to GamesController.Update
800006df-0003-f500-b63f-84710c7967bb|2016-11-29 13:40:18.4583|INFO|GameStore.Web.Controllers.GamesController|Request to GamesController.Update
80000025-0000-eb00-b63f-84710c7967bb|2016-11-29 14:56:14.7102|INFO|GameStore.Web.Controllers.GamesController|Request to GamesController.Update
8000002a-0000-eb00-b63f-84710c7967bb|2016-11-29 14:56:21.5075|INFO|GameStore.Web.Controllers.GamesController|Request to GamesController.Update
80000f89-0001-f200-b63f-84710c7967bb|2016-11-29 15:00:26.0543|INFO|GameStore.Web.Controllers.GamesController|Request to GamesController.Update
80000f8e-0001-f200-b63f-84710c7967bb|2016-11-29 15:01:34.9505|INFO|GameStore.Web.Controllers.GamesController|Request to GamesController.Update
800005ed-0003-f700-b63f-84710c7967bb|2016-11-29 15:04:33.2692|INFO|GameStore.Web.Controllers.GamesController|Request to GamesController.Update
800005f2-0003-f700-b63f-84710c7967bb|2016-11-29 15:05:29.1326|INFO|GameStore.Web.Controllers.GamesController|Request to GamesController.Update
8000021e-0000-ea00-b63f-84710c7967bb|2016-11-29 15:08:55.7994|INFO|GameStore.Web.Controllers.GamesController|Request to GamesController.Update
80000223-0000-ea00-b63f-84710c7967bb|2016-11-29 15:09:02.4357|INFO|GameStore.Web.Controllers.GamesController|Request to GamesController.Update
80000586-0003-fd00-b63f-84710c7967bb|2016-11-29 15:14:57.6649|INFO|GameStore.Web.Controllers.GamesController|Request to GamesController.Update
80000237-0000-ea00-b63f-84710c7967bb|2016-11-29 15:17:40.0782|INFO|GameStore.Web.Controllers.GamesController|Request to GamesController.Update
8000023a-0000-ea00-b63f-84710c7967bb|2016-11-29 15:26:00.2295|INFO|GameStore.Web.Controllers.CommentsController|Request to GameController.Index. Parameters: Key = Sims3_16in1
80000b10-0001-f000-b63f-84710c7967bb|2016-11-29 15:36:20.1664|INFO|GameStore.Web.Controllers.GamesController|Request to GamesController.Update
800000b9-0003-f200-b63f-84710c7967bb|2016-11-29 15:40:12.7590|INFO|GameStore.Web.Controllers.GamesController|Request to GamesController.Update
800000be-0003-f200-b63f-84710c7967bb|2016-11-29 15:41:29.6540|INFO|GameStore.Web.Controllers.GamesController|Request to GamesController.Update
800000c1-0003-f200-b63f-84710c7967bb|2016-11-29 15:42:34.2538|INFO|GameStore.Web.Controllers.CommentsController|Request to GameController.Index. Parameters: Key = Sims3_16in1
800000c5-0003-f200-b63f-84710c7967bb|2016-11-29 15:44:18.9546|INFO|GameStore.Web.Controllers.GamesController|Request to GamesController.Update
80000ff5-0001-f200-b63f-84710c7967bb|2016-11-29 15:47:25.8252|INFO|GameStore.Web.Controllers.GamesController|Request to GamesController.Update
80000ffa-0001-f200-b63f-84710c7967bb|2016-11-29 15:48:51.3521|INFO|GameStore.Web.Controllers.GamesController|Request to GamesController.Update
8000113a-0000-e900-b63f-84710c7967bb|2016-11-29 15:50:05.3307|INFO|GameStore.Web.Controllers.GamesController|Request to GamesController.Update
8000113f-0000-e900-b63f-84710c7967bb|2016-11-29 15:50:32.5728|INFO|GameStore.Web.Controllers.GamesController|Request to GamesController.Update
80001144-0000-e900-b63f-84710c7967bb|2016-11-29 15:50:38.0521|INFO|GameStore.Web.Controllers.GamesController|Request to GamesController.Update
8000100f-0000-f600-b63f-84710c7967bb|2016-11-29 15:55:40.7034|INFO|GameStore.Web.Controllers.GamesController|Request to GamesController.Update
80001014-0000-f600-b63f-84710c7967bb|2016-11-29 15:56:02.9164|INFO|GameStore.Web.Controllers.GamesController|Request to GamesController.Update
80001be5-0001-e700-b63f-84710c7967bb|2016-11-29 16:02:19.5715|INFO|GameStore.Web.Controllers.GamesController|Request to GamesController.Update
80001bea-0001-e700-b63f-84710c7967bb|2016-11-29 16:02:34.5552|INFO|GameStore.Web.Controllers.GamesController|Request to GamesController.Update
80001803-0001-eb00-b63f-84710c7967bb|2016-11-29 16:07:19.1503|INFO|GameStore.Web.Controllers.GamesController|Request to GamesController.Update
80001808-0001-eb00-b63f-84710c7967bb|2016-11-29 16:07:40.0228|INFO|GameStore.Web.Controllers.GamesController|Request to GamesController.Update
8000180d-0001-eb00-b63f-84710c7967bb|2016-11-29 16:07:56.4951|INFO|GameStore.Web.Controllers.GamesController|Request to GamesController.Update
80000e44-0003-ef00-b63f-84710c7967bb|2016-11-29 16:19:52.3851|INFO|GameStore.Web.Controllers.GamesController|Request to GamesController.Update
80000dd4-0001-f800-b63f-84710c7967bb|2016-11-29 16:26:24.8663|INFO|GameStore.Web.Controllers.GamesController|Request to GamesController.Update
80000dd6-0001-f800-b63f-84710c7967bb|2016-11-29 16:26:28.7492|INFO|GameStore.Web.Controllers.GamesController|Request to GamesController.Update
8000084d-0001-e800-b63f-84710c7967bb|2016-11-29 16:51:54.2103|INFO|GameStore.Web.Controllers.GamesController|Request to GamesController.Update
8000208c-0000-ec00-b63f-84710c7967bb|2016-11-29 16:54:51.2410|INFO|GameStore.Web.Controllers.GamesController|Request to GamesController.Update
8000127d-0000-ef00-b63f-84710c7967bb|2016-11-29 16:56:11.6967|INFO|GameStore.Web.Controllers.GamesController|Request to GamesController.Update
80000695-0000-e300-b63f-84710c7967bb|2016-11-29 16:57:44.7533|INFO|GameStore.Web.Controllers.GamesController|Request to GamesController.Update
80000358-0002-e600-b63f-84710c7967bb|2016-11-29 16:59:52.6771|INFO|GameStore.Web.Controllers.GamesController|Request to GamesController.Update
8000035d-0002-e600-b63f-84710c7967bb|2016-11-29 16:59:58.9813|INFO|GameStore.Web.Controllers.GamesController|Request to GamesController.Update
80002a1f-0001-fe00-b63f-84710c7967bb|2016-11-29 17:01:09.9111|INFO|GameStore.Web.Controllers.GamesController|Request to GamesController.Update
80000476-0002-f500-b63f-84710c7967bb|2016-11-29 17:04:00.4405|INFO|GameStore.Web.Controllers.GamesController|Request to GamesController.Update
800007a8-0001-ed00-b63f-84710c7967bb|2016-11-29 17:06:38.2299|INFO|GameStore.Web.Controllers.GamesController|Request to GamesController.Update
80000b77-0002-f300-b63f-84710c7967bb|2016-11-29 17:08:59.5681|INFO|GameStore.Web.Controllers.GamesController|Request to GamesController.Update
8000285d-0001-e900-b63f-84710c7967bb|2016-11-29 17:09:37.8744|INFO|GameStore.Web.Controllers.GamesController|Request to GamesController.Update
800022f1-0000-ec00-b63f-84710c7967bb|2016-11-29 17:11:47.2165|INFO|GameStore.Web.Controllers.GamesController|Request to GamesController.Update
800022f6-0000-ec00-b63f-84710c7967bb|2016-11-29 17:11:59.4102|INFO|GameStore.Web.Controllers.GamesController|Request to GamesController.Update
80002936-0000-f300-b63f-84710c7967bb|2016-11-29 17:14:19.1398|INFO|GameStore.Web.Controllers.GamesController|Request to GamesController.Update
800004ed-0001-ea00-b63f-84710c7967bb|2016-11-29 17:16:29.6864|INFO|GameStore.Web.Controllers.GamesController|Request to GamesController.Update
800011f5-0000-f800-b63f-84710c7967bb|2016-11-29 17:21:42.6450|INFO|GameStore.Web.Controllers.GamesController|Request to GamesController.Update
80000e91-0001-ec00-b63f-84710c7967bb|2016-11-29 17:56:00.4621|INFO|GameStore.Web.Controllers.GamesController|Request to GamesController.Update
8000294f-0000-f300-b63f-84710c7967bb|2016-11-29 17:56:54.7037|INFO|GameStore.Web.Controllers.GamesController|Request to GamesController.Update
80000d9f-0001-fc00-b63f-84710c7967bb|2016-11-29 18:06:17.7714|INFO|GameStore.Web.Controllers.GamesController|Request to GamesController.Update
80002356-0000-ec00-b63f-84710c7967bb|2016-11-29 18:08:48.6578|INFO|GameStore.Web.Controllers.GamesController|Request to GamesController.Update
8000235b-0000-ec00-b63f-84710c7967bb|2016-11-29 18:08:53.7996|INFO|GameStore.Web.Controllers.GamesController|Request to GamesController.Update
80002360-0000-ec00-b63f-84710c7967bb|2016-11-29 18:09:05.7212|INFO|GameStore.Web.Controllers.GamesController|Request to GamesController.Update
80001c4f-0001-e700-b63f-84710c7967bb|2016-11-29 18:13:12.2686|INFO|GameStore.Web.Controllers.GamesController|Request to GamesController.Update
80001c54-0001-e700-b63f-84710c7967bb|2016-11-29 18:13:32.3682|INFO|GameStore.Web.Controllers.GamesController|Request to GamesController.Update
8000004e-0003-ec00-b63f-84710c7967bb|2016-11-29 18:14:20.5312|INFO|GameStore.Web.Controllers.GamesController|Request to GamesController.Update
80000053-0003-ec00-b63f-84710c7967bb|2016-11-29 18:14:30.8449|INFO|GameStore.Web.Controllers.GamesController|Request to GamesController.Update
80000058-0003-ec00-b63f-84710c7967bb|2016-11-29 18:14:46.8646|INFO|GameStore.Web.Controllers.GamesController|Request to GamesController.Update
80000d0a-0002-e700-b63f-84710c7967bb|2016-11-29 18:16:48.6797|INFO|GameStore.Web.Controllers.GamesController|Request to GamesController.Update
80000d0f-0002-e700-b63f-84710c7967bb|2016-11-29 18:17:07.7737|INFO|GameStore.Web.Controllers.GamesController|Request to GamesController.Update
80000d14-0002-e700-b63f-84710c7967bb|2016-11-29 18:17:44.9029|INFO|GameStore.Web.Controllers.GamesController|Request to GamesController.Update
80001646-0000-fd00-b63f-84710c7967bb|2016-11-29 18:18:48.9107|INFO|GameStore.Web.Controllers.GamesController|Request to GamesController.Update
8000164b-0000-fd00-b63f-84710c7967bb|2016-11-29 18:19:05.7501|INFO|GameStore.Web.Controllers.GamesController|Request to GamesController.Update
80000c1e-0001-fd00-b63f-84710c7967bb|2016-11-29 18:24:21.7652|INFO|GameStore.Web.Controllers.GamesController|Request to GamesController.Update
80000c23-0001-fd00-b63f-84710c7967bb|2016-11-29 18:24:40.9753|INFO|GameStore.Web.Controllers.GamesController|Request to GamesController.Update
800003dd-0003-f100-b63f-84710c7967bb|2016-11-29 18:27:05.1996|INFO|GameStore.Web.Controllers.GamesController|Request to GamesController.Update
800003e6-0003-f100-b63f-84710c7967bb|2016-11-29 18:29:18.2198|INFO|GameStore.Web.Controllers.GamesController|Request to GamesController.Update
80001f51-0000-ef00-b63f-84710c7967bb|2016-11-29 18:30:44.3481|INFO|GameStore.Web.Controllers.GamesController|Request to GamesController.Update
80001f56-0000-ef00-b63f-84710c7967bb|2016-11-29 18:31:02.4195|INFO|GameStore.Web.Controllers.GamesController|Request to GamesController.Update
8000044c-0000-f900-b63f-84710c7967bb|2016-11-29 18:32:24.6113|INFO|GameStore.Web.Controllers.CommentsController|Request to CommentsController.GetGameComments. Parameters: gameKey = Gta6_ThirdEdition
80000e10-0000-ea00-b63f-84710c7967bb|2016-11-29 18:32:34.2184|INFO|GameStore.Web.Controllers.GamesController|Request to GamesController.Update
80000e15-0000-ea00-b63f-84710c7967bb|2016-11-29 18:32:44.1437|INFO|GameStore.Web.Controllers.GamesController|Request to GamesController.Update
800010dd-0001-fc00-b63f-84710c7967bb|2016-11-29 18:39:21.4116|INFO|GameStore.Web.Controllers.GamesController|Request to GamesController.Update
80000728-0003-ee00-b63f-84710c7967bb|2016-11-29 18:57:13.1470|INFO|GameStore.Web.Controllers.GamesController|Request to GamesController.Update
8000072d-0003-ee00-b63f-84710c7967bb|2016-11-29 18:57:18.1868|INFO|GameStore.Web.Controllers.GamesController|Request to GamesController.Update
80000032-0001-e500-b63f-84710c7967bb|2016-11-29 19:02:37.9337|INFO|GameStore.Web.Controllers.GamesController|Request to GamesController.Update
80000038-0001-e500-b63f-84710c7967bb|2016-11-29 19:03:04.4919|INFO|GameStore.Web.Controllers.GamesController|Request to GamesController.Update
8000003a-0001-e500-b63f-84710c7967bb|2016-11-29 19:03:17.4752|INFO|GameStore.Web.Controllers.GamesController|Request to GamesController.Update
8000003f-0001-e500-b63f-84710c7967bb|2016-11-29 19:03:35.8980|INFO|GameStore.Web.Controllers.GamesController|Request to GamesController.Update
80000044-0001-e500-b63f-84710c7967bb|2016-11-29 19:03:41.7139|INFO|GameStore.Web.Controllers.GamesController|Request to GamesController.Update
80000049-0001-e500-b63f-84710c7967bb|2016-11-29 19:03:48.9238|INFO|GameStore.Web.Controllers.GamesController|Request to GamesController.Update
8000004e-0001-e500-b63f-84710c7967bb|2016-11-29 19:03:57.5684|INFO|GameStore.Web.Controllers.GamesController|Request to GamesController.Update
8000004f-0001-e500-b63f-84710c7967bb|2016-11-29 19:04:00.8244|INFO|GameStore.Web.Controllers.GamesController|Request to GamesController.Update
80000051-0001-e500-b63f-84710c7967bb|2016-11-29 19:04:03.9085|INFO|GameStore.Web.Controllers.GamesController|Request to GamesController.Update
80002f50-0000-e600-b63f-84710c7967bb|2016-11-29 19:07:18.5657|INFO|GameStore.Web.Controllers.GamesController|Request to GamesController.Update
80000a93-0002-f200-b63f-84710c7967bb|2016-11-29 20:23:23.4887|INFO|GameStore.Web.Controllers.CommentsController|Request to GameController.Index. Parameters: Key = 5835a55b71c151964df0b663
80000a97-0002-f200-b63f-84710c7967bb|2016-11-29 20:23:31.6650|INFO|GameStore.Web.Controllers.CommentsController|Request to GameController.Index. Parameters: Key = 5835a55b71c151964df0b663
80000a99-0002-f200-b63f-84710c7967bb|2016-11-29 20:23:33.1321|INFO|GameStore.Web.Controllers.CommentsController|Game 5835a55b71c151964df0b663 was successfully downloaded
80000a9a-0002-f200-b63f-84710c7967bb|2016-11-29 20:23:36.7758|INFO|GameStore.Web.Controllers.CommentsController|Request to CommentsController.GetGameComments. Parameters: gameKey = 5835a55b71c151964df0b663
80000a9f-0002-f200-b63f-84710c7967bb|2016-11-29 20:23:41.4309|INFO|GameStore.Web.Controllers.CommentsController|Request to GameController.Index. Parameters: Key = 5835a55b71c151964df0b664
80000aa1-0002-f200-b63f-84710c7967bb|2016-11-29 20:23:43.4128|INFO|GameStore.Web.Controllers.CommentsController|Game 5835a55b71c151964df0b664 was successfully downloaded
800025a7-0000-fd00-b63f-84710c7967bb|2016-11-29 20:24:53.4598|INFO|GameStore.Web.Controllers.GamesController|Request to GamesController.Update
