8000000c-0000-fb00-b63f-84710c7967bb|2016-11-08 13:21:04.1207|INFO|GameStore.Web.Controllers.GamesController|Request to GamesController.Get
8000000c-0000-fb00-b63f-84710c7967bb|2016-11-08 13:21:10.6873|DEBUG|GameStore.BLL.Services.GameService|Getting all games. Returned 2 games.
8000000c-0000-fb00-b63f-84710c7967bb|2016-11-08 13:21:10.7333|ERROR|GameStore.Web.Controllers.GamesController|The attempt to load the gameService from GamesController failed :    at lambda_method(Closure , Object , Object , ResolutionContext )
   at GameStore.Web.Controllers.GamesController.Index() in C:\Users\Kateryna_Kovalenko\Downloads\GitGame\Game\GameStore\GameStore.Web\Controllers\GamesController.cs:line 31
80000018-0001-f700-b63f-84710c7967bb|2016-11-08 13:23:00.2000|INFO|GameStore.Web.Controllers.GamesController|Request to GamesController.Get
80000018-0001-f700-b63f-84710c7967bb|2016-11-08 13:23:02.9840|DEBUG|GameStore.BLL.Services.GameService|Getting all games. Returned 2 games.
80000018-0001-f700-b63f-84710c7967bb|2016-11-08 13:23:03.0361|ERROR|GameStore.Web.Controllers.GamesController|The attempt to load the gameService from GamesController failed :    at lambda_method(Closure , Object , Object , ResolutionContext )
   at GameStore.Web.Controllers.GamesController.Index() in C:\Users\Kateryna_Kovalenko\Downloads\GitGame\Game\GameStore\GameStore.Web\Controllers\GamesController.cs:line 31
8000002a-0003-fd00-b63f-84710c7967bb|2016-11-08 13:27:24.2819|INFO|GameStore.Web.Controllers.GamesController|Request to GamesController.Get
8000002a-0003-fd00-b63f-84710c7967bb|2016-11-08 13:27:26.5886|DEBUG|GameStore.BLL.Services.GameService|Getting all games. Returned 2 games.
8000002a-0003-fd00-b63f-84710c7967bb|2016-11-08 13:27:26.6331|ERROR|GameStore.Web.Controllers.GamesController|The attempt to load the gameService from GamesController failed :    at lambda_method(Closure , Object , Object , ResolutionContext )
   at GameStore.Web.Controllers.GamesController.Index() in C:\Users\Kateryna_Kovalenko\Downloads\GitGame\Game\GameStore\GameStore.Web\Controllers\GamesController.cs:line 31
80000023-0001-f200-b63f-84710c7967bb|2016-11-08 13:30:59.2519|INFO|GameStore.Web.Controllers.GamesController|Request to GamesController.Get
80000023-0001-f200-b63f-84710c7967bb|2016-11-08 13:31:01.9799|DEBUG|GameStore.BLL.Services.GameService|Getting all games. Returned 2 games.
80000023-0001-f200-b63f-84710c7967bb|2016-11-08 13:31:02.0259|ERROR|GameStore.Web.Controllers.GamesController|The attempt to load the gameService from GamesController failed :    at lambda_method(Closure , Object , Object , ResolutionContext )
   at GameStore.Web.Controllers.GamesController.Index() in C:\Users\Kateryna_Kovalenko\Downloads\GitGame\Game\GameStore\GameStore.Web\Controllers\GamesController.cs:line 31
80000048-0002-f600-b63f-84710c7967bb|2016-11-08 13:37:02.6785|INFO|GameStore.Web.Controllers.GamesController|Request to GamesController.Get
80000048-0002-f600-b63f-84710c7967bb|2016-11-08 13:37:07.2454|DEBUG|GameStore.BLL.Services.GameService|Getting all games. Returned 2 games.
80000048-0002-f600-b63f-84710c7967bb|2016-11-08 13:37:07.2899|ERROR|GameStore.Web.Controllers.GamesController|The attempt to load the gameService from GamesController failed :    at lambda_method(Closure , Object , Object , ResolutionContext )
   at GameStore.Web.Controllers.GamesController.Index() in C:\Users\Kateryna_Kovalenko\Downloads\GitGame\Game\GameStore\GameStore.Web\Controllers\GamesController.cs:line 31
80000008-0003-ee00-b63f-84710c7967bb|2016-11-08 13:37:59.1732|INFO|GameStore.Web.Controllers.GamesController|Request to GamesController.Get
80000008-0003-ee00-b63f-84710c7967bb|2016-11-08 13:38:01.8978|DEBUG|GameStore.BLL.Services.GameService|Getting all games. Returned 2 games.
80000008-0003-ee00-b63f-84710c7967bb|2016-11-08 13:38:01.9443|ERROR|GameStore.Web.Controllers.GamesController|The attempt to load the gameService from GamesController failed :    at lambda_method(Closure , Object , Object , ResolutionContext )
   at GameStore.Web.Controllers.GamesController.Index() in C:\Users\Kateryna_Kovalenko\Downloads\GitGame\Game\GameStore\GameStore.Web\Controllers\GamesController.cs:line 31
8000002d-0001-fc00-b63f-84710c7967bb|2016-11-08 13:43:45.3979|INFO|GameStore.Web.Controllers.GamesController|Request to GamesController.Get
8000002d-0001-fc00-b63f-84710c7967bb|2016-11-08 13:43:47.8750|DEBUG|GameStore.BLL.Services.GameService|Getting all games. Returned 2 games.
8000002d-0001-fc00-b63f-84710c7967bb|2016-11-08 13:43:47.9218|ERROR|GameStore.Web.Controllers.GamesController|The attempt to load the gameService from GamesController failed :    at lambda_method(Closure , Object , Object , ResolutionContext )
   at GameStore.Web.Controllers.GamesController.Index() in C:\Users\Kateryna_Kovalenko\Downloads\GitGame\Game\GameStore\GameStore.Web\Controllers\GamesController.cs:line 31
80000027-0003-fc00-b63f-84710c7967bb|2016-11-08 13:45:04.9890|INFO|GameStore.Web.Controllers.GamesController|Request to GamesController.Get
80000070-0000-fb00-b63f-84710c7967bb|2016-11-08 13:46:40.0878|INFO|GameStore.Web.Controllers.GamesController|Request to GamesController.Get
80000070-0000-fb00-b63f-84710c7967bb|2016-11-08 13:46:42.5252|DEBUG|GameStore.BLL.Services.GameService|Getting all games. Returned 2 games.
80000070-0000-fb00-b63f-84710c7967bb|2016-11-08 13:46:42.5702|ERROR|GameStore.Web.Controllers.GamesController|The attempt to load the gameService from GamesController failed :    at lambda_method(Closure , Object , Object , ResolutionContext )
   at GameStore.Web.Controllers.GamesController.Index() in C:\Users\Kateryna_Kovalenko\Downloads\GitGame\Game\GameStore\GameStore.Web\Controllers\GamesController.cs:line 31
800001cb-0003-ec00-b63f-84710c7967bb|2016-11-08 13:47:53.8312|INFO|GameStore.Web.Controllers.GamesController|Request to GamesController.Get
800001cb-0003-ec00-b63f-84710c7967bb|2016-11-08 13:47:56.2945|DEBUG|GameStore.BLL.Services.GameService|Getting all games. Returned 2 games.
800001cb-0003-ec00-b63f-84710c7967bb|2016-11-08 13:47:56.3616|ERROR|GameStore.Web.Controllers.GamesController|The attempt to load the gameService from GamesController failed :    at lambda_method(Closure , Object , Object , ResolutionContext )
   at GameStore.Web.Controllers.GamesController.Index() in C:\Users\Kateryna_Kovalenko\Downloads\GitGame\Game\GameStore\GameStore.Web\Controllers\GamesController.cs:line 31
80000058-0001-f100-b63f-84710c7967bb|2016-11-08 13:54:34.3055|INFO|GameStore.Web.Controllers.GamesController|Request to GamesController.Get
80000096-0000-f100-b63f-84710c7967bb|2016-11-08 13:55:09.1927|INFO|GameStore.Web.Controllers.GamesController|Request to GamesController.Get
80000096-0000-f100-b63f-84710c7967bb|2016-11-08 13:55:11.9504|DEBUG|GameStore.BLL.Services.GameService|Getting all games. Returned 2 games.
80000096-0000-f100-b63f-84710c7967bb|2016-11-08 13:55:12.0224|ERROR|GameStore.Web.Controllers.GamesController|The attempt to load the gameService from GamesController failed :    at lambda_method(Closure , Object , Object , ResolutionContext )
   at GameStore.Web.Controllers.GamesController.Index() in C:\Users\Kateryna_Kovalenko\Downloads\GitGame\Game\GameStore\GameStore.Web\Controllers\GamesController.cs:line 31
80000028-0000-e600-b63f-84710c7967bb|2016-11-08 13:57:03.6304|INFO|GameStore.Web.Controllers.GamesController|Request to GamesController.Get
80000028-0000-e600-b63f-84710c7967bb|2016-11-08 13:57:05.8882|DEBUG|GameStore.BLL.Services.GameService|Getting all games. Returned 2 games.
80000028-0000-e600-b63f-84710c7967bb|2016-11-08 13:57:05.9552|ERROR|GameStore.Web.Controllers.GamesController|The attempt to load the gameService from GamesController failed :    at lambda_method(Closure , Object , Object , ResolutionContext )
   at GameStore.Web.Controllers.GamesController.Index() in C:\Users\Kateryna_Kovalenko\Downloads\GitGame\Game\GameStore\GameStore.Web\Controllers\GamesController.cs:line 31
8000007a-0000-e900-b63f-84710c7967bb|2016-11-08 17:50:25.1020|INFO|GameStore.Web.Controllers.GamesController|Request to GamesController.Get
80000013-0000-e500-b63f-84710c7967bb|2016-11-08 17:50:29.4208|DEBUG|GameStore.BLL.Services.GameService|Getting all Publishers. Returned 0  Publishers.
80000013-0000-e500-b63f-84710c7967bb|2016-11-08 17:50:29.5265|DEBUG|GameStore.BLL.Services.GameService|Getting all Genres. Returned 16  Genres.
80000013-0000-e500-b63f-84710c7967bb|2016-11-08 17:50:29.5465|DEBUG|GameStore.BLL.Services.GameService|Getting all PlatformTypes. Returned 4  PlatformTypes.
8000007a-0000-e900-b63f-84710c7967bb|2016-11-08 17:50:29.6511|DEBUG|GameStore.BLL.Services.GameService|Getting all Games. Returned 2  Games.
8000007a-0000-e900-b63f-84710c7967bb|2016-11-08 17:50:29.7081|ERROR|GameStore.Web.Controllers.GamesController|The attempt to load the gameService from GamesController failed :    at lambda_method(Closure , Object , Object , ResolutionContext )
   at GameStore.Web.Controllers.GamesController.Index() in C:\Users\Kateryna_Kovalenko\Downloads\GitGame\Game\GameStore\GameStore.Web\Controllers\GamesController.cs:line 31
