80000002-0000-ee00-b63f-84710c7967bb|2016-11-23 09:27:19.2326|DEBUG|GameStore.BLL.Services.GameStoreService|Getting all Genres. Returned 16  Genres.
80000004-0000-ef00-b63f-84710c7967bb|2016-11-23 09:32:57.4375|DEBUG|GameStore.BLL.Services.GameStoreService|Getting all Genres. Returned 16  Genres.
80000012-0003-ec00-b63f-84710c7967bb|2016-11-23 09:35:09.6910|DEBUG|GameStore.BLL.Services.GameStoreService|Getting all Genres. Returned 16  Genres.
80000012-0003-ec00-b63f-84710c7967bb|2016-11-23 09:35:09.7160|DEBUG|GameStore.BLL.Services.GameStoreService|Getting all PlatformTypes. Returned 4  PlatformTypes.
80000012-0003-ec00-b63f-84710c7967bb|2016-11-23 09:35:09.7370|DEBUG|GameStore.BLL.Services.GameStoreService|Getting all Publishers. Returned 1  Publishers.
80000014-0003-ec00-b63f-84710c7967bb|2016-11-23 09:36:10.6216|DEBUG|GameStore.BLL.Services.GameStoreService|Getting all Genres. Returned 16  Genres.
80000014-0003-ec00-b63f-84710c7967bb|2016-11-23 09:36:10.6371|DEBUG|GameStore.BLL.Services.GameStoreService|Getting all PlatformTypes. Returned 4  PlatformTypes.
80000014-0003-ec00-b63f-84710c7967bb|2016-11-23 09:36:10.6371|DEBUG|GameStore.BLL.Services.GameStoreService|Getting all Publishers. Returned 1  Publishers.
800001fd-0001-ec00-b63f-84710c7967bb|2016-11-23 09:36:35.1682|DEBUG|GameStore.BLL.Services.GameStoreService|Getting all Genres. Returned 16  Genres.
800001fd-0001-ec00-b63f-84710c7967bb|2016-11-23 09:36:35.1957|DEBUG|GameStore.BLL.Services.GameStoreService|Getting all PlatformTypes. Returned 4  PlatformTypes.
800001fd-0001-ec00-b63f-84710c7967bb|2016-11-23 09:36:35.2137|DEBUG|GameStore.BLL.Services.GameStoreService|Getting all Publishers. Returned 1  Publishers.
800001fd-0001-ec00-b63f-84710c7967bb|2016-11-23 09:36:39.4397|DEBUG|GameStore.BLL.Services.GameStoreService|Getting all Games. Returned 2  Games.
80000206-0001-ec00-b63f-84710c7967bb|2016-11-23 09:36:57.6897|DEBUG|GameStore.BLL.Services.GameStoreService|Getting all Genres. Returned 16  Genres.
80000206-0001-ec00-b63f-84710c7967bb|2016-11-23 09:36:57.6987|DEBUG|GameStore.BLL.Services.GameStoreService|Getting all PlatformTypes. Returned 4  PlatformTypes.
80000206-0001-ec00-b63f-84710c7967bb|2016-11-23 09:36:57.6987|DEBUG|GameStore.BLL.Services.GameStoreService|Getting all Publishers. Returned 1  Publishers.
80000208-0001-ec00-b63f-84710c7967bb|2016-11-23 09:36:59.0123|DEBUG|GameStore.BLL.Services.GameStoreService|Getting all Genres. Returned 16  Genres.
80000208-0001-ec00-b63f-84710c7967bb|2016-11-23 09:36:59.0123|DEBUG|GameStore.BLL.Services.GameStoreService|Getting all PlatformTypes. Returned 4  PlatformTypes.
80000208-0001-ec00-b63f-84710c7967bb|2016-11-23 09:36:59.0253|DEBUG|GameStore.BLL.Services.GameStoreService|Getting all Publishers. Returned 1  Publishers.
8000020a-0001-ec00-b63f-84710c7967bb|2016-11-23 09:36:59.8072|DEBUG|GameStore.BLL.Services.GameStoreService|Getting all Genres. Returned 16  Genres.
8000020a-0001-ec00-b63f-84710c7967bb|2016-11-23 09:36:59.8072|DEBUG|GameStore.BLL.Services.GameStoreService|Getting all PlatformTypes. Returned 4  PlatformTypes.
8000020a-0001-ec00-b63f-84710c7967bb|2016-11-23 09:36:59.8262|DEBUG|GameStore.BLL.Services.GameStoreService|Getting all Publishers. Returned 1  Publishers.
8000020c-0001-ec00-b63f-84710c7967bb|2016-11-23 09:37:00.6494|DEBUG|GameStore.BLL.Services.GameStoreService|Getting all Genres. Returned 16  Genres.
8000020c-0001-ec00-b63f-84710c7967bb|2016-11-23 09:37:00.6594|DEBUG|GameStore.BLL.Services.GameStoreService|Getting all PlatformTypes. Returned 4  PlatformTypes.
8000020c-0001-ec00-b63f-84710c7967bb|2016-11-23 09:37:00.6594|DEBUG|GameStore.BLL.Services.GameStoreService|Getting all Publishers. Returned 1  Publishers.
80000007-0003-e800-b63f-84710c7967bb|2016-11-23 09:38:47.3506|DEBUG|GameStore.BLL.Services.GameStoreService|Getting all Genres. Returned 16  Genres.
80000007-0003-e800-b63f-84710c7967bb|2016-11-23 09:38:47.3736|DEBUG|GameStore.BLL.Services.GameStoreService|Getting all PlatformTypes. Returned 4  PlatformTypes.
80000007-0003-e800-b63f-84710c7967bb|2016-11-23 09:38:47.3912|DEBUG|GameStore.BLL.Services.GameStoreService|Getting all Publishers. Returned 1  Publishers.
80000007-0003-e800-b63f-84710c7967bb|2016-11-23 09:38:47.8826|DEBUG|GameStore.BLL.Services.GameStoreService|Getting all Games. Returned 2  Games.
8000020d-0002-f300-b63f-84710c7967bb|2016-11-23 09:42:53.5102|DEBUG|GameStore.BLL.Services.GameStoreService|Getting all Genres. Returned 16  Genres.
8000020d-0002-f300-b63f-84710c7967bb|2016-11-23 09:42:53.5371|DEBUG|GameStore.BLL.Services.GameStoreService|Getting all PlatformTypes. Returned 4  PlatformTypes.
8000020d-0002-f300-b63f-84710c7967bb|2016-11-23 09:42:53.5559|DEBUG|GameStore.BLL.Services.GameStoreService|Getting all Publishers. Returned 1  Publishers.
8000020d-0002-f300-b63f-84710c7967bb|2016-11-23 09:42:54.0390|DEBUG|GameStore.BLL.Services.GameStoreService|Getting all Games. Returned 2  Games.
8000002e-0003-f400-b63f-84710c7967bb|2016-11-23 09:46:38.2394|DEBUG|GameStore.BLL.Services.GameStoreService|Getting all Genres. Returned 16  Genres.
8000002e-0003-f400-b63f-84710c7967bb|2016-11-23 09:46:38.2515|DEBUG|GameStore.BLL.Services.GameStoreService|Getting all PlatformTypes. Returned 4  PlatformTypes.
8000002e-0003-f400-b63f-84710c7967bb|2016-11-23 09:46:38.2515|DEBUG|GameStore.BLL.Services.GameStoreService|Getting all Publishers. Returned 1  Publishers.
8000002e-0003-f400-b63f-84710c7967bb|2016-11-23 09:46:38.3010|DEBUG|GameStore.BLL.Services.GameStoreService|Getting all Games. Returned 2  Games.
80000030-0003-f400-b63f-84710c7967bb|2016-11-23 09:46:57.1473|DEBUG|GameStore.BLL.Services.GameStoreService|Getting all Genres. Returned 16  Genres.
80000030-0003-f400-b63f-84710c7967bb|2016-11-23 09:46:57.1579|DEBUG|GameStore.BLL.Services.GameStoreService|Getting all PlatformTypes. Returned 4  PlatformTypes.
80000030-0003-f400-b63f-84710c7967bb|2016-11-23 09:46:57.1579|DEBUG|GameStore.BLL.Services.GameStoreService|Getting all Publishers. Returned 1  Publishers.
80000032-0003-f400-b63f-84710c7967bb|2016-11-23 09:47:44.3581|DEBUG|GameStore.BLL.Services.GameStoreService|Getting all Genres. Returned 16  Genres.
80000032-0003-f400-b63f-84710c7967bb|2016-11-23 09:47:44.3581|DEBUG|GameStore.BLL.Services.GameStoreService|Getting all PlatformTypes. Returned 4  PlatformTypes.
80000032-0003-f400-b63f-84710c7967bb|2016-11-23 09:47:44.3723|DEBUG|GameStore.BLL.Services.GameStoreService|Getting all Publishers. Returned 1  Publishers.
80000032-0003-f400-b63f-84710c7967bb|2016-11-23 09:47:44.4077|DEBUG|GameStore.BLL.Services.GameStoreService|Getting all Games. Returned 2  Games.
8000000c-0000-ee00-b63f-84710c7967bb|2016-11-23 09:49:16.1780|DEBUG|GameStore.BLL.Services.GameStoreService|Getting all Genres. Returned 16  Genres.
8000000c-0000-ee00-b63f-84710c7967bb|2016-11-23 09:49:41.7376|DEBUG|GameStore.BLL.Services.GameStoreService|Getting all PlatformTypes. Returned 4  PlatformTypes.
8000000c-0000-ee00-b63f-84710c7967bb|2016-11-23 09:49:45.3355|DEBUG|GameStore.BLL.Services.GameStoreService|Getting all Publishers. Returned 1  Publishers.
80001c1d-0000-fb00-b63f-84710c7967bb|2016-11-23 09:53:20.0148|DEBUG|GameStore.BLL.Services.GameStoreService|Getting all Genres. Returned 16  Genres.
80001c1d-0000-fb00-b63f-84710c7967bb|2016-11-23 09:53:20.0148|DEBUG|GameStore.BLL.Services.GameStoreService|Getting all Genres. Returned 16  Genres.
80001c1d-0000-fb00-b63f-84710c7967bb|2016-11-23 09:53:20.0458|DEBUG|GameStore.BLL.Services.GameStoreService|Getting all PlatformTypes. Returned 4  PlatformTypes.
80001c1d-0000-fb00-b63f-84710c7967bb|2016-11-23 09:53:20.0647|DEBUG|GameStore.BLL.Services.GameStoreService|Getting all Publishers. Returned 1  Publishers.
80001c1d-0000-fb00-b63f-84710c7967bb|2016-11-23 09:53:20.5441|DEBUG|GameStore.BLL.Services.GameStoreService|Getting all Games. Returned 2  Games.
8000002e-0000-ec00-b63f-84710c7967bb|2016-11-23 09:54:38.2791|DEBUG|GameStore.BLL.Services.GameStoreService|Getting all Genres. Returned 16  Genres.
8000001d-0001-f200-b63f-84710c7967bb|2016-11-23 09:56:27.7135|DEBUG|GameStore.BLL.Services.GameStoreService|Getting all Genres. Returned 16  Genres.
8000001d-0001-f200-b63f-84710c7967bb|2016-11-23 09:56:27.7392|DEBUG|GameStore.BLL.Services.GameStoreService|Getting all PlatformTypes. Returned 4  PlatformTypes.
8000001d-0001-f200-b63f-84710c7967bb|2016-11-23 09:56:27.7611|DEBUG|GameStore.BLL.Services.GameStoreService|Getting all Publishers. Returned 1  Publishers.
8000001d-0001-f200-b63f-84710c7967bb|2016-11-23 09:56:28.2422|DEBUG|GameStore.BLL.Services.GameStoreService|Getting all Games. Returned 2  Games.
8000021f-0001-ee00-b63f-84710c7967bb|2016-11-23 09:57:29.7923|DEBUG|GameStore.BLL.Services.GameStoreService|Getting all Genres. Returned 16  Genres.
8000021f-0001-ee00-b63f-84710c7967bb|2016-11-23 09:57:29.8163|DEBUG|GameStore.BLL.Services.GameStoreService|Getting all PlatformTypes. Returned 4  PlatformTypes.
8000021f-0001-ee00-b63f-84710c7967bb|2016-11-23 09:57:29.8343|DEBUG|GameStore.BLL.Services.GameStoreService|Getting all Publishers. Returned 1  Publishers.
8000021f-0001-ee00-b63f-84710c7967bb|2016-11-23 09:57:30.3344|DEBUG|GameStore.BLL.Services.GameStoreService|Getting all Games. Returned 2  Games.
80000023-0003-e500-b63f-84710c7967bb|2016-11-23 09:58:21.0025|DEBUG|GameStore.BLL.Services.GameStoreService|Getting all Genres. Returned 16  Genres.
80000023-0003-e500-b63f-84710c7967bb|2016-11-23 09:58:21.0295|DEBUG|GameStore.BLL.Services.GameStoreService|Getting all PlatformTypes. Returned 4  PlatformTypes.
80000023-0003-e500-b63f-84710c7967bb|2016-11-23 09:58:21.0487|DEBUG|GameStore.BLL.Services.GameStoreService|Getting all Publishers. Returned 1  Publishers.
80000023-0003-e500-b63f-84710c7967bb|2016-11-23 09:58:21.5765|DEBUG|GameStore.BLL.Services.GameStoreService|Getting all Games. Returned 2  Games.
80000163-0001-ea00-b63f-84710c7967bb|2016-11-23 10:06:23.4577|DEBUG|GameStore.BLL.Services.GameStoreService|Getting all Genres. Returned 16  Genres.
80000163-0001-ea00-b63f-84710c7967bb|2016-11-23 10:06:23.4814|DEBUG|GameStore.BLL.Services.GameStoreService|Getting all PlatformTypes. Returned 4  PlatformTypes.
80000163-0001-ea00-b63f-84710c7967bb|2016-11-23 10:06:23.4995|DEBUG|GameStore.BLL.Services.GameStoreService|Getting all Publishers. Returned 1  Publishers.
80000163-0001-ea00-b63f-84710c7967bb|2016-11-23 10:06:23.9636|DEBUG|GameStore.BLL.Services.GameStoreService|Getting all Games. Returned 2  Games.
800001a1-0001-eb00-b63f-84710c7967bb|2016-11-23 10:10:10.7699|DEBUG|GameStore.BLL.Services.GameStoreService|Getting all Genres. Returned 16  Genres.
800001a1-0001-eb00-b63f-84710c7967bb|2016-11-23 10:10:10.8518|DEBUG|GameStore.BLL.Services.GameStoreService|Getting all PlatformTypes. Returned 4  PlatformTypes.
800001a1-0001-eb00-b63f-84710c7967bb|2016-11-23 10:10:10.8699|DEBUG|GameStore.BLL.Services.GameStoreService|Getting all Publishers. Returned 1  Publishers.
800001a1-0001-eb00-b63f-84710c7967bb|2016-11-23 10:10:11.3496|DEBUG|GameStore.BLL.Services.GameStoreService|Getting all Games. Returned 2  Games.
80000044-0003-ea00-b63f-84710c7967bb|2016-11-23 10:11:18.4378|DEBUG|GameStore.BLL.Services.GameStoreService|Getting all Genres. Returned 16  Genres.
80000044-0003-ea00-b63f-84710c7967bb|2016-11-23 10:11:18.4688|DEBUG|GameStore.BLL.Services.GameStoreService|Getting all PlatformTypes. Returned 4  PlatformTypes.
80000044-0003-ea00-b63f-84710c7967bb|2016-11-23 10:11:18.4899|DEBUG|GameStore.BLL.Services.GameStoreService|Getting all Publishers. Returned 1  Publishers.
80000044-0003-ea00-b63f-84710c7967bb|2016-11-23 10:11:19.0689|DEBUG|GameStore.BLL.Services.GameStoreService|Getting all Games. Returned 2  Games.
80000191-0001-f600-b63f-84710c7967bb|2016-11-23 10:21:41.2907|DEBUG|GameStore.BLL.Services.GameStoreService|Getting all Genres. Returned 16  Genres.
80000191-0001-f600-b63f-84710c7967bb|2016-11-23 10:21:41.3138|DEBUG|GameStore.BLL.Services.GameStoreService|Getting all PlatformTypes. Returned 4  PlatformTypes.
80000191-0001-f600-b63f-84710c7967bb|2016-11-23 10:21:41.3328|DEBUG|GameStore.BLL.Services.GameStoreService|Getting all Publishers. Returned 1  Publishers.
80000191-0001-f600-b63f-84710c7967bb|2016-11-23 10:21:41.8590|DEBUG|GameStore.BLL.Services.GameStoreService|Getting all Games. Returned 2  Games.
80000193-0001-f600-b63f-84710c7967bb|2016-11-23 10:22:27.5887|DEBUG|GameStore.BLL.Services.GameStoreService|Getting all Genres. Returned 16  Genres.
80000193-0001-f600-b63f-84710c7967bb|2016-11-23 10:22:27.5997|DEBUG|GameStore.BLL.Services.GameStoreService|Getting all PlatformTypes. Returned 4  PlatformTypes.
80000193-0001-f600-b63f-84710c7967bb|2016-11-23 10:22:27.6047|DEBUG|GameStore.BLL.Services.GameStoreService|Getting all Publishers. Returned 1  Publishers.
80000195-0001-f600-b63f-84710c7967bb|2016-11-23 10:22:43.3726|DEBUG|GameStore.BLL.Services.GameStoreService|Getting all Genres. Returned 16  Genres.
80000195-0001-f600-b63f-84710c7967bb|2016-11-23 10:22:43.3856|DEBUG|GameStore.BLL.Services.GameStoreService|Getting all PlatformTypes. Returned 4  PlatformTypes.
80000195-0001-f600-b63f-84710c7967bb|2016-11-23 10:22:43.3856|DEBUG|GameStore.BLL.Services.GameStoreService|Getting all Publishers. Returned 1  Publishers.
80000195-0001-f600-b63f-84710c7967bb|2016-11-23 10:22:43.4569|DEBUG|GameStore.BLL.Services.GameStoreService|Getting all Games. Returned 2  Games.
80000198-0001-f600-b63f-84710c7967bb|2016-11-23 10:23:15.9449|DEBUG|GameStore.BLL.Services.GameStoreService|Getting all Genres. Returned 16  Genres.
80000198-0001-f600-b63f-84710c7967bb|2016-11-23 10:23:15.9549|DEBUG|GameStore.BLL.Services.GameStoreService|Getting all PlatformTypes. Returned 4  PlatformTypes.
80000198-0001-f600-b63f-84710c7967bb|2016-11-23 10:23:15.9549|DEBUG|GameStore.BLL.Services.GameStoreService|Getting all Publishers. Returned 1  Publishers.
8000019a-0001-f600-b63f-84710c7967bb|2016-11-23 10:23:20.7999|DEBUG|GameStore.BLL.Services.GameStoreService|Getting all Genres. Returned 16  Genres.
8000019a-0001-f600-b63f-84710c7967bb|2016-11-23 10:23:20.8089|DEBUG|GameStore.BLL.Services.GameStoreService|Getting all PlatformTypes. Returned 4  PlatformTypes.
8000019a-0001-f600-b63f-84710c7967bb|2016-11-23 10:23:20.8089|DEBUG|GameStore.BLL.Services.GameStoreService|Getting all Publishers. Returned 1  Publishers.
8000019c-0001-f600-b63f-84710c7967bb|2016-11-23 10:23:25.6366|DEBUG|GameStore.BLL.Services.GameStoreService|Getting all Genres. Returned 16  Genres.
8000019c-0001-f600-b63f-84710c7967bb|2016-11-23 10:23:25.6366|DEBUG|GameStore.BLL.Services.GameStoreService|Getting all PlatformTypes. Returned 4  PlatformTypes.
8000019c-0001-f600-b63f-84710c7967bb|2016-11-23 10:23:25.6521|DEBUG|GameStore.BLL.Services.GameStoreService|Getting all Publishers. Returned 1  Publishers.
8000019e-0001-f600-b63f-84710c7967bb|2016-11-23 10:23:30.1932|DEBUG|GameStore.BLL.Services.GameStoreService|Getting all Genres. Returned 16  Genres.
8000019e-0001-f600-b63f-84710c7967bb|2016-11-23 10:23:30.2022|DEBUG|GameStore.BLL.Services.GameStoreService|Getting all PlatformTypes. Returned 4  PlatformTypes.
8000019e-0001-f600-b63f-84710c7967bb|2016-11-23 10:23:30.2022|DEBUG|GameStore.BLL.Services.GameStoreService|Getting all Publishers. Returned 1  Publishers.
800001a0-0001-f600-b63f-84710c7967bb|2016-11-23 10:23:34.7377|DEBUG|GameStore.BLL.Services.GameStoreService|Getting all Genres. Returned 16  Genres.
800001a0-0001-f600-b63f-84710c7967bb|2016-11-23 10:23:34.7468|DEBUG|GameStore.BLL.Services.GameStoreService|Getting all PlatformTypes. Returned 4  PlatformTypes.
800001a0-0001-f600-b63f-84710c7967bb|2016-11-23 10:23:34.7468|DEBUG|GameStore.BLL.Services.GameStoreService|Getting all Publishers. Returned 1  Publishers.
800001a2-0001-f600-b63f-84710c7967bb|2016-11-23 10:23:39.8387|DEBUG|GameStore.BLL.Services.GameStoreService|Getting all Genres. Returned 16  Genres.
800001a2-0001-f600-b63f-84710c7967bb|2016-11-23 10:23:39.8387|DEBUG|GameStore.BLL.Services.GameStoreService|Getting all PlatformTypes. Returned 4  PlatformTypes.
800001a2-0001-f600-b63f-84710c7967bb|2016-11-23 10:23:39.8577|DEBUG|GameStore.BLL.Services.GameStoreService|Getting all Publishers. Returned 1  Publishers.
800001a4-0001-f600-b63f-84710c7967bb|2016-11-23 10:24:28.3724|DEBUG|GameStore.BLL.Services.GameStoreService|Getting all Genres. Returned 16  Genres.
800001a4-0001-f600-b63f-84710c7967bb|2016-11-23 10:24:28.3724|DEBUG|GameStore.BLL.Services.GameStoreService|Getting all PlatformTypes. Returned 4  PlatformTypes.
800001a4-0001-f600-b63f-84710c7967bb|2016-11-23 10:24:28.3890|DEBUG|GameStore.BLL.Services.GameStoreService|Getting all Publishers. Returned 1  Publishers.
800001a4-0001-f600-b63f-84710c7967bb|2016-11-23 10:24:28.4100|DEBUG|GameStore.BLL.Services.GameStoreService|Getting all Games. Returned 2  Games.
800001a6-0001-f600-b63f-84710c7967bb|2016-11-23 10:24:33.8782|DEBUG|GameStore.BLL.Services.GameStoreService|Getting all Genres. Returned 16  Genres.
800001a6-0001-f600-b63f-84710c7967bb|2016-11-23 10:24:33.8882|DEBUG|GameStore.BLL.Services.GameStoreService|Getting all PlatformTypes. Returned 4  PlatformTypes.
800001a6-0001-f600-b63f-84710c7967bb|2016-11-23 10:24:33.8882|DEBUG|GameStore.BLL.Services.GameStoreService|Getting all Publishers. Returned 1  Publishers.
80000a50-0001-e900-b63f-84710c7967bb|2016-11-23 10:25:49.1894|DEBUG|GameStore.BLL.Services.GameStoreService|Getting all Genres. Returned 16  Genres.
80000a50-0001-e900-b63f-84710c7967bb|2016-11-23 10:25:49.2129|DEBUG|GameStore.BLL.Services.GameStoreService|Getting all PlatformTypes. Returned 4  PlatformTypes.
80000a50-0001-e900-b63f-84710c7967bb|2016-11-23 10:25:49.2289|DEBUG|GameStore.BLL.Services.GameStoreService|Getting all Publishers. Returned 1  Publishers.
80000a50-0001-e900-b63f-84710c7967bb|2016-11-23 10:25:49.7451|DEBUG|GameStore.BLL.Services.GameStoreService|Getting all Games. Returned 2  Games.
80000a52-0001-e900-b63f-84710c7967bb|2016-11-23 10:26:02.0769|DEBUG|GameStore.BLL.Services.GameStoreService|Getting all Genres. Returned 16  Genres.
80000a52-0001-e900-b63f-84710c7967bb|2016-11-23 10:26:02.0879|DEBUG|GameStore.BLL.Services.GameStoreService|Getting all PlatformTypes. Returned 4  PlatformTypes.
80000a52-0001-e900-b63f-84710c7967bb|2016-11-23 10:26:02.0879|DEBUG|GameStore.BLL.Services.GameStoreService|Getting all Publishers. Returned 1  Publishers.
80000a54-0001-e900-b63f-84710c7967bb|2016-11-23 10:26:08.4028|DEBUG|GameStore.BLL.Services.GameStoreService|Getting all Genres. Returned 16  Genres.
80000a54-0001-e900-b63f-84710c7967bb|2016-11-23 10:26:08.4028|DEBUG|GameStore.BLL.Services.GameStoreService|Getting all PlatformTypes. Returned 4  PlatformTypes.
80000a54-0001-e900-b63f-84710c7967bb|2016-11-23 10:26:08.4168|DEBUG|GameStore.BLL.Services.GameStoreService|Getting all Publishers. Returned 1  Publishers.
800001b4-0001-f600-b63f-84710c7967bb|2016-11-23 10:27:12.9864|DEBUG|GameStore.BLL.Services.GameStoreService|Getting all Genres. Returned 16  Genres.
800001b4-0001-f600-b63f-84710c7967bb|2016-11-23 10:27:13.0080|DEBUG|GameStore.BLL.Services.GameStoreService|Getting all PlatformTypes. Returned 4  PlatformTypes.
800001b4-0001-f600-b63f-84710c7967bb|2016-11-23 10:27:13.0250|DEBUG|GameStore.BLL.Services.GameStoreService|Getting all Publishers. Returned 1  Publishers.
800001b4-0001-f600-b63f-84710c7967bb|2016-11-23 10:27:13.5294|DEBUG|GameStore.BLL.Services.GameStoreService|Getting all Games. Returned 2  Games.
800001b6-0001-f600-b63f-84710c7967bb|2016-11-23 10:27:17.8821|DEBUG|GameStore.BLL.Services.GameStoreService|Getting all Genres. Returned 16  Genres.
800001b6-0001-f600-b63f-84710c7967bb|2016-11-23 10:27:17.8821|DEBUG|GameStore.BLL.Services.GameStoreService|Getting all PlatformTypes. Returned 4  PlatformTypes.
800001b6-0001-f600-b63f-84710c7967bb|2016-11-23 10:27:17.8956|DEBUG|GameStore.BLL.Services.GameStoreService|Getting all Publishers. Returned 1  Publishers.
800001b8-0001-f600-b63f-84710c7967bb|2016-11-23 10:27:22.2321|DEBUG|GameStore.BLL.Services.GameStoreService|Getting all Genres. Returned 16  Genres.
800001b8-0001-f600-b63f-84710c7967bb|2016-11-23 10:27:22.2411|DEBUG|GameStore.BLL.Services.GameStoreService|Getting all PlatformTypes. Returned 4  PlatformTypes.
800001b8-0001-f600-b63f-84710c7967bb|2016-11-23 10:27:22.2411|DEBUG|GameStore.BLL.Services.GameStoreService|Getting all Publishers. Returned 1  Publishers.
800001ba-0001-f600-b63f-84710c7967bb|2016-11-23 10:27:27.4676|DEBUG|GameStore.BLL.Services.GameStoreService|Getting all Genres. Returned 16  Genres.
800001ba-0001-f600-b63f-84710c7967bb|2016-11-23 10:27:27.4756|DEBUG|GameStore.BLL.Services.GameStoreService|Getting all PlatformTypes. Returned 4  PlatformTypes.
800001ba-0001-f600-b63f-84710c7967bb|2016-11-23 10:27:27.4756|DEBUG|GameStore.BLL.Services.GameStoreService|Getting all Publishers. Returned 1  Publishers.
800001bc-0001-f600-b63f-84710c7967bb|2016-11-23 10:27:35.8442|DEBUG|GameStore.BLL.Services.GameStoreService|Getting all Genres. Returned 16  Genres.
800001bc-0001-f600-b63f-84710c7967bb|2016-11-23 10:27:35.8532|DEBUG|GameStore.BLL.Services.GameStoreService|Getting all PlatformTypes. Returned 4  PlatformTypes.
800001bc-0001-f600-b63f-84710c7967bb|2016-11-23 10:27:35.8532|DEBUG|GameStore.BLL.Services.GameStoreService|Getting all Publishers. Returned 1  Publishers.
800001be-0001-f600-b63f-84710c7967bb|2016-11-23 10:27:46.8261|DEBUG|GameStore.BLL.Services.GameStoreService|Getting all Genres. Returned 16  Genres.
800001be-0001-f600-b63f-84710c7967bb|2016-11-23 10:27:46.8351|DEBUG|GameStore.BLL.Services.GameStoreService|Getting all PlatformTypes. Returned 4  PlatformTypes.
800001be-0001-f600-b63f-84710c7967bb|2016-11-23 10:27:46.8351|DEBUG|GameStore.BLL.Services.GameStoreService|Getting all Publishers. Returned 1  Publishers.
800001cd-0002-f400-b63f-84710c7967bb|2016-11-23 10:28:52.7793|DEBUG|GameStore.BLL.Services.GameStoreService|Getting all Genres. Returned 16  Genres.
800001cd-0002-f400-b63f-84710c7967bb|2016-11-23 10:28:52.8043|DEBUG|GameStore.BLL.Services.GameStoreService|Getting all PlatformTypes. Returned 4  PlatformTypes.
800001cd-0002-f400-b63f-84710c7967bb|2016-11-23 10:28:52.8223|DEBUG|GameStore.BLL.Services.GameStoreService|Getting all Publishers. Returned 1  Publishers.
800001cd-0002-f400-b63f-84710c7967bb|2016-11-23 10:28:53.3422|DEBUG|GameStore.BLL.Services.GameStoreService|Getting all Games. Returned 2  Games.
800001cf-0002-f400-b63f-84710c7967bb|2016-11-23 10:28:59.7740|DEBUG|GameStore.BLL.Services.GameStoreService|Getting all Genres. Returned 16  Genres.
800001cf-0002-f400-b63f-84710c7967bb|2016-11-23 10:28:59.7740|DEBUG|GameStore.BLL.Services.GameStoreService|Getting all PlatformTypes. Returned 4  PlatformTypes.
800001cf-0002-f400-b63f-84710c7967bb|2016-11-23 10:28:59.7872|DEBUG|GameStore.BLL.Services.GameStoreService|Getting all Publishers. Returned 1  Publishers.
800001d1-0002-f400-b63f-84710c7967bb|2016-11-23 10:29:14.3888|DEBUG|GameStore.BLL.Services.GameStoreService|Getting all Genres. Returned 16  Genres.
800001d1-0002-f400-b63f-84710c7967bb|2016-11-23 10:29:14.4019|DEBUG|GameStore.BLL.Services.GameStoreService|Getting all PlatformTypes. Returned 4  PlatformTypes.
800001d1-0002-f400-b63f-84710c7967bb|2016-11-23 10:29:14.4019|DEBUG|GameStore.BLL.Services.GameStoreService|Getting all Publishers. Returned 1  Publishers.
800001d3-0002-f400-b63f-84710c7967bb|2016-11-23 10:29:17.2789|DEBUG|GameStore.BLL.Services.GameStoreService|Getting all Genres. Returned 16  Genres.
800001d3-0002-f400-b63f-84710c7967bb|2016-11-23 10:29:17.2896|DEBUG|GameStore.BLL.Services.GameStoreService|Getting all PlatformTypes. Returned 4  PlatformTypes.
800001d3-0002-f400-b63f-84710c7967bb|2016-11-23 10:29:17.2896|DEBUG|GameStore.BLL.Services.GameStoreService|Getting all Publishers. Returned 1  Publishers.
800001d5-0002-f400-b63f-84710c7967bb|2016-11-23 10:29:21.8047|DEBUG|GameStore.BLL.Services.GameStoreService|Getting all Genres. Returned 16  Genres.
800001d5-0002-f400-b63f-84710c7967bb|2016-11-23 10:29:21.8047|DEBUG|GameStore.BLL.Services.GameStoreService|Getting all PlatformTypes. Returned 4  PlatformTypes.
800001d5-0002-f400-b63f-84710c7967bb|2016-11-23 10:29:21.8197|DEBUG|GameStore.BLL.Services.GameStoreService|Getting all Publishers. Returned 1  Publishers.
800001d7-0002-f400-b63f-84710c7967bb|2016-11-23 10:29:26.3650|DEBUG|GameStore.BLL.Services.GameStoreService|Getting all Genres. Returned 16  Genres.
800001d7-0002-f400-b63f-84710c7967bb|2016-11-23 10:29:26.3770|DEBUG|GameStore.BLL.Services.GameStoreService|Getting all PlatformTypes. Returned 4  PlatformTypes.
800001d7-0002-f400-b63f-84710c7967bb|2016-11-23 10:29:26.3820|DEBUG|GameStore.BLL.Services.GameStoreService|Getting all Publishers. Returned 1  Publishers.
800001d9-0002-f400-b63f-84710c7967bb|2016-11-23 10:29:29.5123|DEBUG|GameStore.BLL.Services.GameStoreService|Getting all Genres. Returned 16  Genres.
800001d9-0002-f400-b63f-84710c7967bb|2016-11-23 10:29:29.5283|DEBUG|GameStore.BLL.Services.GameStoreService|Getting all PlatformTypes. Returned 4  PlatformTypes.
800001d9-0002-f400-b63f-84710c7967bb|2016-11-23 10:29:29.5283|DEBUG|GameStore.BLL.Services.GameStoreService|Getting all Publishers. Returned 1  Publishers.
800001db-0002-f400-b63f-84710c7967bb|2016-11-23 10:29:37.5433|DEBUG|GameStore.BLL.Services.GameStoreService|Getting all Genres. Returned 16  Genres.
800001db-0002-f400-b63f-84710c7967bb|2016-11-23 10:29:37.5433|DEBUG|GameStore.BLL.Services.GameStoreService|Getting all PlatformTypes. Returned 4  PlatformTypes.
800001db-0002-f400-b63f-84710c7967bb|2016-11-23 10:29:37.5554|DEBUG|GameStore.BLL.Services.GameStoreService|Getting all Publishers. Returned 1  Publishers.
800001dd-0002-f400-b63f-84710c7967bb|2016-11-23 10:30:11.5983|DEBUG|GameStore.BLL.Services.GameStoreService|Getting all Genres. Returned 16  Genres.
800001dd-0002-f400-b63f-84710c7967bb|2016-11-23 10:30:11.6243|DEBUG|GameStore.BLL.Services.GameStoreService|Getting all PlatformTypes. Returned 4  PlatformTypes.
800001dd-0002-f400-b63f-84710c7967bb|2016-11-23 10:30:11.6243|DEBUG|GameStore.BLL.Services.GameStoreService|Getting all Publishers. Returned 1  Publishers.
800001dd-0002-f400-b63f-84710c7967bb|2016-11-23 10:30:11.6603|DEBUG|GameStore.BLL.Services.GameStoreService|Getting all Games. Returned 2  Games.
800001df-0002-f400-b63f-84710c7967bb|2016-11-23 10:30:16.8771|DEBUG|GameStore.BLL.Services.GameStoreService|Getting all Genres. Returned 16  Genres.
800001df-0002-f400-b63f-84710c7967bb|2016-11-23 10:30:16.8891|DEBUG|GameStore.BLL.Services.GameStoreService|Getting all PlatformTypes. Returned 4  PlatformTypes.
800001df-0002-f400-b63f-84710c7967bb|2016-11-23 10:30:16.8891|DEBUG|GameStore.BLL.Services.GameStoreService|Getting all Publishers. Returned 1  Publishers.
800001e1-0002-f400-b63f-84710c7967bb|2016-11-23 10:30:21.3230|DEBUG|GameStore.BLL.Services.GameStoreService|Getting all Genres. Returned 16  Genres.
800001e1-0002-f400-b63f-84710c7967bb|2016-11-23 10:30:21.3230|DEBUG|GameStore.BLL.Services.GameStoreService|Getting all PlatformTypes. Returned 4  PlatformTypes.
800001e1-0002-f400-b63f-84710c7967bb|2016-11-23 10:30:21.3370|DEBUG|GameStore.BLL.Services.GameStoreService|Getting all Publishers. Returned 1  Publishers.
800001e3-0002-f400-b63f-84710c7967bb|2016-11-23 10:30:26.1431|DEBUG|GameStore.BLL.Services.GameStoreService|Getting all Genres. Returned 16  Genres.
800001e3-0002-f400-b63f-84710c7967bb|2016-11-23 10:30:26.1511|DEBUG|GameStore.BLL.Services.GameStoreService|Getting all PlatformTypes. Returned 4  PlatformTypes.
800001e3-0002-f400-b63f-84710c7967bb|2016-11-23 10:30:26.1511|DEBUG|GameStore.BLL.Services.GameStoreService|Getting all Publishers. Returned 1  Publishers.
800001e5-0002-f400-b63f-84710c7967bb|2016-11-23 10:30:37.6421|DEBUG|GameStore.BLL.Services.GameStoreService|Getting all Genres. Returned 16  Genres.
800001e5-0002-f400-b63f-84710c7967bb|2016-11-23 10:30:37.6511|DEBUG|GameStore.BLL.Services.GameStoreService|Getting all PlatformTypes. Returned 4  PlatformTypes.
800001e5-0002-f400-b63f-84710c7967bb|2016-11-23 10:30:37.6511|DEBUG|GameStore.BLL.Services.GameStoreService|Getting all Publishers. Returned 1  Publishers.
800001e7-0002-f400-b63f-84710c7967bb|2016-11-23 10:30:45.0172|DEBUG|GameStore.BLL.Services.GameStoreService|Getting all Genres. Returned 16  Genres.
800001e7-0002-f400-b63f-84710c7967bb|2016-11-23 10:30:45.0263|DEBUG|GameStore.BLL.Services.GameStoreService|Getting all PlatformTypes. Returned 4  PlatformTypes.
800001e7-0002-f400-b63f-84710c7967bb|2016-11-23 10:30:45.0263|DEBUG|GameStore.BLL.Services.GameStoreService|Getting all Publishers. Returned 1  Publishers.
800001e9-0002-f400-b63f-84710c7967bb|2016-11-23 10:30:50.9987|DEBUG|GameStore.BLL.Services.GameStoreService|Getting all Genres. Returned 16  Genres.
800001e9-0002-f400-b63f-84710c7967bb|2016-11-23 10:30:51.0077|DEBUG|GameStore.BLL.Services.GameStoreService|Getting all PlatformTypes. Returned 4  PlatformTypes.
800001e9-0002-f400-b63f-84710c7967bb|2016-11-23 10:30:51.0077|DEBUG|GameStore.BLL.Services.GameStoreService|Getting all Publishers. Returned 1  Publishers.
800001eb-0002-f400-b63f-84710c7967bb|2016-11-23 10:32:06.0377|DEBUG|GameStore.BLL.Services.GameStoreService|Getting all Genres. Returned 16  Genres.
800001eb-0002-f400-b63f-84710c7967bb|2016-11-23 10:32:06.0497|DEBUG|GameStore.BLL.Services.GameStoreService|Getting all PlatformTypes. Returned 4  PlatformTypes.
800001eb-0002-f400-b63f-84710c7967bb|2016-11-23 10:32:06.0557|DEBUG|GameStore.BLL.Services.GameStoreService|Getting all Publishers. Returned 1  Publishers.
800001eb-0002-f400-b63f-84710c7967bb|2016-11-23 10:32:06.0947|DEBUG|GameStore.BLL.Services.GameStoreService|Getting all Games. Returned 2  Games.
800001ed-0002-f400-b63f-84710c7967bb|2016-11-23 10:32:10.4088|DEBUG|GameStore.BLL.Services.GameStoreService|Getting all Genres. Returned 16  Genres.
800001ed-0002-f400-b63f-84710c7967bb|2016-11-23 10:32:10.4173|DEBUG|GameStore.BLL.Services.GameStoreService|Getting all PlatformTypes. Returned 4  PlatformTypes.
800001ed-0002-f400-b63f-84710c7967bb|2016-11-23 10:32:10.4173|DEBUG|GameStore.BLL.Services.GameStoreService|Getting all Publishers. Returned 1  Publishers.
800001ef-0002-f400-b63f-84710c7967bb|2016-11-23 10:32:21.1881|DEBUG|GameStore.BLL.Services.GameStoreService|Getting all Genres. Returned 16  Genres.
800001ef-0002-f400-b63f-84710c7967bb|2016-11-23 10:32:21.2011|DEBUG|GameStore.BLL.Services.GameStoreService|Getting all PlatformTypes. Returned 4  PlatformTypes.
800001ef-0002-f400-b63f-84710c7967bb|2016-11-23 10:32:21.2011|DEBUG|GameStore.BLL.Services.GameStoreService|Getting all Publishers. Returned 1  Publishers.
800001eb-0001-fc00-b63f-84710c7967bb|2016-11-23 10:34:24.9386|DEBUG|GameStore.BLL.Services.GameStoreService|Getting all Genres. Returned 16  Genres.
800001eb-0001-fc00-b63f-84710c7967bb|2016-11-23 10:34:24.9646|DEBUG|GameStore.BLL.Services.GameStoreService|Getting all PlatformTypes. Returned 4  PlatformTypes.
800001eb-0001-fc00-b63f-84710c7967bb|2016-11-23 10:34:25.0166|DEBUG|GameStore.BLL.Services.GameStoreService|Getting all Publishers. Returned 1  Publishers.
800001eb-0001-fc00-b63f-84710c7967bb|2016-11-23 10:34:25.5481|DEBUG|GameStore.BLL.Services.GameStoreService|Getting all Games. Returned 2  Games.
800000af-0000-f700-b63f-84710c7967bb|2016-11-23 10:36:10.0726|DEBUG|GameStore.BLL.Services.GameStoreService|Getting all Genres. Returned 16  Genres.
800000af-0000-f700-b63f-84710c7967bb|2016-11-23 10:36:10.0968|DEBUG|GameStore.BLL.Services.GameStoreService|Getting all PlatformTypes. Returned 4  PlatformTypes.
800000af-0000-f700-b63f-84710c7967bb|2016-11-23 10:36:10.1148|DEBUG|GameStore.BLL.Services.GameStoreService|Getting all Publishers. Returned 1  Publishers.
800000af-0000-f700-b63f-84710c7967bb|2016-11-23 10:36:10.6503|DEBUG|GameStore.BLL.Services.GameStoreService|Getting all Games. Returned 2  Games.
800000b1-0000-f700-b63f-84710c7967bb|2016-11-23 10:36:21.0631|DEBUG|GameStore.BLL.Services.GameStoreService|Getting all Genres. Returned 16  Genres.
800000b1-0000-f700-b63f-84710c7967bb|2016-11-23 10:36:21.0741|DEBUG|GameStore.BLL.Services.GameStoreService|Getting all PlatformTypes. Returned 4  PlatformTypes.
800000b1-0000-f700-b63f-84710c7967bb|2016-11-23 10:36:21.0741|DEBUG|GameStore.BLL.Services.GameStoreService|Getting all Publishers. Returned 1  Publishers.
800000b3-0000-f700-b63f-84710c7967bb|2016-11-23 10:36:24.3333|DEBUG|GameStore.BLL.Services.GameStoreService|Getting all Genres. Returned 16  Genres.
800000b3-0000-f700-b63f-84710c7967bb|2016-11-23 10:36:24.3415|DEBUG|GameStore.BLL.Services.GameStoreService|Getting all PlatformTypes. Returned 4  PlatformTypes.
800000b3-0000-f700-b63f-84710c7967bb|2016-11-23 10:36:24.3415|DEBUG|GameStore.BLL.Services.GameStoreService|Getting all Publishers. Returned 1  Publishers.
800000b5-0000-f700-b63f-84710c7967bb|2016-11-23 10:36:27.9970|DEBUG|GameStore.BLL.Services.GameStoreService|Getting all Genres. Returned 16  Genres.
800000b5-0000-f700-b63f-84710c7967bb|2016-11-23 10:36:28.0070|DEBUG|GameStore.BLL.Services.GameStoreService|Getting all PlatformTypes. Returned 4  PlatformTypes.
800000b5-0000-f700-b63f-84710c7967bb|2016-11-23 10:36:28.0070|DEBUG|GameStore.BLL.Services.GameStoreService|Getting all Publishers. Returned 1  Publishers.
80000091-0000-ef00-b63f-84710c7967bb|2016-11-23 10:58:15.2544|DEBUG|GameStore.BLL.Services.GameStoreService|Getting all Genres. Returned 16  Genres.
80000091-0000-ef00-b63f-84710c7967bb|2016-11-23 10:58:15.2774|DEBUG|GameStore.BLL.Services.GameStoreService|Getting all PlatformTypes. Returned 4  PlatformTypes.
80000091-0000-ef00-b63f-84710c7967bb|2016-11-23 10:58:15.2965|DEBUG|GameStore.BLL.Services.GameStoreService|Getting all Publishers. Returned 1  Publishers.
80000091-0000-ef00-b63f-84710c7967bb|2016-11-23 10:58:15.8679|DEBUG|GameStore.BLL.Services.GameStoreService|Getting all Games. Returned 2  Games.
80000093-0000-ef00-b63f-84710c7967bb|2016-11-23 10:58:24.2033|DEBUG|GameStore.BLL.Services.GameStoreService|Getting all Genres. Returned 16  Genres.
80000093-0000-ef00-b63f-84710c7967bb|2016-11-23 10:58:24.2133|DEBUG|GameStore.BLL.Services.GameStoreService|Getting all PlatformTypes. Returned 4  PlatformTypes.
80000093-0000-ef00-b63f-84710c7967bb|2016-11-23 10:58:24.2133|DEBUG|GameStore.BLL.Services.GameStoreService|Getting all Publishers. Returned 1  Publishers.
80000095-0000-ef00-b63f-84710c7967bb|2016-11-23 10:58:28.2653|DEBUG|GameStore.BLL.Services.GameStoreService|Getting all Genres. Returned 16  Genres.
80000095-0000-ef00-b63f-84710c7967bb|2016-11-23 10:58:28.2653|DEBUG|GameStore.BLL.Services.GameStoreService|Getting all PlatformTypes. Returned 4  PlatformTypes.
80000095-0000-ef00-b63f-84710c7967bb|2016-11-23 10:58:28.2783|DEBUG|GameStore.BLL.Services.GameStoreService|Getting all Publishers. Returned 1  Publishers.
80000097-0000-ef00-b63f-84710c7967bb|2016-11-23 10:58:34.7926|DEBUG|GameStore.BLL.Services.GameStoreService|Getting all Genres. Returned 16  Genres.
80000097-0000-ef00-b63f-84710c7967bb|2016-11-23 10:58:34.7926|DEBUG|GameStore.BLL.Services.GameStoreService|Getting all PlatformTypes. Returned 4  PlatformTypes.
80000097-0000-ef00-b63f-84710c7967bb|2016-11-23 10:58:34.8066|DEBUG|GameStore.BLL.Services.GameStoreService|Getting all Publishers. Returned 1  Publishers.
80000099-0000-ef00-b63f-84710c7967bb|2016-11-23 10:58:39.1519|DEBUG|GameStore.BLL.Services.GameStoreService|Getting all Genres. Returned 16  Genres.
80000099-0000-ef00-b63f-84710c7967bb|2016-11-23 10:58:39.1519|DEBUG|GameStore.BLL.Services.GameStoreService|Getting all PlatformTypes. Returned 4  PlatformTypes.
80000099-0000-ef00-b63f-84710c7967bb|2016-11-23 10:58:39.1519|DEBUG|GameStore.BLL.Services.GameStoreService|Getting all Publishers. Returned 1  Publishers.
8000009b-0000-ef00-b63f-84710c7967bb|2016-11-23 10:58:51.7769|DEBUG|GameStore.BLL.Services.GameStoreService|Getting all Genres. Returned 16  Genres.
8000009b-0000-ef00-b63f-84710c7967bb|2016-11-23 10:58:51.7769|DEBUG|GameStore.BLL.Services.GameStoreService|Getting all PlatformTypes. Returned 4  PlatformTypes.
8000009b-0000-ef00-b63f-84710c7967bb|2016-11-23 10:58:51.7914|DEBUG|GameStore.BLL.Services.GameStoreService|Getting all Publishers. Returned 1  Publishers.
80000067-0000-f400-b63f-84710c7967bb|2016-11-23 11:00:31.4509|DEBUG|GameStore.BLL.Services.GameStoreService|Getting all Genres. Returned 16  Genres.
80000067-0000-f400-b63f-84710c7967bb|2016-11-23 11:00:31.4970|DEBUG|GameStore.BLL.Services.GameStoreService|Getting all PlatformTypes. Returned 4  PlatformTypes.
80000067-0000-f400-b63f-84710c7967bb|2016-11-23 11:00:31.5153|DEBUG|GameStore.BLL.Services.GameStoreService|Getting all Publishers. Returned 1  Publishers.
80000067-0000-f400-b63f-84710c7967bb|2016-11-23 11:00:32.0371|DEBUG|GameStore.BLL.Services.GameStoreService|Getting all Games. Returned 2  Games.
80000069-0000-f400-b63f-84710c7967bb|2016-11-23 11:01:44.0414|DEBUG|GameStore.BLL.Services.GameStoreService|Getting all Genres. Returned 16  Genres.
80000069-0000-f400-b63f-84710c7967bb|2016-11-23 11:01:44.0514|DEBUG|GameStore.BLL.Services.GameStoreService|Getting all PlatformTypes. Returned 4  PlatformTypes.
80000069-0000-f400-b63f-84710c7967bb|2016-11-23 11:01:44.0514|DEBUG|GameStore.BLL.Services.GameStoreService|Getting all Publishers. Returned 1  Publishers.
80000069-0000-f400-b63f-84710c7967bb|2016-11-23 11:01:44.1035|DEBUG|GameStore.BLL.Services.GameStoreService|Getting all Games. Returned 2  Games.
8000006b-0000-f400-b63f-84710c7967bb|2016-11-23 11:02:01.8433|DEBUG|GameStore.BLL.Services.GameStoreService|Getting all Genres. Returned 16  Genres.
8000006b-0000-f400-b63f-84710c7967bb|2016-11-23 11:02:01.8533|DEBUG|GameStore.BLL.Services.GameStoreService|Getting all PlatformTypes. Returned 4  PlatformTypes.
8000006b-0000-f400-b63f-84710c7967bb|2016-11-23 11:02:01.8533|DEBUG|GameStore.BLL.Services.GameStoreService|Getting all Publishers. Returned 1  Publishers.
8000006d-0000-f400-b63f-84710c7967bb|2016-11-23 11:02:08.8630|DEBUG|GameStore.BLL.Services.GameStoreService|Getting all Genres. Returned 16  Genres.
8000006d-0000-f400-b63f-84710c7967bb|2016-11-23 11:02:08.8630|DEBUG|GameStore.BLL.Services.GameStoreService|Getting all PlatformTypes. Returned 4  PlatformTypes.
8000006d-0000-f400-b63f-84710c7967bb|2016-11-23 11:02:08.8779|DEBUG|GameStore.BLL.Services.GameStoreService|Getting all Publishers. Returned 1  Publishers.
8000006f-0000-f400-b63f-84710c7967bb|2016-11-23 11:02:13.9562|DEBUG|GameStore.BLL.Services.GameStoreService|Getting all Genres. Returned 16  Genres.
8000006f-0000-f400-b63f-84710c7967bb|2016-11-23 11:02:13.9562|DEBUG|GameStore.BLL.Services.GameStoreService|Getting all PlatformTypes. Returned 4  PlatformTypes.
8000006f-0000-f400-b63f-84710c7967bb|2016-11-23 11:02:13.9562|DEBUG|GameStore.BLL.Services.GameStoreService|Getting all Publishers. Returned 1  Publishers.
80000071-0000-f400-b63f-84710c7967bb|2016-11-23 11:02:20.9569|DEBUG|GameStore.BLL.Services.GameStoreService|Getting all Genres. Returned 16  Genres.
80000071-0000-f400-b63f-84710c7967bb|2016-11-23 11:02:20.9569|DEBUG|GameStore.BLL.Services.GameStoreService|Getting all PlatformTypes. Returned 4  PlatformTypes.
80000071-0000-f400-b63f-84710c7967bb|2016-11-23 11:02:20.9699|DEBUG|GameStore.BLL.Services.GameStoreService|Getting all Publishers. Returned 1  Publishers.
80000073-0000-f400-b63f-84710c7967bb|2016-11-23 11:02:26.9200|DEBUG|GameStore.BLL.Services.GameStoreService|Getting all Genres. Returned 16  Genres.
80000073-0000-f400-b63f-84710c7967bb|2016-11-23 11:02:26.9320|DEBUG|GameStore.BLL.Services.GameStoreService|Getting all PlatformTypes. Returned 4  PlatformTypes.
80000073-0000-f400-b63f-84710c7967bb|2016-11-23 11:02:26.9320|DEBUG|GameStore.BLL.Services.GameStoreService|Getting all Publishers. Returned 1  Publishers.
80000075-0000-f400-b63f-84710c7967bb|2016-11-23 11:02:31.8703|DEBUG|GameStore.BLL.Services.GameStoreService|Getting all Genres. Returned 16  Genres.
80000075-0000-f400-b63f-84710c7967bb|2016-11-23 11:02:31.8793|DEBUG|GameStore.BLL.Services.GameStoreService|Getting all PlatformTypes. Returned 4  PlatformTypes.
80000075-0000-f400-b63f-84710c7967bb|2016-11-23 11:02:31.8793|DEBUG|GameStore.BLL.Services.GameStoreService|Getting all Publishers. Returned 1  Publishers.
80000077-0000-f400-b63f-84710c7967bb|2016-11-23 11:02:36.2689|DEBUG|GameStore.BLL.Services.GameStoreService|Getting all Publishers. Returned 1  Publishers.
80000077-0000-f400-b63f-84710c7967bb|2016-11-23 11:02:36.2955|DEBUG|GameStore.BLL.Services.GameStoreService|Getting all PlatformTypes. Returned 4  PlatformTypes.
80000077-0000-f400-b63f-84710c7967bb|2016-11-23 11:02:36.3272|DEBUG|GameStore.BLL.Services.GameStoreService|Getting all Genres. Returned 16  Genres.
80000079-0000-f400-b63f-84710c7967bb|2016-11-23 11:02:42.9017|DEBUG|GameStore.BLL.Services.GameStoreService|Add GameDTO with Id: 559572d5-963e-49ee-86fb-807a2dbf658b
8000007a-0000-f400-b63f-84710c7967bb|2016-11-23 11:02:42.9766|DEBUG|GameStore.BLL.Services.GameStoreService|Getting all Genres. Returned 16  Genres.
8000007a-0000-f400-b63f-84710c7967bb|2016-11-23 11:02:42.9856|DEBUG|GameStore.BLL.Services.GameStoreService|Getting all PlatformTypes. Returned 4  PlatformTypes.
8000007a-0000-f400-b63f-84710c7967bb|2016-11-23 11:02:42.9856|DEBUG|GameStore.BLL.Services.GameStoreService|Getting all Publishers. Returned 1  Publishers.
8000007c-0000-f400-b63f-84710c7967bb|2016-11-23 11:02:48.2607|DEBUG|GameStore.BLL.Services.GameStoreService|Getting all Genres. Returned 16  Genres.
8000007c-0000-f400-b63f-84710c7967bb|2016-11-23 11:02:48.2697|DEBUG|GameStore.BLL.Services.GameStoreService|Getting all PlatformTypes. Returned 4  PlatformTypes.
8000007c-0000-f400-b63f-84710c7967bb|2016-11-23 11:02:48.2697|DEBUG|GameStore.BLL.Services.GameStoreService|Getting all Publishers. Returned 1  Publishers.
8000007c-0000-f400-b63f-84710c7967bb|2016-11-23 11:02:48.3001|DEBUG|GameStore.BLL.Services.GameStoreService|Getting all Games. Returned 3  Games.
8000007e-0000-f400-b63f-84710c7967bb|2016-11-23 11:02:55.9327|DEBUG|GameStore.BLL.Services.GameStoreService|Getting all Genres. Returned 16  Genres.
8000007e-0000-f400-b63f-84710c7967bb|2016-11-23 11:02:55.9417|DEBUG|GameStore.BLL.Services.GameStoreService|Getting all PlatformTypes. Returned 4  PlatformTypes.
8000007e-0000-f400-b63f-84710c7967bb|2016-11-23 11:02:55.9417|DEBUG|GameStore.BLL.Services.GameStoreService|Getting all Publishers. Returned 1  Publishers.
800008fe-0001-f800-b63f-84710c7967bb|2016-11-23 11:07:48.8652|DEBUG|GameStore.BLL.Services.GameStoreService|Getting all Genres. Returned 16  Genres.
800008fe-0001-f800-b63f-84710c7967bb|2016-11-23 11:07:48.8892|DEBUG|GameStore.BLL.Services.GameStoreService|Getting all PlatformTypes. Returned 4  PlatformTypes.
800008fe-0001-f800-b63f-84710c7967bb|2016-11-23 11:07:48.9073|DEBUG|GameStore.BLL.Services.GameStoreService|Getting all Publishers. Returned 1  Publishers.
800008fe-0001-f800-b63f-84710c7967bb|2016-11-23 11:07:49.4651|DEBUG|GameStore.BLL.Services.GameStoreService|Getting all Games. Returned 2  Games.
80000900-0001-f800-b63f-84710c7967bb|2016-11-23 11:07:55.0511|DEBUG|GameStore.BLL.Services.GameStoreService|Getting all Genres. Returned 16  Genres.
80000900-0001-f800-b63f-84710c7967bb|2016-11-23 11:07:55.0511|DEBUG|GameStore.BLL.Services.GameStoreService|Getting all PlatformTypes. Returned 4  PlatformTypes.
80000900-0001-f800-b63f-84710c7967bb|2016-11-23 11:07:55.0511|DEBUG|GameStore.BLL.Services.GameStoreService|Getting all Publishers. Returned 1  Publishers.
80000902-0001-f800-b63f-84710c7967bb|2016-11-23 11:07:58.7523|DEBUG|GameStore.BLL.Services.GameStoreService|Getting all Genres. Returned 16  Genres.
80000902-0001-f800-b63f-84710c7967bb|2016-11-23 11:07:58.7613|DEBUG|GameStore.BLL.Services.GameStoreService|Getting all PlatformTypes. Returned 4  PlatformTypes.
80000902-0001-f800-b63f-84710c7967bb|2016-11-23 11:07:58.7613|DEBUG|GameStore.BLL.Services.GameStoreService|Getting all Publishers. Returned 1  Publishers.
80000904-0001-f800-b63f-84710c7967bb|2016-11-23 11:08:03.8078|DEBUG|GameStore.BLL.Services.GameStoreService|Getting all Genres. Returned 16  Genres.
80000904-0001-f800-b63f-84710c7967bb|2016-11-23 11:08:03.8164|DEBUG|GameStore.BLL.Services.GameStoreService|Getting all PlatformTypes. Returned 4  PlatformTypes.
80000904-0001-f800-b63f-84710c7967bb|2016-11-23 11:08:03.8164|DEBUG|GameStore.BLL.Services.GameStoreService|Getting all Publishers. Returned 1  Publishers.
80000655-0002-f600-b63f-84710c7967bb|2016-11-23 11:30:38.5025|DEBUG|GameStore.BLL.Services.GameStoreService|Getting all Genres. Returned 16  Genres.
80000655-0002-f600-b63f-84710c7967bb|2016-11-23 11:30:38.5282|DEBUG|GameStore.BLL.Services.GameStoreService|Getting all PlatformTypes. Returned 4  PlatformTypes.
80000655-0002-f600-b63f-84710c7967bb|2016-11-23 11:30:38.5452|DEBUG|GameStore.BLL.Services.GameStoreService|Getting all Publishers. Returned 1  Publishers.
80000655-0002-f600-b63f-84710c7967bb|2016-11-23 11:30:39.1099|DEBUG|GameStore.BLL.Services.GameStoreService|Getting all Games. Returned 2  Games.
8000065a-0002-f600-b63f-84710c7967bb|2016-11-23 11:31:00.5745|DEBUG|GameStore.BLL.Services.GameStoreService|Getting all Genres. Returned 16  Genres.
8000065a-0002-f600-b63f-84710c7967bb|2016-11-23 11:31:00.5840|DEBUG|GameStore.BLL.Services.GameStoreService|Getting all PlatformTypes. Returned 4  PlatformTypes.
8000065a-0002-f600-b63f-84710c7967bb|2016-11-23 11:31:00.5840|DEBUG|GameStore.BLL.Services.GameStoreService|Getting all Publishers. Returned 1  Publishers.
8000065c-0002-f600-b63f-84710c7967bb|2016-11-23 11:31:07.7145|DEBUG|GameStore.BLL.Services.GameStoreService|Getting all Genres. Returned 16  Genres.
8000065c-0002-f600-b63f-84710c7967bb|2016-11-23 11:31:07.7145|DEBUG|GameStore.BLL.Services.GameStoreService|Getting all PlatformTypes. Returned 4  PlatformTypes.
8000065c-0002-f600-b63f-84710c7967bb|2016-11-23 11:31:07.7272|DEBUG|GameStore.BLL.Services.GameStoreService|Getting all Publishers. Returned 1  Publishers.
8000065e-0002-f600-b63f-84710c7967bb|2016-11-23 11:31:11.6177|DEBUG|GameStore.BLL.Services.GameStoreService|Getting all Genres. Returned 16  Genres.
8000065e-0002-f600-b63f-84710c7967bb|2016-11-23 11:31:11.6177|DEBUG|GameStore.BLL.Services.GameStoreService|Getting all PlatformTypes. Returned 4  PlatformTypes.
8000065e-0002-f600-b63f-84710c7967bb|2016-11-23 11:31:11.6352|DEBUG|GameStore.BLL.Services.GameStoreService|Getting all Publishers. Returned 1  Publishers.
8000003f-0001-e800-b63f-84710c7967bb|2016-11-23 11:49:01.4947|DEBUG|GameStore.BLL.Services.GameStoreService|Getting all Genres. Returned 16  Genres.
8000003f-0001-e800-b63f-84710c7967bb|2016-11-23 11:49:01.5187|DEBUG|GameStore.BLL.Services.GameStoreService|Getting all PlatformTypes. Returned 4  PlatformTypes.
8000003f-0001-e800-b63f-84710c7967bb|2016-11-23 11:49:01.5368|DEBUG|GameStore.BLL.Services.GameStoreService|Getting all Publishers. Returned 1  Publishers.
8000003f-0001-e800-b63f-84710c7967bb|2016-11-23 11:49:02.1176|DEBUG|GameStore.BLL.Services.GameStoreService|Getting all Games. Returned 3  Games.
80000041-0001-e800-b63f-84710c7967bb|2016-11-23 11:49:09.4369|DEBUG|GameStore.BLL.Services.GameStoreService|Getting all Genres. Returned 16  Genres.
80000041-0001-e800-b63f-84710c7967bb|2016-11-23 11:49:09.4459|DEBUG|GameStore.BLL.Services.GameStoreService|Getting all PlatformTypes. Returned 4  PlatformTypes.
80000041-0001-e800-b63f-84710c7967bb|2016-11-23 11:49:09.4459|DEBUG|GameStore.BLL.Services.GameStoreService|Getting all Publishers. Returned 1  Publishers.
80000162-0002-ed00-b63f-84710c7967bb|2016-11-23 11:51:01.0476|DEBUG|GameStore.BLL.Services.GameStoreService|Getting all Genres. Returned 16  Genres.
80000162-0002-ed00-b63f-84710c7967bb|2016-11-23 11:51:01.0946|DEBUG|GameStore.BLL.Services.GameStoreService|Getting all PlatformTypes. Returned 4  PlatformTypes.
80000162-0002-ed00-b63f-84710c7967bb|2016-11-23 11:51:01.1116|DEBUG|GameStore.BLL.Services.GameStoreService|Getting all Publishers. Returned 1  Publishers.
80000162-0002-ed00-b63f-84710c7967bb|2016-11-23 11:51:01.7236|DEBUG|GameStore.BLL.Services.GameStoreService|Getting all Games. Returned 12  Games.
80000164-0002-ed00-b63f-84710c7967bb|2016-11-23 11:51:09.6125|DEBUG|GameStore.BLL.Services.GameStoreService|Getting all Genres. Returned 16  Genres.
80000164-0002-ed00-b63f-84710c7967bb|2016-11-23 11:51:09.6265|DEBUG|GameStore.BLL.Services.GameStoreService|Getting all PlatformTypes. Returned 4  PlatformTypes.
80000164-0002-ed00-b63f-84710c7967bb|2016-11-23 11:51:09.6375|DEBUG|GameStore.BLL.Services.GameStoreService|Getting all Publishers. Returned 1  Publishers.
80000166-0002-ed00-b63f-84710c7967bb|2016-11-23 11:51:12.4933|DEBUG|GameStore.BLL.Services.GameStoreService|Getting all Genres. Returned 16  Genres.
80000166-0002-ed00-b63f-84710c7967bb|2016-11-23 11:51:12.5043|DEBUG|GameStore.BLL.Services.GameStoreService|Getting all PlatformTypes. Returned 4  PlatformTypes.
80000166-0002-ed00-b63f-84710c7967bb|2016-11-23 11:51:12.5043|DEBUG|GameStore.BLL.Services.GameStoreService|Getting all Publishers. Returned 1  Publishers.
80000168-0002-ed00-b63f-84710c7967bb|2016-11-23 11:51:18.8384|DEBUG|GameStore.BLL.Services.GameStoreService|Getting all Genres. Returned 16  Genres.
80000168-0002-ed00-b63f-84710c7967bb|2016-11-23 11:51:18.8474|DEBUG|GameStore.BLL.Services.GameStoreService|Getting all PlatformTypes. Returned 4  PlatformTypes.
80000168-0002-ed00-b63f-84710c7967bb|2016-11-23 11:51:18.8474|DEBUG|GameStore.BLL.Services.GameStoreService|Getting all Publishers. Returned 1  Publishers.
8000016a-0002-ed00-b63f-84710c7967bb|2016-11-23 11:52:28.4281|DEBUG|GameStore.BLL.Services.GameStoreService|Getting all Genres. Returned 16  Genres.
8000016a-0002-ed00-b63f-84710c7967bb|2016-11-23 11:52:28.4281|DEBUG|GameStore.BLL.Services.GameStoreService|Getting all PlatformTypes. Returned 4  PlatformTypes.
8000016a-0002-ed00-b63f-84710c7967bb|2016-11-23 11:52:28.4461|DEBUG|GameStore.BLL.Services.GameStoreService|Getting all Publishers. Returned 1  Publishers.
8000016a-0002-ed00-b63f-84710c7967bb|2016-11-23 11:52:28.5302|DEBUG|GameStore.BLL.Services.GameStoreService|Getting all Games. Returned 12  Games.
8000016c-0002-ed00-b63f-84710c7967bb|2016-11-23 11:52:40.3093|DEBUG|GameStore.BLL.Services.GameStoreService|Getting all Genres. Returned 16  Genres.
8000016c-0002-ed00-b63f-84710c7967bb|2016-11-23 11:52:40.3178|DEBUG|GameStore.BLL.Services.GameStoreService|Getting all PlatformTypes. Returned 4  PlatformTypes.
8000016c-0002-ed00-b63f-84710c7967bb|2016-11-23 11:52:40.3178|DEBUG|GameStore.BLL.Services.GameStoreService|Getting all Publishers. Returned 1  Publishers.
80000554-0001-f600-b63f-84710c7967bb|2016-11-23 11:56:10.2791|DEBUG|GameStore.BLL.Services.GameStoreService|Getting all Genres. Returned 16  Genres.
80000554-0001-f600-b63f-84710c7967bb|2016-11-23 11:56:10.3031|DEBUG|GameStore.BLL.Services.GameStoreService|Getting all PlatformTypes. Returned 4  PlatformTypes.
80000554-0001-f600-b63f-84710c7967bb|2016-11-23 11:56:10.3221|DEBUG|GameStore.BLL.Services.GameStoreService|Getting all Publishers. Returned 1  Publishers.
80000554-0001-f600-b63f-84710c7967bb|2016-11-23 11:56:10.9327|DEBUG|GameStore.BLL.Services.GameStoreService|Getting all Games. Returned 12  Games.
80000556-0001-f600-b63f-84710c7967bb|2016-11-23 11:56:17.9426|DEBUG|GameStore.BLL.Services.GameStoreService|Getting all Genres. Returned 16  Genres.
80000556-0001-f600-b63f-84710c7967bb|2016-11-23 11:56:17.9426|DEBUG|GameStore.BLL.Services.GameStoreService|Getting all PlatformTypes. Returned 4  PlatformTypes.
80000556-0001-f600-b63f-84710c7967bb|2016-11-23 11:56:17.9616|DEBUG|GameStore.BLL.Services.GameStoreService|Getting all Publishers. Returned 1  Publishers.
80000558-0001-f600-b63f-84710c7967bb|2016-11-23 11:56:20.7268|DEBUG|GameStore.BLL.Services.GameStoreService|Getting all Genres. Returned 16  Genres.
80000558-0001-f600-b63f-84710c7967bb|2016-11-23 11:56:20.7268|DEBUG|GameStore.BLL.Services.GameStoreService|Getting all PlatformTypes. Returned 4  PlatformTypes.
80000558-0001-f600-b63f-84710c7967bb|2016-11-23 11:56:20.7448|DEBUG|GameStore.BLL.Services.GameStoreService|Getting all Publishers. Returned 1  Publishers.
8000055a-0001-f600-b63f-84710c7967bb|2016-11-23 11:56:29.2345|DEBUG|GameStore.BLL.Services.GameStoreService|Getting all Genres. Returned 16  Genres.
8000055a-0001-f600-b63f-84710c7967bb|2016-11-23 11:56:29.2435|DEBUG|GameStore.BLL.Services.GameStoreService|Getting all PlatformTypes. Returned 4  PlatformTypes.
8000055a-0001-f600-b63f-84710c7967bb|2016-11-23 11:56:29.2435|DEBUG|GameStore.BLL.Services.GameStoreService|Getting all Publishers. Returned 1  Publishers.
8000055c-0001-f600-b63f-84710c7967bb|2016-11-23 11:56:31.6014|DEBUG|GameStore.BLL.Services.GameStoreService|Getting all Genres. Returned 16  Genres.
8000055c-0001-f600-b63f-84710c7967bb|2016-11-23 11:56:31.6014|DEBUG|GameStore.BLL.Services.GameStoreService|Getting all PlatformTypes. Returned 4  PlatformTypes.
8000055c-0001-f600-b63f-84710c7967bb|2016-11-23 11:56:31.6154|DEBUG|GameStore.BLL.Services.GameStoreService|Getting all Publishers. Returned 1  Publishers.
8000055e-0001-f600-b63f-84710c7967bb|2016-11-23 11:56:36.6339|DEBUG|GameStore.BLL.Services.GameStoreService|Getting all Genres. Returned 16  Genres.
8000055e-0001-f600-b63f-84710c7967bb|2016-11-23 11:56:36.6339|DEBUG|GameStore.BLL.Services.GameStoreService|Getting all PlatformTypes. Returned 4  PlatformTypes.
8000055e-0001-f600-b63f-84710c7967bb|2016-11-23 11:56:36.6469|DEBUG|GameStore.BLL.Services.GameStoreService|Getting all Publishers. Returned 1  Publishers.
80000560-0001-f600-b63f-84710c7967bb|2016-11-23 11:56:41.2069|DEBUG|GameStore.BLL.Services.GameStoreService|Getting all Genres. Returned 16  Genres.
80000560-0001-f600-b63f-84710c7967bb|2016-11-23 11:56:41.2219|DEBUG|GameStore.BLL.Services.GameStoreService|Getting all PlatformTypes. Returned 4  PlatformTypes.
80000560-0001-f600-b63f-84710c7967bb|2016-11-23 11:56:41.2269|DEBUG|GameStore.BLL.Services.GameStoreService|Getting all Publishers. Returned 1  Publishers.
80000562-0001-f600-b63f-84710c7967bb|2016-11-23 11:56:57.9001|DEBUG|GameStore.BLL.Services.GameStoreService|Getting all Genres. Returned 16  Genres.
80000562-0001-f600-b63f-84710c7967bb|2016-11-23 11:56:57.9001|DEBUG|GameStore.BLL.Services.GameStoreService|Getting all PlatformTypes. Returned 4  PlatformTypes.
80000562-0001-f600-b63f-84710c7967bb|2016-11-23 11:56:57.9141|DEBUG|GameStore.BLL.Services.GameStoreService|Getting all Publishers. Returned 1  Publishers.
80000564-0001-f600-b63f-84710c7967bb|2016-11-23 11:57:02.0974|DEBUG|GameStore.BLL.Services.GameStoreService|Getting all Genres. Returned 16  Genres.
80000564-0001-f600-b63f-84710c7967bb|2016-11-23 11:57:02.1064|DEBUG|GameStore.BLL.Services.GameStoreService|Getting all PlatformTypes. Returned 4  PlatformTypes.
80000564-0001-f600-b63f-84710c7967bb|2016-11-23 11:57:02.1064|DEBUG|GameStore.BLL.Services.GameStoreService|Getting all Publishers. Returned 1  Publishers.
80000566-0001-f600-b63f-84710c7967bb|2016-11-23 11:57:04.1946|DEBUG|GameStore.BLL.Services.GameStoreService|Getting all Genres. Returned 16  Genres.
80000566-0001-f600-b63f-84710c7967bb|2016-11-23 11:57:04.1946|DEBUG|GameStore.BLL.Services.GameStoreService|Getting all PlatformTypes. Returned 4  PlatformTypes.
80000566-0001-f600-b63f-84710c7967bb|2016-11-23 11:57:04.2096|DEBUG|GameStore.BLL.Services.GameStoreService|Getting all Publishers. Returned 1  Publishers.
80000568-0001-f600-b63f-84710c7967bb|2016-11-23 11:57:06.8181|DEBUG|GameStore.BLL.Services.GameStoreService|Getting all Genres. Returned 16  Genres.
80000568-0001-f600-b63f-84710c7967bb|2016-11-23 11:57:06.8332|DEBUG|GameStore.BLL.Services.GameStoreService|Getting all PlatformTypes. Returned 4  PlatformTypes.
80000568-0001-f600-b63f-84710c7967bb|2016-11-23 11:57:06.8332|DEBUG|GameStore.BLL.Services.GameStoreService|Getting all Publishers. Returned 1  Publishers.
8000056a-0001-f600-b63f-84710c7967bb|2016-11-23 11:57:21.8254|DEBUG|GameStore.BLL.Services.GameStoreService|Getting all Genres. Returned 16  Genres.
8000056a-0001-f600-b63f-84710c7967bb|2016-11-23 11:57:21.8444|DEBUG|GameStore.BLL.Services.GameStoreService|Getting all PlatformTypes. Returned 4  PlatformTypes.
8000056a-0001-f600-b63f-84710c7967bb|2016-11-23 11:57:21.8527|DEBUG|GameStore.BLL.Services.GameStoreService|Getting all Publishers. Returned 1  Publishers.
8000056a-0001-f600-b63f-84710c7967bb|2016-11-23 11:57:21.9823|DEBUG|GameStore.BLL.Services.GameStoreService|Getting all Games. Returned 12  Games.
8000056c-0001-f600-b63f-84710c7967bb|2016-11-23 11:58:42.8629|DEBUG|GameStore.BLL.Services.GameStoreService|Getting all Genres. Returned 16  Genres.
8000056c-0001-f600-b63f-84710c7967bb|2016-11-23 11:58:42.8764|DEBUG|GameStore.BLL.Services.GameStoreService|Getting all PlatformTypes. Returned 4  PlatformTypes.
8000056c-0001-f600-b63f-84710c7967bb|2016-11-23 11:58:42.8825|DEBUG|GameStore.BLL.Services.GameStoreService|Getting all Publishers. Returned 1  Publishers.
8000056c-0001-f600-b63f-84710c7967bb|2016-11-23 11:58:42.9882|DEBUG|GameStore.BLL.Services.GameStoreService|Getting all Games. Returned 12  Games.
8000056e-0001-f600-b63f-84710c7967bb|2016-11-23 11:58:51.5070|DEBUG|GameStore.BLL.Services.GameStoreService|Getting all Genres. Returned 16  Genres.
8000056e-0001-f600-b63f-84710c7967bb|2016-11-23 11:58:51.5070|DEBUG|GameStore.BLL.Services.GameStoreService|Getting all PlatformTypes. Returned 4  PlatformTypes.
8000056e-0001-f600-b63f-84710c7967bb|2016-11-23 11:58:51.5215|DEBUG|GameStore.BLL.Services.GameStoreService|Getting all Publishers. Returned 1  Publishers.
800003af-0000-e900-b63f-84710c7967bb|2016-11-23 12:00:01.2210|DEBUG|GameStore.BLL.Services.GameStoreService|Getting all Genres. Returned 16  Genres.
800003af-0000-e900-b63f-84710c7967bb|2016-11-23 12:00:01.2455|DEBUG|GameStore.BLL.Services.GameStoreService|Getting all PlatformTypes. Returned 4  PlatformTypes.
800003af-0000-e900-b63f-84710c7967bb|2016-11-23 12:00:01.2635|DEBUG|GameStore.BLL.Services.GameStoreService|Getting all Publishers. Returned 1  Publishers.
800003af-0000-e900-b63f-84710c7967bb|2016-11-23 12:00:01.8808|DEBUG|GameStore.BLL.Services.GameStoreService|Getting all Games. Returned 12  Games.
800003b1-0000-e900-b63f-84710c7967bb|2016-11-23 12:00:07.4586|DEBUG|GameStore.BLL.Services.GameStoreService|Getting all Genres. Returned 16  Genres.
800003b1-0000-e900-b63f-84710c7967bb|2016-11-23 12:00:07.4586|DEBUG|GameStore.BLL.Services.GameStoreService|Getting all PlatformTypes. Returned 4  PlatformTypes.
800003b1-0000-e900-b63f-84710c7967bb|2016-11-23 12:00:07.4586|DEBUG|GameStore.BLL.Services.GameStoreService|Getting all Publishers. Returned 1  Publishers.
800003b3-0000-e900-b63f-84710c7967bb|2016-11-23 12:00:44.4661|DEBUG|GameStore.BLL.Services.GameStoreService|Getting all Genres. Returned 16  Genres.
800003b3-0000-e900-b63f-84710c7967bb|2016-11-23 12:00:44.4771|DEBUG|GameStore.BLL.Services.GameStoreService|Getting all PlatformTypes. Returned 4  PlatformTypes.
800003b3-0000-e900-b63f-84710c7967bb|2016-11-23 12:00:44.4771|DEBUG|GameStore.BLL.Services.GameStoreService|Getting all Publishers. Returned 1  Publishers.
800003b5-0000-e900-b63f-84710c7967bb|2016-11-23 12:00:51.0929|DEBUG|GameStore.BLL.Services.GameStoreService|Getting all Genres. Returned 16  Genres.
800003b5-0000-e900-b63f-84710c7967bb|2016-11-23 12:00:51.1029|DEBUG|GameStore.BLL.Services.GameStoreService|Getting all PlatformTypes. Returned 4  PlatformTypes.
800003b5-0000-e900-b63f-84710c7967bb|2016-11-23 12:00:51.1029|DEBUG|GameStore.BLL.Services.GameStoreService|Getting all Publishers. Returned 1  Publishers.
800003b7-0000-e900-b63f-84710c7967bb|2016-11-23 12:00:55.3355|DEBUG|GameStore.BLL.Services.GameStoreService|Getting all Genres. Returned 16  Genres.
800003b7-0000-e900-b63f-84710c7967bb|2016-11-23 12:00:55.3355|DEBUG|GameStore.BLL.Services.GameStoreService|Getting all PlatformTypes. Returned 4  PlatformTypes.
800003b7-0000-e900-b63f-84710c7967bb|2016-11-23 12:00:55.3495|DEBUG|GameStore.BLL.Services.GameStoreService|Getting all Publishers. Returned 1  Publishers.
800003b9-0000-e900-b63f-84710c7967bb|2016-11-23 12:01:09.4017|DEBUG|GameStore.BLL.Services.GameStoreService|Getting all Genres. Returned 16  Genres.
800003b9-0000-e900-b63f-84710c7967bb|2016-11-23 12:01:09.4017|DEBUG|GameStore.BLL.Services.GameStoreService|Getting all PlatformTypes. Returned 4  PlatformTypes.
800003b9-0000-e900-b63f-84710c7967bb|2016-11-23 12:01:09.4142|DEBUG|GameStore.BLL.Services.GameStoreService|Getting all Publishers. Returned 1  Publishers.
800003b9-0000-e900-b63f-84710c7967bb|2016-11-23 12:01:09.4908|DEBUG|GameStore.BLL.Services.GameStoreService|Getting all Games. Returned 12  Games.
800003a8-0003-ef00-b63f-84710c7967bb|2016-11-23 12:03:08.6441|DEBUG|GameStore.BLL.Services.GameStoreService|Getting all Genres. Returned 16  Genres.
800003a8-0003-ef00-b63f-84710c7967bb|2016-11-23 12:03:08.6681|DEBUG|GameStore.BLL.Services.GameStoreService|Getting all PlatformTypes. Returned 4  PlatformTypes.
800003a8-0003-ef00-b63f-84710c7967bb|2016-11-23 12:03:08.6841|DEBUG|GameStore.BLL.Services.GameStoreService|Getting all Publishers. Returned 1  Publishers.
800003a8-0003-ef00-b63f-84710c7967bb|2016-11-23 12:03:09.2920|DEBUG|GameStore.BLL.Services.GameStoreService|Getting all Games. Returned 12  Games.
800003aa-0003-ef00-b63f-84710c7967bb|2016-11-23 12:03:16.2091|DEBUG|GameStore.BLL.Services.GameStoreService|Getting all Genres. Returned 16  Genres.
800003aa-0003-ef00-b63f-84710c7967bb|2016-11-23 12:03:16.2201|DEBUG|GameStore.BLL.Services.GameStoreService|Getting all PlatformTypes. Returned 4  PlatformTypes.
800003aa-0003-ef00-b63f-84710c7967bb|2016-11-23 12:03:16.2201|DEBUG|GameStore.BLL.Services.GameStoreService|Getting all Publishers. Returned 1  Publishers.
800003ac-0003-ef00-b63f-84710c7967bb|2016-11-23 12:03:18.6200|DEBUG|GameStore.BLL.Services.GameStoreService|Getting all Genres. Returned 16  Genres.
800003ac-0003-ef00-b63f-84710c7967bb|2016-11-23 12:03:18.6320|DEBUG|GameStore.BLL.Services.GameStoreService|Getting all PlatformTypes. Returned 4  PlatformTypes.
800003ac-0003-ef00-b63f-84710c7967bb|2016-11-23 12:03:18.6320|DEBUG|GameStore.BLL.Services.GameStoreService|Getting all Publishers. Returned 1  Publishers.
800003ae-0003-ef00-b63f-84710c7967bb|2016-11-23 12:03:22.1638|DEBUG|GameStore.BLL.Services.GameStoreService|Getting all Genres. Returned 16  Genres.
800003ae-0003-ef00-b63f-84710c7967bb|2016-11-23 12:03:22.1739|DEBUG|GameStore.BLL.Services.GameStoreService|Getting all PlatformTypes. Returned 4  PlatformTypes.
800003ae-0003-ef00-b63f-84710c7967bb|2016-11-23 12:03:22.1739|DEBUG|GameStore.BLL.Services.GameStoreService|Getting all Publishers. Returned 1  Publishers.
800003b0-0003-ef00-b63f-84710c7967bb|2016-11-23 12:03:27.8083|DEBUG|GameStore.BLL.Services.GameStoreService|Getting all Genres. Returned 16  Genres.
800003b0-0003-ef00-b63f-84710c7967bb|2016-11-23 12:03:27.8211|DEBUG|GameStore.BLL.Services.GameStoreService|Getting all PlatformTypes. Returned 4  PlatformTypes.
800003b0-0003-ef00-b63f-84710c7967bb|2016-11-23 12:03:27.8211|DEBUG|GameStore.BLL.Services.GameStoreService|Getting all Publishers. Returned 1  Publishers.
800003b2-0003-ef00-b63f-84710c7967bb|2016-11-23 12:03:29.8970|DEBUG|GameStore.BLL.Services.GameStoreService|Getting all Genres. Returned 16  Genres.
800003b2-0003-ef00-b63f-84710c7967bb|2016-11-23 12:03:29.9070|DEBUG|GameStore.BLL.Services.GameStoreService|Getting all PlatformTypes. Returned 4  PlatformTypes.
800003b2-0003-ef00-b63f-84710c7967bb|2016-11-23 12:03:29.9070|DEBUG|GameStore.BLL.Services.GameStoreService|Getting all Publishers. Returned 1  Publishers.
800003b4-0003-ef00-b63f-84710c7967bb|2016-11-23 12:03:45.6257|DEBUG|GameStore.BLL.Services.GameStoreService|Getting all Genres. Returned 16  Genres.
800003b4-0003-ef00-b63f-84710c7967bb|2016-11-23 12:03:45.6257|DEBUG|GameStore.BLL.Services.GameStoreService|Getting all PlatformTypes. Returned 4  PlatformTypes.
800003b4-0003-ef00-b63f-84710c7967bb|2016-11-23 12:03:45.6398|DEBUG|GameStore.BLL.Services.GameStoreService|Getting all Publishers. Returned 1  Publishers.
800003b6-0003-ef00-b63f-84710c7967bb|2016-11-23 12:03:51.5994|DEBUG|GameStore.BLL.Services.GameStoreService|Getting all Genres. Returned 16  Genres.
800003b6-0003-ef00-b63f-84710c7967bb|2016-11-23 12:03:51.5994|DEBUG|GameStore.BLL.Services.GameStoreService|Getting all PlatformTypes. Returned 4  PlatformTypes.
800003b6-0003-ef00-b63f-84710c7967bb|2016-11-23 12:03:51.6124|DEBUG|GameStore.BLL.Services.GameStoreService|Getting all Publishers. Returned 1  Publishers.
800003b8-0003-ef00-b63f-84710c7967bb|2016-11-23 12:03:53.7066|DEBUG|GameStore.BLL.Services.GameStoreService|Getting all Genres. Returned 16  Genres.
800003b8-0003-ef00-b63f-84710c7967bb|2016-11-23 12:03:53.7176|DEBUG|GameStore.BLL.Services.GameStoreService|Getting all PlatformTypes. Returned 4  PlatformTypes.
800003b8-0003-ef00-b63f-84710c7967bb|2016-11-23 12:03:53.7176|DEBUG|GameStore.BLL.Services.GameStoreService|Getting all Publishers. Returned 1  Publishers.
800002d4-0000-f200-b63f-84710c7967bb|2016-11-23 12:17:28.5359|DEBUG|GameStore.BLL.Services.GameStoreService|Getting all Genres. Returned 16  Genres.
800002d4-0000-f200-b63f-84710c7967bb|2016-11-23 12:17:28.5609|DEBUG|GameStore.BLL.Services.GameStoreService|Getting all PlatformTypes. Returned 4  PlatformTypes.
800002d4-0000-f200-b63f-84710c7967bb|2016-11-23 12:17:28.5779|DEBUG|GameStore.BLL.Services.GameStoreService|Getting all Publishers. Returned 1  Publishers.
800002d4-0000-f200-b63f-84710c7967bb|2016-11-23 12:17:29.2122|DEBUG|GameStore.BLL.Services.GameStoreService|Getting all Games. Returned 12  Games.
800002d6-0000-f200-b63f-84710c7967bb|2016-11-23 12:17:40.8204|DEBUG|GameStore.BLL.Services.GameStoreService|Getting all Genres. Returned 16  Genres.
800002d6-0000-f200-b63f-84710c7967bb|2016-11-23 12:17:40.8295|DEBUG|GameStore.BLL.Services.GameStoreService|Getting all PlatformTypes. Returned 4  PlatformTypes.
800002d6-0000-f200-b63f-84710c7967bb|2016-11-23 12:17:40.8295|DEBUG|GameStore.BLL.Services.GameStoreService|Getting all Publishers. Returned 1  Publishers.
800002d8-0000-f200-b63f-84710c7967bb|2016-11-23 12:17:44.1132|DEBUG|GameStore.BLL.Services.GameStoreService|Getting all Genres. Returned 16  Genres.
800002d8-0000-f200-b63f-84710c7967bb|2016-11-23 12:17:44.1132|DEBUG|GameStore.BLL.Services.GameStoreService|Getting all PlatformTypes. Returned 4  PlatformTypes.
800002d8-0000-f200-b63f-84710c7967bb|2016-11-23 12:17:44.1311|DEBUG|GameStore.BLL.Services.GameStoreService|Getting all Publishers. Returned 1  Publishers.
800002da-0000-f200-b63f-84710c7967bb|2016-11-23 12:17:54.9792|DEBUG|GameStore.BLL.Services.GameStoreService|Getting all Genres. Returned 16  Genres.
800002da-0000-f200-b63f-84710c7967bb|2016-11-23 12:17:54.9882|DEBUG|GameStore.BLL.Services.GameStoreService|Getting all PlatformTypes. Returned 4  PlatformTypes.
800002da-0000-f200-b63f-84710c7967bb|2016-11-23 12:17:54.9882|DEBUG|GameStore.BLL.Services.GameStoreService|Getting all Publishers. Returned 1  Publishers.
800002dc-0000-f200-b63f-84710c7967bb|2016-11-23 12:17:57.1266|DEBUG|GameStore.BLL.Services.GameStoreService|Getting all Genres. Returned 16  Genres.
800002dc-0000-f200-b63f-84710c7967bb|2016-11-23 12:17:57.1266|DEBUG|GameStore.BLL.Services.GameStoreService|Getting all PlatformTypes. Returned 4  PlatformTypes.
800002dc-0000-f200-b63f-84710c7967bb|2016-11-23 12:17:57.1437|DEBUG|GameStore.BLL.Services.GameStoreService|Getting all Publishers. Returned 1  Publishers.
800002de-0000-f200-b63f-84710c7967bb|2016-11-23 12:18:16.7281|DEBUG|GameStore.BLL.Services.GameStoreService|Getting all Genres. Returned 16  Genres.
800002de-0000-f200-b63f-84710c7967bb|2016-11-23 12:18:16.7372|DEBUG|GameStore.BLL.Services.GameStoreService|Getting all PlatformTypes. Returned 4  PlatformTypes.
800002de-0000-f200-b63f-84710c7967bb|2016-11-23 12:18:16.7372|DEBUG|GameStore.BLL.Services.GameStoreService|Getting all Publishers. Returned 1  Publishers.
800002e0-0000-f200-b63f-84710c7967bb|2016-11-23 12:18:20.9361|DEBUG|GameStore.BLL.Services.GameStoreService|Getting all Genres. Returned 16  Genres.
800002e0-0000-f200-b63f-84710c7967bb|2016-11-23 12:18:20.9452|DEBUG|GameStore.BLL.Services.GameStoreService|Getting all PlatformTypes. Returned 4  PlatformTypes.
800002e0-0000-f200-b63f-84710c7967bb|2016-11-23 12:18:20.9452|DEBUG|GameStore.BLL.Services.GameStoreService|Getting all Publishers. Returned 1  Publishers.
800002e2-0000-f200-b63f-84710c7967bb|2016-11-23 12:18:57.8880|DEBUG|GameStore.BLL.Services.GameStoreService|Getting all Genres. Returned 16  Genres.
800002e2-0000-f200-b63f-84710c7967bb|2016-11-23 12:18:57.8980|DEBUG|GameStore.BLL.Services.GameStoreService|Getting all PlatformTypes. Returned 4  PlatformTypes.
800002e2-0000-f200-b63f-84710c7967bb|2016-11-23 12:18:57.8980|DEBUG|GameStore.BLL.Services.GameStoreService|Getting all Publishers. Returned 1  Publishers.
800002e2-0000-f200-b63f-84710c7967bb|2016-11-23 12:18:57.9681|DEBUG|GameStore.BLL.Services.GameStoreService|Getting all Games. Returned 12  Games.
800002e4-0000-f200-b63f-84710c7967bb|2016-11-23 12:19:04.8066|DEBUG|GameStore.BLL.Services.GameStoreService|Getting all Genres. Returned 16  Genres.
800002e4-0000-f200-b63f-84710c7967bb|2016-11-23 12:19:04.8166|DEBUG|GameStore.BLL.Services.GameStoreService|Getting all PlatformTypes. Returned 4  PlatformTypes.
800002e4-0000-f200-b63f-84710c7967bb|2016-11-23 12:19:04.8166|DEBUG|GameStore.BLL.Services.GameStoreService|Getting all Publishers. Returned 1  Publishers.
8000135b-0000-f500-b63f-84710c7967bb|2016-11-23 12:23:00.3657|DEBUG|GameStore.BLL.Services.GameStoreService|Getting all Genres. Returned 16  Genres.
8000135b-0000-f500-b63f-84710c7967bb|2016-11-23 12:23:00.3887|DEBUG|GameStore.BLL.Services.GameStoreService|Getting all PlatformTypes. Returned 4  PlatformTypes.
8000135b-0000-f500-b63f-84710c7967bb|2016-11-23 12:23:00.4057|DEBUG|GameStore.BLL.Services.GameStoreService|Getting all Publishers. Returned 1  Publishers.
8000135b-0000-f500-b63f-84710c7967bb|2016-11-23 12:23:01.0432|DEBUG|GameStore.BLL.Services.GameStoreService|Getting all Games. Returned 12  Games.
8000135d-0000-f500-b63f-84710c7967bb|2016-11-23 12:23:18.8235|DEBUG|GameStore.BLL.Services.GameStoreService|Getting all Genres. Returned 16  Genres.
8000135d-0000-f500-b63f-84710c7967bb|2016-11-23 12:23:18.8395|DEBUG|GameStore.BLL.Services.GameStoreService|Getting all PlatformTypes. Returned 4  PlatformTypes.
8000135d-0000-f500-b63f-84710c7967bb|2016-11-23 12:23:18.8395|DEBUG|GameStore.BLL.Services.GameStoreService|Getting all Publishers. Returned 1  Publishers.
80000108-0000-f400-b63f-84710c7967bb|2016-11-23 12:24:58.3021|DEBUG|GameStore.BLL.Services.GameStoreService|Getting all Genres. Returned 16  Genres.
80000108-0000-f400-b63f-84710c7967bb|2016-11-23 12:24:58.3261|DEBUG|GameStore.BLL.Services.GameStoreService|Getting all PlatformTypes. Returned 4  PlatformTypes.
80000108-0000-f400-b63f-84710c7967bb|2016-11-23 12:24:58.3437|DEBUG|GameStore.BLL.Services.GameStoreService|Getting all Publishers. Returned 1  Publishers.
80000108-0000-f400-b63f-84710c7967bb|2016-11-23 12:24:58.9814|DEBUG|GameStore.BLL.Services.GameStoreService|Getting all Games. Returned 12  Games.
8000010a-0000-f400-b63f-84710c7967bb|2016-11-23 12:25:09.7681|DEBUG|GameStore.BLL.Services.GameStoreService|Getting all Genres. Returned 16  Genres.
8000010a-0000-f400-b63f-84710c7967bb|2016-11-23 12:25:09.7681|DEBUG|GameStore.BLL.Services.GameStoreService|Getting all PlatformTypes. Returned 4  PlatformTypes.
8000010a-0000-f400-b63f-84710c7967bb|2016-11-23 12:25:09.7836|DEBUG|GameStore.BLL.Services.GameStoreService|Getting all Publishers. Returned 1  Publishers.
8000010c-0000-f400-b63f-84710c7967bb|2016-11-23 12:25:12.2292|DEBUG|GameStore.BLL.Services.GameStoreService|Getting all Genres. Returned 16  Genres.
8000010c-0000-f400-b63f-84710c7967bb|2016-11-23 12:25:12.2382|DEBUG|GameStore.BLL.Services.GameStoreService|Getting all PlatformTypes. Returned 4  PlatformTypes.
8000010c-0000-f400-b63f-84710c7967bb|2016-11-23 12:25:12.2382|DEBUG|GameStore.BLL.Services.GameStoreService|Getting all Publishers. Returned 1  Publishers.
8000010e-0000-f400-b63f-84710c7967bb|2016-11-23 12:25:17.3209|DEBUG|GameStore.BLL.Services.GameStoreService|Getting all Genres. Returned 16  Genres.
8000010e-0000-f400-b63f-84710c7967bb|2016-11-23 12:25:17.3309|DEBUG|GameStore.BLL.Services.GameStoreService|Getting all PlatformTypes. Returned 4  PlatformTypes.
8000010e-0000-f400-b63f-84710c7967bb|2016-11-23 12:25:17.3309|DEBUG|GameStore.BLL.Services.GameStoreService|Getting all Publishers. Returned 1  Publishers.
80000110-0000-f400-b63f-84710c7967bb|2016-11-23 12:25:19.7886|DEBUG|GameStore.BLL.Services.GameStoreService|Getting all Genres. Returned 16  Genres.
80000110-0000-f400-b63f-84710c7967bb|2016-11-23 12:25:19.8006|DEBUG|GameStore.BLL.Services.GameStoreService|Getting all PlatformTypes. Returned 4  PlatformTypes.
80000110-0000-f400-b63f-84710c7967bb|2016-11-23 12:25:19.8006|DEBUG|GameStore.BLL.Services.GameStoreService|Getting all Publishers. Returned 1  Publishers.
8000071b-0000-f100-b63f-84710c7967bb|2016-11-23 12:26:50.6637|DEBUG|GameStore.BLL.Services.GameStoreService|Getting all Genres. Returned 16  Genres.
8000071b-0000-f100-b63f-84710c7967bb|2016-11-23 12:26:50.6897|DEBUG|GameStore.BLL.Services.GameStoreService|Getting all PlatformTypes. Returned 4  PlatformTypes.
8000071b-0000-f100-b63f-84710c7967bb|2016-11-23 12:26:50.7218|DEBUG|GameStore.BLL.Services.GameStoreService|Getting all Publishers. Returned 1  Publishers.
8000071b-0000-f100-b63f-84710c7967bb|2016-11-23 12:26:51.3036|DEBUG|GameStore.BLL.Services.GameStoreService|Getting all Games. Returned 12  Games.
8000071d-0000-f100-b63f-84710c7967bb|2016-11-23 12:26:58.1793|DEBUG|GameStore.BLL.Services.GameStoreService|Getting all Genres. Returned 16  Genres.
8000071d-0000-f100-b63f-84710c7967bb|2016-11-23 12:26:58.1893|DEBUG|GameStore.BLL.Services.GameStoreService|Getting all PlatformTypes. Returned 4  PlatformTypes.
8000071d-0000-f100-b63f-84710c7967bb|2016-11-23 12:26:58.1893|DEBUG|GameStore.BLL.Services.GameStoreService|Getting all Publishers. Returned 1  Publishers.
8000071f-0000-f100-b63f-84710c7967bb|2016-11-23 12:27:00.3428|DEBUG|GameStore.BLL.Services.GameStoreService|Getting all Genres. Returned 16  Genres.
8000071f-0000-f100-b63f-84710c7967bb|2016-11-23 12:27:00.3428|DEBUG|GameStore.BLL.Services.GameStoreService|Getting all PlatformTypes. Returned 4  PlatformTypes.
8000071f-0000-f100-b63f-84710c7967bb|2016-11-23 12:27:00.3566|DEBUG|GameStore.BLL.Services.GameStoreService|Getting all Publishers. Returned 1  Publishers.
800000de-0003-e900-b63f-84710c7967bb|2016-11-23 12:27:56.2110|DEBUG|GameStore.BLL.Services.GameStoreService|Getting all Genres. Returned 16  Genres.
800000de-0003-e900-b63f-84710c7967bb|2016-11-23 12:27:56.2351|DEBUG|GameStore.BLL.Services.GameStoreService|Getting all PlatformTypes. Returned 4  PlatformTypes.
800000de-0003-e900-b63f-84710c7967bb|2016-11-23 12:27:56.2531|DEBUG|GameStore.BLL.Services.GameStoreService|Getting all Publishers. Returned 1  Publishers.
800000de-0003-e900-b63f-84710c7967bb|2016-11-23 12:27:56.8497|DEBUG|GameStore.BLL.Services.GameStoreService|Getting all Games. Returned 12  Games.
800000e0-0003-e900-b63f-84710c7967bb|2016-11-23 12:28:07.5755|DEBUG|GameStore.BLL.Services.GameStoreService|Getting all Genres. Returned 16  Genres.
800000e0-0003-e900-b63f-84710c7967bb|2016-11-23 12:28:07.5755|DEBUG|GameStore.BLL.Services.GameStoreService|Getting all PlatformTypes. Returned 4  PlatformTypes.
800000e0-0003-e900-b63f-84710c7967bb|2016-11-23 12:28:07.5895|DEBUG|GameStore.BLL.Services.GameStoreService|Getting all Publishers. Returned 1  Publishers.
800000e2-0003-e900-b63f-84710c7967bb|2016-11-23 12:28:09.7894|DEBUG|GameStore.BLL.Services.GameStoreService|Getting all Genres. Returned 16  Genres.
800000e2-0003-e900-b63f-84710c7967bb|2016-11-23 12:28:09.7989|DEBUG|GameStore.BLL.Services.GameStoreService|Getting all PlatformTypes. Returned 4  PlatformTypes.
800000e2-0003-e900-b63f-84710c7967bb|2016-11-23 12:28:09.7989|DEBUG|GameStore.BLL.Services.GameStoreService|Getting all Publishers. Returned 1  Publishers.
800000e4-0003-e900-b63f-84710c7967bb|2016-11-23 12:28:11.5313|DEBUG|GameStore.BLL.Services.GameStoreService|Getting all Genres. Returned 16  Genres.
800000e4-0003-e900-b63f-84710c7967bb|2016-11-23 12:28:11.5313|DEBUG|GameStore.BLL.Services.GameStoreService|Getting all PlatformTypes. Returned 4  PlatformTypes.
800000e4-0003-e900-b63f-84710c7967bb|2016-11-23 12:28:11.5443|DEBUG|GameStore.BLL.Services.GameStoreService|Getting all Publishers. Returned 1  Publishers.
800000e6-0003-e900-b63f-84710c7967bb|2016-11-23 12:28:15.1093|DEBUG|GameStore.BLL.Services.GameStoreService|Getting all Genres. Returned 16  Genres.
800000e6-0003-e900-b63f-84710c7967bb|2016-11-23 12:28:15.1093|DEBUG|GameStore.BLL.Services.GameStoreService|Getting all PlatformTypes. Returned 4  PlatformTypes.
800000e6-0003-e900-b63f-84710c7967bb|2016-11-23 12:28:15.1253|DEBUG|GameStore.BLL.Services.GameStoreService|Getting all Publishers. Returned 1  Publishers.
800000e8-0003-e900-b63f-84710c7967bb|2016-11-23 12:28:20.5738|DEBUG|GameStore.BLL.Services.GameStoreService|Getting all Genres. Returned 16  Genres.
800000e8-0003-e900-b63f-84710c7967bb|2016-11-23 12:28:20.5738|DEBUG|GameStore.BLL.Services.GameStoreService|Getting all PlatformTypes. Returned 4  PlatformTypes.
800000e8-0003-e900-b63f-84710c7967bb|2016-11-23 12:28:20.5738|DEBUG|GameStore.BLL.Services.GameStoreService|Getting all Publishers. Returned 1  Publishers.
800003e4-0000-e900-b63f-84710c7967bb|2016-11-23 12:33:47.8640|DEBUG|GameStore.BLL.Services.GameStoreService|Getting all Genres. Returned 16  Genres.
800003e4-0000-e900-b63f-84710c7967bb|2016-11-23 12:33:47.8880|DEBUG|GameStore.BLL.Services.GameStoreService|Getting all PlatformTypes. Returned 4  PlatformTypes.
800003e4-0000-e900-b63f-84710c7967bb|2016-11-23 12:33:47.9050|DEBUG|GameStore.BLL.Services.GameStoreService|Getting all Publishers. Returned 1  Publishers.
800003e4-0000-e900-b63f-84710c7967bb|2016-11-23 12:33:48.5362|DEBUG|GameStore.BLL.Services.GameStoreService|Getting all Games. Returned 12  Games.
800003e6-0000-e900-b63f-84710c7967bb|2016-11-23 12:33:54.6802|DEBUG|GameStore.BLL.Services.GameStoreService|Getting all Genres. Returned 16  Genres.
800003e6-0000-e900-b63f-84710c7967bb|2016-11-23 12:33:54.6952|DEBUG|GameStore.BLL.Services.GameStoreService|Getting all PlatformTypes. Returned 4  PlatformTypes.
800003e6-0000-e900-b63f-84710c7967bb|2016-11-23 12:33:54.6952|DEBUG|GameStore.BLL.Services.GameStoreService|Getting all Publishers. Returned 1  Publishers.
800003e8-0000-e900-b63f-84710c7967bb|2016-11-23 12:33:56.7615|DEBUG|GameStore.BLL.Services.GameStoreService|Getting all Genres. Returned 16  Genres.
800003e8-0000-e900-b63f-84710c7967bb|2016-11-23 12:33:56.7615|DEBUG|GameStore.BLL.Services.GameStoreService|Getting all PlatformTypes. Returned 4  PlatformTypes.
800003e8-0000-e900-b63f-84710c7967bb|2016-11-23 12:33:56.7745|DEBUG|GameStore.BLL.Services.GameStoreService|Getting all Publishers. Returned 1  Publishers.
800003ea-0000-e900-b63f-84710c7967bb|2016-11-23 12:33:59.2210|DEBUG|GameStore.BLL.Services.GameStoreService|Getting all Genres. Returned 16  Genres.
800003ea-0000-e900-b63f-84710c7967bb|2016-11-23 12:33:59.2322|DEBUG|GameStore.BLL.Services.GameStoreService|Getting all PlatformTypes. Returned 4  PlatformTypes.
800003ea-0000-e900-b63f-84710c7967bb|2016-11-23 12:33:59.2322|DEBUG|GameStore.BLL.Services.GameStoreService|Getting all Publishers. Returned 1  Publishers.
800003ec-0000-e900-b63f-84710c7967bb|2016-11-23 12:34:01.4394|DEBUG|GameStore.BLL.Services.GameStoreService|Getting all Genres. Returned 16  Genres.
800003ec-0000-e900-b63f-84710c7967bb|2016-11-23 12:34:01.4505|DEBUG|GameStore.BLL.Services.GameStoreService|Getting all PlatformTypes. Returned 4  PlatformTypes.
800003ec-0000-e900-b63f-84710c7967bb|2016-11-23 12:34:01.4505|DEBUG|GameStore.BLL.Services.GameStoreService|Getting all Publishers. Returned 1  Publishers.
800003ee-0000-e900-b63f-84710c7967bb|2016-11-23 12:34:03.9257|DEBUG|GameStore.BLL.Services.GameStoreService|Getting all Genres. Returned 16  Genres.
800003ee-0000-e900-b63f-84710c7967bb|2016-11-23 12:34:03.9362|DEBUG|GameStore.BLL.Services.GameStoreService|Getting all PlatformTypes. Returned 4  PlatformTypes.
800003ee-0000-e900-b63f-84710c7967bb|2016-11-23 12:34:03.9453|DEBUG|GameStore.BLL.Services.GameStoreService|Getting all Publishers. Returned 1  Publishers.
800003f0-0000-e900-b63f-84710c7967bb|2016-11-23 12:34:12.8082|DEBUG|GameStore.BLL.Services.GameStoreService|Getting all Genres. Returned 16  Genres.
800003f0-0000-e900-b63f-84710c7967bb|2016-11-23 12:34:12.8082|DEBUG|GameStore.BLL.Services.GameStoreService|Getting all PlatformTypes. Returned 4  PlatformTypes.
800003f0-0000-e900-b63f-84710c7967bb|2016-11-23 12:34:12.8212|DEBUG|GameStore.BLL.Services.GameStoreService|Getting all Publishers. Returned 1  Publishers.
80000098-0001-e800-b63f-84710c7967bb|2016-11-23 12:35:43.5812|DEBUG|GameStore.BLL.Services.GameStoreService|Getting all Genres. Returned 16  Genres.
80000098-0001-e800-b63f-84710c7967bb|2016-11-23 12:35:43.6077|DEBUG|GameStore.BLL.Services.GameStoreService|Getting all PlatformTypes. Returned 4  PlatformTypes.
80000098-0001-e800-b63f-84710c7967bb|2016-11-23 12:35:43.6257|DEBUG|GameStore.BLL.Services.GameStoreService|Getting all Publishers. Returned 1  Publishers.
80000098-0001-e800-b63f-84710c7967bb|2016-11-23 12:35:44.2263|DEBUG|GameStore.BLL.Services.GameStoreService|Getting all Games. Returned 12  Games.
8000009a-0001-e800-b63f-84710c7967bb|2016-11-23 12:35:53.0394|DEBUG|GameStore.BLL.Services.GameStoreService|Getting all Genres. Returned 16  Genres.
8000009a-0001-e800-b63f-84710c7967bb|2016-11-23 12:35:53.0394|DEBUG|GameStore.BLL.Services.GameStoreService|Getting all PlatformTypes. Returned 4  PlatformTypes.
8000009a-0001-e800-b63f-84710c7967bb|2016-11-23 12:35:53.0549|DEBUG|GameStore.BLL.Services.GameStoreService|Getting all Publishers. Returned 1  Publishers.
8000009c-0001-e800-b63f-84710c7967bb|2016-11-23 12:35:55.0076|DEBUG|GameStore.BLL.Services.GameStoreService|Getting all Genres. Returned 16  Genres.
8000009c-0001-e800-b63f-84710c7967bb|2016-11-23 12:35:55.0076|DEBUG|GameStore.BLL.Services.GameStoreService|Getting all PlatformTypes. Returned 4  PlatformTypes.
8000009c-0001-e800-b63f-84710c7967bb|2016-11-23 12:35:55.0076|DEBUG|GameStore.BLL.Services.GameStoreService|Getting all Publishers. Returned 1  Publishers.
8000009e-0001-e800-b63f-84710c7967bb|2016-11-23 12:35:58.7175|DEBUG|GameStore.BLL.Services.GameStoreService|Getting all Genres. Returned 16  Genres.
8000009e-0001-e800-b63f-84710c7967bb|2016-11-23 12:35:58.7265|DEBUG|GameStore.BLL.Services.GameStoreService|Getting all PlatformTypes. Returned 4  PlatformTypes.
8000009e-0001-e800-b63f-84710c7967bb|2016-11-23 12:35:58.7265|DEBUG|GameStore.BLL.Services.GameStoreService|Getting all Publishers. Returned 1  Publishers.
800000a0-0001-e800-b63f-84710c7967bb|2016-11-23 12:36:00.8073|DEBUG|GameStore.BLL.Services.GameStoreService|Getting all Genres. Returned 16  Genres.
800000a0-0001-e800-b63f-84710c7967bb|2016-11-23 12:36:00.8073|DEBUG|GameStore.BLL.Services.GameStoreService|Getting all PlatformTypes. Returned 4  PlatformTypes.
800000a0-0001-e800-b63f-84710c7967bb|2016-11-23 12:36:00.8203|DEBUG|GameStore.BLL.Services.GameStoreService|Getting all Publishers. Returned 1  Publishers.
80000518-0001-f100-b63f-84710c7967bb|2016-11-23 12:36:39.4149|DEBUG|GameStore.BLL.Services.GameStoreService|Getting all Genres. Returned 16  Genres.
80000518-0001-f100-b63f-84710c7967bb|2016-11-23 12:36:39.4369|DEBUG|GameStore.BLL.Services.GameStoreService|Getting all PlatformTypes. Returned 4  PlatformTypes.
80000518-0001-f100-b63f-84710c7967bb|2016-11-23 12:36:39.4529|DEBUG|GameStore.BLL.Services.GameStoreService|Getting all Publishers. Returned 1  Publishers.
80000518-0001-f100-b63f-84710c7967bb|2016-11-23 12:36:40.0585|DEBUG|GameStore.BLL.Services.GameStoreService|Getting all Games. Returned 12  Games.
8000051a-0001-f100-b63f-84710c7967bb|2016-11-23 12:36:45.9706|DEBUG|GameStore.BLL.Services.GameStoreService|Getting all Genres. Returned 16  Genres.
8000051a-0001-f100-b63f-84710c7967bb|2016-11-23 12:36:45.9796|DEBUG|GameStore.BLL.Services.GameStoreService|Getting all PlatformTypes. Returned 4  PlatformTypes.
8000051a-0001-f100-b63f-84710c7967bb|2016-11-23 12:36:45.9796|DEBUG|GameStore.BLL.Services.GameStoreService|Getting all Publishers. Returned 1  Publishers.
8000051c-0001-f100-b63f-84710c7967bb|2016-11-23 12:36:49.6055|DEBUG|GameStore.BLL.Services.GameStoreService|Getting all Genres. Returned 16  Genres.
8000051c-0001-f100-b63f-84710c7967bb|2016-11-23 12:36:49.6055|DEBUG|GameStore.BLL.Services.GameStoreService|Getting all PlatformTypes. Returned 4  PlatformTypes.
8000051c-0001-f100-b63f-84710c7967bb|2016-11-23 12:36:49.6255|DEBUG|GameStore.BLL.Services.GameStoreService|Getting all Publishers. Returned 1  Publishers.
8000051e-0001-f100-b63f-84710c7967bb|2016-11-23 12:36:55.4087|DEBUG|GameStore.BLL.Services.GameStoreService|Getting all Genres. Returned 16  Genres.
8000051e-0001-f100-b63f-84710c7967bb|2016-11-23 12:36:55.4197|DEBUG|GameStore.BLL.Services.GameStoreService|Getting all PlatformTypes. Returned 4  PlatformTypes.
8000051e-0001-f100-b63f-84710c7967bb|2016-11-23 12:36:55.4197|DEBUG|GameStore.BLL.Services.GameStoreService|Getting all Publishers. Returned 1  Publishers.
80000520-0001-f100-b63f-84710c7967bb|2016-11-23 12:36:57.6221|DEBUG|GameStore.BLL.Services.GameStoreService|Getting all Genres. Returned 16  Genres.
80000520-0001-f100-b63f-84710c7967bb|2016-11-23 12:36:57.6331|DEBUG|GameStore.BLL.Services.GameStoreService|Getting all PlatformTypes. Returned 4  PlatformTypes.
80000520-0001-f100-b63f-84710c7967bb|2016-11-23 12:36:57.6331|DEBUG|GameStore.BLL.Services.GameStoreService|Getting all Publishers. Returned 1  Publishers.
80000402-0001-e700-b63f-84710c7967bb|2016-11-23 12:42:52.3285|DEBUG|GameStore.BLL.Services.GameStoreService|Getting all Genres. Returned 16  Genres.
80000402-0001-e700-b63f-84710c7967bb|2016-11-23 12:42:52.3535|DEBUG|GameStore.BLL.Services.GameStoreService|Getting all PlatformTypes. Returned 4  PlatformTypes.
80000402-0001-e700-b63f-84710c7967bb|2016-11-23 12:42:52.3755|DEBUG|GameStore.BLL.Services.GameStoreService|Getting all Publishers. Returned 1  Publishers.
80000402-0001-e700-b63f-84710c7967bb|2016-11-23 12:42:52.9863|DEBUG|GameStore.BLL.Services.GameStoreService|Getting all Games. Returned 12  Games.
80000404-0001-e700-b63f-84710c7967bb|2016-11-23 12:43:18.7108|DEBUG|GameStore.BLL.Services.GameStoreService|Getting all Genres. Returned 16  Genres.
80000404-0001-e700-b63f-84710c7967bb|2016-11-23 12:43:18.7198|DEBUG|GameStore.BLL.Services.GameStoreService|Getting all PlatformTypes. Returned 4  PlatformTypes.
80000404-0001-e700-b63f-84710c7967bb|2016-11-23 12:43:18.7198|DEBUG|GameStore.BLL.Services.GameStoreService|Getting all Publishers. Returned 1  Publishers.
80000406-0001-e700-b63f-84710c7967bb|2016-11-23 12:43:30.6311|DEBUG|GameStore.BLL.Services.GameStoreService|Getting all Genres. Returned 16  Genres.
80000406-0001-e700-b63f-84710c7967bb|2016-11-23 12:43:30.6311|DEBUG|GameStore.BLL.Services.GameStoreService|Getting all PlatformTypes. Returned 4  PlatformTypes.
80000406-0001-e700-b63f-84710c7967bb|2016-11-23 12:43:30.6446|DEBUG|GameStore.BLL.Services.GameStoreService|Getting all Publishers. Returned 1  Publishers.
80000408-0001-e700-b63f-84710c7967bb|2016-11-23 12:43:37.8854|DEBUG|GameStore.BLL.Services.GameStoreService|Getting all Genres. Returned 16  Genres.
80000408-0001-e700-b63f-84710c7967bb|2016-11-23 12:43:37.8944|DEBUG|GameStore.BLL.Services.GameStoreService|Getting all PlatformTypes. Returned 4  PlatformTypes.
80000408-0001-e700-b63f-84710c7967bb|2016-11-23 12:43:37.8944|DEBUG|GameStore.BLL.Services.GameStoreService|Getting all Publishers. Returned 1  Publishers.
80001418-0003-ea00-b63f-84710c7967bb|2016-11-23 12:59:29.3073|DEBUG|GameStore.BLL.Services.GameStoreService|Getting all Genres. Returned 16  Genres.
80001418-0003-ea00-b63f-84710c7967bb|2016-11-23 12:59:29.3314|DEBUG|GameStore.BLL.Services.GameStoreService|Getting all PlatformTypes. Returned 4  PlatformTypes.
80001418-0003-ea00-b63f-84710c7967bb|2016-11-23 12:59:29.3481|DEBUG|GameStore.BLL.Services.GameStoreService|Getting all Publishers. Returned 1  Publishers.
80001418-0003-ea00-b63f-84710c7967bb|2016-11-23 12:59:29.9535|DEBUG|GameStore.BLL.Services.GameStoreService|Getting all Games. Returned 12  Games.
8000141a-0003-ea00-b63f-84710c7967bb|2016-11-23 12:59:42.1624|DEBUG|GameStore.BLL.Services.GameStoreService|Getting all Genres. Returned 16  Genres.
8000141a-0003-ea00-b63f-84710c7967bb|2016-11-23 12:59:42.1775|DEBUG|GameStore.BLL.Services.GameStoreService|Getting all PlatformTypes. Returned 4  PlatformTypes.
8000141a-0003-ea00-b63f-84710c7967bb|2016-11-23 12:59:42.1775|DEBUG|GameStore.BLL.Services.GameStoreService|Getting all Publishers. Returned 1  Publishers.
80000014-0000-ea00-b63f-84710c7967bb|2016-11-23 17:17:07.2734|DEBUG|GameStore.BLL.Services.GameStoreService|Getting all Genres. Returned 16  Genres.
80000014-0000-ea00-b63f-84710c7967bb|2016-11-23 17:17:07.2984|DEBUG|GameStore.BLL.Services.GameStoreService|Getting all PlatformTypes. Returned 4  PlatformTypes.
80000014-0000-ea00-b63f-84710c7967bb|2016-11-23 17:17:07.3164|DEBUG|GameStore.BLL.Services.GameStoreService|Getting all Publishers. Returned 1  Publishers.
80000014-0000-ea00-b63f-84710c7967bb|2016-11-23 17:17:08.3295|DEBUG|GameStore.BLL.Services.GameStoreService|Getting all Games. Returned 12  Games.
80000bd7-0000-f100-b63f-84710c7967bb|2016-11-23 17:21:37.2099|DEBUG|GameStore.BLL.Services.GameStoreService|Getting all Genres. Returned 16  Genres.
80000bd7-0000-f100-b63f-84710c7967bb|2016-11-23 17:21:37.3541|DEBUG|GameStore.BLL.Services.GameStoreService|Getting all PlatformTypes. Returned 4  PlatformTypes.
80000bd7-0000-f100-b63f-84710c7967bb|2016-11-23 17:21:37.3741|DEBUG|GameStore.BLL.Services.GameStoreService|Getting all Publishers. Returned 1  Publishers.
80000bd7-0000-f100-b63f-84710c7967bb|2016-11-23 17:21:37.8144|DEBUG|GameStore.BLL.Services.GameStoreService|Getting all Games. Returned 12  Games.
80000bd9-0000-f100-b63f-84710c7967bb|2016-11-23 17:21:45.4855|DEBUG|GameStore.BLL.Services.GameStoreService|Getting all Genres. Returned 16  Genres.
80000bd9-0000-f100-b63f-84710c7967bb|2016-11-23 17:21:45.4956|DEBUG|GameStore.BLL.Services.GameStoreService|Getting all PlatformTypes. Returned 4  PlatformTypes.
80000bd9-0000-f100-b63f-84710c7967bb|2016-11-23 17:21:45.4956|DEBUG|GameStore.BLL.Services.GameStoreService|Getting all Publishers. Returned 1  Publishers.
80000bdb-0000-f100-b63f-84710c7967bb|2016-11-23 17:21:48.1942|DEBUG|GameStore.BLL.Services.GameStoreService|Getting all Genres. Returned 16  Genres.
80000bdb-0000-f100-b63f-84710c7967bb|2016-11-23 17:21:48.2052|DEBUG|GameStore.BLL.Services.GameStoreService|Getting all PlatformTypes. Returned 4  PlatformTypes.
80000bdb-0000-f100-b63f-84710c7967bb|2016-11-23 17:21:48.2052|DEBUG|GameStore.BLL.Services.GameStoreService|Getting all Publishers. Returned 1  Publishers.
80000bdd-0000-f100-b63f-84710c7967bb|2016-11-23 17:21:52.4647|DEBUG|GameStore.BLL.Services.GameStoreService|Getting all Genres. Returned 16  Genres.
80000bdd-0000-f100-b63f-84710c7967bb|2016-11-23 17:21:52.4647|DEBUG|GameStore.BLL.Services.GameStoreService|Getting all PlatformTypes. Returned 4  PlatformTypes.
80000bdd-0000-f100-b63f-84710c7967bb|2016-11-23 17:21:52.4647|DEBUG|GameStore.BLL.Services.GameStoreService|Getting all Publishers. Returned 1  Publishers.
8000069f-0000-fd00-b63f-84710c7967bb|2016-11-23 17:24:14.2990|DEBUG|GameStore.BLL.Services.GameStoreService|Getting all Genres. Returned 16  Genres.
8000069f-0000-fd00-b63f-84710c7967bb|2016-11-23 17:24:14.3210|DEBUG|GameStore.BLL.Services.GameStoreService|Getting all PlatformTypes. Returned 4  PlatformTypes.
8000069f-0000-fd00-b63f-84710c7967bb|2016-11-23 17:24:14.3404|DEBUG|GameStore.BLL.Services.GameStoreService|Getting all Publishers. Returned 1  Publishers.
8000069f-0000-fd00-b63f-84710c7967bb|2016-11-23 17:24:14.9560|DEBUG|GameStore.BLL.Services.GameStoreService|Getting all Games. Returned 12  Games.
