80000002-0000-ee00-b63f-84710c7967bb|2016-11-23 09:27:03.8564|DEBUG|ips|Client info: IP = ::1; URI = http://localhost:65078/Games/Index
80000002-0000-ee00-b63f-84710c7967bb|2016-11-23 09:27:19.1813|DEBUG|ips|Client info: IP = ::1; URI = http://localhost:65078/Games/Index
80000004-0000-ef00-b63f-84710c7967bb|2016-11-23 09:32:50.5345|DEBUG|ips|Client info: IP = ::1; URI = http://localhost:65078/
80000004-0000-ef00-b63f-84710c7967bb|2016-11-23 09:32:57.3890|DEBUG|ips|Client info: IP = ::1; URI = http://localhost:65078/
80000012-0003-ec00-b63f-84710c7967bb|2016-11-23 09:35:05.6347|DEBUG|ips|Client info: IP = ::1; URI = http://localhost:65078/
80000012-0003-ec00-b63f-84710c7967bb|2016-11-23 09:35:09.6329|DEBUG|ips|Client info: IP = ::1; URI = http://localhost:65078/
80000014-0003-ec00-b63f-84710c7967bb|2016-11-23 09:36:10.5633|DEBUG|ips|Client info: IP = ::1; URI = http://localhost:65078/
80000014-0003-ec00-b63f-84710c7967bb|2016-11-23 09:36:10.5763|DEBUG|ips|Client info: IP = ::1; URI = http://localhost:65078/
800001fd-0001-ec00-b63f-84710c7967bb|2016-11-23 09:36:32.1665|DEBUG|ips|Client info: IP = ::1; URI = http://localhost:65078/Games/Index
800001fd-0001-ec00-b63f-84710c7967bb|2016-11-23 09:36:35.1203|DEBUG|ips|Client info: IP = ::1; URI = http://localhost:65078/Games/Index
800001fd-0001-ec00-b63f-84710c7967bb|2016-11-23 09:36:39.4036|DEBUG|ips|Client info: IP = ::1; URI = http://localhost:65078/Games/Index
80000206-0001-ec00-b63f-84710c7967bb|2016-11-23 09:36:57.6331|DEBUG|ips|Client info: IP = ::1; URI = http://localhost:65078/games
80000206-0001-ec00-b63f-84710c7967bb|2016-11-23 09:36:57.6531|DEBUG|ips|Client info: IP = ::1; URI = http://localhost:65078/games
80000206-0001-ec00-b63f-84710c7967bb|2016-11-23 09:36:57.6987|DEBUG|ips|Client info: IP = ::1; URI = http://localhost:65078/games
80000208-0001-ec00-b63f-84710c7967bb|2016-11-23 09:36:58.9666|DEBUG|ips|Client info: IP = ::1; URI = http://localhost:65078/games
80000208-0001-ec00-b63f-84710c7967bb|2016-11-23 09:36:58.9811|DEBUG|ips|Client info: IP = ::1; URI = http://localhost:65078/games
80000208-0001-ec00-b63f-84710c7967bb|2016-11-23 09:36:59.0253|DEBUG|ips|Client info: IP = ::1; URI = http://localhost:65078/games
8000020a-0001-ec00-b63f-84710c7967bb|2016-11-23 09:36:59.7554|DEBUG|ips|Client info: IP = ::1; URI = http://localhost:65078/games
8000020a-0001-ec00-b63f-84710c7967bb|2016-11-23 09:36:59.7694|DEBUG|ips|Client info: IP = ::1; URI = http://localhost:65078/games
8000020a-0001-ec00-b63f-84710c7967bb|2016-11-23 09:36:59.8262|DEBUG|ips|Client info: IP = ::1; URI = http://localhost:65078/games
8000020c-0001-ec00-b63f-84710c7967bb|2016-11-23 09:37:00.5974|DEBUG|ips|Client info: IP = ::1; URI = http://localhost:65078/games
8000020c-0001-ec00-b63f-84710c7967bb|2016-11-23 09:37:00.6104|DEBUG|ips|Client info: IP = ::1; URI = http://localhost:65078/games
8000020c-0001-ec00-b63f-84710c7967bb|2016-11-23 09:37:00.6714|DEBUG|ips|Client info: IP = ::1; URI = http://localhost:65078/games
80000007-0003-e800-b63f-84710c7967bb|2016-11-23 09:38:43.7253|DEBUG|ips|Client info: IP = ::1; URI = http://localhost:65078/
80000007-0003-e800-b63f-84710c7967bb|2016-11-23 09:38:47.3036|DEBUG|ips|Client info: IP = ::1; URI = http://localhost:65078/
80000007-0003-e800-b63f-84710c7967bb|2016-11-23 09:38:47.8599|DEBUG|ips|Client info: IP = ::1; URI = http://localhost:65078/
8000020d-0002-f300-b63f-84710c7967bb|2016-11-23 09:42:49.1619|DEBUG|ips|Client info: IP = ::1; URI = http://localhost:65078/
8000020d-0002-f300-b63f-84710c7967bb|2016-11-23 09:42:53.4593|DEBUG|ips|Client info: IP = ::1; URI = http://localhost:65078/
8000020d-0002-f300-b63f-84710c7967bb|2016-11-23 09:42:54.0150|DEBUG|ips|Client info: IP = ::1; URI = http://localhost:65078/
8000002e-0003-f400-b63f-84710c7967bb|2016-11-23 09:46:34.7885|DEBUG|ips|Client info: IP = ::1; URI = http://localhost:65078/
8000002e-0003-f400-b63f-84710c7967bb|2016-11-23 09:46:38.2099|DEBUG|ips|Client info: IP = ::1; URI = http://localhost:65078/
8000002e-0003-f400-b63f-84710c7967bb|2016-11-23 09:46:38.2860|DEBUG|ips|Client info: IP = ::1; URI = http://localhost:65078/
80000030-0003-f400-b63f-84710c7967bb|2016-11-23 09:46:53.7574|DEBUG|ips|Client info: IP = ::1; URI = http://localhost:65078/
80000030-0003-f400-b63f-84710c7967bb|2016-11-23 09:46:57.1194|DEBUG|ips|Client info: IP = ::1; URI = http://localhost:65078/
80000030-0003-f400-b63f-84710c7967bb|2016-11-23 09:46:57.1839|DEBUG|ips|Client info: IP = ::1; URI = http://localhost:65078/
80000032-0003-f400-b63f-84710c7967bb|2016-11-23 09:47:40.9227|DEBUG|ips|Client info: IP = ::1; URI = http://localhost:65078/
80000032-0003-f400-b63f-84710c7967bb|2016-11-23 09:47:44.3286|DEBUG|ips|Client info: IP = ::1; URI = http://localhost:65078/
80000032-0003-f400-b63f-84710c7967bb|2016-11-23 09:47:44.3904|DEBUG|ips|Client info: IP = ::1; URI = http://localhost:65078/
8000000c-0000-ee00-b63f-84710c7967bb|2016-11-23 09:49:13.1553|DEBUG|ips|Client info: IP = ::1; URI = http://localhost:65078/
8000000c-0000-ee00-b63f-84710c7967bb|2016-11-23 09:49:16.1309|DEBUG|ips|Client info: IP = ::1; URI = http://localhost:65078/
80001c1d-0000-fb00-b63f-84710c7967bb|2016-11-23 09:53:15.9354|DEBUG|ips|Client info: IP = ::1; URI = http://localhost:65078/
80001c1d-0000-fb00-b63f-84710c7967bb|2016-11-23 09:53:19.9682|DEBUG|ips|Client info: IP = ::1; URI = http://localhost:65078/
80001c1d-0000-fb00-b63f-84710c7967bb|2016-11-23 09:53:20.5191|DEBUG|ips|Client info: IP = ::1; URI = http://localhost:65078/
8000002e-0000-ec00-b63f-84710c7967bb|2016-11-23 09:54:34.5893|DEBUG|ips|Client info: IP = ::1; URI = http://localhost:65078/
8000002e-0000-ec00-b63f-84710c7967bb|2016-11-23 09:54:38.2314|DEBUG|ips|Client info: IP = ::1; URI = http://localhost:65078/
8000001d-0001-f200-b63f-84710c7967bb|2016-11-23 09:56:23.4526|DEBUG|ips|Client info: IP = ::1; URI = http://localhost:65078/
8000001d-0001-f200-b63f-84710c7967bb|2016-11-23 09:56:27.6175|DEBUG|ips|Client info: IP = ::1; URI = http://localhost:65078/
8000001d-0001-f200-b63f-84710c7967bb|2016-11-23 09:56:28.2110|DEBUG|ips|Client info: IP = ::1; URI = http://localhost:65078/
8000021f-0001-ee00-b63f-84710c7967bb|2016-11-23 09:57:25.8750|DEBUG|ips|Client info: IP = ::1; URI = http://localhost:65078/
8000021f-0001-ee00-b63f-84710c7967bb|2016-11-23 09:57:29.7444|DEBUG|ips|Client info: IP = ::1; URI = http://localhost:65078/
8000021f-0001-ee00-b63f-84710c7967bb|2016-11-23 09:57:30.3093|DEBUG|ips|Client info: IP = ::1; URI = http://localhost:65078/
80000023-0003-e500-b63f-84710c7967bb|2016-11-23 09:58:17.1231|DEBUG|ips|Client info: IP = ::1; URI = http://localhost:65078/
80000023-0003-e500-b63f-84710c7967bb|2016-11-23 09:58:20.9570|DEBUG|ips|Client info: IP = ::1; URI = http://localhost:65078/
80000023-0003-e500-b63f-84710c7967bb|2016-11-23 09:58:21.5500|DEBUG|ips|Client info: IP = ::1; URI = http://localhost:65078/
80000163-0001-ea00-b63f-84710c7967bb|2016-11-23 10:06:16.1077|DEBUG|ips|Client info: IP = ::1; URI = http://localhost:65078/
80000163-0001-ea00-b63f-84710c7967bb|2016-11-23 10:06:23.4076|DEBUG|ips|Client info: IP = ::1; URI = http://localhost:65078/
80000163-0001-ea00-b63f-84710c7967bb|2016-11-23 10:06:23.9406|DEBUG|ips|Client info: IP = ::1; URI = http://localhost:65078/
800001a1-0001-eb00-b63f-84710c7967bb|2016-11-23 10:10:07.0834|DEBUG|ips|Client info: IP = ::1; URI = http://localhost:65078/
800001a1-0001-eb00-b63f-84710c7967bb|2016-11-23 10:10:10.7212|DEBUG|ips|Client info: IP = ::1; URI = http://localhost:65078/
800001a1-0001-eb00-b63f-84710c7967bb|2016-11-23 10:10:11.3266|DEBUG|ips|Client info: IP = ::1; URI = http://localhost:65078/
80000044-0003-ea00-b63f-84710c7967bb|2016-11-23 10:11:14.7644|DEBUG|ips|Client info: IP = ::1; URI = http://localhost:65078/
80000044-0003-ea00-b63f-84710c7967bb|2016-11-23 10:11:18.3897|DEBUG|ips|Client info: IP = ::1; URI = http://localhost:65078/
80000044-0003-ea00-b63f-84710c7967bb|2016-11-23 10:11:19.0464|DEBUG|ips|Client info: IP = ::1; URI = http://localhost:65078/
80000191-0001-f600-b63f-84710c7967bb|2016-11-23 10:21:34.3053|DEBUG|ips|Client info: IP = ::1; URI = http://localhost:65078/Games
80000191-0001-f600-b63f-84710c7967bb|2016-11-23 10:21:41.2372|DEBUG|ips|Client info: IP = ::1; URI = http://localhost:65078/Games
80000191-0001-f600-b63f-84710c7967bb|2016-11-23 10:21:41.8364|DEBUG|ips|Client info: IP = ::1; URI = http://localhost:65078/Games
80000193-0001-f600-b63f-84710c7967bb|2016-11-23 10:22:24.0084|DEBUG|ips|Client info: IP = ::1; URI = http://localhost:65078/Games
80000193-0001-f600-b63f-84710c7967bb|2016-11-23 10:22:27.5545|DEBUG|ips|Client info: IP = ::1; URI = http://localhost:65078/Games
80000193-0001-f600-b63f-84710c7967bb|2016-11-23 10:22:27.6357|DEBUG|ips|Client info: IP = ::1; URI = http://localhost:65078/Games
80000195-0001-f600-b63f-84710c7967bb|2016-11-23 10:22:43.3037|DEBUG|ips|Client info: IP = ::1; URI = http://localhost:65078/games?FilterBy=Popularity
80000195-0001-f600-b63f-84710c7967bb|2016-11-23 10:22:43.3407|DEBUG|ips|Client info: IP = ::1; URI = http://localhost:65078/games?FilterBy=Popularity
80000195-0001-f600-b63f-84710c7967bb|2016-11-23 10:22:43.4398|DEBUG|ips|Client info: IP = ::1; URI = http://localhost:65078/games?FilterBy=Popularity
80000198-0001-f600-b63f-84710c7967bb|2016-11-23 10:23:12.4601|DEBUG|ips|Client info: IP = ::1; URI = http://localhost:65078/Games
80000198-0001-f600-b63f-84710c7967bb|2016-11-23 10:23:15.9082|DEBUG|ips|Client info: IP = ::1; URI = http://localhost:65078/Games
80000198-0001-f600-b63f-84710c7967bb|2016-11-23 10:23:15.9799|DEBUG|ips|Client info: IP = ::1; URI = http://localhost:65078/Games
8000019a-0001-f600-b63f-84710c7967bb|2016-11-23 10:23:20.7249|DEBUG|ips|Client info: IP = ::1; URI = http://localhost:65078/games?Name=&MinPrice=&MaxPrice=&DateOfAdding=twoyear
8000019a-0001-f600-b63f-84710c7967bb|2016-11-23 10:23:20.7679|DEBUG|ips|Client info: IP = ::1; URI = http://localhost:65078/games?Name=&MinPrice=&MaxPrice=&DateOfAdding=twoyear
8000019a-0001-f600-b63f-84710c7967bb|2016-11-23 10:23:20.8089|DEBUG|ips|Client info: IP = ::1; URI = http://localhost:65078/games?Name=&MinPrice=&MaxPrice=&DateOfAdding=twoyear
8000019c-0001-f600-b63f-84710c7967bb|2016-11-23 10:23:25.5876|DEBUG|ips|Client info: IP = ::1; URI = http://localhost:65078/games?Name=&MinPrice=&MaxPrice=&DateOfAdding=week
8000019c-0001-f600-b63f-84710c7967bb|2016-11-23 10:23:25.6056|DEBUG|ips|Client info: IP = ::1; URI = http://localhost:65078/games?Name=&MinPrice=&MaxPrice=&DateOfAdding=week
8000019c-0001-f600-b63f-84710c7967bb|2016-11-23 10:23:25.6521|DEBUG|ips|Client info: IP = ::1; URI = http://localhost:65078/games?Name=&MinPrice=&MaxPrice=&DateOfAdding=week
8000019e-0001-f600-b63f-84710c7967bb|2016-11-23 10:23:30.1221|DEBUG|ips|Client info: IP = ::1; URI = http://localhost:65078/games?Name=&MinPrice=&MaxPrice=&DateOfAdding=threeyear
8000019e-0001-f600-b63f-84710c7967bb|2016-11-23 10:23:30.1432|DEBUG|ips|Client info: IP = ::1; URI = http://localhost:65078/games?Name=&MinPrice=&MaxPrice=&DateOfAdding=threeyear
8000019e-0001-f600-b63f-84710c7967bb|2016-11-23 10:23:30.2152|DEBUG|ips|Client info: IP = ::1; URI = http://localhost:65078/games?Name=&MinPrice=&MaxPrice=&DateOfAdding=threeyear
800001a0-0001-f600-b63f-84710c7967bb|2016-11-23 10:23:34.6918|DEBUG|ips|Client info: IP = ::1; URI = http://localhost:65078/games?Name=&MinPrice=&MaxPrice=&DateOfAdding=threeyear&SelectedGenresName=Arcade
800001a0-0001-f600-b63f-84710c7967bb|2016-11-23 10:23:34.7038|DEBUG|ips|Client info: IP = ::1; URI = http://localhost:65078/games?Name=&MinPrice=&MaxPrice=&DateOfAdding=threeyear&SelectedGenresName=Arcade
800001a0-0001-f600-b63f-84710c7967bb|2016-11-23 10:23:34.7468|DEBUG|ips|Client info: IP = ::1; URI = http://localhost:65078/games?Name=&MinPrice=&MaxPrice=&DateOfAdding=threeyear&SelectedGenresName=Arcade
800001a2-0001-f600-b63f-84710c7967bb|2016-11-23 10:23:39.7731|DEBUG|ips|Client info: IP = ::1; URI = http://localhost:65078/games?Name=&MinPrice=&MaxPrice=&DateOfAdding=threeyear&SelectedGenresName=Action
800001a2-0001-f600-b63f-84710c7967bb|2016-11-23 10:23:39.7976|DEBUG|ips|Client info: IP = ::1; URI = http://localhost:65078/games?Name=&MinPrice=&MaxPrice=&DateOfAdding=threeyear&SelectedGenresName=Action
800001a2-0001-f600-b63f-84710c7967bb|2016-11-23 10:23:39.8577|DEBUG|ips|Client info: IP = ::1; URI = http://localhost:65078/games?Name=&MinPrice=&MaxPrice=&DateOfAdding=threeyear&SelectedGenresName=Action
800001a4-0001-f600-b63f-84710c7967bb|2016-11-23 10:24:28.3098|DEBUG|ips|Client info: IP = ::1; URI = http://localhost:65078/games?Name=&MinPrice=&MaxPrice=&DateOfAdding=threeyear
800001a4-0001-f600-b63f-84710c7967bb|2016-11-23 10:24:28.3408|DEBUG|ips|Client info: IP = ::1; URI = http://localhost:65078/games?Name=&MinPrice=&MaxPrice=&DateOfAdding=threeyear
800001a4-0001-f600-b63f-84710c7967bb|2016-11-23 10:24:28.3890|DEBUG|ips|Client info: IP = ::1; URI = http://localhost:65078/games?Name=&MinPrice=&MaxPrice=&DateOfAdding=threeyear
800001a6-0001-f600-b63f-84710c7967bb|2016-11-23 10:24:33.8314|DEBUG|ips|Client info: IP = ::1; URI = http://localhost:65078/games?Name=&MinPrice=&MaxPrice=&DateOfAdding=threeyear&SelectedGenresName=Action
800001a6-0001-f600-b63f-84710c7967bb|2016-11-23 10:24:33.8474|DEBUG|ips|Client info: IP = ::1; URI = http://localhost:65078/games?Name=&MinPrice=&MaxPrice=&DateOfAdding=threeyear&SelectedGenresName=Action
800001a6-0001-f600-b63f-84710c7967bb|2016-11-23 10:24:33.8882|DEBUG|ips|Client info: IP = ::1; URI = http://localhost:65078/games?Name=&MinPrice=&MaxPrice=&DateOfAdding=threeyear&SelectedGenresName=Action
80000a50-0001-e900-b63f-84710c7967bb|2016-11-23 10:25:45.3965|DEBUG|ips|Client info: IP = ::1; URI = http://localhost:65078/
80000a50-0001-e900-b63f-84710c7967bb|2016-11-23 10:25:49.1329|DEBUG|ips|Client info: IP = ::1; URI = http://localhost:65078/
80000a50-0001-e900-b63f-84710c7967bb|2016-11-23 10:25:49.7141|DEBUG|ips|Client info: IP = ::1; URI = http://localhost:65078/
80000a52-0001-e900-b63f-84710c7967bb|2016-11-23 10:26:02.0144|DEBUG|ips|Client info: IP = ::1; URI = http://localhost:65078/games?Name=&MinPrice=&MaxPrice=&DateOfAdding=week&SelectedTypesName=Console
80000a52-0001-e900-b63f-84710c7967bb|2016-11-23 10:26:02.0369|DEBUG|ips|Client info: IP = ::1; URI = http://localhost:65078/games?Name=&MinPrice=&MaxPrice=&DateOfAdding=week&SelectedTypesName=Console
80000a52-0001-e900-b63f-84710c7967bb|2016-11-23 10:26:02.1059|DEBUG|ips|Client info: IP = ::1; URI = http://localhost:65078/games?Name=&MinPrice=&MaxPrice=&DateOfAdding=week&SelectedTypesName=Console
80000a54-0001-e900-b63f-84710c7967bb|2016-11-23 10:26:08.3465|DEBUG|ips|Client info: IP = ::1; URI = http://localhost:65078/games?Name=&MinPrice=&MaxPrice=&DateOfAdding=week&SelectedTypesName=Browser
80000a54-0001-e900-b63f-84710c7967bb|2016-11-23 10:26:08.3625|DEBUG|ips|Client info: IP = ::1; URI = http://localhost:65078/games?Name=&MinPrice=&MaxPrice=&DateOfAdding=week&SelectedTypesName=Browser
80000a54-0001-e900-b63f-84710c7967bb|2016-11-23 10:26:08.4168|DEBUG|ips|Client info: IP = ::1; URI = http://localhost:65078/games?Name=&MinPrice=&MaxPrice=&DateOfAdding=week&SelectedTypesName=Browser
80000a56-0001-e900-b63f-84710c7967bb|2016-11-23 10:26:22.6816|DEBUG|ips|Client info: IP = ::1; URI = http://localhost:65078/games?Name=&MinPrice=&MaxPrice=&DateOfAdding=week&SelectedTypesName=Browser&SelectedPublishersName=GamesCorporation
800001b4-0001-f600-b63f-84710c7967bb|2016-11-23 10:27:09.2051|DEBUG|ips|Client info: IP = ::1; URI = http://localhost:65078/
800001b4-0001-f600-b63f-84710c7967bb|2016-11-23 10:27:12.9390|DEBUG|ips|Client info: IP = ::1; URI = http://localhost:65078/
800001b4-0001-f600-b63f-84710c7967bb|2016-11-23 10:27:13.5054|DEBUG|ips|Client info: IP = ::1; URI = http://localhost:65078/
800001b6-0001-f600-b63f-84710c7967bb|2016-11-23 10:27:17.8358|DEBUG|ips|Client info: IP = ::1; URI = http://localhost:65078/games?Name=&MinPrice=&MaxPrice=&DateOfAdding=week&SelectedPublishersName=GamesCorporation
800001b6-0001-f600-b63f-84710c7967bb|2016-11-23 10:27:17.8520|DEBUG|ips|Client info: IP = ::1; URI = http://localhost:65078/games?Name=&MinPrice=&MaxPrice=&DateOfAdding=week&SelectedPublishersName=GamesCorporation
800001b6-0001-f600-b63f-84710c7967bb|2016-11-23 10:27:17.8956|DEBUG|ips|Client info: IP = ::1; URI = http://localhost:65078/games?Name=&MinPrice=&MaxPrice=&DateOfAdding=week&SelectedPublishersName=GamesCorporation
800001b8-0001-f600-b63f-84710c7967bb|2016-11-23 10:27:22.1690|DEBUG|ips|Client info: IP = ::1; URI = http://localhost:65078/games?Name=&MinPrice=&MaxPrice=&DateOfAdding=twoyear
800001b8-0001-f600-b63f-84710c7967bb|2016-11-23 10:27:22.1940|DEBUG|ips|Client info: IP = ::1; URI = http://localhost:65078/games?Name=&MinPrice=&MaxPrice=&DateOfAdding=twoyear
800001b8-0001-f600-b63f-84710c7967bb|2016-11-23 10:27:22.2541|DEBUG|ips|Client info: IP = ::1; URI = http://localhost:65078/games?Name=&MinPrice=&MaxPrice=&DateOfAdding=twoyear
800001ba-0001-f600-b63f-84710c7967bb|2016-11-23 10:27:27.4187|DEBUG|ips|Client info: IP = ::1; URI = http://localhost:65078/games?Name=&MinPrice=&MaxPrice=&DateOfAdding=twoyear&SelectedPublishersName=GamesCorporation
800001ba-0001-f600-b63f-84710c7967bb|2016-11-23 10:27:27.4367|DEBUG|ips|Client info: IP = ::1; URI = http://localhost:65078/games?Name=&MinPrice=&MaxPrice=&DateOfAdding=twoyear&SelectedPublishersName=GamesCorporation
800001ba-0001-f600-b63f-84710c7967bb|2016-11-23 10:27:27.4756|DEBUG|ips|Client info: IP = ::1; URI = http://localhost:65078/games?Name=&MinPrice=&MaxPrice=&DateOfAdding=twoyear&SelectedPublishersName=GamesCorporation
800001bc-0001-f600-b63f-84710c7967bb|2016-11-23 10:27:35.7894|DEBUG|ips|Client info: IP = ::1; URI = http://localhost:65078/games?Name=&MinPrice=&MaxPrice=&DateOfAdding=twoyear&SelectedGenresName=Action
800001bc-0001-f600-b63f-84710c7967bb|2016-11-23 10:27:35.8094|DEBUG|ips|Client info: IP = ::1; URI = http://localhost:65078/games?Name=&MinPrice=&MaxPrice=&DateOfAdding=twoyear&SelectedGenresName=Action
800001bc-0001-f600-b63f-84710c7967bb|2016-11-23 10:27:35.8652|DEBUG|ips|Client info: IP = ::1; URI = http://localhost:65078/games?Name=&MinPrice=&MaxPrice=&DateOfAdding=twoyear&SelectedGenresName=Action
800001be-0001-f600-b63f-84710c7967bb|2016-11-23 10:27:46.7624|DEBUG|ips|Client info: IP = ::1; URI = http://localhost:65078/games?Name=&MinPrice=&MaxPrice=&DateOfAdding=twoyear&SelectedGenresName=Action&SelectedGenresName=TBS
800001be-0001-f600-b63f-84710c7967bb|2016-11-23 10:27:46.7939|DEBUG|ips|Client info: IP = ::1; URI = http://localhost:65078/games?Name=&MinPrice=&MaxPrice=&DateOfAdding=twoyear&SelectedGenresName=Action&SelectedGenresName=TBS
800001be-0001-f600-b63f-84710c7967bb|2016-11-23 10:27:46.8351|DEBUG|ips|Client info: IP = ::1; URI = http://localhost:65078/games?Name=&MinPrice=&MaxPrice=&DateOfAdding=twoyear&SelectedGenresName=Action&SelectedGenresName=TBS
800001cd-0002-f400-b63f-84710c7967bb|2016-11-23 10:28:49.1928|DEBUG|ips|Client info: IP = ::1; URI = http://localhost:65078/
800001cd-0002-f400-b63f-84710c7967bb|2016-11-23 10:28:52.7293|DEBUG|ips|Client info: IP = ::1; URI = http://localhost:65078/
800001cd-0002-f400-b63f-84710c7967bb|2016-11-23 10:28:53.3177|DEBUG|ips|Client info: IP = ::1; URI = http://localhost:65078/
800001cf-0002-f400-b63f-84710c7967bb|2016-11-23 10:28:59.7164|DEBUG|ips|Client info: IP = ::1; URI = http://localhost:65078/games?Name=&MinPrice=&MaxPrice=&DateOfAdding=week&SelectedPublishersName=GamesCorporation
800001cf-0002-f400-b63f-84710c7967bb|2016-11-23 10:28:59.7334|DEBUG|ips|Client info: IP = ::1; URI = http://localhost:65078/games?Name=&MinPrice=&MaxPrice=&DateOfAdding=week&SelectedPublishersName=GamesCorporation
800001cf-0002-f400-b63f-84710c7967bb|2016-11-23 10:28:59.7872|DEBUG|ips|Client info: IP = ::1; URI = http://localhost:65078/games?Name=&MinPrice=&MaxPrice=&DateOfAdding=week&SelectedPublishersName=GamesCorporation
800001d1-0002-f400-b63f-84710c7967bb|2016-11-23 10:29:14.3280|DEBUG|ips|Client info: IP = ::1; URI = http://localhost:65078/games?Name=&MinPrice=&MaxPrice=&DateOfAdding=week
800001d1-0002-f400-b63f-84710c7967bb|2016-11-23 10:29:14.3510|DEBUG|ips|Client info: IP = ::1; URI = http://localhost:65078/games?Name=&MinPrice=&MaxPrice=&DateOfAdding=week
800001d1-0002-f400-b63f-84710c7967bb|2016-11-23 10:29:14.4150|DEBUG|ips|Client info: IP = ::1; URI = http://localhost:65078/games?Name=&MinPrice=&MaxPrice=&DateOfAdding=week
800001d3-0002-f400-b63f-84710c7967bb|2016-11-23 10:29:17.2222|DEBUG|ips|Client info: IP = ::1; URI = http://localhost:65078/games?Name=&MinPrice=&MaxPrice=&DateOfAdding=week&FilterBy=Popularity
800001d3-0002-f400-b63f-84710c7967bb|2016-11-23 10:29:17.2362|DEBUG|ips|Client info: IP = ::1; URI = http://localhost:65078/games?Name=&MinPrice=&MaxPrice=&DateOfAdding=week&FilterBy=Popularity
800001d3-0002-f400-b63f-84710c7967bb|2016-11-23 10:29:17.2896|DEBUG|ips|Client info: IP = ::1; URI = http://localhost:65078/games?Name=&MinPrice=&MaxPrice=&DateOfAdding=week&FilterBy=Popularity
800001d5-0002-f400-b63f-84710c7967bb|2016-11-23 10:29:21.7543|DEBUG|ips|Client info: IP = ::1; URI = http://localhost:65078/games?Name=&MinPrice=&MaxPrice=&DateOfAdding=week&FilterBy=Popularity&FilterBy=PriceDesc
800001d5-0002-f400-b63f-84710c7967bb|2016-11-23 10:29:21.7733|DEBUG|ips|Client info: IP = ::1; URI = http://localhost:65078/games?Name=&MinPrice=&MaxPrice=&DateOfAdding=week&FilterBy=Popularity&FilterBy=PriceDesc
800001d5-0002-f400-b63f-84710c7967bb|2016-11-23 10:29:21.8197|DEBUG|ips|Client info: IP = ::1; URI = http://localhost:65078/games?Name=&MinPrice=&MaxPrice=&DateOfAdding=week&FilterBy=Popularity&FilterBy=PriceDesc
800001d7-0002-f400-b63f-84710c7967bb|2016-11-23 10:29:26.3093|DEBUG|ips|Client info: IP = ::1; URI = http://localhost:65078/games?Name=&MinPrice=&MaxPrice=&DateOfAdding=twoyear
800001d7-0002-f400-b63f-84710c7967bb|2016-11-23 10:29:26.3313|DEBUG|ips|Client info: IP = ::1; URI = http://localhost:65078/games?Name=&MinPrice=&MaxPrice=&DateOfAdding=twoyear
800001d7-0002-f400-b63f-84710c7967bb|2016-11-23 10:29:26.3820|DEBUG|ips|Client info: IP = ::1; URI = http://localhost:65078/games?Name=&MinPrice=&MaxPrice=&DateOfAdding=twoyear
800001d9-0002-f400-b63f-84710c7967bb|2016-11-23 10:29:29.4559|DEBUG|ips|Client info: IP = ::1; URI = http://localhost:65078/games?Name=&MinPrice=&MaxPrice=&DateOfAdding=twoyear&FilterBy=PriceAsc
800001d9-0002-f400-b63f-84710c7967bb|2016-11-23 10:29:29.4768|DEBUG|ips|Client info: IP = ::1; URI = http://localhost:65078/games?Name=&MinPrice=&MaxPrice=&DateOfAdding=twoyear&FilterBy=PriceAsc
800001d9-0002-f400-b63f-84710c7967bb|2016-11-23 10:29:29.5397|DEBUG|ips|Client info: IP = ::1; URI = http://localhost:65078/games?Name=&MinPrice=&MaxPrice=&DateOfAdding=twoyear&FilterBy=PriceAsc
800001db-0002-f400-b63f-84710c7967bb|2016-11-23 10:29:37.4867|DEBUG|ips|Client info: IP = ::1; URI = http://localhost:65078/games?Name=&MinPrice=&MaxPrice=&DateOfAdding=twoyear&FilterBy=PriceAsc&FilterBy=PriceDesc
800001db-0002-f400-b63f-84710c7967bb|2016-11-23 10:29:37.5128|DEBUG|ips|Client info: IP = ::1; URI = http://localhost:65078/games?Name=&MinPrice=&MaxPrice=&DateOfAdding=twoyear&FilterBy=PriceAsc&FilterBy=PriceDesc
800001db-0002-f400-b63f-84710c7967bb|2016-11-23 10:29:37.5554|DEBUG|ips|Client info: IP = ::1; URI = http://localhost:65078/games?Name=&MinPrice=&MaxPrice=&DateOfAdding=twoyear&FilterBy=PriceAsc&FilterBy=PriceDesc
800001dd-0002-f400-b63f-84710c7967bb|2016-11-23 10:30:11.4872|DEBUG|ips|Client info: IP = ::1; URI = http://localhost:65078/games?Name=&MinPrice=1&MaxPrice=&DateOfAdding=twoyear
800001dd-0002-f400-b63f-84710c7967bb|2016-11-23 10:30:11.5272|DEBUG|ips|Client info: IP = ::1; URI = http://localhost:65078/games?Name=&MinPrice=1&MaxPrice=&DateOfAdding=twoyear
800001dd-0002-f400-b63f-84710c7967bb|2016-11-23 10:30:11.6323|DEBUG|ips|Client info: IP = ::1; URI = http://localhost:65078/games?Name=&MinPrice=1&MaxPrice=&DateOfAdding=twoyear
800001df-0002-f400-b63f-84710c7967bb|2016-11-23 10:30:16.8072|DEBUG|ips|Client info: IP = ::1; URI = http://localhost:65078/games?Name=&MinPrice=1&MaxPrice=11&DateOfAdding=twoyear
800001df-0002-f400-b63f-84710c7967bb|2016-11-23 10:30:16.8292|DEBUG|ips|Client info: IP = ::1; URI = http://localhost:65078/games?Name=&MinPrice=1&MaxPrice=11&DateOfAdding=twoyear
800001df-0002-f400-b63f-84710c7967bb|2016-11-23 10:30:16.9031|DEBUG|ips|Client info: IP = ::1; URI = http://localhost:65078/games?Name=&MinPrice=1&MaxPrice=11&DateOfAdding=twoyear
800001e1-0002-f400-b63f-84710c7967bb|2016-11-23 10:30:21.2694|DEBUG|ips|Client info: IP = ::1; URI = http://localhost:65078/games?Name=&MinPrice=1&MaxPrice=dfs&DateOfAdding=twoyear
800001e1-0002-f400-b63f-84710c7967bb|2016-11-23 10:30:21.2905|DEBUG|ips|Client info: IP = ::1; URI = http://localhost:65078/games?Name=&MinPrice=1&MaxPrice=dfs&DateOfAdding=twoyear
800001e1-0002-f400-b63f-84710c7967bb|2016-11-23 10:30:21.3370|DEBUG|ips|Client info: IP = ::1; URI = http://localhost:65078/games?Name=&MinPrice=1&MaxPrice=dfs&DateOfAdding=twoyear
800001e3-0002-f400-b63f-84710c7967bb|2016-11-23 10:30:26.0830|DEBUG|ips|Client info: IP = ::1; URI = http://localhost:65078/games?Name=&MinPrice=1&MaxPrice=dsfhtgf&DateOfAdding=twoyear
800001e3-0002-f400-b63f-84710c7967bb|2016-11-23 10:30:26.1100|DEBUG|ips|Client info: IP = ::1; URI = http://localhost:65078/games?Name=&MinPrice=1&MaxPrice=dsfhtgf&DateOfAdding=twoyear
800001e3-0002-f400-b63f-84710c7967bb|2016-11-23 10:30:26.1641|DEBUG|ips|Client info: IP = ::1; URI = http://localhost:65078/games?Name=&MinPrice=1&MaxPrice=dsfhtgf&DateOfAdding=twoyear
800001e5-0002-f400-b63f-84710c7967bb|2016-11-23 10:30:37.5866|DEBUG|ips|Client info: IP = ::1; URI = http://localhost:65078/games?Name=sim&MinPrice=1&MaxPrice=&DateOfAdding=twoyear
800001e5-0002-f400-b63f-84710c7967bb|2016-11-23 10:30:37.6056|DEBUG|ips|Client info: IP = ::1; URI = http://localhost:65078/games?Name=sim&MinPrice=1&MaxPrice=&DateOfAdding=twoyear
800001e5-0002-f400-b63f-84710c7967bb|2016-11-23 10:30:37.6511|DEBUG|ips|Client info: IP = ::1; URI = http://localhost:65078/games?Name=sim&MinPrice=1&MaxPrice=&DateOfAdding=twoyear
800001e7-0002-f400-b63f-84710c7967bb|2016-11-23 10:30:44.9617|DEBUG|ips|Client info: IP = ::1; URI = http://localhost:65078/games?Name=sim&MinPrice=1&MaxPrice=&DateOfAdding=twoyear&SelectedTypesName=Console
800001e7-0002-f400-b63f-84710c7967bb|2016-11-23 10:30:44.9847|DEBUG|ips|Client info: IP = ::1; URI = http://localhost:65078/games?Name=sim&MinPrice=1&MaxPrice=&DateOfAdding=twoyear&SelectedTypesName=Console
800001e7-0002-f400-b63f-84710c7967bb|2016-11-23 10:30:45.0387|DEBUG|ips|Client info: IP = ::1; URI = http://localhost:65078/games?Name=sim&MinPrice=1&MaxPrice=&DateOfAdding=twoyear&SelectedTypesName=Console
800001e9-0002-f400-b63f-84710c7967bb|2016-11-23 10:30:50.9382|DEBUG|ips|Client info: IP = ::1; URI = http://localhost:65078/games?Name=&MinPrice=&MaxPrice=&DateOfAdding=twoyear&SelectedTypesName=Console
800001e9-0002-f400-b63f-84710c7967bb|2016-11-23 10:30:50.9617|DEBUG|ips|Client info: IP = ::1; URI = http://localhost:65078/games?Name=&MinPrice=&MaxPrice=&DateOfAdding=twoyear&SelectedTypesName=Console
800001e9-0002-f400-b63f-84710c7967bb|2016-11-23 10:30:51.0077|DEBUG|ips|Client info: IP = ::1; URI = http://localhost:65078/games?Name=&MinPrice=&MaxPrice=&DateOfAdding=twoyear&SelectedTypesName=Console
800001eb-0002-f400-b63f-84710c7967bb|2016-11-23 10:32:05.2305|DEBUG|ips|Client info: IP = ::1; URI = http://localhost:65078/games
800001eb-0002-f400-b63f-84710c7967bb|2016-11-23 10:32:06.0076|DEBUG|ips|Client info: IP = ::1; URI = http://localhost:65078/games
800001eb-0002-f400-b63f-84710c7967bb|2016-11-23 10:32:06.0797|DEBUG|ips|Client info: IP = ::1; URI = http://localhost:65078/games
800001ed-0002-f400-b63f-84710c7967bb|2016-11-23 10:32:10.3508|DEBUG|ips|Client info: IP = ::1; URI = http://localhost:65078/games?Name=&MinPrice=&MaxPrice=&DateOfAdding=twoyear
800001ed-0002-f400-b63f-84710c7967bb|2016-11-23 10:32:10.3729|DEBUG|ips|Client info: IP = ::1; URI = http://localhost:65078/games?Name=&MinPrice=&MaxPrice=&DateOfAdding=twoyear
800001ed-0002-f400-b63f-84710c7967bb|2016-11-23 10:32:10.4293|DEBUG|ips|Client info: IP = ::1; URI = http://localhost:65078/games?Name=&MinPrice=&MaxPrice=&DateOfAdding=twoyear
800001ef-0002-f400-b63f-84710c7967bb|2016-11-23 10:32:21.1414|DEBUG|ips|Client info: IP = ::1; URI = http://localhost:65078/games?Name=&MinPrice=16&MaxPrice=&DateOfAdding=twoyear
800001ef-0002-f400-b63f-84710c7967bb|2016-11-23 10:32:21.1494|DEBUG|ips|Client info: IP = ::1; URI = http://localhost:65078/games?Name=&MinPrice=16&MaxPrice=&DateOfAdding=twoyear
800001ef-0002-f400-b63f-84710c7967bb|2016-11-23 10:32:21.2131|DEBUG|ips|Client info: IP = ::1; URI = http://localhost:65078/games?Name=&MinPrice=16&MaxPrice=&DateOfAdding=twoyear
800001eb-0001-fc00-b63f-84710c7967bb|2016-11-23 10:34:21.2584|DEBUG|ips|Client info: IP = ::1; URI = http://localhost:65078/
800001eb-0001-fc00-b63f-84710c7967bb|2016-11-23 10:34:24.8926|DEBUG|ips|Client info: IP = ::1; URI = http://localhost:65078/
800001eb-0001-fc00-b63f-84710c7967bb|2016-11-23 10:34:25.5241|DEBUG|ips|Client info: IP = ::1; URI = http://localhost:65078/
800001ed-0001-fc00-b63f-84710c7967bb|2016-11-23 10:34:30.3400|DEBUG|ips|Client info: IP = ::1; URI = http://localhost:65078/games?Name=&MinPrice=&MaxPrice=&DateOfAdding=week&SelectedTypesName=Desktop
800000af-0000-f700-b63f-84710c7967bb|2016-11-23 10:36:05.4537|DEBUG|ips|Client info: IP = ::1; URI = http://localhost:65078/
800000af-0000-f700-b63f-84710c7967bb|2016-11-23 10:36:10.0151|DEBUG|ips|Client info: IP = ::1; URI = http://localhost:65078/
800000af-0000-f700-b63f-84710c7967bb|2016-11-23 10:36:10.6243|DEBUG|ips|Client info: IP = ::1; URI = http://localhost:65078/
800000b1-0000-f700-b63f-84710c7967bb|2016-11-23 10:36:21.0151|DEBUG|ips|Client info: IP = ::1; URI = http://localhost:65078/games?Name=&MinPrice=&MaxPrice=&DateOfAdding=week&SelectedTypesName=Console
800000b1-0000-f700-b63f-84710c7967bb|2016-11-23 10:36:21.0251|DEBUG|ips|Client info: IP = ::1; URI = http://localhost:65078/games?Name=&MinPrice=&MaxPrice=&DateOfAdding=week&SelectedTypesName=Console
800000b1-0000-f700-b63f-84710c7967bb|2016-11-23 10:36:21.0872|DEBUG|ips|Client info: IP = ::1; URI = http://localhost:65078/games?Name=&MinPrice=&MaxPrice=&DateOfAdding=week&SelectedTypesName=Console
800000b3-0000-f700-b63f-84710c7967bb|2016-11-23 10:36:24.2920|DEBUG|ips|Client info: IP = ::1; URI = http://localhost:65078/games?Name=&MinPrice=&MaxPrice=&DateOfAdding=week&SelectedTypesName=Desktop
800000b3-0000-f700-b63f-84710c7967bb|2016-11-23 10:36:24.3030|DEBUG|ips|Client info: IP = ::1; URI = http://localhost:65078/games?Name=&MinPrice=&MaxPrice=&DateOfAdding=week&SelectedTypesName=Desktop
800000b3-0000-f700-b63f-84710c7967bb|2016-11-23 10:36:24.3525|DEBUG|ips|Client info: IP = ::1; URI = http://localhost:65078/games?Name=&MinPrice=&MaxPrice=&DateOfAdding=week&SelectedTypesName=Desktop
800000b5-0000-f700-b63f-84710c7967bb|2016-11-23 10:36:27.9420|DEBUG|ips|Client info: IP = ::1; URI = http://localhost:65078/games?Name=&MinPrice=&MaxPrice=&DateOfAdding=week&SelectedTypesName=Browser
800000b5-0000-f700-b63f-84710c7967bb|2016-11-23 10:36:27.9610|DEBUG|ips|Client info: IP = ::1; URI = http://localhost:65078/games?Name=&MinPrice=&MaxPrice=&DateOfAdding=week&SelectedTypesName=Browser
800000b5-0000-f700-b63f-84710c7967bb|2016-11-23 10:36:28.0070|DEBUG|ips|Client info: IP = ::1; URI = http://localhost:65078/games?Name=&MinPrice=&MaxPrice=&DateOfAdding=week&SelectedTypesName=Browser
80000198-0001-ea00-b63f-84710c7967bb|2016-11-23 10:42:31.0822|DEBUG|ips|Client info: IP = ::1; URI = http://localhost:65078/
80000103-0001-f500-b63f-84710c7967bb|2016-11-23 10:45:11.5280|DEBUG|ips|Client info: IP = ::1; URI = http://localhost:65078/
80000064-0003-eb00-b63f-84710c7967bb|2016-11-23 10:54:30.1560|DEBUG|ips|Client info: IP = ::1; URI = http://localhost:65078/
80000091-0000-ef00-b63f-84710c7967bb|2016-11-23 10:58:08.6418|DEBUG|ips|Client info: IP = ::1; URI = http://localhost:65078/
80000091-0000-ef00-b63f-84710c7967bb|2016-11-23 10:58:15.2089|DEBUG|ips|Client info: IP = ::1; URI = http://localhost:65078/
80000091-0000-ef00-b63f-84710c7967bb|2016-11-23 10:58:15.8438|DEBUG|ips|Client info: IP = ::1; URI = http://localhost:65078/
80000093-0000-ef00-b63f-84710c7967bb|2016-11-23 10:58:24.1449|DEBUG|ips|Client info: IP = ::1; URI = http://localhost:65078/games?Name=&MinPrice=&MaxPrice=&DateOfAdding=week&FilterBy=Comments
80000093-0000-ef00-b63f-84710c7967bb|2016-11-23 10:58:24.1699|DEBUG|ips|Client info: IP = ::1; URI = http://localhost:65078/games?Name=&MinPrice=&MaxPrice=&DateOfAdding=week&FilterBy=Comments
80000093-0000-ef00-b63f-84710c7967bb|2016-11-23 10:58:24.2133|DEBUG|ips|Client info: IP = ::1; URI = http://localhost:65078/games?Name=&MinPrice=&MaxPrice=&DateOfAdding=week&FilterBy=Comments
80000095-0000-ef00-b63f-84710c7967bb|2016-11-23 10:58:28.2026|DEBUG|ips|Client info: IP = ::1; URI = http://localhost:65078/games?Name=&MinPrice=&MaxPrice=&DateOfAdding=threeyear&FilterBy=Comments
80000095-0000-ef00-b63f-84710c7967bb|2016-11-23 10:58:28.2316|DEBUG|ips|Client info: IP = ::1; URI = http://localhost:65078/games?Name=&MinPrice=&MaxPrice=&DateOfAdding=threeyear&FilterBy=Comments
80000095-0000-ef00-b63f-84710c7967bb|2016-11-23 10:58:28.2783|DEBUG|ips|Client info: IP = ::1; URI = http://localhost:65078/games?Name=&MinPrice=&MaxPrice=&DateOfAdding=threeyear&FilterBy=Comments
80000097-0000-ef00-b63f-84710c7967bb|2016-11-23 10:58:34.7221|DEBUG|ips|Client info: IP = ::1; URI = http://localhost:65078/games?Name=&MinPrice=&MaxPrice=&DateOfAdding=threeyear&FilterBy=PriceAsc
80000097-0000-ef00-b63f-84710c7967bb|2016-11-23 10:58:34.7461|DEBUG|ips|Client info: IP = ::1; URI = http://localhost:65078/games?Name=&MinPrice=&MaxPrice=&DateOfAdding=threeyear&FilterBy=PriceAsc
80000097-0000-ef00-b63f-84710c7967bb|2016-11-23 10:58:34.8066|DEBUG|ips|Client info: IP = ::1; URI = http://localhost:65078/games?Name=&MinPrice=&MaxPrice=&DateOfAdding=threeyear&FilterBy=PriceAsc
80000099-0000-ef00-b63f-84710c7967bb|2016-11-23 10:58:39.0837|DEBUG|ips|Client info: IP = ::1; URI = http://localhost:65078/games?Name=&MinPrice=&MaxPrice=&DateOfAdding=threeyear&FilterBy=PriceDesc
80000099-0000-ef00-b63f-84710c7967bb|2016-11-23 10:58:39.1203|DEBUG|ips|Client info: IP = ::1; URI = http://localhost:65078/games?Name=&MinPrice=&MaxPrice=&DateOfAdding=threeyear&FilterBy=PriceDesc
80000099-0000-ef00-b63f-84710c7967bb|2016-11-23 10:58:39.1659|DEBUG|ips|Client info: IP = ::1; URI = http://localhost:65078/games?Name=&MinPrice=&MaxPrice=&DateOfAdding=threeyear&FilterBy=PriceDesc
8000009b-0000-ef00-b63f-84710c7967bb|2016-11-23 10:58:51.7187|DEBUG|ips|Client info: IP = ::1; URI = http://localhost:65078/games?Name=&MinPrice=&MaxPrice=&DateOfAdding=threeyear&FilterBy=New
8000009b-0000-ef00-b63f-84710c7967bb|2016-11-23 10:58:51.7447|DEBUG|ips|Client info: IP = ::1; URI = http://localhost:65078/games?Name=&MinPrice=&MaxPrice=&DateOfAdding=threeyear&FilterBy=New
8000009b-0000-ef00-b63f-84710c7967bb|2016-11-23 10:58:51.7914|DEBUG|ips|Client info: IP = ::1; URI = http://localhost:65078/games?Name=&MinPrice=&MaxPrice=&DateOfAdding=threeyear&FilterBy=New
80000067-0000-f400-b63f-84710c7967bb|2016-11-23 11:00:27.7626|DEBUG|ips|Client info: IP = ::1; URI = http://localhost:65078/Games
80000067-0000-f400-b63f-84710c7967bb|2016-11-23 11:00:31.4033|DEBUG|ips|Client info: IP = ::1; URI = http://localhost:65078/Games
80000067-0000-f400-b63f-84710c7967bb|2016-11-23 11:00:32.0121|DEBUG|ips|Client info: IP = ::1; URI = http://localhost:65078/Games
80000069-0000-f400-b63f-84710c7967bb|2016-11-23 11:01:40.5857|DEBUG|ips|Client info: IP = ::1; URI = http://localhost:65078/Games
80000069-0000-f400-b63f-84710c7967bb|2016-11-23 11:01:44.0136|DEBUG|ips|Client info: IP = ::1; URI = http://localhost:65078/Games
80000069-0000-f400-b63f-84710c7967bb|2016-11-23 11:01:44.0835|DEBUG|ips|Client info: IP = ::1; URI = http://localhost:65078/Games
8000006b-0000-f400-b63f-84710c7967bb|2016-11-23 11:01:58.4267|DEBUG|ips|Client info: IP = ::1; URI = http://localhost:65078/Games
8000006b-0000-f400-b63f-84710c7967bb|2016-11-23 11:02:01.8063|DEBUG|ips|Client info: IP = ::1; URI = http://localhost:65078/Games
8000006b-0000-f400-b63f-84710c7967bb|2016-11-23 11:02:01.8783|DEBUG|ips|Client info: IP = ::1; URI = http://localhost:65078/Games
8000006d-0000-f400-b63f-84710c7967bb|2016-11-23 11:02:08.8045|DEBUG|ips|Client info: IP = ::1; URI = http://localhost:65078/games?Name=&MinPrice=&MaxPrice=&DateOfAdding=week&FilterBy=PriceAsc
8000006d-0000-f400-b63f-84710c7967bb|2016-11-23 11:02:08.8235|DEBUG|ips|Client info: IP = ::1; URI = http://localhost:65078/games?Name=&MinPrice=&MaxPrice=&DateOfAdding=week&FilterBy=PriceAsc
8000006d-0000-f400-b63f-84710c7967bb|2016-11-23 11:02:08.8779|DEBUG|ips|Client info: IP = ::1; URI = http://localhost:65078/games?Name=&MinPrice=&MaxPrice=&DateOfAdding=week&FilterBy=PriceAsc
8000006f-0000-f400-b63f-84710c7967bb|2016-11-23 11:02:13.8928|DEBUG|ips|Client info: IP = ::1; URI = http://localhost:65078/games?Name=&MinPrice=&MaxPrice=&DateOfAdding=twoyear&FilterBy=PriceAsc
8000006f-0000-f400-b63f-84710c7967bb|2016-11-23 11:02:13.9142|DEBUG|ips|Client info: IP = ::1; URI = http://localhost:65078/games?Name=&MinPrice=&MaxPrice=&DateOfAdding=twoyear&FilterBy=PriceAsc
8000006f-0000-f400-b63f-84710c7967bb|2016-11-23 11:02:13.9693|DEBUG|ips|Client info: IP = ::1; URI = http://localhost:65078/games?Name=&MinPrice=&MaxPrice=&DateOfAdding=twoyear&FilterBy=PriceAsc
80000071-0000-f400-b63f-84710c7967bb|2016-11-23 11:02:20.8993|DEBUG|ips|Client info: IP = ::1; URI = http://localhost:65078/games?Name=&MinPrice=&MaxPrice=&DateOfAdding=twoyear&FilterBy=PriceDesc
80000071-0000-f400-b63f-84710c7967bb|2016-11-23 11:02:20.9238|DEBUG|ips|Client info: IP = ::1; URI = http://localhost:65078/games?Name=&MinPrice=&MaxPrice=&DateOfAdding=twoyear&FilterBy=PriceDesc
80000071-0000-f400-b63f-84710c7967bb|2016-11-23 11:02:20.9699|DEBUG|ips|Client info: IP = ::1; URI = http://localhost:65078/games?Name=&MinPrice=&MaxPrice=&DateOfAdding=twoyear&FilterBy=PriceDesc
80000073-0000-f400-b63f-84710c7967bb|2016-11-23 11:02:26.8769|DEBUG|ips|Client info: IP = ::1; URI = http://localhost:65078/games?Name=ssd&MinPrice=&MaxPrice=&DateOfAdding=twoyear&FilterBy=PriceDesc
80000073-0000-f400-b63f-84710c7967bb|2016-11-23 11:02:26.8769|DEBUG|ips|Client info: IP = ::1; URI = http://localhost:65078/games?Name=ssd&MinPrice=&MaxPrice=&DateOfAdding=twoyear&FilterBy=PriceDesc
80000073-0000-f400-b63f-84710c7967bb|2016-11-23 11:02:26.9425|DEBUG|ips|Client info: IP = ::1; URI = http://localhost:65078/games?Name=ssd&MinPrice=&MaxPrice=&DateOfAdding=twoyear&FilterBy=PriceDesc
80000075-0000-f400-b63f-84710c7967bb|2016-11-23 11:02:31.8138|DEBUG|ips|Client info: IP = ::1; URI = http://localhost:65078/games?Name=sim&MinPrice=&MaxPrice=&DateOfAdding=twoyear&FilterBy=PriceDesc
80000075-0000-f400-b63f-84710c7967bb|2016-11-23 11:02:31.8369|DEBUG|ips|Client info: IP = ::1; URI = http://localhost:65078/games?Name=sim&MinPrice=&MaxPrice=&DateOfAdding=twoyear&FilterBy=PriceDesc
80000075-0000-f400-b63f-84710c7967bb|2016-11-23 11:02:31.8793|DEBUG|ips|Client info: IP = ::1; URI = http://localhost:65078/games?Name=sim&MinPrice=&MaxPrice=&DateOfAdding=twoyear&FilterBy=PriceDesc
80000077-0000-f400-b63f-84710c7967bb|2016-11-23 11:02:36.2689|DEBUG|ips|Client info: IP = ::1; URI = http://localhost:65078/games/New
80000077-0000-f400-b63f-84710c7967bb|2016-11-23 11:02:36.4752|DEBUG|ips|Client info: IP = ::1; URI = http://localhost:65078/games/New
80000079-0000-f400-b63f-84710c7967bb|2016-11-23 11:02:42.7915|DEBUG|ips|Client info: IP = ::1; URI = http://localhost:65078/games/New
8000007a-0000-f400-b63f-84710c7967bb|2016-11-23 11:02:42.9175|DEBUG|ips|Client info: IP = ::1; URI = http://localhost:65078/games
8000007a-0000-f400-b63f-84710c7967bb|2016-11-23 11:02:42.9395|DEBUG|ips|Client info: IP = ::1; URI = http://localhost:65078/games
8000007a-0000-f400-b63f-84710c7967bb|2016-11-23 11:02:42.9856|DEBUG|ips|Client info: IP = ::1; URI = http://localhost:65078/games
8000007c-0000-f400-b63f-84710c7967bb|2016-11-23 11:02:48.1992|DEBUG|ips|Client info: IP = ::1; URI = http://localhost:65078/games?Name=&MinPrice=&MaxPrice=&DateOfAdding=threeyear&FilterBy=Popularity
8000007c-0000-f400-b63f-84710c7967bb|2016-11-23 11:02:48.2262|DEBUG|ips|Client info: IP = ::1; URI = http://localhost:65078/games?Name=&MinPrice=&MaxPrice=&DateOfAdding=threeyear&FilterBy=Popularity
8000007c-0000-f400-b63f-84710c7967bb|2016-11-23 11:02:48.2697|DEBUG|ips|Client info: IP = ::1; URI = http://localhost:65078/games?Name=&MinPrice=&MaxPrice=&DateOfAdding=threeyear&FilterBy=Popularity
8000007e-0000-f400-b63f-84710c7967bb|2016-11-23 11:02:55.8818|DEBUG|ips|Client info: IP = ::1; URI = http://localhost:65078/games?Name=&MinPrice=&MaxPrice=3&DateOfAdding=threeyear&FilterBy=Popularity
8000007e-0000-f400-b63f-84710c7967bb|2016-11-23 11:02:55.8968|DEBUG|ips|Client info: IP = ::1; URI = http://localhost:65078/games?Name=&MinPrice=&MaxPrice=3&DateOfAdding=threeyear&FilterBy=Popularity
8000007e-0000-f400-b63f-84710c7967bb|2016-11-23 11:02:55.9537|DEBUG|ips|Client info: IP = ::1; URI = http://localhost:65078/games?Name=&MinPrice=&MaxPrice=3&DateOfAdding=threeyear&FilterBy=Popularity
800008fe-0001-f800-b63f-84710c7967bb|2016-11-23 11:07:45.0575|DEBUG|ips|Client info: IP = ::1; URI = http://localhost:65078/
800008fe-0001-f800-b63f-84710c7967bb|2016-11-23 11:07:48.8162|DEBUG|ips|Client info: IP = ::1; URI = http://localhost:65078/
800008fe-0001-f800-b63f-84710c7967bb|2016-11-23 11:07:49.4401|DEBUG|ips|Client info: IP = ::1; URI = http://localhost:65078/
80000900-0001-f800-b63f-84710c7967bb|2016-11-23 11:07:55.0027|DEBUG|ips|Client info: IP = ::1; URI = http://localhost:65078/games?Name=&MinPrice=&MaxPrice=&DateOfAdding=week&FilterBy=Popularity&SelectedPublishersName=GamesCorporation
80000900-0001-f800-b63f-84710c7967bb|2016-11-23 11:07:55.0222|DEBUG|ips|Client info: IP = ::1; URI = http://localhost:65078/games?Name=&MinPrice=&MaxPrice=&DateOfAdding=week&FilterBy=Popularity&SelectedPublishersName=GamesCorporation
80000900-0001-f800-b63f-84710c7967bb|2016-11-23 11:07:55.0732|DEBUG|ips|Client info: IP = ::1; URI = http://localhost:65078/games?Name=&MinPrice=&MaxPrice=&DateOfAdding=week&FilterBy=Popularity&SelectedPublishersName=GamesCorporation
80000902-0001-f800-b63f-84710c7967bb|2016-11-23 11:07:58.7045|DEBUG|ips|Client info: IP = ::1; URI = http://localhost:65078/games?Name=&MinPrice=&MaxPrice=&DateOfAdding=twoyear&FilterBy=Popularity&SelectedPublishersName=GamesCorporation
80000902-0001-f800-b63f-84710c7967bb|2016-11-23 11:07:58.7195|DEBUG|ips|Client info: IP = ::1; URI = http://localhost:65078/games?Name=&MinPrice=&MaxPrice=&DateOfAdding=twoyear&FilterBy=Popularity&SelectedPublishersName=GamesCorporation
80000902-0001-f800-b63f-84710c7967bb|2016-11-23 11:07:58.7743|DEBUG|ips|Client info: IP = ::1; URI = http://localhost:65078/games?Name=&MinPrice=&MaxPrice=&DateOfAdding=twoyear&FilterBy=Popularity&SelectedPublishersName=GamesCorporation
80000904-0001-f800-b63f-84710c7967bb|2016-11-23 11:08:03.7537|DEBUG|ips|Client info: IP = ::1; URI = http://localhost:65078/games?Name=&MinPrice=&MaxPrice=&DateOfAdding=twoyear&FilterBy=Popularity
80000904-0001-f800-b63f-84710c7967bb|2016-11-23 11:08:03.7742|DEBUG|ips|Client info: IP = ::1; URI = http://localhost:65078/games?Name=&MinPrice=&MaxPrice=&DateOfAdding=twoyear&FilterBy=Popularity
80000904-0001-f800-b63f-84710c7967bb|2016-11-23 11:08:03.8164|DEBUG|ips|Client info: IP = ::1; URI = http://localhost:65078/games?Name=&MinPrice=&MaxPrice=&DateOfAdding=twoyear&FilterBy=Popularity
80000655-0002-f600-b63f-84710c7967bb|2016-11-23 11:30:31.9243|DEBUG|ips|Client info: IP = ::1; URI = http://localhost:65078/Games/Index
80000655-0002-f600-b63f-84710c7967bb|2016-11-23 11:30:38.4437|DEBUG|ips|Client info: IP = ::1; URI = http://localhost:65078/Games/Index
80000655-0002-f600-b63f-84710c7967bb|2016-11-23 11:30:39.0881|DEBUG|ips|Client info: IP = ::1; URI = http://localhost:65078/Games/Index
8000065a-0002-f600-b63f-84710c7967bb|2016-11-23 11:31:00.5105|DEBUG|ips|Client info: IP = ::1; URI = http://localhost:65078/games?Name=&MinPrice=&MaxPrice=&DateOfAdding=threeyear&FilterBy=Popularity
8000065a-0002-f600-b63f-84710c7967bb|2016-11-23 11:31:00.5395|DEBUG|ips|Client info: IP = ::1; URI = http://localhost:65078/games?Name=&MinPrice=&MaxPrice=&DateOfAdding=threeyear&FilterBy=Popularity
8000065a-0002-f600-b63f-84710c7967bb|2016-11-23 11:31:00.5840|DEBUG|ips|Client info: IP = ::1; URI = http://localhost:65078/games?Name=&MinPrice=&MaxPrice=&DateOfAdding=threeyear&FilterBy=Popularity
8000065c-0002-f600-b63f-84710c7967bb|2016-11-23 11:31:07.6527|DEBUG|ips|Client info: IP = ::1; URI = http://localhost:65078/games?PageSize=0
8000065c-0002-f600-b63f-84710c7967bb|2016-11-23 11:31:07.6818|DEBUG|ips|Client info: IP = ::1; URI = http://localhost:65078/games?PageSize=0
8000065c-0002-f600-b63f-84710c7967bb|2016-11-23 11:31:07.7272|DEBUG|ips|Client info: IP = ::1; URI = http://localhost:65078/games?PageSize=0
8000065e-0002-f600-b63f-84710c7967bb|2016-11-23 11:31:11.5675|DEBUG|ips|Client info: IP = ::1; URI = http://localhost:65078/games?PageSize=10
8000065e-0002-f600-b63f-84710c7967bb|2016-11-23 11:31:11.5845|DEBUG|ips|Client info: IP = ::1; URI = http://localhost:65078/games?PageSize=10
8000065e-0002-f600-b63f-84710c7967bb|2016-11-23 11:31:11.6352|DEBUG|ips|Client info: IP = ::1; URI = http://localhost:65078/games?PageSize=10
80002c00-0000-f800-b63f-84710c7967bb|2016-11-23 11:37:17.3077|DEBUG|ips|Client info: IP = ::1; URI = http://localhost:65078/
800000b6-0000-ec00-b63f-84710c7967bb|2016-11-23 11:38:05.8502|DEBUG|ips|Client info: IP = ::1; URI = http://localhost:65078/
80000232-0001-f600-b63f-84710c7967bb|2016-11-23 11:39:46.0863|DEBUG|ips|Client info: IP = ::1; URI = http://localhost:65078/
80000239-0001-f600-b63f-84710c7967bb|2016-11-23 11:41:20.1838|DEBUG|ips|Client info: IP = ::1; URI = http://localhost:65078/
80002cf0-0000-f800-b63f-84710c7967bb|2016-11-23 11:42:48.4721|DEBUG|ips|Client info: IP = ::1; URI = http://localhost:65078/
8000020b-0000-fd00-b63f-84710c7967bb|2016-11-23 11:43:34.2251|DEBUG|ips|Client info: IP = ::1; URI = http://localhost:65078/
80002cfc-0000-f800-b63f-84710c7967bb|2016-11-23 11:44:43.2910|DEBUG|ips|Client info: IP = ::1; URI = http://localhost:65078/
80000028-0001-e800-b63f-84710c7967bb|2016-11-23 11:46:22.1001|DEBUG|ips|Client info: IP = ::1; URI = http://localhost:65078/
80000325-0001-fc00-b63f-84710c7967bb|2016-11-23 11:47:13.9807|DEBUG|ips|Client info: IP = ::1; URI = http://localhost:65078/
800003eb-0002-ee00-b63f-84710c7967bb|2016-11-23 11:48:20.2019|DEBUG|ips|Client info: IP = ::1; URI = http://localhost:65078/
8000003f-0001-e800-b63f-84710c7967bb|2016-11-23 11:48:57.7947|DEBUG|ips|Client info: IP = ::1; URI = http://localhost:65078/
8000003f-0001-e800-b63f-84710c7967bb|2016-11-23 11:49:01.4462|DEBUG|ips|Client info: IP = ::1; URI = http://localhost:65078/
8000003f-0001-e800-b63f-84710c7967bb|2016-11-23 11:49:02.0829|DEBUG|ips|Client info: IP = ::1; URI = http://localhost:65078/
80000041-0001-e800-b63f-84710c7967bb|2016-11-23 11:49:09.3847|DEBUG|ips|Client info: IP = ::1; URI = http://localhost:65078/games?Name=&MinPrice=&MaxPrice=&DateOfAdding=twoyear&FilterBy=Popularity
80000041-0001-e800-b63f-84710c7967bb|2016-11-23 11:49:09.4107|DEBUG|ips|Client info: IP = ::1; URI = http://localhost:65078/games?Name=&MinPrice=&MaxPrice=&DateOfAdding=twoyear&FilterBy=Popularity
80000041-0001-e800-b63f-84710c7967bb|2016-11-23 11:49:09.4599|DEBUG|ips|Client info: IP = ::1; URI = http://localhost:65078/games?Name=&MinPrice=&MaxPrice=&DateOfAdding=twoyear&FilterBy=Popularity
800000d6-0000-f400-b63f-84710c7967bb|2016-11-23 11:50:15.2024|DEBUG|ips|Client info: IP = ::1; URI = http://localhost:65078/
80000162-0002-ed00-b63f-84710c7967bb|2016-11-23 11:50:57.3600|DEBUG|ips|Client info: IP = ::1; URI = http://localhost:65078/
80000162-0002-ed00-b63f-84710c7967bb|2016-11-23 11:51:00.9977|DEBUG|ips|Client info: IP = ::1; URI = http://localhost:65078/
80000162-0002-ed00-b63f-84710c7967bb|2016-11-23 11:51:01.6070|DEBUG|ips|Client info: IP = ::1; URI = http://localhost:65078/
80000164-0002-ed00-b63f-84710c7967bb|2016-11-23 11:51:09.4594|DEBUG|ips|Client info: IP = ::1; URI = http://localhost:65078/games?Name=&MinPrice=&MaxPrice=&DateOfAdding=twoyear&FilterBy=Popularity
80000164-0002-ed00-b63f-84710c7967bb|2016-11-23 11:51:09.5725|DEBUG|ips|Client info: IP = ::1; URI = http://localhost:65078/games?Name=&MinPrice=&MaxPrice=&DateOfAdding=twoyear&FilterBy=Popularity
80000164-0002-ed00-b63f-84710c7967bb|2016-11-23 11:51:09.6495|DEBUG|ips|Client info: IP = ::1; URI = http://localhost:65078/games?Name=&MinPrice=&MaxPrice=&DateOfAdding=twoyear&FilterBy=Popularity
80000166-0002-ed00-b63f-84710c7967bb|2016-11-23 11:51:12.4552|DEBUG|ips|Client info: IP = ::1; URI = http://localhost:65078/games?Page=2
80000166-0002-ed00-b63f-84710c7967bb|2016-11-23 11:51:12.4602|DEBUG|ips|Client info: IP = ::1; URI = http://localhost:65078/games?Page=2
80000166-0002-ed00-b63f-84710c7967bb|2016-11-23 11:51:12.5043|DEBUG|ips|Client info: IP = ::1; URI = http://localhost:65078/games?Page=2
80000168-0002-ed00-b63f-84710c7967bb|2016-11-23 11:51:18.7899|DEBUG|ips|Client info: IP = ::1; URI = http://localhost:65078/games?Page=1
80000168-0002-ed00-b63f-84710c7967bb|2016-11-23 11:51:18.8044|DEBUG|ips|Client info: IP = ::1; URI = http://localhost:65078/games?Page=1
80000168-0002-ed00-b63f-84710c7967bb|2016-11-23 11:51:18.8474|DEBUG|ips|Client info: IP = ::1; URI = http://localhost:65078/games?Page=1
8000016a-0002-ed00-b63f-84710c7967bb|2016-11-23 11:52:28.3005|DEBUG|ips|Client info: IP = ::1; URI = http://localhost:65078/games?Name=&MinPrice=&MaxPrice=&DateOfAdding=threeyear&FilterBy=Popularity
8000016a-0002-ed00-b63f-84710c7967bb|2016-11-23 11:52:28.3961|DEBUG|ips|Client info: IP = ::1; URI = http://localhost:65078/games?Name=&MinPrice=&MaxPrice=&DateOfAdding=threeyear&FilterBy=Popularity
8000016a-0002-ed00-b63f-84710c7967bb|2016-11-23 11:52:28.4631|DEBUG|ips|Client info: IP = ::1; URI = http://localhost:65078/games?Name=&MinPrice=&MaxPrice=&DateOfAdding=threeyear&FilterBy=Popularity
8000016c-0002-ed00-b63f-84710c7967bb|2016-11-23 11:52:40.2519|DEBUG|ips|Client info: IP = ::1; URI = http://localhost:65078/games?PageSize=20
8000016c-0002-ed00-b63f-84710c7967bb|2016-11-23 11:52:40.2729|DEBUG|ips|Client info: IP = ::1; URI = http://localhost:65078/games?PageSize=20
8000016c-0002-ed00-b63f-84710c7967bb|2016-11-23 11:52:40.3178|DEBUG|ips|Client info: IP = ::1; URI = http://localhost:65078/games?PageSize=20
80000554-0001-f600-b63f-84710c7967bb|2016-11-23 11:56:06.3406|DEBUG|ips|Client info: IP = ::1; URI = http://localhost:65078/
80000554-0001-f600-b63f-84710c7967bb|2016-11-23 11:56:10.2264|DEBUG|ips|Client info: IP = ::1; URI = http://localhost:65078/
80000554-0001-f600-b63f-84710c7967bb|2016-11-23 11:56:10.8615|DEBUG|ips|Client info: IP = ::1; URI = http://localhost:65078/
80000556-0001-f600-b63f-84710c7967bb|2016-11-23 11:56:17.7985|DEBUG|ips|Client info: IP = ::1; URI = http://localhost:65078/games?Name=&MinPrice=&MaxPrice=&DateOfAdding=twoyear&FilterBy=Popularity
80000556-0001-f600-b63f-84710c7967bb|2016-11-23 11:56:17.9126|DEBUG|ips|Client info: IP = ::1; URI = http://localhost:65078/games?Name=&MinPrice=&MaxPrice=&DateOfAdding=twoyear&FilterBy=Popularity
80000556-0001-f600-b63f-84710c7967bb|2016-11-23 11:56:17.9782|DEBUG|ips|Client info: IP = ::1; URI = http://localhost:65078/games?Name=&MinPrice=&MaxPrice=&DateOfAdding=twoyear&FilterBy=Popularity
80000558-0001-f600-b63f-84710c7967bb|2016-11-23 11:56:20.6682|DEBUG|ips|Client info: IP = ::1; URI = http://localhost:65078/games?DateOfAdding=twoyear&FilterBy=Popularity&Page=2
80000558-0001-f600-b63f-84710c7967bb|2016-11-23 11:56:20.6867|DEBUG|ips|Client info: IP = ::1; URI = http://localhost:65078/games?DateOfAdding=twoyear&FilterBy=Popularity&Page=2
80000558-0001-f600-b63f-84710c7967bb|2016-11-23 11:56:20.7448|DEBUG|ips|Client info: IP = ::1; URI = http://localhost:65078/games?DateOfAdding=twoyear&FilterBy=Popularity&Page=2
8000055a-0001-f600-b63f-84710c7967bb|2016-11-23 11:56:29.1489|DEBUG|ips|Client info: IP = ::1; URI = http://localhost:65078/games?DateOfAdding=twoyear&FilterBy=Popularity&Page=1
8000055a-0001-f600-b63f-84710c7967bb|2016-11-23 11:56:29.2085|DEBUG|ips|Client info: IP = ::1; URI = http://localhost:65078/games?DateOfAdding=twoyear&FilterBy=Popularity&Page=1
8000055a-0001-f600-b63f-84710c7967bb|2016-11-23 11:56:29.2595|DEBUG|ips|Client info: IP = ::1; URI = http://localhost:65078/games?DateOfAdding=twoyear&FilterBy=Popularity&Page=1
8000055c-0001-f600-b63f-84710c7967bb|2016-11-23 11:56:31.5524|DEBUG|ips|Client info: IP = ::1; URI = http://localhost:65078/games?DateOfAdding=twoyear&FilterBy=Popularity&Page=2
8000055c-0001-f600-b63f-84710c7967bb|2016-11-23 11:56:31.5684|DEBUG|ips|Client info: IP = ::1; URI = http://localhost:65078/games?DateOfAdding=twoyear&FilterBy=Popularity&Page=2
8000055c-0001-f600-b63f-84710c7967bb|2016-11-23 11:56:31.6154|DEBUG|ips|Client info: IP = ::1; URI = http://localhost:65078/games?DateOfAdding=twoyear&FilterBy=Popularity&Page=2
8000055e-0001-f600-b63f-84710c7967bb|2016-11-23 11:56:36.4992|DEBUG|ips|Client info: IP = ::1; URI = http://localhost:65078/games?DateOfAdding=twoyear&FilterBy=Popularity&PageSize=20
8000055e-0001-f600-b63f-84710c7967bb|2016-11-23 11:56:36.6038|DEBUG|ips|Client info: IP = ::1; URI = http://localhost:65078/games?DateOfAdding=twoyear&FilterBy=Popularity&PageSize=20
8000055e-0001-f600-b63f-84710c7967bb|2016-11-23 11:56:36.6469|DEBUG|ips|Client info: IP = ::1; URI = http://localhost:65078/games?DateOfAdding=twoyear&FilterBy=Popularity&PageSize=20
80000560-0001-f600-b63f-84710c7967bb|2016-11-23 11:56:41.1039|DEBUG|ips|Client info: IP = ::1; URI = http://localhost:65078/games?DateOfAdding=twoyear&FilterBy=Popularity&PageSize=10
80000560-0001-f600-b63f-84710c7967bb|2016-11-23 11:56:41.1679|DEBUG|ips|Client info: IP = ::1; URI = http://localhost:65078/games?DateOfAdding=twoyear&FilterBy=Popularity&PageSize=10
80000560-0001-f600-b63f-84710c7967bb|2016-11-23 11:56:41.2269|DEBUG|ips|Client info: IP = ::1; URI = http://localhost:65078/games?DateOfAdding=twoyear&FilterBy=Popularity&PageSize=10
80000562-0001-f600-b63f-84710c7967bb|2016-11-23 11:56:57.8391|DEBUG|ips|Client info: IP = ::1; URI = http://localhost:65078/games?DateOfAdding=twoyear&FilterBy=Popularity&PageSize=10&Page=2
80000562-0001-f600-b63f-84710c7967bb|2016-11-23 11:56:57.8591|DEBUG|ips|Client info: IP = ::1; URI = http://localhost:65078/games?DateOfAdding=twoyear&FilterBy=Popularity&PageSize=10&Page=2
80000562-0001-f600-b63f-84710c7967bb|2016-11-23 11:56:57.9141|DEBUG|ips|Client info: IP = ::1; URI = http://localhost:65078/games?DateOfAdding=twoyear&FilterBy=Popularity&PageSize=10&Page=2
80000564-0001-f600-b63f-84710c7967bb|2016-11-23 11:57:02.0118|DEBUG|ips|Client info: IP = ::1; URI = http://localhost:65078/games?PageSize=10&Name=&MinPrice=&MaxPrice=&DateOfAdding=threeyear&FilterBy=Popularity
80000564-0001-f600-b63f-84710c7967bb|2016-11-23 11:57:02.0694|DEBUG|ips|Client info: IP = ::1; URI = http://localhost:65078/games?PageSize=10&Name=&MinPrice=&MaxPrice=&DateOfAdding=threeyear&FilterBy=Popularity
80000564-0001-f600-b63f-84710c7967bb|2016-11-23 11:57:02.1204|DEBUG|ips|Client info: IP = ::1; URI = http://localhost:65078/games?PageSize=10&Name=&MinPrice=&MaxPrice=&DateOfAdding=threeyear&FilterBy=Popularity
80000566-0001-f600-b63f-84710c7967bb|2016-11-23 11:57:04.1386|DEBUG|ips|Client info: IP = ::1; URI = http://localhost:65078/games?PageSize=10&DateOfAdding=threeyear&FilterBy=Popularity&Page=2
80000566-0001-f600-b63f-84710c7967bb|2016-11-23 11:57:04.1586|DEBUG|ips|Client info: IP = ::1; URI = http://localhost:65078/games?PageSize=10&DateOfAdding=threeyear&FilterBy=Popularity&Page=2
80000566-0001-f600-b63f-84710c7967bb|2016-11-23 11:57:04.2096|DEBUG|ips|Client info: IP = ::1; URI = http://localhost:65078/games?PageSize=10&DateOfAdding=threeyear&FilterBy=Popularity&Page=2
80000568-0001-f600-b63f-84710c7967bb|2016-11-23 11:57:06.7306|DEBUG|ips|Client info: IP = ::1; URI = http://localhost:65078/games?PageSize=10&DateOfAdding=threeyear&FilterBy=Popularity&Page=1
80000568-0001-f600-b63f-84710c7967bb|2016-11-23 11:57:06.7816|DEBUG|ips|Client info: IP = ::1; URI = http://localhost:65078/games?PageSize=10&DateOfAdding=threeyear&FilterBy=Popularity&Page=1
80000568-0001-f600-b63f-84710c7967bb|2016-11-23 11:57:06.8552|DEBUG|ips|Client info: IP = ::1; URI = http://localhost:65078/games?PageSize=10&DateOfAdding=threeyear&FilterBy=Popularity&Page=1
8000056a-0001-f600-b63f-84710c7967bb|2016-11-23 11:57:21.6687|DEBUG|ips|Client info: IP = ::1; URI = http://localhost:65078/games?PageSize=10&Name=&MinPrice=&MaxPrice=&DateOfAdding=threeyear&FilterBy=PriceDesc
8000056a-0001-f600-b63f-84710c7967bb|2016-11-23 11:57:21.7643|DEBUG|ips|Client info: IP = ::1; URI = http://localhost:65078/games?PageSize=10&Name=&MinPrice=&MaxPrice=&DateOfAdding=threeyear&FilterBy=PriceDesc
8000056a-0001-f600-b63f-84710c7967bb|2016-11-23 11:57:21.8527|DEBUG|ips|Client info: IP = ::1; URI = http://localhost:65078/games?PageSize=10&Name=&MinPrice=&MaxPrice=&DateOfAdding=threeyear&FilterBy=PriceDesc
8000056c-0001-f600-b63f-84710c7967bb|2016-11-23 11:58:39.3965|DEBUG|ips|Client info: IP = ::1; URI = http://localhost:65078/games
8000056c-0001-f600-b63f-84710c7967bb|2016-11-23 11:58:42.8314|DEBUG|ips|Client info: IP = ::1; URI = http://localhost:65078/games
8000056c-0001-f600-b63f-84710c7967bb|2016-11-23 11:58:42.9235|DEBUG|ips|Client info: IP = ::1; URI = http://localhost:65078/games
8000056e-0001-f600-b63f-84710c7967bb|2016-11-23 11:58:51.3991|DEBUG|ips|Client info: IP = ::1; URI = http://localhost:65078/games?Name=&MinPrice=&MaxPrice=&DateOfAdding=threeyear&FilterBy=Popularity
8000056e-0001-f600-b63f-84710c7967bb|2016-11-23 11:58:51.4759|DEBUG|ips|Client info: IP = ::1; URI = http://localhost:65078/games?Name=&MinPrice=&MaxPrice=&DateOfAdding=threeyear&FilterBy=Popularity
8000056e-0001-f600-b63f-84710c7967bb|2016-11-23 11:58:51.5215|DEBUG|ips|Client info: IP = ::1; URI = http://localhost:65078/games?Name=&MinPrice=&MaxPrice=&DateOfAdding=threeyear&FilterBy=Popularity
800003af-0000-e900-b63f-84710c7967bb|2016-11-23 11:59:57.3118|DEBUG|ips|Client info: IP = ::1; URI = http://localhost:65078/
800003af-0000-e900-b63f-84710c7967bb|2016-11-23 12:00:01.1715|DEBUG|ips|Client info: IP = ::1; URI = http://localhost:65078/
800003af-0000-e900-b63f-84710c7967bb|2016-11-23 12:00:01.8120|DEBUG|ips|Client info: IP = ::1; URI = http://localhost:65078/
800003b1-0000-e900-b63f-84710c7967bb|2016-11-23 12:00:07.3506|DEBUG|ips|Client info: IP = ::1; URI = http://localhost:65078/games?Name=&MinPrice=&MaxPrice=&DateOfAdding=threeyear&FilterBy=Popularity
800003b1-0000-e900-b63f-84710c7967bb|2016-11-23 12:00:07.4286|DEBUG|ips|Client info: IP = ::1; URI = http://localhost:65078/games?Name=&MinPrice=&MaxPrice=&DateOfAdding=threeyear&FilterBy=Popularity
800003b1-0000-e900-b63f-84710c7967bb|2016-11-23 12:00:07.4736|DEBUG|ips|Client info: IP = ::1; URI = http://localhost:65078/games?Name=&MinPrice=&MaxPrice=&DateOfAdding=threeyear&FilterBy=Popularity
800003b3-0000-e900-b63f-84710c7967bb|2016-11-23 12:00:41.0424|DEBUG|ips|Client info: IP = ::1; URI = http://localhost:65078/
800003b3-0000-e900-b63f-84710c7967bb|2016-11-23 12:00:44.4331|DEBUG|ips|Client info: IP = ::1; URI = http://localhost:65078/
800003b3-0000-e900-b63f-84710c7967bb|2016-11-23 12:00:44.5071|DEBUG|ips|Client info: IP = ::1; URI = http://localhost:65078/
800003b5-0000-e900-b63f-84710c7967bb|2016-11-23 12:00:50.9835|DEBUG|ips|Client info: IP = ::1; URI = http://localhost:65078/games?Name=&MinPrice=&MaxPrice=&DateOfAdding=twoyear&FilterBy=Popularity
800003b5-0000-e900-b63f-84710c7967bb|2016-11-23 12:00:51.0620|DEBUG|ips|Client info: IP = ::1; URI = http://localhost:65078/games?Name=&MinPrice=&MaxPrice=&DateOfAdding=twoyear&FilterBy=Popularity
800003b5-0000-e900-b63f-84710c7967bb|2016-11-23 12:00:51.1179|DEBUG|ips|Client info: IP = ::1; URI = http://localhost:65078/games?Name=&MinPrice=&MaxPrice=&DateOfAdding=twoyear&FilterBy=Popularity
800003b7-0000-e900-b63f-84710c7967bb|2016-11-23 12:00:55.2384|DEBUG|ips|Client info: IP = ::1; URI = http://localhost:65078/games?Name=&MinPrice=&MaxPrice=&DateOfAdding=twoyear&FilterBy=Popularity&PageSize=50
800003b7-0000-e900-b63f-84710c7967bb|2016-11-23 12:00:55.3044|DEBUG|ips|Client info: IP = ::1; URI = http://localhost:65078/games?Name=&MinPrice=&MaxPrice=&DateOfAdding=twoyear&FilterBy=Popularity&PageSize=50
800003b7-0000-e900-b63f-84710c7967bb|2016-11-23 12:00:55.3495|DEBUG|ips|Client info: IP = ::1; URI = http://localhost:65078/games?Name=&MinPrice=&MaxPrice=&DateOfAdding=twoyear&FilterBy=Popularity&PageSize=50
800003b9-0000-e900-b63f-84710c7967bb|2016-11-23 12:01:09.3022|DEBUG|ips|Client info: IP = ::1; URI = http://localhost:65078/games?Name=&MinPrice=&MaxPrice=&DateOfAdding=twoyear&FilterBy=Popularity&PageSize=0
800003b9-0000-e900-b63f-84710c7967bb|2016-11-23 12:01:09.3722|DEBUG|ips|Client info: IP = ::1; URI = http://localhost:65078/games?Name=&MinPrice=&MaxPrice=&DateOfAdding=twoyear&FilterBy=Popularity&PageSize=0
800003b9-0000-e900-b63f-84710c7967bb|2016-11-23 12:01:09.4272|DEBUG|ips|Client info: IP = ::1; URI = http://localhost:65078/games?Name=&MinPrice=&MaxPrice=&DateOfAdding=twoyear&FilterBy=Popularity&PageSize=0
800003a8-0003-ef00-b63f-84710c7967bb|2016-11-23 12:03:04.8027|DEBUG|ips|Client info: IP = ::1; URI = http://localhost:65078/
800003a8-0003-ef00-b63f-84710c7967bb|2016-11-23 12:03:08.5810|DEBUG|ips|Client info: IP = ::1; URI = http://localhost:65078/
800003a8-0003-ef00-b63f-84710c7967bb|2016-11-23 12:03:09.2135|DEBUG|ips|Client info: IP = ::1; URI = http://localhost:65078/
800003aa-0003-ef00-b63f-84710c7967bb|2016-11-23 12:03:16.1035|DEBUG|ips|Client info: IP = ::1; URI = http://localhost:65078/games?Name=&MinPrice=&MaxPrice=&DateOfAdding=twoyear&FilterBy=Popularity
800003aa-0003-ef00-b63f-84710c7967bb|2016-11-23 12:03:16.1785|DEBUG|ips|Client info: IP = ::1; URI = http://localhost:65078/games?Name=&MinPrice=&MaxPrice=&DateOfAdding=twoyear&FilterBy=Popularity
800003aa-0003-ef00-b63f-84710c7967bb|2016-11-23 12:03:16.2391|DEBUG|ips|Client info: IP = ::1; URI = http://localhost:65078/games?Name=&MinPrice=&MaxPrice=&DateOfAdding=twoyear&FilterBy=Popularity
800003ac-0003-ef00-b63f-84710c7967bb|2016-11-23 12:03:18.5686|DEBUG|ips|Client info: IP = ::1; URI = http://localhost:65078/games?DateOfAdding=twoyear&FilterBy=Popularity&Page=2
800003ac-0003-ef00-b63f-84710c7967bb|2016-11-23 12:03:18.5806|DEBUG|ips|Client info: IP = ::1; URI = http://localhost:65078/games?DateOfAdding=twoyear&FilterBy=Popularity&Page=2
800003ac-0003-ef00-b63f-84710c7967bb|2016-11-23 12:03:18.6450|DEBUG|ips|Client info: IP = ::1; URI = http://localhost:65078/games?DateOfAdding=twoyear&FilterBy=Popularity&Page=2
800003ae-0003-ef00-b63f-84710c7967bb|2016-11-23 12:03:22.0613|DEBUG|ips|Client info: IP = ::1; URI = http://localhost:65078/games?DateOfAdding=twoyear&FilterBy=Popularity&PageSize=20
800003ae-0003-ef00-b63f-84710c7967bb|2016-11-23 12:03:22.1348|DEBUG|ips|Client info: IP = ::1; URI = http://localhost:65078/games?DateOfAdding=twoyear&FilterBy=Popularity&PageSize=20
800003ae-0003-ef00-b63f-84710c7967bb|2016-11-23 12:03:22.1899|DEBUG|ips|Client info: IP = ::1; URI = http://localhost:65078/games?DateOfAdding=twoyear&FilterBy=Popularity&PageSize=20
800003b0-0003-ef00-b63f-84710c7967bb|2016-11-23 12:03:27.7098|DEBUG|ips|Client info: IP = ::1; URI = http://localhost:65078/games?DateOfAdding=twoyear&FilterBy=Popularity&PageSize=10
800003b0-0003-ef00-b63f-84710c7967bb|2016-11-23 12:03:27.7753|DEBUG|ips|Client info: IP = ::1; URI = http://localhost:65078/games?DateOfAdding=twoyear&FilterBy=Popularity&PageSize=10
800003b0-0003-ef00-b63f-84710c7967bb|2016-11-23 12:03:27.8381|DEBUG|ips|Client info: IP = ::1; URI = http://localhost:65078/games?DateOfAdding=twoyear&FilterBy=Popularity&PageSize=10
800003b2-0003-ef00-b63f-84710c7967bb|2016-11-23 12:03:29.8560|DEBUG|ips|Client info: IP = ::1; URI = http://localhost:65078/games?DateOfAdding=twoyear&FilterBy=Popularity&PageSize=10&Page=2
800003b2-0003-ef00-b63f-84710c7967bb|2016-11-23 12:03:29.8650|DEBUG|ips|Client info: IP = ::1; URI = http://localhost:65078/games?DateOfAdding=twoyear&FilterBy=Popularity&PageSize=10&Page=2
800003b2-0003-ef00-b63f-84710c7967bb|2016-11-23 12:03:29.9070|DEBUG|ips|Client info: IP = ::1; URI = http://localhost:65078/games?DateOfAdding=twoyear&FilterBy=Popularity&PageSize=10&Page=2
800003b4-0003-ef00-b63f-84710c7967bb|2016-11-23 12:03:44.7527|DEBUG|ips|Client info: IP = ::1; URI = http://localhost:65078/games?DateOfAdding=twoyear&FilterBy=Popularity&PageSize=10&Page=2
800003b4-0003-ef00-b63f-84710c7967bb|2016-11-23 12:03:45.5867|DEBUG|ips|Client info: IP = ::1; URI = http://localhost:65078/games?DateOfAdding=twoyear&FilterBy=Popularity&PageSize=10&Page=2
800003b4-0003-ef00-b63f-84710c7967bb|2016-11-23 12:03:45.6634|DEBUG|ips|Client info: IP = ::1; URI = http://localhost:65078/games?DateOfAdding=twoyear&FilterBy=Popularity&PageSize=10&Page=2
800003b6-0003-ef00-b63f-84710c7967bb|2016-11-23 12:03:51.4940|DEBUG|ips|Client info: IP = ::1; URI = http://localhost:65078/games?DateOfAdding=twoyear&FilterBy=Popularity&PageSize=10&Page=1
800003b6-0003-ef00-b63f-84710c7967bb|2016-11-23 12:03:51.5664|DEBUG|ips|Client info: IP = ::1; URI = http://localhost:65078/games?DateOfAdding=twoyear&FilterBy=Popularity&PageSize=10&Page=1
800003b6-0003-ef00-b63f-84710c7967bb|2016-11-23 12:03:51.6244|DEBUG|ips|Client info: IP = ::1; URI = http://localhost:65078/games?DateOfAdding=twoyear&FilterBy=Popularity&PageSize=10&Page=1
800003b8-0003-ef00-b63f-84710c7967bb|2016-11-23 12:03:53.6544|DEBUG|ips|Client info: IP = ::1; URI = http://localhost:65078/games?DateOfAdding=twoyear&FilterBy=Popularity&PageSize=10&Page=2
800003b8-0003-ef00-b63f-84710c7967bb|2016-11-23 12:03:53.6705|DEBUG|ips|Client info: IP = ::1; URI = http://localhost:65078/games?DateOfAdding=twoyear&FilterBy=Popularity&PageSize=10&Page=2
800003b8-0003-ef00-b63f-84710c7967bb|2016-11-23 12:03:53.7176|DEBUG|ips|Client info: IP = ::1; URI = http://localhost:65078/games?DateOfAdding=twoyear&FilterBy=Popularity&PageSize=10&Page=2
800002d4-0000-f200-b63f-84710c7967bb|2016-11-23 12:17:21.5348|DEBUG|ips|Client info: IP = ::1; URI = http://localhost:65078/Games/Index
800002d4-0000-f200-b63f-84710c7967bb|2016-11-23 12:17:28.4874|DEBUG|ips|Client info: IP = ::1; URI = http://localhost:65078/Games/Index
800002d4-0000-f200-b63f-84710c7967bb|2016-11-23 12:17:29.1425|DEBUG|ips|Client info: IP = ::1; URI = http://localhost:65078/Games/Index
800002d6-0000-f200-b63f-84710c7967bb|2016-11-23 12:17:40.7174|DEBUG|ips|Client info: IP = ::1; URI = http://localhost:65078/games?Name=&MinPrice=&MaxPrice=&DateOfAdding=twoyear&FilterBy=Popularity
800002d6-0000-f200-b63f-84710c7967bb|2016-11-23 12:17:40.7824|DEBUG|ips|Client info: IP = ::1; URI = http://localhost:65078/games?Name=&MinPrice=&MaxPrice=&DateOfAdding=twoyear&FilterBy=Popularity
800002d6-0000-f200-b63f-84710c7967bb|2016-11-23 12:17:40.8535|DEBUG|ips|Client info: IP = ::1; URI = http://localhost:65078/games?Name=&MinPrice=&MaxPrice=&DateOfAdding=twoyear&FilterBy=Popularity
800002d8-0000-f200-b63f-84710c7967bb|2016-11-23 12:17:44.0671|DEBUG|ips|Client info: IP = ::1; URI = http://localhost:65078/games?DateOfAdding=twoyear&FilterBy=Popularity&Page=2
800002d8-0000-f200-b63f-84710c7967bb|2016-11-23 12:17:44.0782|DEBUG|ips|Client info: IP = ::1; URI = http://localhost:65078/games?DateOfAdding=twoyear&FilterBy=Popularity&Page=2
800002d8-0000-f200-b63f-84710c7967bb|2016-11-23 12:17:44.1401|DEBUG|ips|Client info: IP = ::1; URI = http://localhost:65078/games?DateOfAdding=twoyear&FilterBy=Popularity&Page=2
800002da-0000-f200-b63f-84710c7967bb|2016-11-23 12:17:54.8875|DEBUG|ips|Client info: IP = ::1; URI = http://localhost:65078/games?Name=&MinPrice=&MaxPrice=&DateOfAdding=threeyear&FilterBy=Popularity
800002da-0000-f200-b63f-84710c7967bb|2016-11-23 12:17:54.9522|DEBUG|ips|Client info: IP = ::1; URI = http://localhost:65078/games?Name=&MinPrice=&MaxPrice=&DateOfAdding=threeyear&FilterBy=Popularity
800002da-0000-f200-b63f-84710c7967bb|2016-11-23 12:17:55.0033|DEBUG|ips|Client info: IP = ::1; URI = http://localhost:65078/games?Name=&MinPrice=&MaxPrice=&DateOfAdding=threeyear&FilterBy=Popularity
800002dc-0000-f200-b63f-84710c7967bb|2016-11-23 12:17:57.0729|DEBUG|ips|Client info: IP = ::1; URI = http://localhost:65078/games?DateOfAdding=threeyear&FilterBy=Popularity&Page=2
800002dc-0000-f200-b63f-84710c7967bb|2016-11-23 12:17:57.0939|DEBUG|ips|Client info: IP = ::1; URI = http://localhost:65078/games?DateOfAdding=threeyear&FilterBy=Popularity&Page=2
800002dc-0000-f200-b63f-84710c7967bb|2016-11-23 12:17:57.1437|DEBUG|ips|Client info: IP = ::1; URI = http://localhost:65078/games?DateOfAdding=threeyear&FilterBy=Popularity&Page=2
800002de-0000-f200-b63f-84710c7967bb|2016-11-23 12:18:16.6261|DEBUG|ips|Client info: IP = ::1; URI = http://localhost:65078/games?DateOfAdding=threeyear&FilterBy=Popularity&PageSize=20
800002de-0000-f200-b63f-84710c7967bb|2016-11-23 12:18:16.6991|DEBUG|ips|Client info: IP = ::1; URI = http://localhost:65078/games?DateOfAdding=threeyear&FilterBy=Popularity&PageSize=20
800002de-0000-f200-b63f-84710c7967bb|2016-11-23 12:18:16.7532|DEBUG|ips|Client info: IP = ::1; URI = http://localhost:65078/games?DateOfAdding=threeyear&FilterBy=Popularity&PageSize=20
800002e0-0000-f200-b63f-84710c7967bb|2016-11-23 12:18:20.8496|DEBUG|ips|Client info: IP = ::1; URI = http://localhost:65078/games?DateOfAdding=threeyear&FilterBy=Popularity&PageSize=10
800002e0-0000-f200-b63f-84710c7967bb|2016-11-23 12:18:20.9061|DEBUG|ips|Client info: IP = ::1; URI = http://localhost:65078/games?DateOfAdding=threeyear&FilterBy=Popularity&PageSize=10
800002e0-0000-f200-b63f-84710c7967bb|2016-11-23 12:18:20.9592|DEBUG|ips|Client info: IP = ::1; URI = http://localhost:65078/games?DateOfAdding=threeyear&FilterBy=Popularity&PageSize=10
800002e2-0000-f200-b63f-84710c7967bb|2016-11-23 12:18:57.8110|DEBUG|ips|Client info: IP = ::1; URI = http://localhost:65078/games?PageSize=10&Name=&MinPrice=&MaxPrice=&DateOfAdding=threeyear&FilterBy=Popularity&SelectedTypesName=Console
800002e2-0000-f200-b63f-84710c7967bb|2016-11-23 12:18:57.8550|DEBUG|ips|Client info: IP = ::1; URI = http://localhost:65078/games?PageSize=10&Name=&MinPrice=&MaxPrice=&DateOfAdding=threeyear&FilterBy=Popularity&SelectedTypesName=Console
800002e2-0000-f200-b63f-84710c7967bb|2016-11-23 12:18:57.9091|DEBUG|ips|Client info: IP = ::1; URI = http://localhost:65078/games?PageSize=10&Name=&MinPrice=&MaxPrice=&DateOfAdding=threeyear&FilterBy=Popularity&SelectedTypesName=Console
800002e4-0000-f200-b63f-84710c7967bb|2016-11-23 12:19:04.7205|DEBUG|ips|Client info: IP = ::1; URI = http://localhost:65078/games?PageSize=10&Name=&MinPrice=&MaxPrice=&DateOfAdding=threeyear&FilterBy=Popularity&SelectedTypesName=Browser
800002e4-0000-f200-b63f-84710c7967bb|2016-11-23 12:19:04.7765|DEBUG|ips|Client info: IP = ::1; URI = http://localhost:65078/games?PageSize=10&Name=&MinPrice=&MaxPrice=&DateOfAdding=threeyear&FilterBy=Popularity&SelectedTypesName=Browser
800002e4-0000-f200-b63f-84710c7967bb|2016-11-23 12:19:04.8306|DEBUG|ips|Client info: IP = ::1; URI = http://localhost:65078/games?PageSize=10&Name=&MinPrice=&MaxPrice=&DateOfAdding=threeyear&FilterBy=Popularity&SelectedTypesName=Browser
8000135b-0000-f500-b63f-84710c7967bb|2016-11-23 12:22:56.0417|DEBUG|ips|Client info: IP = ::1; URI = http://localhost:65078/
8000135b-0000-f500-b63f-84710c7967bb|2016-11-23 12:23:00.3127|DEBUG|ips|Client info: IP = ::1; URI = http://localhost:65078/
8000135b-0000-f500-b63f-84710c7967bb|2016-11-23 12:23:00.9568|DEBUG|ips|Client info: IP = ::1; URI = http://localhost:65078/
8000135d-0000-f500-b63f-84710c7967bb|2016-11-23 12:23:18.7289|DEBUG|ips|Client info: IP = ::1; URI = http://localhost:65078/games?Name=&MinPrice=&MaxPrice=&DateOfAdding=twoyear&FilterBy=Popularity
8000135d-0000-f500-b63f-84710c7967bb|2016-11-23 12:23:18.7925|DEBUG|ips|Client info: IP = ::1; URI = http://localhost:65078/games?Name=&MinPrice=&MaxPrice=&DateOfAdding=twoyear&FilterBy=Popularity
8000135d-0000-f500-b63f-84710c7967bb|2016-11-23 12:23:18.8596|DEBUG|ips|Client info: IP = ::1; URI = http://localhost:65078/games?Name=&MinPrice=&MaxPrice=&DateOfAdding=twoyear&FilterBy=Popularity
80000108-0000-f400-b63f-84710c7967bb|2016-11-23 12:24:54.4570|DEBUG|ips|Client info: IP = ::1; URI = http://localhost:65078/
80000108-0000-f400-b63f-84710c7967bb|2016-11-23 12:24:58.2372|DEBUG|ips|Client info: IP = ::1; URI = http://localhost:65078/
80000108-0000-f400-b63f-84710c7967bb|2016-11-23 12:24:58.8964|DEBUG|ips|Client info: IP = ::1; URI = http://localhost:65078/
8000010a-0000-f400-b63f-84710c7967bb|2016-11-23 12:25:09.6725|DEBUG|ips|Client info: IP = ::1; URI = http://localhost:65078/games?Name=&MinPrice=&MaxPrice=&DateOfAdding=twoyear&FilterBy=Popularity
8000010a-0000-f400-b63f-84710c7967bb|2016-11-23 12:25:09.7355|DEBUG|ips|Client info: IP = ::1; URI = http://localhost:65078/games?Name=&MinPrice=&MaxPrice=&DateOfAdding=twoyear&FilterBy=Popularity
8000010a-0000-f400-b63f-84710c7967bb|2016-11-23 12:25:09.7996|DEBUG|ips|Client info: IP = ::1; URI = http://localhost:65078/games?Name=&MinPrice=&MaxPrice=&DateOfAdding=twoyear&FilterBy=Popularity
8000010c-0000-f400-b63f-84710c7967bb|2016-11-23 12:25:12.1762|DEBUG|ips|Client info: IP = ::1; URI = http://localhost:65078/games?DateOfAdding=twoyear&FilterBy=Popularity&Page=2
8000010c-0000-f400-b63f-84710c7967bb|2016-11-23 12:25:12.1932|DEBUG|ips|Client info: IP = ::1; URI = http://localhost:65078/games?DateOfAdding=twoyear&FilterBy=Popularity&Page=2
8000010c-0000-f400-b63f-84710c7967bb|2016-11-23 12:25:12.2513|DEBUG|ips|Client info: IP = ::1; URI = http://localhost:65078/games?DateOfAdding=twoyear&FilterBy=Popularity&Page=2
8000010e-0000-f400-b63f-84710c7967bb|2016-11-23 12:25:17.2274|DEBUG|ips|Client info: IP = ::1; URI = http://localhost:65078/games?Name=&MinPrice=&MaxPrice=&DateOfAdding=threeyear&FilterBy=Popularity
8000010e-0000-f400-b63f-84710c7967bb|2016-11-23 12:25:17.2919|DEBUG|ips|Client info: IP = ::1; URI = http://localhost:65078/games?Name=&MinPrice=&MaxPrice=&DateOfAdding=threeyear&FilterBy=Popularity
8000010e-0000-f400-b63f-84710c7967bb|2016-11-23 12:25:17.3479|DEBUG|ips|Client info: IP = ::1; URI = http://localhost:65078/games?Name=&MinPrice=&MaxPrice=&DateOfAdding=threeyear&FilterBy=Popularity
80000110-0000-f400-b63f-84710c7967bb|2016-11-23 12:25:19.7415|DEBUG|ips|Client info: IP = ::1; URI = http://localhost:65078/games?DateOfAdding=threeyear&FilterBy=Popularity&Page=2
80000110-0000-f400-b63f-84710c7967bb|2016-11-23 12:25:19.7556|DEBUG|ips|Client info: IP = ::1; URI = http://localhost:65078/games?DateOfAdding=threeyear&FilterBy=Popularity&Page=2
80000110-0000-f400-b63f-84710c7967bb|2016-11-23 12:25:19.8136|DEBUG|ips|Client info: IP = ::1; URI = http://localhost:65078/games?DateOfAdding=threeyear&FilterBy=Popularity&Page=2
8000071b-0000-f100-b63f-84710c7967bb|2016-11-23 12:26:46.9031|DEBUG|ips|Client info: IP = ::1; URI = http://localhost:65078/
8000071b-0000-f100-b63f-84710c7967bb|2016-11-23 12:26:50.6057|DEBUG|ips|Client info: IP = ::1; URI = http://localhost:65078/
8000071b-0000-f100-b63f-84710c7967bb|2016-11-23 12:26:51.2220|DEBUG|ips|Client info: IP = ::1; URI = http://localhost:65078/
8000071d-0000-f100-b63f-84710c7967bb|2016-11-23 12:26:58.1273|DEBUG|ips|Client info: IP = ::1; URI = http://localhost:65078/games?Page=2
8000071d-0000-f100-b63f-84710c7967bb|2016-11-23 12:26:58.1273|DEBUG|ips|Client info: IP = ::1; URI = http://localhost:65078/games?Page=2
8000071d-0000-f100-b63f-84710c7967bb|2016-11-23 12:26:58.2003|DEBUG|ips|Client info: IP = ::1; URI = http://localhost:65078/games?Page=2
8000071f-0000-f100-b63f-84710c7967bb|2016-11-23 12:27:00.2932|DEBUG|ips|Client info: IP = ::1; URI = http://localhost:65078/games?Page=1
8000071f-0000-f100-b63f-84710c7967bb|2016-11-23 12:27:00.3092|DEBUG|ips|Client info: IP = ::1; URI = http://localhost:65078/games?Page=1
8000071f-0000-f100-b63f-84710c7967bb|2016-11-23 12:27:00.3566|DEBUG|ips|Client info: IP = ::1; URI = http://localhost:65078/games?Page=1
800000de-0003-e900-b63f-84710c7967bb|2016-11-23 12:27:51.8913|DEBUG|ips|Client info: IP = ::1; URI = http://localhost:65078/
800000de-0003-e900-b63f-84710c7967bb|2016-11-23 12:27:56.1325|DEBUG|ips|Client info: IP = ::1; URI = http://localhost:65078/
800000de-0003-e900-b63f-84710c7967bb|2016-11-23 12:27:56.7697|DEBUG|ips|Client info: IP = ::1; URI = http://localhost:65078/
800000e0-0003-e900-b63f-84710c7967bb|2016-11-23 12:28:07.4759|DEBUG|ips|Client info: IP = ::1; URI = http://localhost:65078/games?Name=&MinPrice=&MaxPrice=&DateOfAdding=twoyear&FilterBy=Popularity
800000e0-0003-e900-b63f-84710c7967bb|2016-11-23 12:28:07.5445|DEBUG|ips|Client info: IP = ::1; URI = http://localhost:65078/games?Name=&MinPrice=&MaxPrice=&DateOfAdding=twoyear&FilterBy=Popularity
800000e0-0003-e900-b63f-84710c7967bb|2016-11-23 12:28:07.5895|DEBUG|ips|Client info: IP = ::1; URI = http://localhost:65078/games?Name=&MinPrice=&MaxPrice=&DateOfAdding=twoyear&FilterBy=Popularity
800000e2-0003-e900-b63f-84710c7967bb|2016-11-23 12:28:09.7414|DEBUG|ips|Client info: IP = ::1; URI = http://localhost:65078/games?DateOfAdding=twoyear&FilterBy=Popularity&Page=2
800000e2-0003-e900-b63f-84710c7967bb|2016-11-23 12:28:09.7524|DEBUG|ips|Client info: IP = ::1; URI = http://localhost:65078/games?DateOfAdding=twoyear&FilterBy=Popularity&Page=2
800000e2-0003-e900-b63f-84710c7967bb|2016-11-23 12:28:09.8119|DEBUG|ips|Client info: IP = ::1; URI = http://localhost:65078/games?DateOfAdding=twoyear&FilterBy=Popularity&Page=2
800000e4-0003-e900-b63f-84710c7967bb|2016-11-23 12:28:11.4512|DEBUG|ips|Client info: IP = ::1; URI = http://localhost:65078/games?DateOfAdding=twoyear&FilterBy=Popularity&Page=1
800000e4-0003-e900-b63f-84710c7967bb|2016-11-23 12:28:11.5023|DEBUG|ips|Client info: IP = ::1; URI = http://localhost:65078/games?DateOfAdding=twoyear&FilterBy=Popularity&Page=1
800000e4-0003-e900-b63f-84710c7967bb|2016-11-23 12:28:11.5443|DEBUG|ips|Client info: IP = ::1; URI = http://localhost:65078/games?DateOfAdding=twoyear&FilterBy=Popularity&Page=1
800000e6-0003-e900-b63f-84710c7967bb|2016-11-23 12:28:15.0097|DEBUG|ips|Client info: IP = ::1; URI = http://localhost:65078/games?DateOfAdding=twoyear&FilterBy=Popularity&PageSize=20
800000e6-0003-e900-b63f-84710c7967bb|2016-11-23 12:28:15.0737|DEBUG|ips|Client info: IP = ::1; URI = http://localhost:65078/games?DateOfAdding=twoyear&FilterBy=Popularity&PageSize=20
800000e6-0003-e900-b63f-84710c7967bb|2016-11-23 12:28:15.1373|DEBUG|ips|Client info: IP = ::1; URI = http://localhost:65078/games?DateOfAdding=twoyear&FilterBy=Popularity&PageSize=20
800000e8-0003-e900-b63f-84710c7967bb|2016-11-23 12:28:20.4717|DEBUG|ips|Client info: IP = ::1; URI = http://localhost:65078/games?DateOfAdding=twoyear&FilterBy=Popularity&PageSize=0
800000e8-0003-e900-b63f-84710c7967bb|2016-11-23 12:28:20.5448|DEBUG|ips|Client info: IP = ::1; URI = http://localhost:65078/games?DateOfAdding=twoyear&FilterBy=Popularity&PageSize=0
800000e8-0003-e900-b63f-84710c7967bb|2016-11-23 12:28:20.5908|DEBUG|ips|Client info: IP = ::1; URI = http://localhost:65078/games?DateOfAdding=twoyear&FilterBy=Popularity&PageSize=0
800003e4-0000-e900-b63f-84710c7967bb|2016-11-23 12:33:41.3258|DEBUG|ips|Client info: IP = ::1; URI = http://localhost:65078/
800003e4-0000-e900-b63f-84710c7967bb|2016-11-23 12:33:47.8129|DEBUG|ips|Client info: IP = ::1; URI = http://localhost:65078/
800003e4-0000-e900-b63f-84710c7967bb|2016-11-23 12:33:48.4682|DEBUG|ips|Client info: IP = ::1; URI = http://localhost:65078/
800003e6-0000-e900-b63f-84710c7967bb|2016-11-23 12:33:54.5806|DEBUG|ips|Client info: IP = ::1; URI = http://localhost:65078/games?Name=&MinPrice=&MaxPrice=&DateOfAdding=threeyear&FilterBy=Popularity
800003e6-0000-e900-b63f-84710c7967bb|2016-11-23 12:33:54.6492|DEBUG|ips|Client info: IP = ::1; URI = http://localhost:65078/games?Name=&MinPrice=&MaxPrice=&DateOfAdding=threeyear&FilterBy=Popularity
800003e6-0000-e900-b63f-84710c7967bb|2016-11-23 12:33:54.7147|DEBUG|ips|Client info: IP = ::1; URI = http://localhost:65078/games?Name=&MinPrice=&MaxPrice=&DateOfAdding=threeyear&FilterBy=Popularity
800003e8-0000-e900-b63f-84710c7967bb|2016-11-23 12:33:56.6776|DEBUG|ips|Client info: IP = ::1; URI = http://localhost:65078/games?Name=&MinPrice=&MaxPrice=&DateOfAdding=threeyear&FilterBy=Popularity
800003e8-0000-e900-b63f-84710c7967bb|2016-11-23 12:33:56.7315|DEBUG|ips|Client info: IP = ::1; URI = http://localhost:65078/games?Name=&MinPrice=&MaxPrice=&DateOfAdding=threeyear&FilterBy=Popularity
800003e8-0000-e900-b63f-84710c7967bb|2016-11-23 12:33:56.7745|DEBUG|ips|Client info: IP = ::1; URI = http://localhost:65078/games?Name=&MinPrice=&MaxPrice=&DateOfAdding=threeyear&FilterBy=Popularity
800003ea-0000-e900-b63f-84710c7967bb|2016-11-23 12:33:59.1275|DEBUG|ips|Client info: IP = ::1; URI = http://localhost:65078/games?Name=&MinPrice=&MaxPrice=&DateOfAdding=threeyear&FilterBy=Popularity
800003ea-0000-e900-b63f-84710c7967bb|2016-11-23 12:33:59.1825|DEBUG|ips|Client info: IP = ::1; URI = http://localhost:65078/games?Name=&MinPrice=&MaxPrice=&DateOfAdding=threeyear&FilterBy=Popularity
800003ea-0000-e900-b63f-84710c7967bb|2016-11-23 12:33:59.2482|DEBUG|ips|Client info: IP = ::1; URI = http://localhost:65078/games?Name=&MinPrice=&MaxPrice=&DateOfAdding=threeyear&FilterBy=Popularity
800003ec-0000-e900-b63f-84710c7967bb|2016-11-23 12:34:01.3504|DEBUG|ips|Client info: IP = ::1; URI = http://localhost:65078/games?Name=&MinPrice=&MaxPrice=&DateOfAdding=threeyear&FilterBy=Popularity
800003ec-0000-e900-b63f-84710c7967bb|2016-11-23 12:34:01.4084|DEBUG|ips|Client info: IP = ::1; URI = http://localhost:65078/games?Name=&MinPrice=&MaxPrice=&DateOfAdding=threeyear&FilterBy=Popularity
800003ec-0000-e900-b63f-84710c7967bb|2016-11-23 12:34:01.4655|DEBUG|ips|Client info: IP = ::1; URI = http://localhost:65078/games?Name=&MinPrice=&MaxPrice=&DateOfAdding=threeyear&FilterBy=Popularity
800003ee-0000-e900-b63f-84710c7967bb|2016-11-23 12:34:03.8406|DEBUG|ips|Client info: IP = ::1; URI = http://localhost:65078/games?Name=&MinPrice=&MaxPrice=&DateOfAdding=threeyear&FilterBy=Popularity
800003ee-0000-e900-b63f-84710c7967bb|2016-11-23 12:34:03.8907|DEBUG|ips|Client info: IP = ::1; URI = http://localhost:65078/games?Name=&MinPrice=&MaxPrice=&DateOfAdding=threeyear&FilterBy=Popularity
800003ee-0000-e900-b63f-84710c7967bb|2016-11-23 12:34:03.9453|DEBUG|ips|Client info: IP = ::1; URI = http://localhost:65078/games?Name=&MinPrice=&MaxPrice=&DateOfAdding=threeyear&FilterBy=Popularity
800003f0-0000-e900-b63f-84710c7967bb|2016-11-23 12:34:12.7201|DEBUG|ips|Client info: IP = ::1; URI = http://localhost:65078/games?Name=&MinPrice=&MaxPrice=&DateOfAdding=threeyear&FilterBy=Popularity
800003f0-0000-e900-b63f-84710c7967bb|2016-11-23 12:34:12.7771|DEBUG|ips|Client info: IP = ::1; URI = http://localhost:65078/games?Name=&MinPrice=&MaxPrice=&DateOfAdding=threeyear&FilterBy=Popularity
800003f0-0000-e900-b63f-84710c7967bb|2016-11-23 12:34:12.8212|DEBUG|ips|Client info: IP = ::1; URI = http://localhost:65078/games?Name=&MinPrice=&MaxPrice=&DateOfAdding=threeyear&FilterBy=Popularity
80000098-0001-e800-b63f-84710c7967bb|2016-11-23 12:35:39.3356|DEBUG|ips|Client info: IP = ::1; URI = http://localhost:65078/
80000098-0001-e800-b63f-84710c7967bb|2016-11-23 12:35:43.5277|DEBUG|ips|Client info: IP = ::1; URI = http://localhost:65078/
80000098-0001-e800-b63f-84710c7967bb|2016-11-23 12:35:44.1532|DEBUG|ips|Client info: IP = ::1; URI = http://localhost:65078/
8000009a-0001-e800-b63f-84710c7967bb|2016-11-23 12:35:52.9349|DEBUG|ips|Client info: IP = ::1; URI = http://localhost:65078/games?Name=&MinPrice=&MaxPrice=&DateOfAdding=twoyear&FilterBy=Popularity
8000009a-0001-e800-b63f-84710c7967bb|2016-11-23 12:35:53.0079|DEBUG|ips|Client info: IP = ::1; URI = http://localhost:65078/games?Name=&MinPrice=&MaxPrice=&DateOfAdding=twoyear&FilterBy=Popularity
8000009a-0001-e800-b63f-84710c7967bb|2016-11-23 12:35:53.0549|DEBUG|ips|Client info: IP = ::1; URI = http://localhost:65078/games?Name=&MinPrice=&MaxPrice=&DateOfAdding=twoyear&FilterBy=Popularity
8000009c-0001-e800-b63f-84710c7967bb|2016-11-23 12:35:54.9586|DEBUG|ips|Client info: IP = ::1; URI = http://localhost:65078/games?DateOfAdding=twoyear&FilterBy=Popularity&Page=2
8000009c-0001-e800-b63f-84710c7967bb|2016-11-23 12:35:54.9766|DEBUG|ips|Client info: IP = ::1; URI = http://localhost:65078/games?DateOfAdding=twoyear&FilterBy=Popularity&Page=2
8000009c-0001-e800-b63f-84710c7967bb|2016-11-23 12:35:55.0237|DEBUG|ips|Client info: IP = ::1; URI = http://localhost:65078/games?DateOfAdding=twoyear&FilterBy=Popularity&Page=2
8000009e-0001-e800-b63f-84710c7967bb|2016-11-23 12:35:58.6228|DEBUG|ips|Client info: IP = ::1; URI = http://localhost:65078/games?DateOfAdding=twoyear&FilterBy=Popularity&Page=1
8000009e-0001-e800-b63f-84710c7967bb|2016-11-23 12:35:58.6885|DEBUG|ips|Client info: IP = ::1; URI = http://localhost:65078/games?DateOfAdding=twoyear&FilterBy=Popularity&Page=1
8000009e-0001-e800-b63f-84710c7967bb|2016-11-23 12:35:58.7415|DEBUG|ips|Client info: IP = ::1; URI = http://localhost:65078/games?DateOfAdding=twoyear&FilterBy=Popularity&Page=1
800000a0-0001-e800-b63f-84710c7967bb|2016-11-23 12:36:00.7573|DEBUG|ips|Client info: IP = ::1; URI = http://localhost:65078/games?DateOfAdding=twoyear&FilterBy=Popularity&Page=2
800000a0-0001-e800-b63f-84710c7967bb|2016-11-23 12:36:00.7573|DEBUG|ips|Client info: IP = ::1; URI = http://localhost:65078/games?DateOfAdding=twoyear&FilterBy=Popularity&Page=2
800000a0-0001-e800-b63f-84710c7967bb|2016-11-23 12:36:00.8203|DEBUG|ips|Client info: IP = ::1; URI = http://localhost:65078/games?DateOfAdding=twoyear&FilterBy=Popularity&Page=2
80000518-0001-f100-b63f-84710c7967bb|2016-11-23 12:36:35.7295|DEBUG|ips|Client info: IP = ::1; URI = http://localhost:65078/
80000518-0001-f100-b63f-84710c7967bb|2016-11-23 12:36:39.3538|DEBUG|ips|Client info: IP = ::1; URI = http://localhost:65078/
80000518-0001-f100-b63f-84710c7967bb|2016-11-23 12:36:39.9784|DEBUG|ips|Client info: IP = ::1; URI = http://localhost:65078/
8000051a-0001-f100-b63f-84710c7967bb|2016-11-23 12:36:45.8680|DEBUG|ips|Client info: IP = ::1; URI = http://localhost:65078/games?Name=&MinPrice=&MaxPrice=&DateOfAdding=threeyear&FilterBy=Popularity
8000051a-0001-f100-b63f-84710c7967bb|2016-11-23 12:36:45.9340|DEBUG|ips|Client info: IP = ::1; URI = http://localhost:65078/games?Name=&MinPrice=&MaxPrice=&DateOfAdding=threeyear&FilterBy=Popularity
8000051a-0001-f100-b63f-84710c7967bb|2016-11-23 12:36:45.9989|DEBUG|ips|Client info: IP = ::1; URI = http://localhost:65078/games?Name=&MinPrice=&MaxPrice=&DateOfAdding=threeyear&FilterBy=Popularity
8000051c-0001-f100-b63f-84710c7967bb|2016-11-23 12:36:49.4936|DEBUG|ips|Client info: IP = ::1; URI = http://localhost:65078/games?Name=&MinPrice=&MaxPrice=&DateOfAdding=threeyear&FilterBy=Popularity&PageSize=20
8000051c-0001-f100-b63f-84710c7967bb|2016-11-23 12:36:49.5657|DEBUG|ips|Client info: IP = ::1; URI = http://localhost:65078/games?Name=&MinPrice=&MaxPrice=&DateOfAdding=threeyear&FilterBy=Popularity&PageSize=20
8000051c-0001-f100-b63f-84710c7967bb|2016-11-23 12:36:49.6375|DEBUG|ips|Client info: IP = ::1; URI = http://localhost:65078/games?Name=&MinPrice=&MaxPrice=&DateOfAdding=threeyear&FilterBy=Popularity&PageSize=20
8000051e-0001-f100-b63f-84710c7967bb|2016-11-23 12:36:55.3166|DEBUG|ips|Client info: IP = ::1; URI = http://localhost:65078/games?Name=&MinPrice=&MaxPrice=&DateOfAdding=threeyear&FilterBy=Popularity&PageSize=10
8000051e-0001-f100-b63f-84710c7967bb|2016-11-23 12:36:55.3787|DEBUG|ips|Client info: IP = ::1; URI = http://localhost:65078/games?Name=&MinPrice=&MaxPrice=&DateOfAdding=threeyear&FilterBy=Popularity&PageSize=10
8000051e-0001-f100-b63f-84710c7967bb|2016-11-23 12:36:55.4347|DEBUG|ips|Client info: IP = ::1; URI = http://localhost:65078/games?Name=&MinPrice=&MaxPrice=&DateOfAdding=threeyear&FilterBy=Popularity&PageSize=10
80000520-0001-f100-b63f-84710c7967bb|2016-11-23 12:36:57.5725|DEBUG|ips|Client info: IP = ::1; URI = http://localhost:65078/games?DateOfAdding=threeyear&FilterBy=Popularity&PageSize=10&Page=2
80000520-0001-f100-b63f-84710c7967bb|2016-11-23 12:36:57.5880|DEBUG|ips|Client info: IP = ::1; URI = http://localhost:65078/games?DateOfAdding=threeyear&FilterBy=Popularity&PageSize=10&Page=2
80000520-0001-f100-b63f-84710c7967bb|2016-11-23 12:36:57.6331|DEBUG|ips|Client info: IP = ::1; URI = http://localhost:65078/games?DateOfAdding=threeyear&FilterBy=Popularity&PageSize=10&Page=2
80000402-0001-e700-b63f-84710c7967bb|2016-11-23 12:42:45.7472|DEBUG|ips|Client info: IP = ::1; URI = http://localhost:65078/
80000402-0001-e700-b63f-84710c7967bb|2016-11-23 12:42:52.2784|DEBUG|ips|Client info: IP = ::1; URI = http://localhost:65078/
80000402-0001-e700-b63f-84710c7967bb|2016-11-23 12:42:52.9142|DEBUG|ips|Client info: IP = ::1; URI = http://localhost:65078/
80000404-0001-e700-b63f-84710c7967bb|2016-11-23 12:43:18.6427|DEBUG|ips|Client info: IP = ::1; URI = http://localhost:65078/games?Name=&MinPrice=&MaxPrice=&DateOfAdding=week&FilterBy=Popularity&SelectedGenresName=Action
80000404-0001-e700-b63f-84710c7967bb|2016-11-23 12:43:18.6787|DEBUG|ips|Client info: IP = ::1; URI = http://localhost:65078/games?Name=&MinPrice=&MaxPrice=&DateOfAdding=week&FilterBy=Popularity&SelectedGenresName=Action
80000404-0001-e700-b63f-84710c7967bb|2016-11-23 12:43:18.7353|DEBUG|ips|Client info: IP = ::1; URI = http://localhost:65078/games?Name=&MinPrice=&MaxPrice=&DateOfAdding=week&FilterBy=Popularity&SelectedGenresName=Action
80000406-0001-e700-b63f-84710c7967bb|2016-11-23 12:43:30.5511|DEBUG|ips|Client info: IP = ::1; URI = http://localhost:65078/games?Name=&MinPrice=rggg&MaxPrice=&DateOfAdding=week&FilterBy=Popularity&SelectedGenresName=Action
80000406-0001-e700-b63f-84710c7967bb|2016-11-23 12:43:30.5881|DEBUG|ips|Client info: IP = ::1; URI = http://localhost:65078/games?Name=&MinPrice=rggg&MaxPrice=&DateOfAdding=week&FilterBy=Popularity&SelectedGenresName=Action
80000406-0001-e700-b63f-84710c7967bb|2016-11-23 12:43:30.6446|DEBUG|ips|Client info: IP = ::1; URI = http://localhost:65078/games?Name=&MinPrice=rggg&MaxPrice=&DateOfAdding=week&FilterBy=Popularity&SelectedGenresName=Action
80000408-0001-e700-b63f-84710c7967bb|2016-11-23 12:43:37.8057|DEBUG|ips|Client info: IP = ::1; URI = http://localhost:65078/games?Name=&MinPrice=16rff&MaxPrice=&DateOfAdding=week&FilterBy=Popularity&SelectedGenresName=Action
80000408-0001-e700-b63f-84710c7967bb|2016-11-23 12:43:37.8542|DEBUG|ips|Client info: IP = ::1; URI = http://localhost:65078/games?Name=&MinPrice=16rff&MaxPrice=&DateOfAdding=week&FilterBy=Popularity&SelectedGenresName=Action
80000408-0001-e700-b63f-84710c7967bb|2016-11-23 12:43:37.9065|DEBUG|ips|Client info: IP = ::1; URI = http://localhost:65078/games?Name=&MinPrice=16rff&MaxPrice=&DateOfAdding=week&FilterBy=Popularity&SelectedGenresName=Action
80001418-0003-ea00-b63f-84710c7967bb|2016-11-23 12:59:21.5210|DEBUG|ips|Client info: IP = ::1; URI = http://localhost:65078/
80001418-0003-ea00-b63f-84710c7967bb|2016-11-23 12:59:29.2563|DEBUG|ips|Client info: IP = ::1; URI = http://localhost:65078/
80001418-0003-ea00-b63f-84710c7967bb|2016-11-23 12:59:29.8869|DEBUG|ips|Client info: IP = ::1; URI = http://localhost:65078/
8000141a-0003-ea00-b63f-84710c7967bb|2016-11-23 12:59:42.1117|DEBUG|ips|Client info: IP = ::1; URI = http://localhost:65078/games?Name=&MinPrice=&MaxPrice=-4&DateOfAdding=week&FilterBy=Popularity
8000141a-0003-ea00-b63f-84710c7967bb|2016-11-23 12:59:42.1237|DEBUG|ips|Client info: IP = ::1; URI = http://localhost:65078/games?Name=&MinPrice=&MaxPrice=-4&DateOfAdding=week&FilterBy=Popularity
8000141a-0003-ea00-b63f-84710c7967bb|2016-11-23 12:59:42.1925|DEBUG|ips|Client info: IP = ::1; URI = http://localhost:65078/games?Name=&MinPrice=&MaxPrice=-4&DateOfAdding=week&FilterBy=Popularity
80000014-0000-ea00-b63f-84710c7967bb|2016-11-23 17:16:59.5597|DEBUG|ips|Client info: IP = ::1; URI = http://localhost:65078/
80000014-0000-ea00-b63f-84710c7967bb|2016-11-23 17:17:06.9601|DEBUG|ips|Client info: IP = ::1; URI = http://localhost:65078/
80000014-0000-ea00-b63f-84710c7967bb|2016-11-23 17:17:08.0070|DEBUG|ips|Client info: IP = ::1; URI = http://localhost:65078/
80000bd7-0000-f100-b63f-84710c7967bb|2016-11-23 17:21:33.2538|DEBUG|ips|Client info: IP = ::1; URI = http://localhost:65078/
80000bd7-0000-f100-b63f-84710c7967bb|2016-11-23 17:21:37.1619|DEBUG|ips|Client info: IP = ::1; URI = http://localhost:65078/
80000bd7-0000-f100-b63f-84710c7967bb|2016-11-23 17:21:37.7394|DEBUG|ips|Client info: IP = ::1; URI = http://localhost:65078/
80000bd9-0000-f100-b63f-84710c7967bb|2016-11-23 17:21:45.3729|DEBUG|ips|Client info: IP = ::1; URI = http://localhost:65078/games?Name=&MinPrice=&MaxPrice=&DateOfAdding=twoyear&FilterBy=Popularity
80000bd9-0000-f100-b63f-84710c7967bb|2016-11-23 17:21:45.4545|DEBUG|ips|Client info: IP = ::1; URI = http://localhost:65078/games?Name=&MinPrice=&MaxPrice=&DateOfAdding=twoyear&FilterBy=Popularity
80000bd9-0000-f100-b63f-84710c7967bb|2016-11-23 17:21:45.5146|DEBUG|ips|Client info: IP = ::1; URI = http://localhost:65078/games?Name=&MinPrice=&MaxPrice=&DateOfAdding=twoyear&FilterBy=Popularity
80000bdb-0000-f100-b63f-84710c7967bb|2016-11-23 17:21:48.1408|DEBUG|ips|Client info: IP = ::1; URI = http://localhost:65078/games?DateOfAdding=twoyear&FilterBy=Popularity&Page=2
80000bdb-0000-f100-b63f-84710c7967bb|2016-11-23 17:21:48.1522|DEBUG|ips|Client info: IP = ::1; URI = http://localhost:65078/games?DateOfAdding=twoyear&FilterBy=Popularity&Page=2
80000bdb-0000-f100-b63f-84710c7967bb|2016-11-23 17:21:48.2192|DEBUG|ips|Client info: IP = ::1; URI = http://localhost:65078/games?DateOfAdding=twoyear&FilterBy=Popularity&Page=2
80000bdd-0000-f100-b63f-84710c7967bb|2016-11-23 17:21:52.3646|DEBUG|ips|Client info: IP = ::1; URI = http://localhost:65078/games?DateOfAdding=twoyear&FilterBy=Popularity&PageSize=50
80000bdd-0000-f100-b63f-84710c7967bb|2016-11-23 17:21:52.4336|DEBUG|ips|Client info: IP = ::1; URI = http://localhost:65078/games?DateOfAdding=twoyear&FilterBy=Popularity&PageSize=50
80000bdd-0000-f100-b63f-84710c7967bb|2016-11-23 17:21:52.4877|DEBUG|ips|Client info: IP = ::1; URI = http://localhost:65078/games?DateOfAdding=twoyear&FilterBy=Popularity&PageSize=50
8000069f-0000-fd00-b63f-84710c7967bb|2016-11-23 17:24:10.2019|DEBUG|ips|Client info: IP = ::1; URI = http://localhost:65078/
8000069f-0000-fd00-b63f-84710c7967bb|2016-11-23 17:24:14.2460|DEBUG|ips|Client info: IP = ::1; URI = http://localhost:65078/
8000069f-0000-fd00-b63f-84710c7967bb|2016-11-23 17:24:14.8543|DEBUG|ips|Client info: IP = ::1; URI = http://localhost:65078/
