80000033-0000-f300-b63f-84710c7967bb|2016-11-14 00:00:21.4358|DEBUG|GameStore.BLL.Services.GameStoreService|Getting all Games. Returned 2  Games.
80000057-0003-fe00-b63f-84710c7967bb|2016-11-14 00:00:21.4358|DEBUG|GameStore.BLL.Services.GameStoreService|Getting all Games. Returned 2  Games.
80000658-0003-f300-b63f-84710c7967bb|2016-11-14 00:00:47.4029|DEBUG|GameStore.BLL.Services.GameStoreService|Getting all Games. Returned 2  Games.
80001880-0002-f200-b63f-84710c7967bb|2016-11-14 00:05:14.4612|DEBUG|GameStore.BLL.Services.GameStoreService|Getting all Games. Returned 2  Games.
800000c5-0000-f500-b63f-84710c7967bb|2016-11-14 00:06:03.6203|DEBUG|GameStore.BLL.Services.GameStoreService|Getting all Games. Returned 2  Games.
8000005c-0003-f500-b63f-84710c7967bb|2016-11-14 00:09:40.2855|INFO|GameStore.Web.Controllers.GamesController|Request to GamesController.Get
8000005c-0003-f500-b63f-84710c7967bb|2016-11-14 00:10:19.0191|DEBUG|GameStore.BLL.Services.GameStoreService|Getting all Games. Returned 2  Games.
80000043-0000-eb00-b63f-84710c7967bb|2016-11-14 00:10:19.0191|DEBUG|GameStore.BLL.Services.GameStoreService|Getting all Games. Returned 2  Games.
800000d8-0002-f600-b63f-84710c7967bb|2016-11-14 00:10:57.2268|DEBUG|GameStore.BLL.Services.GameStoreService|Getting all Games. Returned 2  Games.
80000002-0000-e400-b63f-84710c7967bb|2016-11-14 00:27:08.9170|INFO|GameStore.Web.Controllers.GamesController|Request to GamesController.Get
8000007d-0002-fa00-b63f-84710c7967bb|2016-11-14 00:27:50.2923|DEBUG|GameStore.BLL.Services.GameStoreService|Getting all Games. Returned 2  Games.
800008a4-0003-f300-b63f-84710c7967bb|2016-11-14 00:27:50.3103|DEBUG|GameStore.BLL.Services.GameStoreService|Getting all Games. Returned 2  Games.
80000002-0000-e400-b63f-84710c7967bb|2016-11-14 00:27:50.3284|DEBUG|GameStore.BLL.Services.GameStoreService|Getting all Games. Returned 2  Games.
80000b73-0002-ff00-b63f-84710c7967bb|2016-11-14 00:27:50.7727|DEBUG|GameStore.BLL.Services.GameStoreService|Getting all Games. Returned 2  Games.
80001943-0003-fb00-b63f-84710c7967bb|2016-11-14 00:31:35.3243|DEBUG|GameStore.BLL.Services.GameStoreService|Getting all Games. Returned 2  Games.
80000050-0002-ed00-b63f-84710c7967bb|2016-11-14 00:35:40.8263|INFO|GameStore.Web.Controllers.GamesController|Request to GamesController.Get
8000008a-0002-fa00-b63f-84710c7967bb|2016-11-14 00:37:15.4304|DEBUG|GameStore.BLL.Services.GameStoreService|Getting all Games. Returned 2  Games.
8000194b-0003-fb00-b63f-84710c7967bb|2016-11-14 00:37:15.4304|DEBUG|GameStore.BLL.Services.GameStoreService|Getting all Games. Returned 2  Games.
80000050-0002-ed00-b63f-84710c7967bb|2016-11-14 00:37:15.5625|DEBUG|GameStore.BLL.Services.GameStoreService|Getting all Games. Returned 2  Games.
80000966-0000-ee00-b63f-84710c7967bb|2016-11-14 00:37:15.6385|DEBUG|GameStore.BLL.Services.GameStoreService|Getting all Games. Returned 2  Games.
80000968-0000-ee00-b63f-84710c7967bb|2016-11-14 00:38:05.3299|DEBUG|GameStore.BLL.Services.GameStoreService|Getting all Games. Returned 2  Games.
80000968-0000-ee00-b63f-84710c7967bb|2016-11-14 00:38:05.4980|DEBUG|GameStore.BLL.Services.GameStoreService|Add PublisherDTO with Id: 0
80000969-0000-ee00-b63f-84710c7967bb|2016-11-14 00:38:05.6485|DEBUG|GameStore.BLL.Services.GameStoreService|Getting all Publishers. Returned 2  Publishers.
8000096c-0000-ee00-b63f-84710c7967bb|2016-11-14 00:38:11.4348|DEBUG|GameStore.BLL.Services.GameStoreService|Getting all Games. Returned 2  Games.
8000005a-0000-eb00-b63f-84710c7967bb|2016-11-14 00:38:20.1951|DEBUG|GameStore.BLL.Services.GameStoreService|Getting all Games. Returned 2  Games.
80002dc7-0001-e800-b63f-84710c7967bb|2016-11-14 00:50:29.3301|INFO|GameStore.Web.Controllers.GamesController|Request to GamesController.Get
80002dc7-0001-e800-b63f-84710c7967bb|2016-11-14 00:51:54.5695|DEBUG|GameStore.BLL.Services.GameStoreService|Getting all Games. Returned 2  Games.
80000040-0003-f400-b63f-84710c7967bb|2016-11-14 00:51:55.1929|DEBUG|GameStore.BLL.Services.GameStoreService|Getting all Games. Returned 2  Games.
80002dc9-0001-e800-b63f-84710c7967bb|2016-11-14 00:52:35.9039|DEBUG|GameStore.BLL.Services.GameStoreService|Add PublisherDTO with Id: 0
80002dc9-0001-e800-b63f-84710c7967bb|2016-11-14 00:52:36.0900|DEBUG|GameStore.BLL.Services.GameStoreService|Getting all Games. Returned 2  Games.
80000659-0000-f700-b63f-84710c7967bb|2016-11-14 01:04:00.6114|INFO|GameStore.Web.Controllers.GamesController|Request to GamesController.Get
80000659-0000-f700-b63f-84710c7967bb|2016-11-14 01:05:30.0257|DEBUG|GameStore.BLL.Services.GameStoreService|Getting all Games. Returned 2  Games.
80000054-0000-ed00-b63f-84710c7967bb|2016-11-14 01:10:21.5907|INFO|GameStore.Web.Controllers.GamesController|Request to GamesController.Get
80000054-0000-ed00-b63f-84710c7967bb|2016-11-14 01:10:21.7263|DEBUG|GameStore.BLL.Services.GameStoreService|Getting all Games. Returned 2  Games.
80000197-0002-ed00-b63f-84710c7967bb|2016-11-14 01:11:25.1865|INFO|GameStore.Web.Controllers.GamesController|Request to GamesController.Get
80000197-0002-ed00-b63f-84710c7967bb|2016-11-14 01:11:25.2616|DEBUG|GameStore.BLL.Services.GameStoreService|Getting all Games. Returned 2  Games.
80000cef-0003-fd00-b63f-84710c7967bb|2016-11-14 01:12:53.3865|INFO|GameStore.Web.Controllers.GamesController|Request to GamesController.Get
80000cef-0003-fd00-b63f-84710c7967bb|2016-11-14 01:12:53.5316|DEBUG|GameStore.BLL.Services.GameStoreService|Getting all Games. Returned 2  Games.
8000011c-0000-f500-b63f-84710c7967bb|2016-11-14 01:14:19.5315|INFO|GameStore.Web.Controllers.GamesController|Request to GamesController.Get
8000011c-0000-f500-b63f-84710c7967bb|2016-11-14 01:14:19.7771|DEBUG|GameStore.BLL.Services.GameStoreService|Getting all Games. Returned 2  Games.
80000153-0002-fe00-b63f-84710c7967bb|2016-11-14 01:15:49.0835|INFO|GameStore.Web.Controllers.GamesController|Request to GamesController.Get
80000153-0002-fe00-b63f-84710c7967bb|2016-11-14 01:15:49.2407|DEBUG|GameStore.BLL.Services.GameStoreService|Getting all Games. Returned 2  Games.
800004d0-0000-fd00-b63f-84710c7967bb|2016-11-14 01:16:50.8944|INFO|GameStore.Web.Controllers.GamesController|Request to GamesController.Get
800004d0-0000-fd00-b63f-84710c7967bb|2016-11-14 01:16:50.9934|DEBUG|GameStore.BLL.Services.GameStoreService|Getting all Games. Returned 2  Games.
8000074b-0002-ef00-b63f-84710c7967bb|2016-11-14 01:17:56.1197|INFO|GameStore.Web.Controllers.GamesController|Request to GamesController.Get
8000074b-0002-ef00-b63f-84710c7967bb|2016-11-14 01:17:56.2198|DEBUG|GameStore.BLL.Services.GameStoreService|Getting all Games. Returned 2  Games.
80000123-0000-f500-b63f-84710c7967bb|2016-11-14 01:19:16.5966|INFO|GameStore.Web.Controllers.GamesController|Request to GamesController.Get
80000123-0000-f500-b63f-84710c7967bb|2016-11-14 01:19:16.6857|DEBUG|GameStore.BLL.Services.GameStoreService|Getting all Games. Returned 2  Games.
80000685-0000-f700-b63f-84710c7967bb|2016-11-14 01:20:19.2972|INFO|GameStore.Web.Controllers.GamesController|Request to GamesController.Get
80000685-0000-f700-b63f-84710c7967bb|2016-11-14 01:20:19.4232|DEBUG|GameStore.BLL.Services.GameStoreService|Getting all Games. Returned 2  Games.
80001280-0003-f500-b63f-84710c7967bb|2016-11-14 01:21:19.4926|INFO|GameStore.Web.Controllers.GamesController|Request to GamesController.Get
80001280-0003-f500-b63f-84710c7967bb|2016-11-14 01:21:19.6267|DEBUG|GameStore.BLL.Services.GameStoreService|Getting all Games. Returned 2  Games.
80000091-0000-ed00-b63f-84710c7967bb|2016-11-14 01:45:52.1896|DEBUG|GameStore.BLL.Services.GameStoreService|Getting all Publishers. Returned 1  Publishers.
80000091-0000-ed00-b63f-84710c7967bb|2016-11-14 01:45:52.4848|DEBUG|GameStore.BLL.Services.GameStoreService|Getting all Genres. Returned 16  Genres.
80000091-0000-ed00-b63f-84710c7967bb|2016-11-14 01:45:52.5519|DEBUG|GameStore.BLL.Services.GameStoreService|Getting all PlatformTypes. Returned 4  PlatformTypes.
80000441-0003-fc00-b63f-84710c7967bb|2016-11-14 01:46:16.4160|INFO|GameStore.Web.Controllers.GamesController|Request to GamesController.Get
80000441-0003-fc00-b63f-84710c7967bb|2016-11-14 01:46:16.7973|DEBUG|GameStore.BLL.Services.GameStoreService|Getting all Games. Returned 2  Games.
80006ba4-0002-f200-b63f-84710c7967bb|2016-11-14 01:46:27.9125|DEBUG|GameStore.BLL.Services.GameStoreService|Getting all Publishers. Returned 1  Publishers.
80006ba4-0002-f200-b63f-84710c7967bb|2016-11-14 01:46:27.9626|DEBUG|GameStore.BLL.Services.GameStoreService|Getting all Genres. Returned 16  Genres.
80006ba4-0002-f200-b63f-84710c7967bb|2016-11-14 01:46:27.9696|DEBUG|GameStore.BLL.Services.GameStoreService|Getting all PlatformTypes. Returned 4  PlatformTypes.
80000029-0000-e400-b63f-84710c7967bb|2016-11-14 01:47:19.2012|INFO|GameStore.Web.Controllers.GamesController|Request to GamesController.Get
80000029-0000-e400-b63f-84710c7967bb|2016-11-14 01:47:19.2691|DEBUG|GameStore.BLL.Services.GameStoreService|Getting all Games. Returned 2  Games.
8000004d-0003-f400-b63f-84710c7967bb|2016-11-14 01:49:57.1711|INFO|GameStore.Web.Controllers.GamesController|Request to GamesController.Get
8000104e-0000-e500-b63f-84710c7967bb|2016-11-14 01:50:51.9838|DEBUG|GameStore.BLL.Services.GameStoreService|Getting all Publishers. Returned 1  Publishers.
8000104e-0000-e500-b63f-84710c7967bb|2016-11-14 01:50:52.8174|DEBUG|GameStore.BLL.Services.GameStoreService|Getting all Genres. Returned 16  Genres.
8000104e-0000-e500-b63f-84710c7967bb|2016-11-14 01:50:52.9195|DEBUG|GameStore.BLL.Services.GameStoreService|Getting all PlatformTypes. Returned 4  PlatformTypes.
80002723-0003-ff00-b63f-84710c7967bb|2016-11-14 01:50:53.9059|DEBUG|GameStore.BLL.Services.GameStoreService|Getting all Games. Returned 2  Games.
8000000a-0003-f000-b63f-84710c7967bb|2016-11-14 01:50:53.9059|DEBUG|GameStore.BLL.Services.GameStoreService|Getting all Games. Returned 2  Games.
8000004d-0003-f400-b63f-84710c7967bb|2016-11-14 01:50:54.0840|DEBUG|GameStore.BLL.Services.GameStoreService|Getting all Games. Returned 2  Games.
800000ed-0002-f300-b63f-84710c7967bb|2016-11-14 01:52:22.5738|DEBUG|GameStore.BLL.Services.GameStoreService|Add GameDTO with Id: 0
800000ed-0002-f300-b63f-84710c7967bb|2016-11-14 01:52:22.5858|INFO|GameStore.Web.Controllers.GamesController|Game is created. Id 0 Key df_ 
800000ee-0002-f300-b63f-84710c7967bb|2016-11-14 01:52:22.6649|INFO|GameStore.Web.Controllers.GamesController|Request to GamesController.Get
800000ee-0002-f300-b63f-84710c7967bb|2016-11-14 01:52:22.7338|DEBUG|GameStore.BLL.Services.GameStoreService|Getting all Games. Returned 3  Games.
800000f1-0002-f300-b63f-84710c7967bb|2016-11-14 01:52:28.1720|DEBUG|GameStore.BLL.Services.GameStoreService|Getting all Publishers. Returned 1  Publishers.
800000f1-0002-f300-b63f-84710c7967bb|2016-11-14 01:52:28.2221|DEBUG|GameStore.BLL.Services.GameStoreService|Getting all Genres. Returned 16  Genres.
800000f1-0002-f300-b63f-84710c7967bb|2016-11-14 01:52:28.2221|DEBUG|GameStore.BLL.Services.GameStoreService|Getting all PlatformTypes. Returned 4  PlatformTypes.
80000cb3-0001-f100-b63f-84710c7967bb|2016-11-14 01:52:42.6156|DEBUG|GameStore.BLL.Services.GameStoreService|Add GameDTO with Id: 0
80000cb3-0001-f100-b63f-84710c7967bb|2016-11-14 01:52:42.6156|INFO|GameStore.Web.Controllers.GamesController|Game is created. Id 0 Key sdfsd_ 
800000f4-0002-f300-b63f-84710c7967bb|2016-11-14 01:52:58.8485|DEBUG|GameStore.BLL.Services.GameStoreService|Add GameDTO with Id: 0
800000f4-0002-f300-b63f-84710c7967bb|2016-11-14 01:52:58.8485|INFO|GameStore.Web.Controllers.GamesController|Game is created. Id 0 Key dsfsddaf_ 
8000000e-0002-eb00-b63f-84710c7967bb|2016-11-14 02:21:55.2208|INFO|GameStore.Web.Controllers.GamesController|Request to GamesController.Get
8000037b-0001-f000-b63f-84710c7967bb|2016-11-14 02:58:41.0485|INFO|GameStore.Web.Controllers.GamesController|Request to GamesController.Get
80001807-0001-ec00-b63f-84710c7967bb|2016-11-14 02:58:41.0485|INFO|GameStore.Web.Controllers.GamesController|Request to GamesController.Get
80000372-0002-f800-b63f-84710c7967bb|2016-11-14 03:21:40.6737|INFO|GameStore.Web.Controllers.GamesController|Request to GamesController.Get
8000538c-0002-f900-b63f-84710c7967bb|2016-11-14 03:21:40.6737|INFO|GameStore.Web.Controllers.GamesController|Request to GamesController.Get
800010fe-0001-eb00-b63f-84710c7967bb|2016-11-14 03:29:26.9916|INFO|GameStore.Web.Controllers.GamesController|Request to GamesController.Get
80001188-0001-f100-b63f-84710c7967bb|2016-11-14 03:29:26.9916|INFO|GameStore.Web.Controllers.GamesController|Request to GamesController.Get
80001525-0000-e500-b63f-84710c7967bb|2016-11-14 03:34:57.8779|INFO|GameStore.Web.Controllers.GamesController|Request to GamesController.Get
80001c7f-0003-f700-b63f-84710c7967bb|2016-11-14 03:34:57.8779|INFO|GameStore.Web.Controllers.GamesController|Request to GamesController.Get
80001c7f-0003-f700-b63f-84710c7967bb|2016-11-14 03:35:56.3447|DEBUG|GameStore.BLL.Services.GameStoreService|Getting all Games. Returned 2  Games.
80001525-0000-e500-b63f-84710c7967bb|2016-11-14 03:35:56.3447|DEBUG|GameStore.BLL.Services.GameStoreService|Getting all Games. Returned 2  Games.
80001528-0000-e500-b63f-84710c7967bb|2016-11-14 03:36:22.9224|DEBUG|GameStore.BLL.Services.GameStoreService|Getting all Publishers. Returned 1  Publishers.
80001528-0000-e500-b63f-84710c7967bb|2016-11-14 03:36:23.0785|DEBUG|GameStore.BLL.Services.GameStoreService|Getting all Genres. Returned 16  Genres.
80001528-0000-e500-b63f-84710c7967bb|2016-11-14 03:36:23.1015|DEBUG|GameStore.BLL.Services.GameStoreService|Getting all PlatformTypes. Returned 4  PlatformTypes.
8000152a-0000-e500-b63f-84710c7967bb|2016-11-14 03:36:42.2641|DEBUG|GameStore.BLL.Services.GameStoreService|Getting all Publishers. Returned 1  Publishers.
800001d8-0002-ed00-b63f-84710c7967bb|2016-11-14 08:21:33.6712|INFO|GameStore.Web.Controllers.GamesController|Request to GamesController.Get
800013d2-0002-ee00-b63f-84710c7967bb|2016-11-14 08:25:50.1457|INFO|GameStore.Web.Controllers.GamesController|Request to GamesController.Get
800000df-0002-f400-b63f-84710c7967bb|2016-11-14 08:25:50.8253|INFO|GameStore.Web.Controllers.CommentsController|Request to CommentsController.GetGameComments. Parameters: gameKey = 
800000df-0002-f400-b63f-84710c7967bb|2016-11-14 08:27:17.3135|DEBUG|GameStore.BLL.Services.GameStoreService|Getting comments by key = . Retured 0 comments
800013d2-0002-ee00-b63f-84710c7967bb|2016-11-14 08:27:17.8388|DEBUG|GameStore.BLL.Services.GameStoreService|Getting all Games. Returned 2  Games.
80000ad5-0001-ed00-b63f-84710c7967bb|2016-11-14 08:32:32.0971|INFO|GameStore.Web.Controllers.GamesController|Request to GamesController.Get
800035ab-0003-ff00-b63f-84710c7967bb|2016-11-14 08:32:33.1480|INFO|GameStore.Web.Controllers.CommentsController|Request to CommentsController.GetGameComments. Parameters: gameKey = 
800035ab-0003-ff00-b63f-84710c7967bb|2016-11-14 08:33:54.7967|DEBUG|GameStore.BLL.Services.GameStoreService|Getting comments by key = . Retured 0 comments
80000ad5-0001-ed00-b63f-84710c7967bb|2016-11-14 08:33:55.7674|DEBUG|GameStore.BLL.Services.GameStoreService|Getting all Games. Returned 2  Games.
8000000d-0003-f200-b63f-84710c7967bb|2016-11-14 10:42:23.9272|INFO|GameStore.Web.Controllers.GamesController|Request to GamesController.Get
8000000d-0003-f200-b63f-84710c7967bb|2016-11-14 10:42:34.9211|DEBUG|GameStore.BLL.Services.GameStoreService|Getting all Games. Returned 2  Games.
8000000a-0002-f700-b63f-84710c7967bb|2016-11-14 10:42:51.1137|DEBUG|GameStore.BLL.Services.GameStoreService|Getting all Publishers. Returned 1  Publishers.
8000000a-0002-f700-b63f-84710c7967bb|2016-11-14 10:42:51.1647|DEBUG|GameStore.BLL.Services.GameStoreService|Getting all Genres. Returned 16  Genres.
8000000a-0002-f700-b63f-84710c7967bb|2016-11-14 10:42:51.1788|DEBUG|GameStore.BLL.Services.GameStoreService|Getting all PlatformTypes. Returned 4  PlatformTypes.
80000002-0000-f200-b63f-84710c7967bb|2016-11-14 10:47:26.2989|DEBUG|GameStore.BLL.Services.GameStoreService|Getting all Publishers. Returned 1  Publishers.
80000002-0000-f200-b63f-84710c7967bb|2016-11-14 10:47:26.3595|DEBUG|GameStore.BLL.Services.GameStoreService|Getting all Genres. Returned 16  Genres.
80000002-0000-f200-b63f-84710c7967bb|2016-11-14 10:47:26.3740|DEBUG|GameStore.BLL.Services.GameStoreService|Getting all PlatformTypes. Returned 4  PlatformTypes.
80000019-0001-f000-b63f-84710c7967bb|2016-11-14 12:33:33.4195|INFO|GameStore.Web.Controllers.GamesController|Request to GamesController.Get
80000007-0003-ee00-b63f-84710c7967bb|2016-11-14 12:33:38.4272|DEBUG|GameStore.BLL.Services.GameStoreService|Getting all Publishers. Returned 1  Publishers.
80000019-0001-f000-b63f-84710c7967bb|2016-11-14 12:33:38.4443|DEBUG|GameStore.BLL.Services.GameStoreService|Getting all Games. Returned 2  Games.
80000007-0003-ee00-b63f-84710c7967bb|2016-11-14 12:33:38.4833|DEBUG|GameStore.BLL.Services.GameStoreService|Getting all Genres. Returned 16  Genres.
80000007-0003-ee00-b63f-84710c7967bb|2016-11-14 12:33:38.5003|DEBUG|GameStore.BLL.Services.GameStoreService|Getting all PlatformTypes. Returned 4  PlatformTypes.
8000002a-0000-ef00-b63f-84710c7967bb|2016-11-14 12:34:32.2446|INFO|GameStore.Web.Controllers.GamesController|Request to GamesController.Get
8000002a-0000-ef00-b63f-84710c7967bb|2016-11-14 12:34:35.1982|DEBUG|GameStore.BLL.Services.GameStoreService|Getting all Games. Returned 2  Games.
8000002e-0000-ef00-b63f-84710c7967bb|2016-11-14 12:34:44.2148|DEBUG|GameStore.BLL.Services.GameStoreService|Getting all Publishers. Returned 1  Publishers.
8000002e-0000-ef00-b63f-84710c7967bb|2016-11-14 12:34:44.2654|DEBUG|GameStore.BLL.Services.GameStoreService|Getting all Genres. Returned 16  Genres.
8000002e-0000-ef00-b63f-84710c7967bb|2016-11-14 12:34:44.2814|DEBUG|GameStore.BLL.Services.GameStoreService|Getting all PlatformTypes. Returned 4  PlatformTypes.
80000031-0000-ef00-b63f-84710c7967bb|2016-11-14 12:34:47.0303|INFO|GameStore.Web.Controllers.GamesController|Request to GamesController.Get
80000031-0000-ef00-b63f-84710c7967bb|2016-11-14 12:34:47.0649|DEBUG|GameStore.BLL.Services.GameStoreService|Getting all Games. Returned 2  Games.
80000037-0000-ef00-b63f-84710c7967bb|2016-11-14 12:36:26.6523|DEBUG|GameStore.BLL.Services.GameStoreService|Getting all Publishers. Returned 1  Publishers.
80000037-0000-ef00-b63f-84710c7967bb|2016-11-14 12:36:26.6761|DEBUG|GameStore.BLL.Services.GameStoreService|Getting all Genres. Returned 16  Genres.
80000037-0000-ef00-b63f-84710c7967bb|2016-11-14 12:36:26.6781|DEBUG|GameStore.BLL.Services.GameStoreService|Getting all PlatformTypes. Returned 4  PlatformTypes.
8000003a-0000-ef00-b63f-84710c7967bb|2016-11-14 12:36:37.8188|INFO|GameStore.Web.Controllers.GamesController|Request to GamesController.Get
8000003a-0000-ef00-b63f-84710c7967bb|2016-11-14 12:36:37.8793|DEBUG|GameStore.BLL.Services.GameStoreService|Getting all Games. Returned 2  Games.
80000028-0000-fa00-b63f-84710c7967bb|2016-11-14 12:39:56.3443|INFO|GameStore.Web.Controllers.GamesController|Request to GamesController.Get
80000028-0000-fa00-b63f-84710c7967bb|2016-11-14 12:39:56.3919|DEBUG|GameStore.BLL.Services.GameStoreService|Getting all Games. Returned 2  Games.
8000002c-0000-fa00-b63f-84710c7967bb|2016-11-14 12:40:23.1036|DEBUG|GameStore.BLL.Services.GameStoreService|Getting all Publishers. Returned 1  Publishers.
8000002c-0000-fa00-b63f-84710c7967bb|2016-11-14 12:40:23.1284|DEBUG|GameStore.BLL.Services.GameStoreService|Getting all Genres. Returned 16  Genres.
8000002c-0000-fa00-b63f-84710c7967bb|2016-11-14 12:40:23.1284|DEBUG|GameStore.BLL.Services.GameStoreService|Getting all PlatformTypes. Returned 4  PlatformTypes.
80000036-0000-fa00-b63f-84710c7967bb|2016-11-14 12:42:19.4685|INFO|GameStore.Web.Controllers.GamesController|Request to GamesController.Get
80000036-0000-fa00-b63f-84710c7967bb|2016-11-14 12:42:19.5140|DEBUG|GameStore.BLL.Services.GameStoreService|Getting all Games. Returned 2  Games.
80000038-0000-fa00-b63f-84710c7967bb|2016-11-14 12:42:26.8487|DEBUG|GameStore.BLL.Services.GameStoreService|Getting all Publishers. Returned 1  Publishers.
80000038-0000-fa00-b63f-84710c7967bb|2016-11-14 12:42:26.8688|DEBUG|GameStore.BLL.Services.GameStoreService|Getting all Genres. Returned 16  Genres.
80000038-0000-fa00-b63f-84710c7967bb|2016-11-14 12:42:26.8688|DEBUG|GameStore.BLL.Services.GameStoreService|Getting all PlatformTypes. Returned 4  PlatformTypes.
8000003a-0000-f700-b63f-84710c7967bb|2016-11-14 12:44:03.1003|INFO|GameStore.Web.Controllers.GamesController|Request to GamesController.Get
80000018-0001-ed00-b63f-84710c7967bb|2016-11-14 12:44:06.0536|DEBUG|GameStore.BLL.Services.GameStoreService|Getting all Publishers. Returned 1  Publishers.
8000003a-0000-f700-b63f-84710c7967bb|2016-11-14 12:44:06.0695|DEBUG|GameStore.BLL.Services.GameStoreService|Getting all Games. Returned 2  Games.
80000018-0001-ed00-b63f-84710c7967bb|2016-11-14 12:44:06.1076|DEBUG|GameStore.BLL.Services.GameStoreService|Getting all Genres. Returned 16  Genres.
80000018-0001-ed00-b63f-84710c7967bb|2016-11-14 12:44:06.1566|DEBUG|GameStore.BLL.Services.GameStoreService|Getting all PlatformTypes. Returned 4  PlatformTypes.
8000001b-0001-ed00-b63f-84710c7967bb|2016-11-14 12:44:12.0294|INFO|GameStore.Web.Controllers.GamesController|Request to GamesController.Get
8000001b-0001-ed00-b63f-84710c7967bb|2016-11-14 12:44:12.0732|DEBUG|GameStore.BLL.Services.GameStoreService|Getting all Games. Returned 2  Games.
80000014-0001-eb00-b63f-84710c7967bb|2016-11-14 13:07:17.0897|INFO|GameStore.Web.Controllers.GamesController|Request to GamesController.Get
800026eb-0002-f000-b63f-84710c7967bb|2016-11-14 13:07:17.8737|INFO|GameStore.Web.Controllers.GamesController|Request to GamesController.Get
80000044-0002-fe00-b63f-84710c7967bb|2016-11-14 13:13:50.8363|INFO|GameStore.Web.Controllers.GamesController|Request to GamesController.Get
800000cf-0002-ee00-b63f-84710c7967bb|2016-11-14 13:16:15.1562|INFO|GameStore.Web.Controllers.GamesController|Request to GamesController.Get
80000041-0001-ed00-b63f-84710c7967bb|2016-11-14 13:17:07.2517|INFO|GameStore.Web.Controllers.GamesController|Request to GamesController.Get
80000172-0000-f900-b63f-84710c7967bb|2016-11-14 13:18:34.7119|INFO|GameStore.Web.Controllers.GamesController|Request to GamesController.Get
80000180-0000-ef00-b63f-84710c7967bb|2016-11-14 13:20:08.1453|INFO|GameStore.Web.Controllers.GamesController|Request to GamesController.Get
8000004d-0003-ec00-b63f-84710c7967bb|2016-11-14 13:29:11.3680|INFO|GameStore.Web.Controllers.GamesController|Request to GamesController.Get
80000065-0002-ef00-b63f-84710c7967bb|2016-11-14 13:31:43.6300|INFO|GameStore.Web.Controllers.GamesController|Request to GamesController.Get
8000003b-0001-e700-b63f-84710c7967bb|2016-11-14 13:33:27.6931|INFO|GameStore.Web.Controllers.GamesController|Request to GamesController.Get
80000193-0000-f900-b63f-84710c7967bb|2016-11-14 13:36:01.6773|INFO|GameStore.Web.Controllers.GamesController|Request to GamesController.Get
80000193-0000-f900-b63f-84710c7967bb|2016-11-14 13:36:04.1163|DEBUG|GameStore.BLL.Services.GameStoreService|Getting all Games. Returned 2  Games.
80000197-0000-f900-b63f-84710c7967bb|2016-11-14 13:36:08.3039|DEBUG|GameStore.BLL.Services.GameStoreService|Getting all Publishers. Returned 1  Publishers.
80000197-0000-f900-b63f-84710c7967bb|2016-11-14 13:36:08.3459|DEBUG|GameStore.BLL.Services.GameStoreService|Getting all Genres. Returned 16  Genres.
80000197-0000-f900-b63f-84710c7967bb|2016-11-14 13:36:08.3584|DEBUG|GameStore.BLL.Services.GameStoreService|Getting all PlatformTypes. Returned 4  PlatformTypes.
8000008f-0001-f000-b63f-84710c7967bb|2016-11-14 13:37:13.3225|DEBUG|GameStore.BLL.Services.GameStoreService|Getting all Publishers. Returned 1  Publishers.
8000008f-0001-f000-b63f-84710c7967bb|2016-11-14 13:37:13.3855|DEBUG|GameStore.BLL.Services.GameStoreService|Getting all Genres. Returned 16  Genres.
8000008f-0001-f000-b63f-84710c7967bb|2016-11-14 13:37:13.3975|DEBUG|GameStore.BLL.Services.GameStoreService|Getting all PlatformTypes. Returned 4  PlatformTypes.
80000b77-0003-f500-b63f-84710c7967bb|2016-11-14 13:38:09.7237|INFO|GameStore.Web.Controllers.GamesController|Request to GamesController.Get
80000b77-0003-f500-b63f-84710c7967bb|2016-11-14 13:38:12.3264|DEBUG|GameStore.BLL.Services.GameStoreService|Getting all Games. Returned 2  Games.
80000b79-0003-f500-b63f-84710c7967bb|2016-11-14 13:38:15.7864|DEBUG|GameStore.BLL.Services.GameStoreService|Getting all Publishers. Returned 1  Publishers.
80000b79-0003-f500-b63f-84710c7967bb|2016-11-14 13:38:15.8295|DEBUG|GameStore.BLL.Services.GameStoreService|Getting all Genres. Returned 16  Genres.
80000b79-0003-f500-b63f-84710c7967bb|2016-11-14 13:38:15.8655|DEBUG|GameStore.BLL.Services.GameStoreService|Getting all PlatformTypes. Returned 4  PlatformTypes.
80000b7c-0003-f500-b63f-84710c7967bb|2016-11-14 13:38:24.5285|INFO|GameStore.Web.Controllers.GamesController|Request to GamesController.Get
80000b7c-0003-f500-b63f-84710c7967bb|2016-11-14 13:38:24.5710|DEBUG|GameStore.BLL.Services.GameStoreService|Getting all Games. Returned 2  Games.
80000244-0000-ef00-b63f-84710c7967bb|2016-11-14 13:38:56.5789|INFO|GameStore.Web.Controllers.GamesController|Request to GamesController.Get
80000244-0000-ef00-b63f-84710c7967bb|2016-11-14 13:39:01.4620|DEBUG|GameStore.BLL.Services.GameStoreService|Getting all Games. Returned 2  Games.
80000246-0000-ef00-b63f-84710c7967bb|2016-11-14 13:39:05.1040|DEBUG|GameStore.BLL.Services.GameStoreService|Getting all Publishers. Returned 1  Publishers.
80000246-0000-ef00-b63f-84710c7967bb|2016-11-14 13:39:05.1521|DEBUG|GameStore.BLL.Services.GameStoreService|Getting all Genres. Returned 16  Genres.
80000246-0000-ef00-b63f-84710c7967bb|2016-11-14 13:39:05.5560|DEBUG|GameStore.BLL.Services.GameStoreService|Getting all PlatformTypes. Returned 4  PlatformTypes.
80000249-0000-ef00-b63f-84710c7967bb|2016-11-14 13:40:07.2431|INFO|GameStore.Web.Controllers.GamesController|Request to GamesController.Get
80000249-0000-ef00-b63f-84710c7967bb|2016-11-14 13:40:07.2941|DEBUG|GameStore.BLL.Services.GameStoreService|Getting all Games. Returned 2  Games.
8000024b-0000-ef00-b63f-84710c7967bb|2016-11-14 13:40:09.3311|DEBUG|GameStore.BLL.Services.GameStoreService|Getting all Publishers. Returned 1  Publishers.
8000024b-0000-ef00-b63f-84710c7967bb|2016-11-14 13:40:09.3592|DEBUG|GameStore.BLL.Services.GameStoreService|Getting all Genres. Returned 16  Genres.
8000024b-0000-ef00-b63f-84710c7967bb|2016-11-14 13:40:09.3592|DEBUG|GameStore.BLL.Services.GameStoreService|Getting all PlatformTypes. Returned 4  PlatformTypes.
800001fa-0000-e900-b63f-84710c7967bb|2016-11-14 13:43:10.2988|DEBUG|GameStore.BLL.Services.GameStoreService|Getting all Publishers. Returned 1  Publishers.
800001fa-0000-e900-b63f-84710c7967bb|2016-11-14 13:43:10.3649|DEBUG|GameStore.BLL.Services.GameStoreService|Getting all Genres. Returned 16  Genres.
800001fa-0000-e900-b63f-84710c7967bb|2016-11-14 13:43:10.3779|DEBUG|GameStore.BLL.Services.GameStoreService|Getting all PlatformTypes. Returned 4  PlatformTypes.
8000004a-0000-e700-b63f-84710c7967bb|2016-11-14 13:45:36.9125|INFO|GameStore.Web.Controllers.GamesController|Request to GamesController.Get
8000004a-0000-e700-b63f-84710c7967bb|2016-11-14 13:45:44.1022|DEBUG|GameStore.BLL.Services.GameStoreService|Getting all Games. Returned 2  Games.
8000004c-0000-e700-b63f-84710c7967bb|2016-11-14 13:45:46.8869|DEBUG|GameStore.BLL.Services.GameStoreService|Getting all Publishers. Returned 1  Publishers.
8000004c-0000-e700-b63f-84710c7967bb|2016-11-14 13:45:46.9269|DEBUG|GameStore.BLL.Services.GameStoreService|Getting all Genres. Returned 16  Genres.
8000004c-0000-e700-b63f-84710c7967bb|2016-11-14 13:45:46.9389|DEBUG|GameStore.BLL.Services.GameStoreService|Getting all PlatformTypes. Returned 4  PlatformTypes.
8000004e-0000-e700-b63f-84710c7967bb|2016-11-14 13:45:52.2487|DEBUG|GameStore.BLL.Services.GameStoreService|Getting all Genres. Returned 16  Genres.
80000319-0003-ee00-b63f-84710c7967bb|2016-11-14 13:47:29.6599|INFO|GameStore.Web.Controllers.GamesController|Request to GamesController.Get
800000f3-0002-f400-b63f-84710c7967bb|2016-11-14 13:47:32.5029|DEBUG|GameStore.BLL.Services.GameStoreService|Getting all Publishers. Returned 1  Publishers.
80000319-0003-ee00-b63f-84710c7967bb|2016-11-14 13:47:32.5210|DEBUG|GameStore.BLL.Services.GameStoreService|Getting all Games. Returned 2  Games.
800000f3-0002-f400-b63f-84710c7967bb|2016-11-14 13:47:32.5680|DEBUG|GameStore.BLL.Services.GameStoreService|Getting all Genres. Returned 16  Genres.
800000f3-0002-f400-b63f-84710c7967bb|2016-11-14 13:47:32.6031|DEBUG|GameStore.BLL.Services.GameStoreService|Getting all PlatformTypes. Returned 4  PlatformTypes.
800000f5-0002-f400-b63f-84710c7967bb|2016-11-14 13:47:41.9896|DEBUG|GameStore.BLL.Services.GameStoreService|Getting all Genres. Returned 16  Genres.
800000f5-0002-f400-b63f-84710c7967bb|2016-11-14 13:47:41.9896|DEBUG|GameStore.BLL.Services.GameStoreService|Getting all PlatformTypes. Returned 4  PlatformTypes.
8000006e-0003-ec00-b63f-84710c7967bb|2016-11-14 13:47:57.9845|INFO|GameStore.Web.Controllers.GamesController|Request to GamesController.Get
80000059-0000-e700-b63f-84710c7967bb|2016-11-14 13:48:00.3792|DEBUG|GameStore.BLL.Services.GameStoreService|Getting all Genres. Returned 16  Genres.
80000059-0000-e700-b63f-84710c7967bb|2016-11-14 13:48:00.3942|DEBUG|GameStore.BLL.Services.GameStoreService|Getting all PlatformTypes. Returned 4  PlatformTypes.
800000d9-0000-e600-b63f-84710c7967bb|2016-11-14 13:48:15.4752|INFO|GameStore.Web.Controllers.GamesController|Request to GamesController.Get
800000d9-0000-e600-b63f-84710c7967bb|2016-11-14 13:48:17.8481|DEBUG|GameStore.BLL.Services.GameStoreService|Getting all Games. Returned 2  Games.
800000db-0000-e600-b63f-84710c7967bb|2016-11-14 13:48:20.2194|DEBUG|GameStore.BLL.Services.GameStoreService|Getting all Publishers. Returned 1  Publishers.
800000db-0000-e600-b63f-84710c7967bb|2016-11-14 13:48:20.2624|DEBUG|GameStore.BLL.Services.GameStoreService|Getting all Genres. Returned 16  Genres.
800000db-0000-e600-b63f-84710c7967bb|2016-11-14 13:48:20.2749|DEBUG|GameStore.BLL.Services.GameStoreService|Getting all PlatformTypes. Returned 4  PlatformTypes.
800000dd-0000-e600-b63f-84710c7967bb|2016-11-14 13:48:26.4480|DEBUG|GameStore.BLL.Services.GameStoreService|Getting all Genres. Returned 16  Genres.
800000dd-0000-e600-b63f-84710c7967bb|2016-11-14 13:48:26.4480|DEBUG|GameStore.BLL.Services.GameStoreService|Getting all PlatformTypes. Returned 4  PlatformTypes.
80000b9d-0003-f500-b63f-84710c7967bb|2016-11-14 13:51:01.7802|INFO|GameStore.Web.Controllers.GamesController|Request to GamesController.Get
80000b9d-0003-f500-b63f-84710c7967bb|2016-11-14 13:51:04.2907|DEBUG|GameStore.BLL.Services.GameStoreService|Getting all Games. Returned 2  Games.
80000b9f-0003-f500-b63f-84710c7967bb|2016-11-14 13:51:16.6488|DEBUG|GameStore.BLL.Services.GameStoreService|Getting all Publishers. Returned 1  Publishers.
80000b9f-0003-f500-b63f-84710c7967bb|2016-11-14 13:51:16.7004|DEBUG|GameStore.BLL.Services.GameStoreService|Getting all Genres. Returned 16  Genres.
80000b9f-0003-f500-b63f-84710c7967bb|2016-11-14 13:51:16.7154|DEBUG|GameStore.BLL.Services.GameStoreService|Getting all PlatformTypes. Returned 4  PlatformTypes.
80000ba1-0003-f500-b63f-84710c7967bb|2016-11-14 13:51:22.3725|DEBUG|GameStore.BLL.Services.GameStoreService|Getting all Genres. Returned 16  Genres.
80000ba1-0003-f500-b63f-84710c7967bb|2016-11-14 13:51:22.3725|DEBUG|GameStore.BLL.Services.GameStoreService|Getting all PlatformTypes. Returned 4  PlatformTypes.
800001de-0000-f400-b63f-84710c7967bb|2016-11-14 14:21:49.5075|INFO|GameStore.Web.Controllers.GamesController|Request to GamesController.Get
800001de-0000-f400-b63f-84710c7967bb|2016-11-14 14:21:54.5187|DEBUG|GameStore.BLL.Services.GameStoreService|Getting all Games. Returned 2  Games.
800001e1-0000-f400-b63f-84710c7967bb|2016-11-14 14:22:02.1015|DEBUG|GameStore.BLL.Services.GameStoreService|Getting all Publishers. Returned 1  Publishers.
800001e1-0000-f400-b63f-84710c7967bb|2016-11-14 14:22:02.1465|DEBUG|GameStore.BLL.Services.GameStoreService|Getting all Genres. Returned 16  Genres.
800001e1-0000-f400-b63f-84710c7967bb|2016-11-14 14:22:02.1596|DEBUG|GameStore.BLL.Services.GameStoreService|Getting all PlatformTypes. Returned 4  PlatformTypes.
800000cd-0000-e300-b63f-84710c7967bb|2016-11-14 15:14:22.8354|INFO|GameStore.Web.Controllers.GamesController|Request to GamesController.Get
800000cd-0000-e300-b63f-84710c7967bb|2016-11-14 15:14:27.5879|DEBUG|GameStore.BLL.Services.GameStoreService|Getting all Games. Returned 2  Games.
800001a7-0001-e400-b63f-84710c7967bb|2016-11-14 15:46:20.7772|INFO|GameStore.Web.Controllers.GamesController|Request to GamesController.Get
800001a7-0001-e400-b63f-84710c7967bb|2016-11-14 15:46:25.6719|DEBUG|GameStore.BLL.Services.GameStoreService|Getting all Games. Returned 2  Games.
800001a8-0001-e400-b63f-84710c7967bb|2016-11-14 15:47:57.7415|INFO|GameStore.Web.Controllers.GamesController|Request to GamesController.Get
800001a8-0001-e400-b63f-84710c7967bb|2016-11-14 15:47:57.7595|DEBUG|GameStore.BLL.Services.GameStoreService|Getting all Games. Returned 2  Games.
800001ab-0001-e400-b63f-84710c7967bb|2016-11-14 15:48:57.8353|DEBUG|GameStore.BLL.Services.GameStoreService|Getting all Publishers. Returned 1  Publishers.
800001ab-0001-e400-b63f-84710c7967bb|2016-11-14 15:48:57.8773|DEBUG|GameStore.BLL.Services.GameStoreService|Getting all PlatformTypes. Returned 4  PlatformTypes.
800001ab-0001-e400-b63f-84710c7967bb|2016-11-14 15:48:57.9223|DEBUG|GameStore.BLL.Services.GameStoreService|Getting all Genres. Returned 16  Genres.
800001ad-0001-e400-b63f-84710c7967bb|2016-11-14 15:49:41.5450|DEBUG|GameStore.BLL.Services.GameStoreService|Add GameDTO with Id: 9dbbe0a6-3d93-4ca5-81ed-921412856fe9
800001ad-0001-e400-b63f-84710c7967bb|2016-11-14 15:49:41.5450|INFO|GameStore.Web.Controllers.GamesController|Game is created. Id 9dbbe0a6-3d93-4ca5-81ed-921412856fe9 Key fdg 
800001ae-0001-e400-b63f-84710c7967bb|2016-11-14 15:49:41.5450|INFO|GameStore.Web.Controllers.GamesController|Request to GamesController.Get
800001ae-0001-e400-b63f-84710c7967bb|2016-11-14 15:49:41.5830|DEBUG|GameStore.BLL.Services.GameStoreService|Getting all Games. Returned 3  Games.
8000005e-0000-ea00-b63f-84710c7967bb|2016-11-14 15:57:44.5711|INFO|GameStore.Web.Controllers.GamesController|Request to GamesController.Get
80000749-0003-ea00-b63f-84710c7967bb|2016-11-14 15:57:49.3968|DEBUG|GameStore.BLL.Services.GameStoreService|Getting all Publishers. Returned 1  Publishers.
80000749-0003-ea00-b63f-84710c7967bb|2016-11-14 15:57:49.4508|DEBUG|GameStore.BLL.Services.GameStoreService|Getting all PlatformTypes. Returned 4  PlatformTypes.
8000005e-0000-ea00-b63f-84710c7967bb|2016-11-14 15:57:49.5129|DEBUG|GameStore.BLL.Services.GameStoreService|Getting all Games. Returned 2  Games.
80000749-0003-ea00-b63f-84710c7967bb|2016-11-14 15:57:49.5269|DEBUG|GameStore.BLL.Services.GameStoreService|Getting all Genres. Returned 16  Genres.
8000074b-0003-ea00-b63f-84710c7967bb|2016-11-14 15:58:08.3955|DEBUG|GameStore.BLL.Services.GameStoreService|Add GameDTO with Id: df7307dd-10a8-4e80-942a-f28ce53fc0c2
8000074b-0003-ea00-b63f-84710c7967bb|2016-11-14 15:58:08.3955|INFO|GameStore.Web.Controllers.GamesController|Game is created. Id df7307dd-10a8-4e80-942a-f28ce53fc0c2 Key dfgdf_GamesCorporation 
8000074c-0003-ea00-b63f-84710c7967bb|2016-11-14 15:58:08.4145|INFO|GameStore.Web.Controllers.GamesController|Request to GamesController.Get
8000074c-0003-ea00-b63f-84710c7967bb|2016-11-14 15:58:08.4365|DEBUG|GameStore.BLL.Services.GameStoreService|Getting all Games. Returned 3  Games.
80000122-0000-ee00-b63f-84710c7967bb|2016-11-14 16:01:32.5219|INFO|GameStore.Web.Controllers.GamesController|Request to GamesController.Get
80000122-0000-ee00-b63f-84710c7967bb|2016-11-14 16:01:35.4625|DEBUG|GameStore.BLL.Services.GameStoreService|Getting all Games. Returned 2  Games.
80000124-0000-ee00-b63f-84710c7967bb|2016-11-14 16:02:18.1305|DEBUG|GameStore.BLL.Services.GameStoreService|Getting all Publishers. Returned 1  Publishers.
80000124-0000-ee00-b63f-84710c7967bb|2016-11-14 16:02:18.1645|DEBUG|GameStore.BLL.Services.GameStoreService|Getting all PlatformTypes. Returned 4  PlatformTypes.
80000124-0000-ee00-b63f-84710c7967bb|2016-11-14 16:02:18.2346|DEBUG|GameStore.BLL.Services.GameStoreService|Getting all Genres. Returned 16  Genres.
80000029-0000-ec00-b63f-84710c7967bb|2016-11-14 16:41:31.7303|INFO|GameStore.Web.Controllers.GamesController|Request to GamesController.Get
80000029-0000-ec00-b63f-84710c7967bb|2016-11-14 16:41:36.4886|DEBUG|GameStore.BLL.Services.GameStoreService|Getting all Games. Returned 2  Games.
8000002d-0000-ec00-b63f-84710c7967bb|2016-11-14 16:41:41.4364|DEBUG|GameStore.BLL.Services.GameStoreService|Getting all Publishers. Returned 1  Publishers.
8000002d-0000-ec00-b63f-84710c7967bb|2016-11-14 16:41:41.4685|DEBUG|GameStore.BLL.Services.GameStoreService|Getting all PlatformTypes. Returned 4  PlatformTypes.
8000002d-0000-ec00-b63f-84710c7967bb|2016-11-14 16:41:41.5215|DEBUG|GameStore.BLL.Services.GameStoreService|Getting all Genres. Returned 16  Genres.
8000002f-0000-ec00-b63f-84710c7967bb|2016-11-14 16:41:53.3288|DEBUG|GameStore.BLL.Services.GameStoreService|Add GameDTO with Id: e9e0a63c-28ce-45e4-b023-c8475ec1508a
8000002f-0000-ec00-b63f-84710c7967bb|2016-11-14 16:41:53.3288|INFO|GameStore.Web.Controllers.GamesController|Game is created. Id e9e0a63c-28ce-45e4-b023-c8475ec1508a Key fdg_GamesCorporation 
80000030-0000-ec00-b63f-84710c7967bb|2016-11-14 16:41:53.3418|INFO|GameStore.Web.Controllers.GamesController|Request to GamesController.Get
80000030-0000-ec00-b63f-84710c7967bb|2016-11-14 16:41:53.3638|DEBUG|GameStore.BLL.Services.GameStoreService|Getting all Games. Returned 3  Games.
80000274-0000-f100-b63f-84710c7967bb|2016-11-14 16:43:53.0954|INFO|GameStore.Web.Controllers.GamesController|Request to GamesController.Get
80000009-0003-f000-b63f-84710c7967bb|2016-11-14 16:43:55.5123|DEBUG|GameStore.BLL.Services.GameStoreService|Getting all Publishers. Returned 1  Publishers.
80000009-0003-f000-b63f-84710c7967bb|2016-11-14 16:43:55.5653|DEBUG|GameStore.BLL.Services.GameStoreService|Getting all PlatformTypes. Returned 4  PlatformTypes.
80000274-0000-f100-b63f-84710c7967bb|2016-11-14 16:43:55.6173|DEBUG|GameStore.BLL.Services.GameStoreService|Getting all Games. Returned 2  Games.
80000009-0003-f000-b63f-84710c7967bb|2016-11-14 16:43:55.6263|DEBUG|GameStore.BLL.Services.GameStoreService|Getting all Genres. Returned 16  Genres.
8000000b-0003-f000-b63f-84710c7967bb|2016-11-14 16:44:03.7457|DEBUG|GameStore.BLL.Services.GameStoreService|Add GameDTO with Id: bd6ace0a-6eac-4d6b-8bad-c4a5b8e889bd
8000000b-0003-f000-b63f-84710c7967bb|2016-11-14 16:44:03.7457|INFO|GameStore.Web.Controllers.GamesController|Game is created. Id bd6ace0a-6eac-4d6b-8bad-c4a5b8e889bd Key dfgdf_GamesCorporation 
8000000c-0003-f000-b63f-84710c7967bb|2016-11-14 16:44:03.7627|INFO|GameStore.Web.Controllers.GamesController|Request to GamesController.Get
8000000c-0003-f000-b63f-84710c7967bb|2016-11-14 16:44:03.7927|DEBUG|GameStore.BLL.Services.GameStoreService|Getting all Games. Returned 3  Games.
80000089-0000-e700-b63f-84710c7967bb|2016-11-14 16:44:36.1496|INFO|GameStore.Web.Controllers.GamesController|Request to GamesController.Get
800003d3-0000-f900-b63f-84710c7967bb|2016-11-14 16:44:38.7990|DEBUG|GameStore.BLL.Services.GameStoreService|Getting all Publishers. Returned 1  Publishers.
800003d3-0000-f900-b63f-84710c7967bb|2016-11-14 16:44:38.8420|DEBUG|GameStore.BLL.Services.GameStoreService|Getting all PlatformTypes. Returned 4  PlatformTypes.
80000089-0000-e700-b63f-84710c7967bb|2016-11-14 16:44:38.9061|DEBUG|GameStore.BLL.Services.GameStoreService|Getting all Games. Returned 2  Games.
800003d3-0000-f900-b63f-84710c7967bb|2016-11-14 16:44:38.9061|DEBUG|GameStore.BLL.Services.GameStoreService|Getting all Genres. Returned 16  Genres.
800003d5-0000-f900-b63f-84710c7967bb|2016-11-14 16:44:46.4534|DEBUG|GameStore.BLL.Services.GameStoreService|Add GameDTO with Id: a73e79da-814d-4c55-8f62-bad182085f6e
800003d5-0000-f900-b63f-84710c7967bb|2016-11-14 16:44:46.4534|INFO|GameStore.Web.Controllers.GamesController|Game is created. Id a73e79da-814d-4c55-8f62-bad182085f6e Key fdg_GamesCorporation 
800003d6-0000-f900-b63f-84710c7967bb|2016-11-14 16:44:46.4684|INFO|GameStore.Web.Controllers.GamesController|Request to GamesController.Get
800003d6-0000-f900-b63f-84710c7967bb|2016-11-14 16:44:46.4914|DEBUG|GameStore.BLL.Services.GameStoreService|Getting all Games. Returned 3  Games.
80000519-0001-f600-b63f-84710c7967bb|2016-11-14 16:50:20.7096|INFO|GameStore.Web.Controllers.GamesController|Request to GamesController.Get
80000519-0001-f600-b63f-84710c7967bb|2016-11-14 16:50:23.6238|DEBUG|GameStore.BLL.Services.GameStoreService|Getting all Games. Returned 2  Games.
8000051b-0001-f600-b63f-84710c7967bb|2016-11-14 16:50:25.3403|DEBUG|GameStore.BLL.Services.GameStoreService|Getting all Publishers. Returned 1  Publishers.
8000051b-0001-f600-b63f-84710c7967bb|2016-11-14 16:50:25.3683|DEBUG|GameStore.BLL.Services.GameStoreService|Getting all PlatformTypes. Returned 4  PlatformTypes.
8000051b-0001-f600-b63f-84710c7967bb|2016-11-14 16:50:25.4133|DEBUG|GameStore.BLL.Services.GameStoreService|Getting all Genres. Returned 16  Genres.
8000051d-0001-f600-b63f-84710c7967bb|2016-11-14 16:50:35.1511|DEBUG|GameStore.BLL.Services.GameStoreService|Add GameDTO with Id: 04af3793-b0ac-4e28-b547-7afb893e3761
8000051d-0001-f600-b63f-84710c7967bb|2016-11-14 16:50:35.1511|INFO|GameStore.Web.Controllers.GamesController|Game is created. Id 04af3793-b0ac-4e28-b547-7afb893e3761 Key dfg_GamesCorporation 
8000051e-0001-f600-b63f-84710c7967bb|2016-11-14 16:50:35.1771|INFO|GameStore.Web.Controllers.GamesController|Request to GamesController.Get
8000051e-0001-f600-b63f-84710c7967bb|2016-11-14 16:50:35.2061|DEBUG|GameStore.BLL.Services.GameStoreService|Getting all Games. Returned 3  Games.
80000002-0000-e100-b63f-84710c7967bb|2016-11-14 16:51:17.2699|INFO|GameStore.Web.Controllers.GamesController|Request to GamesController.Get
80000002-0000-e100-b63f-84710c7967bb|2016-11-14 16:51:19.7737|DEBUG|GameStore.BLL.Services.GameStoreService|Getting all Games. Returned 2  Games.
80000004-0000-e100-b63f-84710c7967bb|2016-11-14 16:51:21.5024|DEBUG|GameStore.BLL.Services.GameStoreService|Getting all Publishers. Returned 1  Publishers.
80000004-0000-e100-b63f-84710c7967bb|2016-11-14 16:51:21.5344|DEBUG|GameStore.BLL.Services.GameStoreService|Getting all PlatformTypes. Returned 4  PlatformTypes.
80000004-0000-e100-b63f-84710c7967bb|2016-11-14 16:51:21.5825|DEBUG|GameStore.BLL.Services.GameStoreService|Getting all Genres. Returned 16  Genres.
80000006-0000-e100-b63f-84710c7967bb|2016-11-14 16:51:31.0897|DEBUG|GameStore.BLL.Services.GameStoreService|Add GameDTO with Id: c3c0a3d5-7def-487a-9bc4-2287cc448701
80000006-0000-e100-b63f-84710c7967bb|2016-11-14 16:51:31.0897|INFO|GameStore.Web.Controllers.GamesController|Game is created. Id c3c0a3d5-7def-487a-9bc4-2287cc448701 Key cvbcv_GamesCorporation 
80000007-0000-e100-b63f-84710c7967bb|2016-11-14 16:51:31.1067|INFO|GameStore.Web.Controllers.GamesController|Request to GamesController.Get
80000007-0000-e100-b63f-84710c7967bb|2016-11-14 16:51:31.1378|DEBUG|GameStore.BLL.Services.GameStoreService|Getting all Games. Returned 3  Games.
80000529-0001-f600-b63f-84710c7967bb|2016-11-14 16:54:00.9249|DEBUG|GameStore.BLL.Services.GameStoreService|Getting all Publishers. Returned 1  Publishers.
80000529-0001-f600-b63f-84710c7967bb|2016-11-14 16:54:00.9999|DEBUG|GameStore.BLL.Services.GameStoreService|Getting all PlatformTypes. Returned 4  PlatformTypes.
80000529-0001-f600-b63f-84710c7967bb|2016-11-14 16:54:01.0630|DEBUG|GameStore.BLL.Services.GameStoreService|Getting all Genres. Returned 16  Genres.
8000052b-0001-f600-b63f-84710c7967bb|2016-11-14 16:54:17.2914|DEBUG|GameStore.BLL.Services.GameStoreService|Add GameDTO with Id: fa33c1b1-cf4d-48da-b0c1-4fcfa664fc1a
8000052b-0001-f600-b63f-84710c7967bb|2016-11-14 16:54:17.2914|INFO|GameStore.Web.Controllers.GamesController|Game is created. Id fa33c1b1-cf4d-48da-b0c1-4fcfa664fc1a Key dsfs_GamesCorporation 
8000052c-0001-f600-b63f-84710c7967bb|2016-11-14 16:54:17.2914|INFO|GameStore.Web.Controllers.GamesController|Request to GamesController.Get
8000052c-0001-f600-b63f-84710c7967bb|2016-11-14 16:54:17.3645|DEBUG|GameStore.BLL.Services.GameStoreService|Getting all Games. Returned 3  Games.
8000047b-0003-f800-b63f-84710c7967bb|2016-11-14 16:56:57.1690|DEBUG|GameStore.BLL.Services.GameStoreService|Getting all Publishers. Returned 1  Publishers.
8000047b-0003-f800-b63f-84710c7967bb|2016-11-14 16:56:57.2461|DEBUG|GameStore.BLL.Services.GameStoreService|Getting all PlatformTypes. Returned 4  PlatformTypes.
8000047b-0003-f800-b63f-84710c7967bb|2016-11-14 16:56:57.3261|DEBUG|GameStore.BLL.Services.GameStoreService|Getting all Genres. Returned 16  Genres.
800001da-0000-e300-b63f-84710c7967bb|2016-11-14 16:58:38.6534|DEBUG|GameStore.BLL.Services.GameStoreService|Getting all Publishers. Returned 1  Publishers.
800001da-0000-e300-b63f-84710c7967bb|2016-11-14 16:58:38.7295|DEBUG|GameStore.BLL.Services.GameStoreService|Getting all PlatformTypes. Returned 4  PlatformTypes.
800001da-0000-e300-b63f-84710c7967bb|2016-11-14 16:58:38.8065|DEBUG|GameStore.BLL.Services.GameStoreService|Getting all Genres. Returned 16  Genres.
800003bb-0001-e100-b63f-84710c7967bb|2016-11-14 16:59:56.9505|DEBUG|GameStore.BLL.Services.GameStoreService|Getting all Publishers. Returned 1  Publishers.
800003bb-0001-e100-b63f-84710c7967bb|2016-11-14 16:59:57.0386|DEBUG|GameStore.BLL.Services.GameStoreService|Getting all PlatformTypes. Returned 4  PlatformTypes.
800003bb-0001-e100-b63f-84710c7967bb|2016-11-14 16:59:57.1136|DEBUG|GameStore.BLL.Services.GameStoreService|Getting all Genres. Returned 16  Genres.
800003bd-0001-e100-b63f-84710c7967bb|2016-11-14 17:00:12.2962|DEBUG|GameStore.BLL.Services.GameStoreService|Add GameDTO with Id: 78433350-19f3-4553-94b4-3ec5589bdde0
800003bd-0001-e100-b63f-84710c7967bb|2016-11-14 17:00:12.2962|INFO|GameStore.Web.Controllers.GamesController|Game is created. Id 78433350-19f3-4553-94b4-3ec5589bdde0 Key fg_GamesCorporation 
800003be-0001-e100-b63f-84710c7967bb|2016-11-14 17:00:12.3112|INFO|GameStore.Web.Controllers.GamesController|Request to GamesController.Get
800003be-0001-e100-b63f-84710c7967bb|2016-11-14 17:00:12.3833|DEBUG|GameStore.BLL.Services.GameStoreService|Getting all Games. Returned 3  Games.
80000031-0000-ed00-b63f-84710c7967bb|2016-11-14 17:00:58.7968|DEBUG|GameStore.BLL.Services.GameStoreService|Getting all Publishers. Returned 1  Publishers.
80000031-0000-ed00-b63f-84710c7967bb|2016-11-14 17:00:58.8739|DEBUG|GameStore.BLL.Services.GameStoreService|Getting all PlatformTypes. Returned 4  PlatformTypes.
80000031-0000-ed00-b63f-84710c7967bb|2016-11-14 17:00:58.9389|DEBUG|GameStore.BLL.Services.GameStoreService|Getting all Genres. Returned 16  Genres.
80000033-0000-ed00-b63f-84710c7967bb|2016-11-14 17:01:12.7779|DEBUG|GameStore.BLL.Services.GameStoreService|Add GameDTO with Id: c29a8aae-5422-4a64-94df-dc03f5d9520a
80000033-0000-ed00-b63f-84710c7967bb|2016-11-14 17:01:12.7779|INFO|GameStore.Web.Controllers.GamesController|Game is created. Id c29a8aae-5422-4a64-94df-dc03f5d9520a Key gfh_GamesCorporation 
80000034-0000-ed00-b63f-84710c7967bb|2016-11-14 17:01:12.7940|INFO|GameStore.Web.Controllers.GamesController|Request to GamesController.Get
80000034-0000-ed00-b63f-84710c7967bb|2016-11-14 17:01:12.8510|DEBUG|GameStore.BLL.Services.GameStoreService|Getting all Games. Returned 3  Games.
