8000005c-0003-f500-b63f-84710c7967bb|2016-11-14 00:09:40.2855|INFO|GameStore.Web.Controllers.GamesController|Request to GamesController.Get
80000002-0000-e400-b63f-84710c7967bb|2016-11-14 00:27:08.9170|INFO|GameStore.Web.Controllers.GamesController|Request to GamesController.Get
80000050-0002-ed00-b63f-84710c7967bb|2016-11-14 00:35:40.8263|INFO|GameStore.Web.Controllers.GamesController|Request to GamesController.Get
80002dc7-0001-e800-b63f-84710c7967bb|2016-11-14 00:50:29.3301|INFO|GameStore.Web.Controllers.GamesController|Request to GamesController.Get
80000659-0000-f700-b63f-84710c7967bb|2016-11-14 01:04:00.6114|INFO|GameStore.Web.Controllers.GamesController|Request to GamesController.Get
80000054-0000-ed00-b63f-84710c7967bb|2016-11-14 01:10:21.5907|INFO|GameStore.Web.Controllers.GamesController|Request to GamesController.Get
80000197-0002-ed00-b63f-84710c7967bb|2016-11-14 01:11:25.1865|INFO|GameStore.Web.Controllers.GamesController|Request to GamesController.Get
80000cef-0003-fd00-b63f-84710c7967bb|2016-11-14 01:12:53.3865|INFO|GameStore.Web.Controllers.GamesController|Request to GamesController.Get
8000011c-0000-f500-b63f-84710c7967bb|2016-11-14 01:14:19.5315|INFO|GameStore.Web.Controllers.GamesController|Request to GamesController.Get
80000153-0002-fe00-b63f-84710c7967bb|2016-11-14 01:15:49.0835|INFO|GameStore.Web.Controllers.GamesController|Request to GamesController.Get
800004d0-0000-fd00-b63f-84710c7967bb|2016-11-14 01:16:50.8944|INFO|GameStore.Web.Controllers.GamesController|Request to GamesController.Get
8000074b-0002-ef00-b63f-84710c7967bb|2016-11-14 01:17:56.1197|INFO|GameStore.Web.Controllers.GamesController|Request to GamesController.Get
80000123-0000-f500-b63f-84710c7967bb|2016-11-14 01:19:16.5966|INFO|GameStore.Web.Controllers.GamesController|Request to GamesController.Get
80000685-0000-f700-b63f-84710c7967bb|2016-11-14 01:20:19.2972|INFO|GameStore.Web.Controllers.GamesController|Request to GamesController.Get
80001280-0003-f500-b63f-84710c7967bb|2016-11-14 01:21:19.4926|INFO|GameStore.Web.Controllers.GamesController|Request to GamesController.Get
80000441-0003-fc00-b63f-84710c7967bb|2016-11-14 01:46:16.4160|INFO|GameStore.Web.Controllers.GamesController|Request to GamesController.Get
80000029-0000-e400-b63f-84710c7967bb|2016-11-14 01:47:19.2012|INFO|GameStore.Web.Controllers.GamesController|Request to GamesController.Get
8000004d-0003-f400-b63f-84710c7967bb|2016-11-14 01:49:57.1711|INFO|GameStore.Web.Controllers.GamesController|Request to GamesController.Get
800000ed-0002-f300-b63f-84710c7967bb|2016-11-14 01:52:22.5858|INFO|GameStore.Web.Controllers.GamesController|Game is created. Id 0 Key df_ 
800000ee-0002-f300-b63f-84710c7967bb|2016-11-14 01:52:22.6649|INFO|GameStore.Web.Controllers.GamesController|Request to GamesController.Get
80000cb3-0001-f100-b63f-84710c7967bb|2016-11-14 01:52:42.6156|INFO|GameStore.Web.Controllers.GamesController|Game is created. Id 0 Key sdfsd_ 
800000f4-0002-f300-b63f-84710c7967bb|2016-11-14 01:52:58.8485|INFO|GameStore.Web.Controllers.GamesController|Game is created. Id 0 Key dsfsddaf_ 
8000000e-0002-eb00-b63f-84710c7967bb|2016-11-14 02:21:55.2208|INFO|GameStore.Web.Controllers.GamesController|Request to GamesController.Get
8000037b-0001-f000-b63f-84710c7967bb|2016-11-14 02:58:41.0485|INFO|GameStore.Web.Controllers.GamesController|Request to GamesController.Get
80001807-0001-ec00-b63f-84710c7967bb|2016-11-14 02:58:41.0485|INFO|GameStore.Web.Controllers.GamesController|Request to GamesController.Get
80000372-0002-f800-b63f-84710c7967bb|2016-11-14 03:21:40.6737|INFO|GameStore.Web.Controllers.GamesController|Request to GamesController.Get
8000538c-0002-f900-b63f-84710c7967bb|2016-11-14 03:21:40.6737|INFO|GameStore.Web.Controllers.GamesController|Request to GamesController.Get
800010fe-0001-eb00-b63f-84710c7967bb|2016-11-14 03:29:26.9916|INFO|GameStore.Web.Controllers.GamesController|Request to GamesController.Get
80001188-0001-f100-b63f-84710c7967bb|2016-11-14 03:29:26.9916|INFO|GameStore.Web.Controllers.GamesController|Request to GamesController.Get
80001525-0000-e500-b63f-84710c7967bb|2016-11-14 03:34:57.8779|INFO|GameStore.Web.Controllers.GamesController|Request to GamesController.Get
80001c7f-0003-f700-b63f-84710c7967bb|2016-11-14 03:34:57.8779|INFO|GameStore.Web.Controllers.GamesController|Request to GamesController.Get
800001d8-0002-ed00-b63f-84710c7967bb|2016-11-14 08:21:33.6712|INFO|GameStore.Web.Controllers.GamesController|Request to GamesController.Get
800013d2-0002-ee00-b63f-84710c7967bb|2016-11-14 08:25:50.1457|INFO|GameStore.Web.Controllers.GamesController|Request to GamesController.Get
800000df-0002-f400-b63f-84710c7967bb|2016-11-14 08:25:50.8253|INFO|GameStore.Web.Controllers.CommentsController|Request to CommentsController.GetGameComments. Parameters: gameKey = 
80000ad5-0001-ed00-b63f-84710c7967bb|2016-11-14 08:32:32.0971|INFO|GameStore.Web.Controllers.GamesController|Request to GamesController.Get
800035ab-0003-ff00-b63f-84710c7967bb|2016-11-14 08:32:33.1480|INFO|GameStore.Web.Controllers.CommentsController|Request to CommentsController.GetGameComments. Parameters: gameKey = 
