80000017-0000-f100-b63f-84710c7967bb|2016-11-03 10:24:22.9744|DEBUG|ips|Client info: IP = ::1; URI = http://localhost:65078/
80000017-0000-f100-b63f-84710c7967bb|2016-11-03 10:24:23.3962|INFO|GameStore.Web.Controllers.GamesController|Request to GamesController.Get
80000017-0000-f100-b63f-84710c7967bb|2016-11-03 10:24:33.3593|DEBUG|GameStore.BLL.Services.GameService|Getting all games. Returned 2 games.
80000017-0000-f100-b63f-84710c7967bb|2016-11-03 10:24:33.3853|DEBUG|performance|Performance info: URI = http://localhost:65078/; Time(ms) = 10382
8000001a-0000-f100-b63f-84710c7967bb|2016-11-03 10:24:45.7649|DEBUG|ips|Client info: IP = ::1; URI = http://localhost:65078/games/
8000001a-0000-f100-b63f-84710c7967bb|2016-11-03 10:24:45.7769|INFO|GameStore.Web.Controllers.GamesController|Request to GamesController.Get
8000001a-0000-f100-b63f-84710c7967bb|2016-11-03 10:24:45.8260|DEBUG|GameStore.BLL.Services.GameService|Getting all games. Returned 2 games.
8000001a-0000-f100-b63f-84710c7967bb|2016-11-03 10:24:45.8440|DEBUG|performance|Performance info: URI = http://localhost:65078/games/; Time(ms) = 10461
80000023-0000-f100-b63f-84710c7967bb|2016-11-03 11:57:20.3315|DEBUG|ips|Client info: IP = ::1; URI = http://localhost:65078/
80000023-0000-f100-b63f-84710c7967bb|2016-11-03 11:57:20.7517|INFO|GameStore.Web.Controllers.GamesController|Request to GamesController.Get
80000023-0000-f100-b63f-84710c7967bb|2016-11-03 11:57:25.7713|DEBUG|GameStore.BLL.Services.GameService|Getting all games. Returned 2 games.
80000023-0000-f100-b63f-84710c7967bb|2016-11-03 11:57:25.7963|DEBUG|performance|Performance info: URI = http://localhost:65078/; Time(ms) = 5450
80000031-0000-ed00-b63f-84710c7967bb|2016-11-03 12:02:35.2790|DEBUG|GameStore.Web.Filters.LoggingIpFilter|Client info: IP = ::1; URI = http://localhost:65078/
80000031-0000-ed00-b63f-84710c7967bb|2016-11-03 12:02:35.6597|INFO|GameStore.Web.Controllers.GamesController|Request to GamesController.Get
80000031-0000-ed00-b63f-84710c7967bb|2016-11-03 12:02:37.9913|DEBUG|GameStore.BLL.Services.GameService|Getting all games. Returned 2 games.
80000031-0000-ed00-b63f-84710c7967bb|2016-11-03 12:02:38.0153|DEBUG|performance|Performance info: URI = http://localhost:65078/; Time(ms) = 2722
8000001a-0001-ee00-b63f-84710c7967bb|2016-11-03 12:28:06.6570|DEBUG|ips|Client info: IP = ::1; URI = http://localhost:65078/
8000001a-0001-ee00-b63f-84710c7967bb|2016-11-03 12:28:06.6820|INFO|GameStore.Web.Controllers.GamesController|Request to GamesController.Get
8000001a-0001-ee00-b63f-84710c7967bb|2016-11-03 12:28:11.0275|DEBUG|GameStore.BLL.Services.GameService|Getting all games. Returned 2 games.
8000001a-0001-ee00-b63f-84710c7967bb|2016-11-03 12:28:11.0521|DEBUG|performance|Performance info: URI = http://localhost:65078/; Time(ms) = 4381
80000a0b-0001-eb00-b63f-84710c7967bb|2016-11-03 12:28:35.5041|DEBUG|ips|Client info: IP = ::1; URI = http://localhost:65078/
80000a0b-0001-eb00-b63f-84710c7967bb|2016-11-03 12:28:35.5282|INFO|GameStore.Web.Controllers.GamesController|Request to GamesController.Get
80000a0b-0001-eb00-b63f-84710c7967bb|2016-11-03 12:28:37.9881|DEBUG|GameStore.BLL.Services.GameService|Getting all games. Returned 2 games.
80000a0b-0001-eb00-b63f-84710c7967bb|2016-11-03 12:28:38.0131|DEBUG|performance|Performance info: URI = http://localhost:65078/; Time(ms) = 2495
80000a07-0000-e800-b63f-84710c7967bb|2016-11-03 12:28:53.7467|DEBUG|ips|Client info: IP = ::1; URI = http://localhost:65078/
80000a07-0000-e800-b63f-84710c7967bb|2016-11-03 12:28:53.7737|INFO|GameStore.Web.Controllers.GamesController|Request to GamesController.Get
80000a07-0000-e800-b63f-84710c7967bb|2016-11-03 12:28:56.4852|DEBUG|GameStore.BLL.Services.GameService|Getting all games. Returned 2 games.
80000a07-0000-e800-b63f-84710c7967bb|2016-11-03 12:28:56.5102|DEBUG|performance|Performance info: URI = http://localhost:65078/; Time(ms) = 2747
8000002b-0000-e500-b63f-84710c7967bb|2016-11-03 13:05:24.0669|DEBUG|ips|Client info: IP = ::1; URI = http://localhost:65078/
8000002b-0000-e500-b63f-84710c7967bb|2016-11-03 13:05:24.0929|INFO|GameStore.Web.Controllers.GamesController|Request to GamesController.Get
8000002b-0000-e500-b63f-84710c7967bb|2016-11-03 13:05:28.8258|DEBUG|GameStore.BLL.Services.GameService|Getting all games. Returned 2 games.
8000002b-0000-e500-b63f-84710c7967bb|2016-11-03 13:05:28.8473|DEBUG|performance|Performance info: URI = http://localhost:65078/; Time(ms) = 4765
80000018-0000-ef00-b63f-84710c7967bb|2016-11-03 13:15:55.1274|DEBUG|ips|Client info: IP = ::1; URI = http://localhost:65078/
80000018-0000-ef00-b63f-84710c7967bb|2016-11-03 13:15:55.1524|INFO|GameStore.Web.Controllers.GamesController|Request to GamesController.Get
80000018-0000-ef00-b63f-84710c7967bb|2016-11-03 13:15:59.6921|DEBUG|GameStore.BLL.Services.GameService|Getting all games. Returned 2 games.
80000018-0000-ef00-b63f-84710c7967bb|2016-11-03 13:15:59.7161|DEBUG|performance|Performance info: URI = http://localhost:65078/; Time(ms) = 4575
80000054-0000-ed00-b63f-84710c7967bb|2016-11-03 13:18:35.3404|INFO|GameStore.Web.Controllers.GamesController|Request to GamesController.Get
80000054-0000-ed00-b63f-84710c7967bb|2016-11-03 13:18:37.9545|DEBUG|GameStore.BLL.Services.GameService|Getting all games. Returned 2 games.
80000847-0000-ea00-b63f-84710c7967bb|2016-11-03 13:20:43.8048|INFO|GameStore.Web.Controllers.GamesController|Request to GamesController.Get
80000847-0000-ea00-b63f-84710c7967bb|2016-11-03 13:20:46.6688|DEBUG|GameStore.BLL.Services.GameService|Getting all games. Returned 2 games.
80000038-0000-fc00-b63f-84710c7967bb|2016-11-03 18:45:26.1352|INFO|GameStore.Web.Controllers.GamesController|Request to GamesController.Get
80000038-0000-fc00-b63f-84710c7967bb|2016-11-03 18:45:31.0521|DEBUG|GameStore.BLL.Services.GameService|Getting all games. Returned 2 games.
