80000002-0001-f000-b63f-84710c7967bb|2016-11-11 09:45:08.4274|DEBUG|GameStore.BLL.Services.GameStoreService|Getting all Games. Returned 2  Games.
80000016-0002-f300-b63f-84710c7967bb|2016-11-11 09:47:01.1775|DEBUG|GameStore.BLL.Services.GameStoreService|Getting all Publishers. Returned 1  Publishers.
80000016-0002-f300-b63f-84710c7967bb|2016-11-11 09:47:01.2715|DEBUG|GameStore.BLL.Services.GameStoreService|Getting all Genres. Returned 16  Genres.
80000016-0002-f300-b63f-84710c7967bb|2016-11-11 09:47:01.2875|DEBUG|GameStore.BLL.Services.GameStoreService|Getting all PlatformTypes. Returned 4  PlatformTypes.
80000015-0000-f600-b63f-84710c7967bb|2016-11-11 09:47:01.3025|DEBUG|GameStore.BLL.Services.GameStoreService|Getting all Games. Returned 2  Games.
8000001f-0002-ef00-b63f-84710c7967bb|2016-11-11 09:47:41.1478|DEBUG|GameStore.BLL.Services.GameStoreService|Getting all Games. Returned 2  Games.
80000010-0002-f200-b63f-84710c7967bb|2016-11-11 09:50:01.8009|DEBUG|GameStore.BLL.Services.GameStoreService|Getting all Games. Returned 2  Games.
80000021-0002-ed00-b63f-84710c7967bb|2016-11-11 09:52:27.5706|DEBUG|GameStore.BLL.Services.GameStoreService|Getting all Games. Returned 2  Games.
8000015c-0000-f000-b63f-84710c7967bb|2016-11-11 09:55:45.5895|DEBUG|GameStore.BLL.Services.GameStoreService|Getting all Games. Returned 2  Games.
8000003d-0002-ed00-b63f-84710c7967bb|2016-11-11 09:57:38.6028|DEBUG|GameStore.BLL.Services.GameStoreService|Getting all Games. Returned 2  Games.
80000035-0003-f500-b63f-84710c7967bb|2016-11-11 09:57:38.6028|DEBUG|GameStore.BLL.Services.GameStoreService|Getting all Games. Returned 2  Games.
80000037-0003-f500-b63f-84710c7967bb|2016-11-11 09:58:51.1130|DEBUG|GameStore.BLL.Services.GameStoreService|Getting all Games. Returned 2  Games.
80000247-0001-f700-b63f-84710c7967bb|2016-11-11 10:01:16.5274|DEBUG|GameStore.BLL.Services.GameStoreService|Getting all Games. Returned 2  Games.
8000002c-0000-f800-b63f-84710c7967bb|2016-11-11 10:01:16.5274|DEBUG|GameStore.BLL.Services.GameStoreService|Getting all Games. Returned 2  Games.
80000045-0003-f500-b63f-84710c7967bb|2016-11-11 10:03:27.1767|DEBUG|GameStore.BLL.Services.GameStoreService|Getting all Games. Returned 2  Games.
80000047-0003-f500-b63f-84710c7967bb|2016-11-11 10:03:47.1067|DEBUG|GameStore.BLL.Services.GameStoreService|Getting all Games. Returned 2  Games.
80000047-0000-f800-b63f-84710c7967bb|2016-11-11 10:05:43.6484|DEBUG|GameStore.BLL.Services.GameStoreService|Getting all Games. Returned 2  Games.
8000003b-0001-e900-b63f-84710c7967bb|2016-11-11 10:05:43.6484|DEBUG|GameStore.BLL.Services.GameStoreService|Getting all Games. Returned 2  Games.
800007c5-0001-f600-b63f-84710c7967bb|2016-11-11 10:16:30.7580|DEBUG|GameStore.BLL.Services.GameStoreService|Getting all Games. Returned 2  Games.
800005e7-0002-f400-b63f-84710c7967bb|2016-11-11 10:16:30.7580|DEBUG|GameStore.BLL.Services.GameStoreService|Getting all Games. Returned 2  Games.
800007c7-0001-f600-b63f-84710c7967bb|2016-11-11 10:16:38.2056|DEBUG|GameStore.BLL.Services.GameStoreService|Add PublisherDTO with Id: 0
800007c8-0001-f600-b63f-84710c7967bb|2016-11-11 10:16:38.2656|DEBUG|GameStore.BLL.Services.GameStoreService|Getting all Publishers. Returned 2  Publishers.
8000021d-0002-ec00-b63f-84710c7967bb|2016-11-11 10:20:47.0180|DEBUG|GameStore.BLL.Services.GameStoreService|Getting all Games. Returned 2  Games.
8000021f-0002-ec00-b63f-84710c7967bb|2016-11-11 10:20:55.3740|DEBUG|GameStore.BLL.Services.GameStoreService|Add PublisherDTO with Id: 0
80000220-0002-ec00-b63f-84710c7967bb|2016-11-11 10:20:55.4210|DEBUG|GameStore.BLL.Services.GameStoreService|Getting all Publishers. Returned 2  Publishers.
80000049-0002-fa00-b63f-84710c7967bb|2016-11-11 10:28:15.9775|DEBUG|GameStore.BLL.Services.GameStoreService|Getting all Games. Returned 2  Games.
80000017-0003-f000-b63f-84710c7967bb|2016-11-11 10:28:15.9775|DEBUG|GameStore.BLL.Services.GameStoreService|Getting all Games. Returned 2  Games.
80000550-0000-fc00-b63f-84710c7967bb|2016-11-11 10:30:41.0160|DEBUG|GameStore.BLL.Services.GameStoreService|Getting all Games. Returned 2  Games.
8000026e-0000-eb00-b63f-84710c7967bb|2016-11-11 10:30:41.0160|DEBUG|GameStore.BLL.Services.GameStoreService|Getting all Games. Returned 2  Games.
8000041e-0001-f000-b63f-84710c7967bb|2016-11-11 10:32:23.8000|DEBUG|GameStore.BLL.Services.GameStoreService|Getting all Games. Returned 2  Games.
8000009e-0000-ed00-b63f-84710c7967bb|2016-11-11 10:32:23.8050|DEBUG|GameStore.BLL.Services.GameStoreService|Getting all Games. Returned 2  Games.
80000909-0000-fd00-b63f-84710c7967bb|2016-11-11 10:33:40.0519|DEBUG|GameStore.BLL.Services.GameStoreService|Getting all Games. Returned 2  Games.
80000559-0000-fc00-b63f-84710c7967bb|2016-11-11 10:33:40.0519|DEBUG|GameStore.BLL.Services.GameStoreService|Getting all Games. Returned 2  Games.
80000e44-0000-f000-b63f-84710c7967bb|2016-11-11 10:40:15.1727|DEBUG|GameStore.BLL.Services.GameStoreService|Getting all Publishers. Returned 1  Publishers.
80000e44-0000-f000-b63f-84710c7967bb|2016-11-11 10:40:15.2577|DEBUG|GameStore.BLL.Services.GameStoreService|Getting all Genres. Returned 16  Genres.
80000e44-0000-f000-b63f-84710c7967bb|2016-11-11 10:40:15.3108|DEBUG|GameStore.BLL.Services.GameStoreService|Getting all PlatformTypes. Returned 4  PlatformTypes.
800000e9-0000-ea00-b63f-84710c7967bb|2016-11-11 10:40:15.3258|DEBUG|GameStore.BLL.Services.GameStoreService|Getting all Games. Returned 2  Games.
80000081-0002-f200-b63f-84710c7967bb|2016-11-11 10:40:15.4479|DEBUG|GameStore.BLL.Services.GameStoreService|Getting all Games. Returned 2  Games.
80000021-0003-f000-b63f-84710c7967bb|2016-11-11 10:41:30.3084|DEBUG|GameStore.BLL.Services.GameStoreService|Getting all Games. Returned 2  Games.
800000fc-0000-ea00-b63f-84710c7967bb|2016-11-11 10:41:30.3084|DEBUG|GameStore.BLL.Services.GameStoreService|Getting all Games. Returned 2  Games.
8000008c-0002-f200-b63f-84710c7967bb|2016-11-11 10:42:18.6843|DEBUG|GameStore.BLL.Services.GameStoreService|Getting all Games. Returned 2  Games.
8000006a-0003-ff00-b63f-84710c7967bb|2016-11-11 10:42:18.6843|DEBUG|GameStore.BLL.Services.GameStoreService|Getting all Games. Returned 2  Games.
8000006c-0003-ff00-b63f-84710c7967bb|2016-11-11 10:42:25.1398|DEBUG|GameStore.BLL.Services.GameStoreService|Add PublisherDTO with Id: 0
8000006d-0003-ff00-b63f-84710c7967bb|2016-11-11 10:42:25.1858|DEBUG|GameStore.BLL.Services.GameStoreService|Getting all Publishers. Returned 2  Publishers.
80000258-0001-fd00-b63f-84710c7967bb|2016-11-11 10:49:56.8085|DEBUG|GameStore.BLL.Services.GameStoreService|Getting all Games. Returned 2  Games.
80000437-0001-f000-b63f-84710c7967bb|2016-11-11 10:49:56.8085|DEBUG|GameStore.BLL.Services.GameStoreService|Getting all Games. Returned 2  Games.
80000439-0001-f000-b63f-84710c7967bb|2016-11-11 10:50:05.0602|DEBUG|GameStore.BLL.Services.GameStoreService|Add PublisherDTO with Id: 0
8000043a-0001-f000-b63f-84710c7967bb|2016-11-11 10:50:05.1102|DEBUG|GameStore.BLL.Services.GameStoreService|Getting all Publishers. Returned 2  Publishers.
800004c9-0001-f700-b63f-84710c7967bb|2016-11-11 10:55:34.8498|DEBUG|GameStore.BLL.Services.GameStoreService|Getting all Games. Returned 2  Games.
80000e94-0001-f800-b63f-84710c7967bb|2016-11-11 10:55:34.8498|DEBUG|GameStore.BLL.Services.GameStoreService|Getting all Games. Returned 2  Games.
800004cb-0001-f700-b63f-84710c7967bb|2016-11-11 10:55:40.6418|DEBUG|GameStore.BLL.Services.GameStoreService|Add PublisherDTO with Id: 0
800004cc-0001-f700-b63f-84710c7967bb|2016-11-11 10:55:40.6998|DEBUG|GameStore.BLL.Services.GameStoreService|Getting all Publishers. Returned 2  Publishers.
80000004-0000-e900-b63f-84710c7967bb|2016-11-11 12:07:49.1514|DEBUG|GameStore.BLL.Services.GameStoreService|Getting all Games. Returned 2  Games.
80000ea8-0001-f800-b63f-84710c7967bb|2016-11-11 12:07:49.1514|DEBUG|GameStore.BLL.Services.GameStoreService|Getting all Games. Returned 2  Games.
80000eaa-0001-f800-b63f-84710c7967bb|2016-11-11 12:07:58.8281|DEBUG|GameStore.BLL.Services.GameStoreService|Add PublisherDTO with Id: 0
80000eab-0001-f800-b63f-84710c7967bb|2016-11-11 12:07:58.8931|DEBUG|GameStore.BLL.Services.GameStoreService|Getting all Publishers. Returned 2  Publishers.
8000003e-0002-f600-b63f-84710c7967bb|2016-11-11 12:08:36.1007|DEBUG|GameStore.BLL.Services.GameStoreService|Getting all Games. Returned 2  Games.
80000040-0002-f600-b63f-84710c7967bb|2016-11-11 12:08:45.3556|DEBUG|GameStore.BLL.Services.GameStoreService|Add PublisherDTO with Id: 0
80000041-0002-f600-b63f-84710c7967bb|2016-11-11 12:08:45.4236|DEBUG|GameStore.BLL.Services.GameStoreService|Getting all Publishers. Returned 2  Publishers.
80000070-0003-f400-b63f-84710c7967bb|2016-11-11 12:47:18.6134|DEBUG|GameStore.BLL.Services.GameStoreService|Getting all Publishers. Returned 1  Publishers.
800001b8-0002-f900-b63f-84710c7967bb|2016-11-11 12:47:18.7852|DEBUG|GameStore.BLL.Services.GameStoreService|Getting all Games. Returned 2  Games.
80000072-0003-f400-b63f-84710c7967bb|2016-11-11 12:48:34.3247|DEBUG|GameStore.BLL.Services.GameStoreService|Getting all Publishers. Returned 1  Publishers.
80000074-0003-f400-b63f-84710c7967bb|2016-11-11 12:49:32.0666|DEBUG|GameStore.BLL.Services.GameStoreService|Getting all Publishers. Returned 1  Publishers.
8000008a-0003-ef00-b63f-84710c7967bb|2016-11-11 12:52:17.4108|DEBUG|GameStore.BLL.Services.GameStoreService|Getting all Publishers. Returned 1  Publishers.
80000060-0003-f200-b63f-84710c7967bb|2016-11-11 12:52:17.5690|DEBUG|GameStore.BLL.Services.GameStoreService|Getting all Games. Returned 2  Games.
8000008c-0003-ef00-b63f-84710c7967bb|2016-11-11 12:52:27.0409|DEBUG|GameStore.BLL.Services.GameStoreService|Getting all Publishers. Returned 1  Publishers.
8000008e-0003-ef00-b63f-84710c7967bb|2016-11-11 12:53:13.6433|DEBUG|GameStore.BLL.Services.GameStoreService|Getting all Publishers. Returned 1  Publishers.
80000090-0003-ef00-b63f-84710c7967bb|2016-11-11 12:53:29.1955|DEBUG|GameStore.BLL.Services.GameStoreService|Getting all Games. Returned 2  Games.
80000092-0003-ef00-b63f-84710c7967bb|2016-11-11 12:53:35.4604|DEBUG|GameStore.BLL.Services.GameStoreService|Add PublisherDTO with Id: 0
80000093-0003-ef00-b63f-84710c7967bb|2016-11-11 12:53:35.4754|DEBUG|GameStore.BLL.Services.GameStoreService|Getting all Publishers. Returned 2  Publishers.
8000044b-0001-e900-b63f-84710c7967bb|2016-11-11 12:58:48.8682|DEBUG|GameStore.BLL.Services.GameStoreService|Getting all Games. Returned 2  Games.
8000066e-0000-f800-b63f-84710c7967bb|2016-11-11 13:11:36.3719|DEBUG|GameStore.BLL.Services.GameStoreService|Getting all Games. Returned 2  Games.
80000670-0000-f800-b63f-84710c7967bb|2016-11-11 13:11:47.8116|DEBUG|GameStore.BLL.Services.GameStoreService|Add PublisherDTO with Id: 0
80000671-0000-f800-b63f-84710c7967bb|2016-11-11 13:11:47.8732|DEBUG|GameStore.BLL.Services.GameStoreService|Getting all Publishers. Returned 2  Publishers.
80000780-0000-e700-b63f-84710c7967bb|2016-11-11 13:14:57.7817|DEBUG|GameStore.BLL.Services.GameStoreService|Getting all Games. Returned 2  Games.
80000034-0003-eb00-b63f-84710c7967bb|2016-11-11 13:18:13.0825|DEBUG|GameStore.BLL.Services.GameStoreService|Getting all Games. Returned 2  Games.
800001c9-0000-f400-b63f-84710c7967bb|2016-11-11 13:18:13.0825|DEBUG|GameStore.BLL.Services.GameStoreService|Getting all Games. Returned 2  Games.
800001cb-0000-f400-b63f-84710c7967bb|2016-11-11 13:18:22.2148|DEBUG|GameStore.BLL.Services.GameStoreService|Add PublisherDTO with Id: 0
800001cc-0000-f400-b63f-84710c7967bb|2016-11-11 13:18:22.2758|DEBUG|GameStore.BLL.Services.GameStoreService|Getting all Publishers. Returned 2  Publishers.
8000008d-0002-f800-b63f-84710c7967bb|2016-11-11 13:24:52.5342|DEBUG|GameStore.BLL.Services.GameStoreService|Getting all Games. Returned 2  Games.
80000826-0002-ed00-b63f-84710c7967bb|2016-11-11 13:34:06.7632|DEBUG|GameStore.BLL.Services.GameStoreService|Getting all Games. Returned 2  Games.
