80000004-0001-f200-b63f-84710c7967bb|2016-11-30 10:12:22.5005|DEBUG|GameStore.BLL.Services.GameStoreService|Getting all Genres. Returned 24  Genres.
80000004-0001-f200-b63f-84710c7967bb|2016-11-30 10:12:22.5255|DEBUG|GameStore.BLL.Services.GameStoreService|Getting all PlatformTypes. Returned 4  PlatformTypes.
80000004-0001-f200-b63f-84710c7967bb|2016-11-30 10:12:22.5726|DEBUG|GameStore.BLL.Services.GameStoreService|Getting all Publishers. Returned 30  Publishers.
80000004-0001-f200-b63f-84710c7967bb|2016-11-30 10:12:23.4275|DEBUG|GameStore.BLL.Services.GameStoreService|Getting all Games. Returned 89  Games.
80000042-0000-ec00-b63f-84710c7967bb|2016-11-30 10:13:41.3968|DEBUG|GameStore.BLL.Services.GameStoreService|Getting all Genres. Returned 24  Genres.
80000042-0000-ec00-b63f-84710c7967bb|2016-11-30 10:13:41.4228|DEBUG|GameStore.BLL.Services.GameStoreService|Getting all PlatformTypes. Returned 4  PlatformTypes.
80000042-0000-ec00-b63f-84710c7967bb|2016-11-30 10:13:41.4468|DEBUG|GameStore.BLL.Services.GameStoreService|Getting all Publishers. Returned 30  Publishers.
80000042-0000-ec00-b63f-84710c7967bb|2016-11-30 10:13:42.3156|DEBUG|GameStore.BLL.Services.GameStoreService|Getting all Games. Returned 89  Games.
8000000f-0000-f100-b63f-84710c7967bb|2016-11-30 10:13:43.5612|DEBUG|GameStore.BLL.Services.GameStoreService|Getting all Orders. Returned 0  Orders.
80000124-0002-f100-b63f-84710c7967bb|2016-11-30 10:14:34.0060|DEBUG|GameStore.BLL.Services.GameStoreService|Getting all Orders. Returned 0  Orders.
8000001f-0002-f700-b63f-84710c7967bb|2016-11-30 10:18:59.5975|DEBUG|GameStore.BLL.Services.GameStoreService|Getting all Genres. Returned 24  Genres.
8000001f-0002-f700-b63f-84710c7967bb|2016-11-30 10:18:59.6225|DEBUG|GameStore.BLL.Services.GameStoreService|Getting all PlatformTypes. Returned 4  PlatformTypes.
8000001f-0002-f700-b63f-84710c7967bb|2016-11-30 10:18:59.6476|DEBUG|GameStore.BLL.Services.GameStoreService|Getting all Publishers. Returned 30  Publishers.
8000001f-0002-f700-b63f-84710c7967bb|2016-11-30 10:19:00.4726|DEBUG|GameStore.BLL.Services.GameStoreService|Getting all Games. Returned 89  Games.
80000083-0002-ee00-b63f-84710c7967bb|2016-11-30 10:42:06.1108|DEBUG|GameStore.BLL.Services.GameStoreService|Getting all Orders. Returned 830  Orders.
80000038-0000-ea00-b63f-84710c7967bb|2016-11-30 10:42:06.1108|DEBUG|GameStore.BLL.Services.GameStoreService|Getting all Orders. Returned 830  Orders.
80000039-0000-fc00-b63f-84710c7967bb|2016-11-30 10:43:27.5003|DEBUG|GameStore.BLL.Services.GameStoreService|Getting all Orders. Returned 830  Orders.
80000302-0000-f200-b63f-84710c7967bb|2016-11-30 10:44:20.1646|DEBUG|GameStore.BLL.Services.GameStoreService|Getting all Genres. Returned 24  Genres.
80000302-0000-f200-b63f-84710c7967bb|2016-11-30 10:44:20.1922|DEBUG|GameStore.BLL.Services.GameStoreService|Getting all PlatformTypes. Returned 4  PlatformTypes.
80000302-0000-f200-b63f-84710c7967bb|2016-11-30 10:44:20.2172|DEBUG|GameStore.BLL.Services.GameStoreService|Getting all Publishers. Returned 30  Publishers.
80000302-0000-f200-b63f-84710c7967bb|2016-11-30 10:44:21.0431|DEBUG|GameStore.BLL.Services.GameStoreService|Getting all Games. Returned 89  Games.
80000304-0000-f200-b63f-84710c7967bb|2016-11-30 10:44:26.4189|DEBUG|GameStore.BLL.Services.GameStoreService|Getting all Orders. Returned 830  Orders.
80000009-0000-f700-b63f-84710c7967bb|2016-11-30 11:14:48.3572|DEBUG|GameStore.BLL.Services.GameStoreService|Getting all Genres. Returned 24  Genres.
80000009-0000-f700-b63f-84710c7967bb|2016-11-30 11:14:48.3843|DEBUG|GameStore.BLL.Services.GameStoreService|Getting all PlatformTypes. Returned 4  PlatformTypes.
80000009-0000-f700-b63f-84710c7967bb|2016-11-30 11:14:48.4123|DEBUG|GameStore.BLL.Services.GameStoreService|Getting all Publishers. Returned 30  Publishers.
80000009-0000-f700-b63f-84710c7967bb|2016-11-30 11:14:49.2751|DEBUG|GameStore.BLL.Services.GameStoreService|Getting all Games. Returned 89  Games.
80000198-0002-ee00-b63f-84710c7967bb|2016-11-30 11:15:20.0445|DEBUG|GameStore.BLL.Services.GameStoreService|Getting all Genres. Returned 24  Genres.
80000198-0002-ee00-b63f-84710c7967bb|2016-11-30 11:15:20.0695|DEBUG|GameStore.BLL.Services.GameStoreService|Getting all PlatformTypes. Returned 4  PlatformTypes.
80000198-0002-ee00-b63f-84710c7967bb|2016-11-30 11:15:20.0945|DEBUG|GameStore.BLL.Services.GameStoreService|Getting all Publishers. Returned 30  Publishers.
80000198-0002-ee00-b63f-84710c7967bb|2016-11-30 11:15:20.7136|DEBUG|GameStore.BLL.Services.GameStoreService|Getting all Games. Returned 89  Games.
80000293-0002-f700-b63f-84710c7967bb|2016-11-30 11:19:02.3473|DEBUG|GameStore.BLL.Services.GameStoreService|Getting all Genres. Returned 24  Genres.
80000293-0002-f700-b63f-84710c7967bb|2016-11-30 11:19:02.3723|DEBUG|GameStore.BLL.Services.GameStoreService|Getting all PlatformTypes. Returned 4  PlatformTypes.
80000293-0002-f700-b63f-84710c7967bb|2016-11-30 11:19:02.3984|DEBUG|GameStore.BLL.Services.GameStoreService|Getting all Publishers. Returned 30  Publishers.
80000293-0002-f700-b63f-84710c7967bb|2016-11-30 11:19:03.2506|DEBUG|GameStore.BLL.Services.GameStoreService|Getting all Games. Returned 89  Games.
80000013-0000-e900-b63f-84710c7967bb|2016-11-30 11:21:40.7022|DEBUG|GameStore.BLL.Services.GameStoreService|Getting all Genres. Returned 24  Genres.
80000013-0000-e900-b63f-84710c7967bb|2016-11-30 11:21:40.7317|DEBUG|GameStore.BLL.Services.GameStoreService|Getting all PlatformTypes. Returned 4  PlatformTypes.
80000013-0000-e900-b63f-84710c7967bb|2016-11-30 11:21:40.7578|DEBUG|GameStore.BLL.Services.GameStoreService|Getting all Publishers. Returned 30  Publishers.
80000013-0000-e900-b63f-84710c7967bb|2016-11-30 11:21:41.5999|DEBUG|GameStore.BLL.Services.GameStoreService|Getting all Games. Returned 89  Games.
80000015-0000-e900-b63f-84710c7967bb|2016-11-30 11:21:45.5497|DEBUG|GameStore.BLL.Services.GameStoreService|Getting all Orders. Returned 830  Orders.
800001f9-0000-fb00-b63f-84710c7967bb|2016-11-30 11:27:46.9817|DEBUG|GameStore.BLL.Services.GameStoreService|Getting all Genres. Returned 24  Genres.
800001f9-0000-fb00-b63f-84710c7967bb|2016-11-30 11:27:47.0083|DEBUG|GameStore.BLL.Services.GameStoreService|Getting all PlatformTypes. Returned 4  PlatformTypes.
800001f9-0000-fb00-b63f-84710c7967bb|2016-11-30 11:27:47.0343|DEBUG|GameStore.BLL.Services.GameStoreService|Getting all Publishers. Returned 30  Publishers.
800001f9-0000-fb00-b63f-84710c7967bb|2016-11-30 11:27:47.8259|DEBUG|GameStore.BLL.Services.GameStoreService|Getting all Games. Returned 89  Games.
8000009f-0003-fb00-b63f-84710c7967bb|2016-11-30 11:29:09.1924|DEBUG|GameStore.BLL.Services.GameStoreService|Getting all Genres. Returned 24  Genres.
8000009f-0003-fb00-b63f-84710c7967bb|2016-11-30 11:29:09.2194|DEBUG|GameStore.BLL.Services.GameStoreService|Getting all PlatformTypes. Returned 4  PlatformTypes.
8000009f-0003-fb00-b63f-84710c7967bb|2016-11-30 11:29:09.2454|DEBUG|GameStore.BLL.Services.GameStoreService|Getting all Publishers. Returned 30  Publishers.
8000009f-0003-fb00-b63f-84710c7967bb|2016-11-30 11:29:10.0603|DEBUG|GameStore.BLL.Services.GameStoreService|Getting all Games. Returned 89  Games.
80000077-0000-fc00-b63f-84710c7967bb|2016-11-30 11:30:48.4173|DEBUG|GameStore.BLL.Services.GameStoreService|Getting all Orders. Returned 830  Orders.
80000070-0001-e500-b63f-84710c7967bb|2016-11-30 11:32:47.2454|DEBUG|GameStore.BLL.Services.GameStoreService|Getting all Genres. Returned 24  Genres.
80000070-0001-e500-b63f-84710c7967bb|2016-11-30 11:32:47.2714|DEBUG|GameStore.BLL.Services.GameStoreService|Getting all PlatformTypes. Returned 4  PlatformTypes.
80000070-0001-e500-b63f-84710c7967bb|2016-11-30 11:32:47.2964|DEBUG|GameStore.BLL.Services.GameStoreService|Getting all Publishers. Returned 30  Publishers.
80000070-0001-e500-b63f-84710c7967bb|2016-11-30 11:32:48.0846|DEBUG|GameStore.BLL.Services.GameStoreService|Getting all Games. Returned 89  Games.
80000072-0001-e500-b63f-84710c7967bb|2016-11-30 11:32:56.5887|DEBUG|GameStore.BLL.Services.GameStoreService|Getting all Orders. Returned 830  Orders.
80000074-0001-e500-b63f-84710c7967bb|2016-11-30 11:33:37.7549|DEBUG|GameStore.BLL.Services.GameStoreService|Getting all Orders. Returned 830  Orders.
800002d2-0003-f300-b63f-84710c7967bb|2016-11-30 11:34:59.0343|DEBUG|GameStore.BLL.Services.GameStoreService|Getting all Orders. Returned 830  Orders.
800002d2-0003-f300-b63f-84710c7967bb|2016-11-30 11:35:02.7326|DEBUG|GameStore.BLL.Services.GameStoreService|Getting all Games. Returned 89  Games.
800002d4-0003-f300-b63f-84710c7967bb|2016-11-30 11:35:18.2854|DEBUG|GameStore.BLL.Services.GameStoreService|Getting all Orders. Returned 830  Orders.
80000462-0000-f500-b63f-84710c7967bb|2016-11-30 11:40:29.7403|DEBUG|GameStore.BLL.Services.GameStoreService|Getting all Genres. Returned 24  Genres.
80000462-0000-f500-b63f-84710c7967bb|2016-11-30 11:40:29.7653|DEBUG|GameStore.BLL.Services.GameStoreService|Getting all PlatformTypes. Returned 4  PlatformTypes.
80000462-0000-f500-b63f-84710c7967bb|2016-11-30 11:40:29.7894|DEBUG|GameStore.BLL.Services.GameStoreService|Getting all Publishers. Returned 30  Publishers.
80000462-0000-f500-b63f-84710c7967bb|2016-11-30 11:40:30.6278|DEBUG|GameStore.BLL.Services.GameStoreService|Getting all Games. Returned 89  Games.
80000197-0001-e800-b63f-84710c7967bb|2016-11-30 11:46:06.2490|DEBUG|GameStore.BLL.Services.GameStoreService|Getting all Orders. Returned 830  Orders.
800000ae-0003-fb00-b63f-84710c7967bb|2016-11-30 11:46:06.5137|DEBUG|GameStore.BLL.Services.GameStoreService|Getting all Genres. Returned 24  Genres.
800000ae-0003-fb00-b63f-84710c7967bb|2016-11-30 11:46:06.5618|DEBUG|GameStore.BLL.Services.GameStoreService|Getting all PlatformTypes. Returned 4  PlatformTypes.
800000ae-0003-fb00-b63f-84710c7967bb|2016-11-30 11:46:06.5938|DEBUG|GameStore.BLL.Services.GameStoreService|Getting all Publishers. Returned 30  Publishers.
80000197-0001-e800-b63f-84710c7967bb|2016-11-30 11:46:07.4855|DEBUG|GameStore.BLL.Services.GameStoreService|Getting all Games. Returned 89  Games.
800000ae-0003-fb00-b63f-84710c7967bb|2016-11-30 11:46:07.4855|DEBUG|GameStore.BLL.Services.GameStoreService|Getting all Games. Returned 89  Games.
80000319-0000-ef00-b63f-84710c7967bb|2016-11-30 11:47:26.3075|DEBUG|GameStore.BLL.Services.GameStoreService|Getting all Orders. Returned 830  Orders.
80000319-0000-ef00-b63f-84710c7967bb|2016-11-30 11:47:27.4393|DEBUG|GameStore.BLL.Services.GameStoreService|Getting all Games. Returned 89  Games.
80000ce9-0000-e900-b63f-84710c7967bb|2016-11-30 11:49:08.1723|DEBUG|GameStore.BLL.Services.GameStoreService|Getting all Genres. Returned 24  Genres.
80000ce9-0000-e900-b63f-84710c7967bb|2016-11-30 11:49:08.1975|DEBUG|GameStore.BLL.Services.GameStoreService|Getting all PlatformTypes. Returned 4  PlatformTypes.
80000ce9-0000-e900-b63f-84710c7967bb|2016-11-30 11:49:08.2235|DEBUG|GameStore.BLL.Services.GameStoreService|Getting all Publishers. Returned 30  Publishers.
80000ce9-0000-e900-b63f-84710c7967bb|2016-11-30 11:49:09.0902|DEBUG|GameStore.BLL.Services.GameStoreService|Getting all Games. Returned 89  Games.
80000185-0002-ef00-b63f-84710c7967bb|2016-11-30 11:49:09.3539|DEBUG|GameStore.BLL.Services.GameStoreService|Getting all Orders. Returned 830  Orders.
80000098-0001-ec00-b63f-84710c7967bb|2016-11-30 11:53:19.1846|DEBUG|GameStore.BLL.Services.GameStoreService|Getting all Genres. Returned 24  Genres.
80000098-0001-ec00-b63f-84710c7967bb|2016-11-30 11:53:19.2147|DEBUG|GameStore.BLL.Services.GameStoreService|Getting all PlatformTypes. Returned 4  PlatformTypes.
80000098-0001-ec00-b63f-84710c7967bb|2016-11-30 11:53:19.2417|DEBUG|GameStore.BLL.Services.GameStoreService|Getting all Publishers. Returned 30  Publishers.
80000098-0001-ec00-b63f-84710c7967bb|2016-11-30 11:53:20.1044|DEBUG|GameStore.BLL.Services.GameStoreService|Getting all Games. Returned 89  Games.
800001a3-0001-e800-b63f-84710c7967bb|2016-11-30 11:53:20.2034|DEBUG|GameStore.BLL.Services.GameStoreService|Getting all Orders. Returned 830  Orders.
800001a5-0001-e800-b63f-84710c7967bb|2016-11-30 11:54:01.6811|DEBUG|GameStore.BLL.Services.GameStoreService|Getting all Orders. Returned 830  Orders.
80000813-0000-ed00-b63f-84710c7967bb|2016-11-30 12:28:47.8508|DEBUG|GameStore.BLL.Services.GameStoreService|Getting all Genres. Returned 24  Genres.
80000813-0000-ed00-b63f-84710c7967bb|2016-11-30 12:28:47.8768|DEBUG|GameStore.BLL.Services.GameStoreService|Getting all PlatformTypes. Returned 4  PlatformTypes.
80000813-0000-ed00-b63f-84710c7967bb|2016-11-30 12:28:47.9013|DEBUG|GameStore.BLL.Services.GameStoreService|Getting all Publishers. Returned 30  Publishers.
80000813-0000-ed00-b63f-84710c7967bb|2016-11-30 12:28:48.7574|DEBUG|GameStore.BLL.Services.GameStoreService|Getting all Games. Returned 89  Games.
800004ba-0002-f000-b63f-84710c7967bb|2016-11-30 12:30:37.9497|DEBUG|GameStore.BLL.Services.GameStoreService|Getting all Genres. Returned 24  Genres.
800004ba-0002-f000-b63f-84710c7967bb|2016-11-30 12:30:37.9777|DEBUG|GameStore.BLL.Services.GameStoreService|Getting all PlatformTypes. Returned 4  PlatformTypes.
800004ba-0002-f000-b63f-84710c7967bb|2016-11-30 12:30:38.0023|DEBUG|GameStore.BLL.Services.GameStoreService|Getting all Publishers. Returned 30  Publishers.
800004ba-0002-f000-b63f-84710c7967bb|2016-11-30 12:30:38.6785|DEBUG|GameStore.BLL.Services.GameStoreService|Getting all Games. Returned 89  Games.
80000236-0003-f700-b63f-84710c7967bb|2016-11-30 12:33:18.5306|DEBUG|GameStore.BLL.Services.GameStoreService|Getting all Genres. Returned 24  Genres.
80000236-0003-f700-b63f-84710c7967bb|2016-11-30 12:33:18.5577|DEBUG|GameStore.BLL.Services.GameStoreService|Getting all PlatformTypes. Returned 4  PlatformTypes.
80000236-0003-f700-b63f-84710c7967bb|2016-11-30 12:33:18.5837|DEBUG|GameStore.BLL.Services.GameStoreService|Getting all Publishers. Returned 30  Publishers.
80000236-0003-f700-b63f-84710c7967bb|2016-11-30 12:33:19.4722|DEBUG|GameStore.BLL.Services.GameStoreService|Getting all Games. Returned 89  Games.
8000081f-0000-ed00-b63f-84710c7967bb|2016-11-30 12:46:26.5326|DEBUG|GameStore.BLL.Services.GameStoreService|Getting all Genres. Returned 24  Genres.
8000081f-0000-ed00-b63f-84710c7967bb|2016-11-30 12:46:26.5641|DEBUG|GameStore.BLL.Services.GameStoreService|Getting all PlatformTypes. Returned 4  PlatformTypes.
8000081f-0000-ed00-b63f-84710c7967bb|2016-11-30 12:46:26.5941|DEBUG|GameStore.BLL.Services.GameStoreService|Getting all Publishers. Returned 30  Publishers.
8000081f-0000-ed00-b63f-84710c7967bb|2016-11-30 12:46:27.4448|DEBUG|GameStore.BLL.Services.GameStoreService|Getting all Games. Returned 89  Games.
800006c5-0000-f400-b63f-84710c7967bb|2016-11-30 12:53:08.0847|DEBUG|GameStore.BLL.Services.GameStoreService|Getting all Genres. Returned 24  Genres.
800006c5-0000-f400-b63f-84710c7967bb|2016-11-30 12:53:08.1147|DEBUG|GameStore.BLL.Services.GameStoreService|Getting all PlatformTypes. Returned 4  PlatformTypes.
800006c5-0000-f400-b63f-84710c7967bb|2016-11-30 12:53:08.1402|DEBUG|GameStore.BLL.Services.GameStoreService|Getting all Publishers. Returned 30  Publishers.
800006c5-0000-f400-b63f-84710c7967bb|2016-11-30 12:53:09.0874|DEBUG|GameStore.BLL.Services.GameStoreService|Getting all Games. Returned 89  Games.
800001e4-0003-ed00-b63f-84710c7967bb|2016-11-30 12:56:31.5180|DEBUG|GameStore.BLL.Services.GameStoreService|Getting all Games. Returned 89  Games.
8000099b-0001-e900-b63f-84710c7967bb|2016-11-30 12:58:26.5759|DEBUG|GameStore.BLL.Services.GameStoreService|Getting all Genres. Returned 24  Genres.
8000099b-0001-e900-b63f-84710c7967bb|2016-11-30 12:58:26.6029|DEBUG|GameStore.BLL.Services.GameStoreService|Getting all PlatformTypes. Returned 4  PlatformTypes.
8000099b-0001-e900-b63f-84710c7967bb|2016-11-30 12:58:26.6299|DEBUG|GameStore.BLL.Services.GameStoreService|Getting all Publishers. Returned 30  Publishers.
8000099b-0001-e900-b63f-84710c7967bb|2016-11-30 12:58:27.4995|DEBUG|GameStore.BLL.Services.GameStoreService|Getting all Games. Returned 89  Games.
8000009c-0003-ec00-b63f-84710c7967bb|2016-11-30 12:59:30.7462|DEBUG|GameStore.BLL.Services.GameStoreService|Getting all Games. Returned 89  Games.
800002a6-0002-f400-b63f-84710c7967bb|2016-11-30 13:02:57.8940|DEBUG|GameStore.BLL.Services.GameStoreService|Getting all Genres. Returned 24  Genres.
800002a6-0002-f400-b63f-84710c7967bb|2016-11-30 13:02:57.9200|DEBUG|GameStore.BLL.Services.GameStoreService|Getting all PlatformTypes. Returned 4  PlatformTypes.
800002a6-0002-f400-b63f-84710c7967bb|2016-11-30 13:02:57.9461|DEBUG|GameStore.BLL.Services.GameStoreService|Getting all Publishers. Returned 30  Publishers.
800002a6-0002-f400-b63f-84710c7967bb|2016-11-30 13:02:58.7657|DEBUG|GameStore.BLL.Services.GameStoreService|Getting all Games. Returned 89  Games.
80000345-0000-ef00-b63f-84710c7967bb|2016-11-30 13:27:30.5915|DEBUG|GameStore.BLL.Services.GameStoreService|Getting all Genres. Returned 24  Genres.
80000345-0000-ef00-b63f-84710c7967bb|2016-11-30 13:27:30.6165|DEBUG|GameStore.BLL.Services.GameStoreService|Getting all PlatformTypes. Returned 4  PlatformTypes.
80000345-0000-ef00-b63f-84710c7967bb|2016-11-30 13:27:30.6415|DEBUG|GameStore.BLL.Services.GameStoreService|Getting all Publishers. Returned 30  Publishers.
80000345-0000-ef00-b63f-84710c7967bb|2016-11-30 13:27:31.4475|DEBUG|GameStore.BLL.Services.GameStoreService|Getting all Games. Returned 89  Games.
800003e1-0000-eb00-b63f-84710c7967bb|2016-11-30 13:28:49.4297|DEBUG|GameStore.BLL.Services.GameStoreService|Getting all Games. Returned 89  Games.
80000859-0000-ed00-b63f-84710c7967bb|2016-11-30 13:30:19.9816|DEBUG|GameStore.BLL.Services.GameStoreService|Getting all Genres. Returned 24  Genres.
80000859-0000-ed00-b63f-84710c7967bb|2016-11-30 13:30:20.0101|DEBUG|GameStore.BLL.Services.GameStoreService|Getting all PlatformTypes. Returned 4  PlatformTypes.
80000859-0000-ed00-b63f-84710c7967bb|2016-11-30 13:30:20.0356|DEBUG|GameStore.BLL.Services.GameStoreService|Getting all Publishers. Returned 30  Publishers.
80000859-0000-ed00-b63f-84710c7967bb|2016-11-30 13:30:20.8829|DEBUG|GameStore.BLL.Services.GameStoreService|Getting all Games. Returned 89  Games.
8000025c-0002-ec00-b63f-84710c7967bb|2016-11-30 13:33:46.0776|DEBUG|GameStore.BLL.Services.GameStoreService|Getting all Games. Returned 89  Games.
800003f2-0000-eb00-b63f-84710c7967bb|2016-11-30 13:39:54.4641|DEBUG|GameStore.BLL.Services.GameStoreService|Getting all Games. Returned 89  Games.
80000036-0002-e600-b63f-84710c7967bb|2016-11-30 13:43:02.6710|DEBUG|GameStore.BLL.Services.GameStoreService|Getting all Games. Returned 89  Games.
80000ace-0002-ec00-b63f-84710c7967bb|2016-11-30 13:45:54.6482|DEBUG|GameStore.BLL.Services.GameStoreService|Getting all Genres. Returned 24  Genres.
80000ace-0002-ec00-b63f-84710c7967bb|2016-11-30 13:45:54.6773|DEBUG|GameStore.BLL.Services.GameStoreService|Getting all PlatformTypes. Returned 4  PlatformTypes.
80000ace-0002-ec00-b63f-84710c7967bb|2016-11-30 13:45:54.7033|DEBUG|GameStore.BLL.Services.GameStoreService|Getting all Publishers. Returned 30  Publishers.
80000ace-0002-ec00-b63f-84710c7967bb|2016-11-30 13:45:55.6268|DEBUG|GameStore.BLL.Services.GameStoreService|Getting all Games. Returned 89  Games.
80000227-0000-ee00-b63f-84710c7967bb|2016-11-30 13:47:43.5846|DEBUG|GameStore.BLL.Services.GameStoreService|Getting all Genres. Returned 24  Genres.
80000227-0000-ee00-b63f-84710c7967bb|2016-11-30 13:47:43.6615|DEBUG|GameStore.BLL.Services.GameStoreService|Getting all PlatformTypes. Returned 4  PlatformTypes.
80000227-0000-ee00-b63f-84710c7967bb|2016-11-30 13:47:43.6876|DEBUG|GameStore.BLL.Services.GameStoreService|Getting all Publishers. Returned 30  Publishers.
80000227-0000-ee00-b63f-84710c7967bb|2016-11-30 13:47:44.6302|DEBUG|GameStore.BLL.Services.GameStoreService|Getting all Games. Returned 89  Games.
80000290-0003-fa00-b63f-84710c7967bb|2016-11-30 13:49:05.3671|DEBUG|GameStore.BLL.Services.GameStoreService|Getting all Genres. Returned 24  Genres.
80000290-0003-fa00-b63f-84710c7967bb|2016-11-30 13:49:05.3951|DEBUG|GameStore.BLL.Services.GameStoreService|Getting all PlatformTypes. Returned 4  PlatformTypes.
80000290-0003-fa00-b63f-84710c7967bb|2016-11-30 13:49:05.4211|DEBUG|GameStore.BLL.Services.GameStoreService|Getting all Publishers. Returned 30  Publishers.
80000290-0003-fa00-b63f-84710c7967bb|2016-11-30 13:49:06.4520|DEBUG|GameStore.BLL.Services.GameStoreService|Getting all Games. Returned 89  Games.
80000855-0001-eb00-b63f-84710c7967bb|2016-11-30 13:52:56.3814|DEBUG|GameStore.BLL.Services.GameStoreService|Getting all Genres. Returned 24  Genres.
80000855-0001-eb00-b63f-84710c7967bb|2016-11-30 13:52:56.4135|DEBUG|GameStore.BLL.Services.GameStoreService|Getting all PlatformTypes. Returned 4  PlatformTypes.
80000855-0001-eb00-b63f-84710c7967bb|2016-11-30 13:52:56.4395|DEBUG|GameStore.BLL.Services.GameStoreService|Getting all Publishers. Returned 30  Publishers.
80000855-0001-eb00-b63f-84710c7967bb|2016-11-30 13:52:57.3418|DEBUG|GameStore.BLL.Services.GameStoreService|Getting all Games. Returned 89  Games.
80000085-0003-f400-b63f-84710c7967bb|2016-11-30 13:53:53.3431|DEBUG|GameStore.BLL.Services.GameStoreService|Getting all Genres. Returned 24  Genres.
80000085-0003-f400-b63f-84710c7967bb|2016-11-30 13:53:53.3671|DEBUG|GameStore.BLL.Services.GameStoreService|Getting all PlatformTypes. Returned 4  PlatformTypes.
80000085-0003-f400-b63f-84710c7967bb|2016-11-30 13:53:53.3902|DEBUG|GameStore.BLL.Services.GameStoreService|Getting all Publishers. Returned 30  Publishers.
80000085-0003-f400-b63f-84710c7967bb|2016-11-30 13:53:54.0445|DEBUG|GameStore.BLL.Services.GameStoreService|Getting all Games. Returned 89  Games.
80000082-0002-e600-b63f-84710c7967bb|2016-11-30 13:55:39.2669|DEBUG|GameStore.BLL.Services.GameStoreService|Getting all Genres. Returned 24  Genres.
80000082-0002-e600-b63f-84710c7967bb|2016-11-30 13:55:39.2939|DEBUG|GameStore.BLL.Services.GameStoreService|Getting all PlatformTypes. Returned 4  PlatformTypes.
80000082-0002-e600-b63f-84710c7967bb|2016-11-30 13:55:39.3199|DEBUG|GameStore.BLL.Services.GameStoreService|Getting all Publishers. Returned 30  Publishers.
80000082-0002-e600-b63f-84710c7967bb|2016-11-30 13:55:40.1780|DEBUG|GameStore.BLL.Services.GameStoreService|Getting all Games. Returned 89  Games.
80000cf0-0002-e900-b63f-84710c7967bb|2016-11-30 13:56:54.4240|DEBUG|GameStore.BLL.Services.GameStoreService|Getting all Games. Returned 89  Games.
800007d1-0001-ef00-b63f-84710c7967bb|2016-11-30 13:58:37.7028|DEBUG|GameStore.BLL.Services.GameStoreService|Getting all Games. Returned 89  Games.
80000cf4-0002-e900-b63f-84710c7967bb|2016-11-30 13:59:00.0378|DEBUG|GameStore.BLL.Services.GameStoreService|Getting all Genres. Returned 24  Genres.
80000cf4-0002-e900-b63f-84710c7967bb|2016-11-30 13:59:00.0508|DEBUG|GameStore.BLL.Services.GameStoreService|Getting all PlatformTypes. Returned 4  PlatformTypes.
80000cf4-0002-e900-b63f-84710c7967bb|2016-11-30 13:59:00.0508|DEBUG|GameStore.BLL.Services.GameStoreService|Getting all Publishers. Returned 30  Publishers.
80000cf8-0002-e900-b63f-84710c7967bb|2016-11-30 13:59:18.3909|DEBUG|GameStore.BLL.Services.GameStoreService|GettingPublisherby name=GamesCorporation 
80000cfa-0002-e900-b63f-84710c7967bb|2016-11-30 13:59:23.9247|DEBUG|GameStore.BLL.Services.GameStoreService|Getting all Publishers. Returned 30  Publishers.
80000cfc-0002-e900-b63f-84710c7967bb|2016-11-30 14:00:17.0640|DEBUG|GameStore.BLL.Services.GameStoreService|GettingPublisherby name=Exotic Liquids 
80000cfc-0002-e900-b63f-84710c7967bb|2016-11-30 14:00:17.3493|DEBUG|GameStore.BLL.Services.GameStoreService|Getting all Games. Returned 89  Games.
80000cfe-0002-e900-b63f-84710c7967bb|2016-11-30 14:00:21.8159|DEBUG|GameStore.BLL.Services.GameStoreService|GettingPublisherby name=GamesCorporation 
80000d00-0002-e900-b63f-84710c7967bb|2016-11-30 14:00:24.2497|DEBUG|GameStore.BLL.Services.GameStoreService|GettingPublisherby name=PB Knäckebröd AB 
80000d04-0002-e900-b63f-84710c7967bb|2016-11-30 14:01:32.0667|DEBUG|GameStore.BLL.Services.GameStoreService|Getting all Games. Returned 89  Games.
80000143-0003-f600-b63f-84710c7967bb|2016-11-30 14:04:40.9899|DEBUG|GameStore.BLL.Services.GameStoreService|Getting all Genres. Returned 24  Genres.
80000143-0003-f600-b63f-84710c7967bb|2016-11-30 14:04:41.0129|DEBUG|GameStore.BLL.Services.GameStoreService|Getting all PlatformTypes. Returned 4  PlatformTypes.
80000143-0003-f600-b63f-84710c7967bb|2016-11-30 14:04:41.0380|DEBUG|GameStore.BLL.Services.GameStoreService|Getting all Publishers. Returned 30  Publishers.
80000143-0003-f600-b63f-84710c7967bb|2016-11-30 14:04:41.8503|DEBUG|GameStore.BLL.Services.GameStoreService|Getting all Games. Returned 89  Games.
80000149-0003-f600-b63f-84710c7967bb|2016-11-30 14:05:31.9708|DEBUG|GameStore.BLL.Services.GameStoreService|Getting all Publishers. Returned 30  Publishers.
8000014b-0003-f600-b63f-84710c7967bb|2016-11-30 14:05:38.2918|DEBUG|GameStore.BLL.Services.GameStoreService|GettingPublisherby name=GamesCorporation 
8000014d-0003-f600-b63f-84710c7967bb|2016-11-30 14:05:42.3519|DEBUG|GameStore.BLL.Services.GameStoreService|GettingPublisherby name=Pavlova 
8000014d-0003-f600-b63f-84710c7967bb|2016-11-30 14:05:42.6327|DEBUG|GameStore.BLL.Services.GameStoreService|Getting all Games. Returned 89  Games.
8000014f-0003-f600-b63f-84710c7967bb|2016-11-30 14:05:44.9439|DEBUG|GameStore.BLL.Services.GameStoreService|GettingPublisherby name=PB Knäckebröd AB 
80000151-0003-f600-b63f-84710c7967bb|2016-11-30 14:05:52.1748|DEBUG|GameStore.BLL.Services.GameStoreService|GettingPublisherby name=Nord-Ost-Fisch Handelsgesellschaft mbH 
80000734-0000-eb00-b63f-84710c7967bb|2016-11-30 14:11:42.7628|DEBUG|GameStore.BLL.Services.GameStoreService|Getting all Genres. Returned 24  Genres.
80000734-0000-eb00-b63f-84710c7967bb|2016-11-30 14:11:42.7933|DEBUG|GameStore.BLL.Services.GameStoreService|Getting all PlatformTypes. Returned 4  PlatformTypes.
80000734-0000-eb00-b63f-84710c7967bb|2016-11-30 14:11:42.8243|DEBUG|GameStore.BLL.Services.GameStoreService|Getting all Publishers. Returned 30  Publishers.
80000734-0000-eb00-b63f-84710c7967bb|2016-11-30 14:11:43.9462|DEBUG|GameStore.BLL.Services.GameStoreService|Getting all Games. Returned 89  Games.
80002ec0-0003-ea00-b63f-84710c7967bb|2016-11-30 14:12:43.5568|DEBUG|GameStore.BLL.Services.OrdersService|Getting basket by Customer id= 
80002ec0-0003-ea00-b63f-84710c7967bb|2016-11-30 14:12:47.8353|DEBUG|GameStore.BLL.Services.GameStoreService|Getting all Games. Returned 89  Games.
80000a03-0000-f700-b63f-84710c7967bb|2016-11-30 14:15:05.4244|DEBUG|GameStore.BLL.Services.GameStoreService|Getting all Genres. Returned 24  Genres.
80000a03-0000-f700-b63f-84710c7967bb|2016-11-30 14:15:05.5175|DEBUG|GameStore.BLL.Services.GameStoreService|Getting all PlatformTypes. Returned 4  PlatformTypes.
80000a03-0000-f700-b63f-84710c7967bb|2016-11-30 14:15:05.5510|DEBUG|GameStore.BLL.Services.GameStoreService|Getting all Publishers. Returned 30  Publishers.
80000a03-0000-f700-b63f-84710c7967bb|2016-11-30 14:15:06.5891|DEBUG|GameStore.BLL.Services.GameStoreService|Getting all Games. Returned 89  Games.
8000001f-0003-e600-b63f-84710c7967bb|2016-11-30 14:18:29.5872|DEBUG|GameStore.BLL.Services.GameStoreService|Getting all Games. Returned 89  Games.
80000022-0003-e600-b63f-84710c7967bb|2016-11-30 14:19:47.1061|DEBUG|GameStore.BLL.Services.GameStoreService|Getting all Games. Returned 89  Games.
800008ee-0000-ef00-b63f-84710c7967bb|2016-11-30 14:21:58.1830|DEBUG|GameStore.BLL.Services.GameStoreService|Getting all Games. Returned 89  Games.
800002c3-0000-fd00-b63f-84710c7967bb|2016-11-30 14:25:54.0077|DEBUG|GameStore.BLL.Services.GameStoreService|Getting all Games. Returned 89  Games.
800002c9-0000-fd00-b63f-84710c7967bb|2016-11-30 14:28:03.0702|DEBUG|GameStore.BLL.Services.GameStoreService|Getting all Games. Returned 89  Games.
80000128-0002-e800-b63f-84710c7967bb|2016-11-30 14:31:10.3499|DEBUG|GameStore.BLL.Services.GameStoreService|Getting all Games. Returned 89  Games.
80000e99-0000-e900-b63f-84710c7967bb|2016-11-30 14:42:04.9575|DEBUG|GameStore.BLL.Services.GameStoreService|Getting all Games. Returned 89  Games.
80000bbc-0001-e200-b63f-84710c7967bb|2016-11-30 14:50:16.7866|DEBUG|GameStore.BLL.Services.GameStoreService|Getting all Genres. Returned 24  Genres.
80000bbc-0001-e200-b63f-84710c7967bb|2016-11-30 14:50:16.8146|DEBUG|GameStore.BLL.Services.GameStoreService|Getting all PlatformTypes. Returned 4  PlatformTypes.
80000bbc-0001-e200-b63f-84710c7967bb|2016-11-30 14:50:16.8406|DEBUG|GameStore.BLL.Services.GameStoreService|Getting all Publishers. Returned 30  Publishers.
80000bbc-0001-e200-b63f-84710c7967bb|2016-11-30 14:50:17.9344|DEBUG|GameStore.BLL.Services.GameStoreService|Getting all Games. Returned 89  Games.
80000ead-0000-e900-b63f-84710c7967bb|2016-11-30 14:50:18.0585|DEBUG|GameStore.BLL.Services.GameStoreService|Getting all Games. Returned 89  Games.
