80000002-0001-ee00-b63f-84710c7967bb|2016-11-30 10:09:22.2627|DEBUG|ips|Client info: IP = ::1; URI = http://localhost:65078/
80000004-0001-f200-b63f-84710c7967bb|2016-11-30 10:12:16.8852|DEBUG|ips|Client info: IP = ::1; URI = http://localhost:65078/
80000004-0001-f200-b63f-84710c7967bb|2016-11-30 10:12:22.4285|DEBUG|ips|Client info: IP = ::1; URI = http://localhost:65078/
80000004-0001-f200-b63f-84710c7967bb|2016-11-30 10:12:23.1533|DEBUG|ips|Client info: IP = ::1; URI = http://localhost:65078/
80000042-0000-ec00-b63f-84710c7967bb|2016-11-30 10:13:37.1164|DEBUG|ips|Client info: IP = ::1; URI = http://localhost:65078/
80000042-0000-ec00-b63f-84710c7967bb|2016-11-30 10:13:41.3367|DEBUG|ips|Client info: IP = ::1; URI = http://localhost:65078/
80000042-0000-ec00-b63f-84710c7967bb|2016-11-30 10:13:42.0344|DEBUG|ips|Client info: IP = ::1; URI = http://localhost:65078/
8000000f-0000-f100-b63f-84710c7967bb|2016-11-30 10:13:43.5222|DEBUG|ips|Client info: IP = ::1; URI = http://localhost:65078/Orders/History
80000124-0002-f100-b63f-84710c7967bb|2016-11-30 10:14:31.4059|DEBUG|ips|Client info: IP = ::1; URI = http://localhost:65078/Orders/History
80000014-0000-f300-b63f-84710c7967bb|2016-11-30 10:14:31.4679|DEBUG|ips|Client info: IP = ::1; URI = http://localhost:65078/
8000001f-0002-f700-b63f-84710c7967bb|2016-11-30 10:18:55.1860|DEBUG|ips|Client info: IP = ::1; URI = http://localhost:65078/
8000001f-0002-f700-b63f-84710c7967bb|2016-11-30 10:18:59.5238|DEBUG|ips|Client info: IP = ::1; URI = http://localhost:65078/
8000001f-0002-f700-b63f-84710c7967bb|2016-11-30 10:19:00.1929|DEBUG|ips|Client info: IP = ::1; URI = http://localhost:65078/
80000021-0002-f700-b63f-84710c7967bb|2016-11-30 10:19:08.7736|DEBUG|ips|Client info: IP = ::1; URI = http://localhost:65078/Orders/History
8000000c-0003-f000-b63f-84710c7967bb|2016-11-30 10:19:55.8509|DEBUG|ips|Client info: IP = ::1; URI = http://localhost:65078/Orders/History
80000023-0002-ee00-b63f-84710c7967bb|2016-11-30 10:19:55.9190|DEBUG|ips|Client info: IP = ::1; URI = http://localhost:65078/
80000035-0001-f400-b63f-84710c7967bb|2016-11-30 10:22:18.5080|DEBUG|ips|Client info: IP = ::1; URI = http://localhost:65078/Orders/History
8000001f-0001-f800-b63f-84710c7967bb|2016-11-30 10:22:18.6067|DEBUG|ips|Client info: IP = ::1; URI = http://localhost:65078/
8000001f-0002-ed00-b63f-84710c7967bb|2016-11-30 10:23:26.8206|DEBUG|ips|Client info: IP = ::1; URI = http://localhost:65078/
800002fa-0000-ed00-b63f-84710c7967bb|2016-11-30 10:23:26.8567|DEBUG|ips|Client info: IP = ::1; URI = http://localhost:65078/Orders/History
8000042c-0002-f000-b63f-84710c7967bb|2016-11-30 10:28:19.2075|DEBUG|ips|Client info: IP = ::1; URI = http://localhost:65078/
80000037-0000-f400-b63f-84710c7967bb|2016-11-30 10:28:20.1784|DEBUG|ips|Client info: IP = ::1; URI = http://localhost:65078/Orders/History
80000013-0000-fb00-b63f-84710c7967bb|2016-11-30 10:29:18.2617|DEBUG|ips|Client info: IP = ::1; URI = http://localhost:65078/Orders/History
80000326-0000-f600-b63f-84710c7967bb|2016-11-30 10:29:18.2867|DEBUG|ips|Client info: IP = ::1; URI = http://localhost:65078/
8000001d-0002-f200-b63f-84710c7967bb|2016-11-30 10:30:32.3860|DEBUG|ips|Client info: IP = ::1; URI = http://localhost:65078/Orders/History
80000150-0003-fc00-b63f-84710c7967bb|2016-11-30 10:30:32.4460|DEBUG|ips|Client info: IP = ::1; URI = http://localhost:65078/
8000003d-0000-f500-b63f-84710c7967bb|2016-11-30 10:32:24.4512|DEBUG|ips|Client info: IP = ::1; URI = http://localhost:65078/Orders/History
80000032-0002-ed00-b63f-84710c7967bb|2016-11-30 10:32:24.5122|DEBUG|ips|Client info: IP = ::1; URI = http://localhost:65078/
80000031-0002-f200-b63f-84710c7967bb|2016-11-30 10:34:14.5479|DEBUG|ips|Client info: IP = ::1; URI = http://localhost:65078/Orders/History
80000029-0003-ef00-b63f-84710c7967bb|2016-11-30 10:34:14.6090|DEBUG|ips|Client info: IP = ::1; URI = http://localhost:65078/
80000035-0001-ea00-b63f-84710c7967bb|2016-11-30 10:35:25.9196|DEBUG|ips|Client info: IP = ::1; URI = http://localhost:65078/Orders/History
80000024-0000-fb00-b63f-84710c7967bb|2016-11-30 10:35:25.9401|DEBUG|ips|Client info: IP = ::1; URI = http://localhost:65078/
80000038-0003-f600-b63f-84710c7967bb|2016-11-30 10:37:42.2404|DEBUG|ips|Client info: IP = ::1; URI = http://localhost:65078/Orders/History
8000004f-0001-f200-b63f-84710c7967bb|2016-11-30 10:37:42.3095|DEBUG|ips|Client info: IP = ::1; URI = http://localhost:65078/
80000453-0002-f000-b63f-84710c7967bb|2016-11-30 10:38:34.0961|DEBUG|ips|Client info: IP = ::1; URI = http://localhost:65078/Orders/History
80000050-0003-f700-b63f-84710c7967bb|2016-11-30 10:38:34.1832|DEBUG|ips|Client info: IP = ::1; URI = http://localhost:65078/
800001d5-0000-eb00-b63f-84710c7967bb|2016-11-30 10:40:01.0478|DEBUG|ips|Client info: IP = ::1; URI = http://localhost:65078/Orders/History
8000022e-0001-ee00-b63f-84710c7967bb|2016-11-30 10:40:01.1148|DEBUG|ips|Client info: IP = ::1; URI = http://localhost:65078/
800000c2-0000-ec00-b63f-84710c7967bb|2016-11-30 10:40:58.7764|DEBUG|ips|Client info: IP = ::1; URI = http://localhost:65078/Orders/History
80000141-0001-e800-b63f-84710c7967bb|2016-11-30 10:40:58.8344|DEBUG|ips|Client info: IP = ::1; URI = http://localhost:65078/
80000038-0000-ea00-b63f-84710c7967bb|2016-11-30 10:42:03.0885|DEBUG|ips|Client info: IP = ::1; URI = http://localhost:65078/Orders/History
80000083-0002-ee00-b63f-84710c7967bb|2016-11-30 10:42:03.0885|DEBUG|ips|Client info: IP = ::1; URI = http://localhost:65078/Orders/History
80000039-0000-fc00-b63f-84710c7967bb|2016-11-30 10:43:24.6587|DEBUG|ips|Client info: IP = ::1; URI = http://localhost:65078/Orders/History
800002fe-0000-f200-b63f-84710c7967bb|2016-11-30 10:43:24.7207|DEBUG|ips|Client info: IP = ::1; URI = http://localhost:65078/
80000302-0000-f200-b63f-84710c7967bb|2016-11-30 10:44:15.2043|DEBUG|ips|Client info: IP = ::1; URI = http://localhost:65078/
80000302-0000-f200-b63f-84710c7967bb|2016-11-30 10:44:20.0936|DEBUG|ips|Client info: IP = ::1; URI = http://localhost:65078/
80000302-0000-f200-b63f-84710c7967bb|2016-11-30 10:44:20.7571|DEBUG|ips|Client info: IP = ::1; URI = http://localhost:65078/
80000304-0000-f200-b63f-84710c7967bb|2016-11-30 10:44:26.3519|DEBUG|ips|Client info: IP = ::1; URI = http://localhost:65078/Orders/History
80000009-0000-f700-b63f-84710c7967bb|2016-11-30 11:14:41.0751|DEBUG|ips|Client info: IP = ::1; URI = http://localhost:65078/
80000009-0000-f700-b63f-84710c7967bb|2016-11-30 11:14:48.2915|DEBUG|ips|Client info: IP = ::1; URI = http://localhost:65078/
80000009-0000-f700-b63f-84710c7967bb|2016-11-30 11:14:48.9740|DEBUG|ips|Client info: IP = ::1; URI = http://localhost:65078/
80000198-0002-ee00-b63f-84710c7967bb|2016-11-30 11:15:16.0937|DEBUG|ips|Client info: IP = ::1; URI = http://localhost:65078/
80000198-0002-ee00-b63f-84710c7967bb|2016-11-30 11:15:19.9874|DEBUG|ips|Client info: IP = ::1; URI = http://localhost:65078/
80000198-0002-ee00-b63f-84710c7967bb|2016-11-30 11:15:20.4329|DEBUG|ips|Client info: IP = ::1; URI = http://localhost:65078/
8000028c-0002-f700-b63f-84710c7967bb|2016-11-30 11:15:43.9418|DEBUG|ips|Client info: IP = ::1; URI = http://localhost:65078/Orders/History
80000293-0002-f700-b63f-84710c7967bb|2016-11-30 11:18:57.7066|DEBUG|ips|Client info: IP = ::1; URI = http://localhost:65078/
80000293-0002-f700-b63f-84710c7967bb|2016-11-30 11:19:02.2813|DEBUG|ips|Client info: IP = ::1; URI = http://localhost:65078/
80000293-0002-f700-b63f-84710c7967bb|2016-11-30 11:19:02.9728|DEBUG|ips|Client info: IP = ::1; URI = http://localhost:65078/
80000295-0002-f700-b63f-84710c7967bb|2016-11-30 11:19:09.6466|DEBUG|ips|Client info: IP = ::1; URI = http://localhost:65078/Orders/History
80000013-0000-e900-b63f-84710c7967bb|2016-11-30 11:21:35.7838|DEBUG|ips|Client info: IP = ::1; URI = http://localhost:65078/
80000013-0000-e900-b63f-84710c7967bb|2016-11-30 11:21:40.6301|DEBUG|ips|Client info: IP = ::1; URI = http://localhost:65078/
80000013-0000-e900-b63f-84710c7967bb|2016-11-30 11:21:41.2953|DEBUG|ips|Client info: IP = ::1; URI = http://localhost:65078/
80000015-0000-e900-b63f-84710c7967bb|2016-11-30 11:21:45.4781|DEBUG|ips|Client info: IP = ::1; URI = http://localhost:65078/Orders/History
800001f9-0000-fb00-b63f-84710c7967bb|2016-11-30 11:27:39.7762|DEBUG|ips|Client info: IP = ::1; URI = http://localhost:65078/
800001f9-0000-fb00-b63f-84710c7967bb|2016-11-30 11:27:46.9232|DEBUG|ips|Client info: IP = ::1; URI = http://localhost:65078/
800001f9-0000-fb00-b63f-84710c7967bb|2016-11-30 11:27:47.5517|DEBUG|ips|Client info: IP = ::1; URI = http://localhost:65078/
800001fb-0000-fb00-b63f-84710c7967bb|2016-11-30 11:27:58.2490|DEBUG|ips|Client info: IP = ::1; URI = http://localhost:65078/Orders/History
8000009f-0003-fb00-b63f-84710c7967bb|2016-11-30 11:29:04.8125|DEBUG|ips|Client info: IP = ::1; URI = http://localhost:65078/
8000009f-0003-fb00-b63f-84710c7967bb|2016-11-30 11:29:09.1253|DEBUG|ips|Client info: IP = ::1; URI = http://localhost:65078/
8000009f-0003-fb00-b63f-84710c7967bb|2016-11-30 11:29:09.7572|DEBUG|ips|Client info: IP = ::1; URI = http://localhost:65078/
800000a1-0003-fb00-b63f-84710c7967bb|2016-11-30 11:29:20.2090|DEBUG|ips|Client info: IP = ::1; URI = http://localhost:65078/Orders/History
80000077-0000-fc00-b63f-84710c7967bb|2016-11-30 11:30:43.3573|DEBUG|ips|Client info: IP = ::1; URI = http://localhost:65078/Orders/History
80000456-0000-f500-b63f-84710c7967bb|2016-11-30 11:30:43.4207|DEBUG|ips|Client info: IP = ::1; URI = http://localhost:65078/
80000070-0001-e500-b63f-84710c7967bb|2016-11-30 11:32:42.9928|DEBUG|ips|Client info: IP = ::1; URI = http://localhost:65078/
80000070-0001-e500-b63f-84710c7967bb|2016-11-30 11:32:47.1766|DEBUG|ips|Client info: IP = ::1; URI = http://localhost:65078/
80000070-0001-e500-b63f-84710c7967bb|2016-11-30 11:32:47.7945|DEBUG|ips|Client info: IP = ::1; URI = http://localhost:65078/
80000072-0001-e500-b63f-84710c7967bb|2016-11-30 11:32:55.2313|DEBUG|ips|Client info: IP = ::1; URI = http://localhost:65078/Orders/History
80000072-0001-e500-b63f-84710c7967bb|2016-11-30 11:32:56.9630|DEBUG|ips|Client info: IP = ::1; URI = http://localhost:65078/Orders/History
80000074-0001-e500-b63f-84710c7967bb|2016-11-30 11:33:36.4557|DEBUG|ips|Client info: IP = ::1; URI = http://localhost:65078/Orders/History
80000074-0001-e500-b63f-84710c7967bb|2016-11-30 11:33:41.4282|DEBUG|ips|Client info: IP = ::1; URI = http://localhost:65078/Orders/History
800002d2-0003-f300-b63f-84710c7967bb|2016-11-30 11:34:57.6861|DEBUG|ips|Client info: IP = ::1; URI = http://localhost:65078/Orders/History
800002d2-0003-f300-b63f-84710c7967bb|2016-11-30 11:35:02.4563|DEBUG|ips|Client info: IP = ::1; URI = http://localhost:65078/Orders/History
800002d4-0003-f300-b63f-84710c7967bb|2016-11-30 11:35:16.9720|DEBUG|ips|Client info: IP = ::1; URI = http://localhost:65078/Orders/History
800002d4-0003-f300-b63f-84710c7967bb|2016-11-30 11:35:21.7312|DEBUG|ips|Client info: IP = ::1; URI = http://localhost:65078/Orders/History
80000462-0000-f500-b63f-84710c7967bb|2016-11-30 11:40:21.7408|DEBUG|ips|Client info: IP = ::1; URI = http://localhost:65078/
80000462-0000-f500-b63f-84710c7967bb|2016-11-30 11:40:29.6718|DEBUG|ips|Client info: IP = ::1; URI = http://localhost:65078/
80000462-0000-f500-b63f-84710c7967bb|2016-11-30 11:40:30.3398|DEBUG|ips|Client info: IP = ::1; URI = http://localhost:65078/
80000464-0000-f500-b63f-84710c7967bb|2016-11-30 11:40:37.9777|DEBUG|ips|Client info: IP = ::1; URI = http://localhost:65078/Orders/History
8000030e-0000-ef00-b63f-84710c7967bb|2016-11-30 11:43:06.7835|DEBUG|ips|Client info: IP = ::1; URI = http://localhost:65078/
8000037d-0002-f100-b63f-84710c7967bb|2016-11-30 11:43:07.2931|DEBUG|ips|Client info: IP = ::1; URI = http://localhost:65078/Orders/History
80000298-0001-f400-b63f-84710c7967bb|2016-11-30 11:44:27.4597|DEBUG|ips|Client info: IP = ::1; URI = http://localhost:65078/
80000e32-0000-f100-b63f-84710c7967bb|2016-11-30 11:44:31.8753|DEBUG|ips|Client info: IP = ::1; URI = http://localhost:65078/Orders/History
80000197-0001-e800-b63f-84710c7967bb|2016-11-30 11:46:01.8101|DEBUG|ips|Client info: IP = ::1; URI = http://localhost:65078/Orders/History
800000ae-0003-fb00-b63f-84710c7967bb|2016-11-30 11:46:01.8691|DEBUG|ips|Client info: IP = ::1; URI = http://localhost:65078/
800000ae-0003-fb00-b63f-84710c7967bb|2016-11-30 11:46:06.4517|DEBUG|ips|Client info: IP = ::1; URI = http://localhost:65078/
80000197-0001-e800-b63f-84710c7967bb|2016-11-30 11:46:07.0892|DEBUG|ips|Client info: IP = ::1; URI = http://localhost:65078/Orders/History
800000ae-0003-fb00-b63f-84710c7967bb|2016-11-30 11:46:07.0892|DEBUG|ips|Client info: IP = ::1; URI = http://localhost:65078/
80000319-0000-ef00-b63f-84710c7967bb|2016-11-30 11:47:24.9784|DEBUG|ips|Client info: IP = ::1; URI = http://localhost:65078/Orders/History
80000319-0000-ef00-b63f-84710c7967bb|2016-11-30 11:47:27.1578|DEBUG|ips|Client info: IP = ::1; URI = http://localhost:65078/Orders/History
80000ce9-0000-e900-b63f-84710c7967bb|2016-11-30 11:49:03.4326|DEBUG|ips|Client info: IP = ::1; URI = http://localhost:65078/
80000185-0002-ef00-b63f-84710c7967bb|2016-11-30 11:49:03.8258|DEBUG|ips|Client info: IP = ::1; URI = http://localhost:65078/Orders/History
80000ce9-0000-e900-b63f-84710c7967bb|2016-11-30 11:49:08.1077|DEBUG|ips|Client info: IP = ::1; URI = http://localhost:65078/
80000ce9-0000-e900-b63f-84710c7967bb|2016-11-30 11:49:08.8013|DEBUG|ips|Client info: IP = ::1; URI = http://localhost:65078/
80000185-0002-ef00-b63f-84710c7967bb|2016-11-30 11:49:09.7957|DEBUG|ips|Client info: IP = ::1; URI = http://localhost:65078/Orders/History
800002ef-0000-f300-b63f-84710c7967bb|2016-11-30 11:51:30.3781|DEBUG|ips|Client info: IP = ::1; URI = http://localhost:65078/Orders/History
8000047f-0000-f500-b63f-84710c7967bb|2016-11-30 11:51:30.4381|DEBUG|ips|Client info: IP = ::1; URI = http://localhost:65078/
800001a3-0001-e800-b63f-84710c7967bb|2016-11-30 11:53:14.2492|DEBUG|ips|Client info: IP = ::1; URI = http://localhost:65078/Orders/History
80000098-0001-ec00-b63f-84710c7967bb|2016-11-30 11:53:14.3402|DEBUG|ips|Client info: IP = ::1; URI = http://localhost:65078/
80000098-0001-ec00-b63f-84710c7967bb|2016-11-30 11:53:19.1201|DEBUG|ips|Client info: IP = ::1; URI = http://localhost:65078/
80000098-0001-ec00-b63f-84710c7967bb|2016-11-30 11:53:19.7862|DEBUG|ips|Client info: IP = ::1; URI = http://localhost:65078/
800001a3-0001-e800-b63f-84710c7967bb|2016-11-30 11:53:20.6967|DEBUG|ips|Client info: IP = ::1; URI = http://localhost:65078/Orders/History
800001a5-0001-e800-b63f-84710c7967bb|2016-11-30 11:53:59.0679|DEBUG|ips|Client info: IP = ::1; URI = http://localhost:65078/Orders/History
800001a5-0001-e800-b63f-84710c7967bb|2016-11-30 11:54:04.7105|DEBUG|ips|Client info: IP = ::1; URI = http://localhost:65078/Orders/History
80000813-0000-ed00-b63f-84710c7967bb|2016-11-30 12:28:40.9587|DEBUG|ips|Client info: IP = ::1; URI = http://localhost:65078/
80000306-0001-f900-b63f-84710c7967bb|2016-11-30 12:28:40.9587|DEBUG|ips|Client info: IP = ::1; URI = http://localhost:65078/Orders/History
80000813-0000-ed00-b63f-84710c7967bb|2016-11-30 12:28:47.7737|DEBUG|ips|Client info: IP = ::1; URI = http://localhost:65078/
80000813-0000-ed00-b63f-84710c7967bb|2016-11-30 12:28:48.4553|DEBUG|ips|Client info: IP = ::1; URI = http://localhost:65078/
80000029-0001-e400-b63f-84710c7967bb|2016-11-30 12:30:34.4215|DEBUG|ips|Client info: IP = ::1; URI = http://localhost:65078/Orders/History
800004ba-0002-f000-b63f-84710c7967bb|2016-11-30 12:30:34.4215|DEBUG|ips|Client info: IP = ::1; URI = http://localhost:65078/
800004ba-0002-f000-b63f-84710c7967bb|2016-11-30 12:30:37.8873|DEBUG|ips|Client info: IP = ::1; URI = http://localhost:65078/
800004ba-0002-f000-b63f-84710c7967bb|2016-11-30 12:30:38.3818|DEBUG|ips|Client info: IP = ::1; URI = http://localhost:65078/
800002f0-0001-f800-b63f-84710c7967bb|2016-11-30 12:33:13.3007|DEBUG|ips|Client info: IP = ::1; URI = http://localhost:65078/Orders/History
80000236-0003-f700-b63f-84710c7967bb|2016-11-30 12:33:13.3007|DEBUG|ips|Client info: IP = ::1; URI = http://localhost:65078/
80000236-0003-f700-b63f-84710c7967bb|2016-11-30 12:33:18.4626|DEBUG|ips|Client info: IP = ::1; URI = http://localhost:65078/
80000236-0003-f700-b63f-84710c7967bb|2016-11-30 12:33:19.1749|DEBUG|ips|Client info: IP = ::1; URI = http://localhost:65078/
8000081f-0000-ed00-b63f-84710c7967bb|2016-11-30 12:46:18.7406|DEBUG|ips|Client info: IP = ::1; URI = http://localhost:65078/
80000c50-0002-f800-b63f-84710c7967bb|2016-11-30 12:46:23.4759|DEBUG|ips|Client info: IP = ::1; URI = http://localhost:65078/Orders/History
8000081f-0000-ed00-b63f-84710c7967bb|2016-11-30 12:46:26.4640|DEBUG|ips|Client info: IP = ::1; URI = http://localhost:65078/
8000081f-0000-ed00-b63f-84710c7967bb|2016-11-30 12:46:27.1545|DEBUG|ips|Client info: IP = ::1; URI = http://localhost:65078/
8000021b-0000-ea00-b63f-84710c7967bb|2016-11-30 12:51:21.1739|DEBUG|ips|Client info: IP = ::1; URI = http://localhost:65078/Orders/History
800006c5-0000-f400-b63f-84710c7967bb|2016-11-30 12:53:03.1303|DEBUG|ips|Client info: IP = ::1; URI = http://localhost:65078/
800001e3-0002-ea00-b63f-84710c7967bb|2016-11-30 12:53:05.4033|DEBUG|ips|Client info: IP = ::1; URI = http://localhost:65078/Orders/History
800006c5-0000-f400-b63f-84710c7967bb|2016-11-30 12:53:07.9996|DEBUG|ips|Client info: IP = ::1; URI = http://localhost:65078/
800006c5-0000-f400-b63f-84710c7967bb|2016-11-30 12:53:08.7142|DEBUG|ips|Client info: IP = ::1; URI = http://localhost:65078/
800001e3-0002-ea00-b63f-84710c7967bb|2016-11-30 12:53:09.5160|DEBUG|ips|Client info: IP = ::1; URI = http://localhost:65078/Orders/History
800001e3-0002-ea00-b63f-84710c7967bb|2016-11-30 12:53:09.5510|DEBUG|ips|Client info: IP = ::1; URI = http://localhost:65078/Orders/History
800001e5-0002-ea00-b63f-84710c7967bb|2016-11-30 12:53:31.5821|DEBUG|ips|Client info: IP = ::1; URI = http://localhost:65078/Orders/History
800001e5-0002-ea00-b63f-84710c7967bb|2016-11-30 12:53:37.3142|DEBUG|ips|Client info: IP = ::1; URI = http://localhost:65078/Orders/History
800001e5-0002-ea00-b63f-84710c7967bb|2016-11-30 12:53:37.3342|DEBUG|ips|Client info: IP = ::1; URI = http://localhost:65078/Orders/History
800001e7-0002-ea00-b63f-84710c7967bb|2016-11-30 12:53:41.7483|DEBUG|ips|Client info: IP = ::1; URI = http://localhost:65078/orders/history?PageSize=20
800001e7-0002-ea00-b63f-84710c7967bb|2016-11-30 12:53:44.4724|DEBUG|ips|Client info: IP = ::1; URI = http://localhost:65078/orders/history?PageSize=20
800001e7-0002-ea00-b63f-84710c7967bb|2016-11-30 12:53:44.4764|DEBUG|ips|Client info: IP = ::1; URI = http://localhost:65078/orders/history?PageSize=20
800001e9-0002-ea00-b63f-84710c7967bb|2016-11-30 12:53:51.9226|DEBUG|ips|Client info: IP = ::1; URI = http://localhost:65078/orders/history?PageSize=100
800001e9-0002-ea00-b63f-84710c7967bb|2016-11-30 12:53:54.5877|DEBUG|ips|Client info: IP = ::1; URI = http://localhost:65078/orders/history?PageSize=100
800001e9-0002-ea00-b63f-84710c7967bb|2016-11-30 12:53:54.6097|DEBUG|ips|Client info: IP = ::1; URI = http://localhost:65078/orders/history?PageSize=100
800001e4-0003-ed00-b63f-84710c7967bb|2016-11-30 12:56:25.2061|DEBUG|ips|Client info: IP = ::1; URI = http://localhost:65078/orders/history?PageSize=100
800001e4-0003-ed00-b63f-84710c7967bb|2016-11-30 12:56:31.2067|DEBUG|ips|Client info: IP = ::1; URI = http://localhost:65078/orders/history?PageSize=100
800001e4-0003-ed00-b63f-84710c7967bb|2016-11-30 12:56:31.2437|DEBUG|ips|Client info: IP = ::1; URI = http://localhost:65078/orders/history?PageSize=100
800001e6-0003-ed00-b63f-84710c7967bb|2016-11-30 12:57:11.9990|DEBUG|ips|Client info: IP = ::1; URI = http://localhost:65078/orders/history?PageSize=100
800001e6-0003-ed00-b63f-84710c7967bb|2016-11-30 12:57:18.0809|DEBUG|ips|Client info: IP = ::1; URI = http://localhost:65078/orders/history?PageSize=100
800001e6-0003-ed00-b63f-84710c7967bb|2016-11-30 12:57:18.1070|DEBUG|ips|Client info: IP = ::1; URI = http://localhost:65078/orders/history?PageSize=100
80000098-0003-ec00-b63f-84710c7967bb|2016-11-30 12:58:21.1842|DEBUG|ips|Client info: IP = ::1; URI = http://localhost:65078/Orders/History
8000099b-0001-e900-b63f-84710c7967bb|2016-11-30 12:58:21.1842|DEBUG|ips|Client info: IP = ::1; URI = http://localhost:65078/
8000099b-0001-e900-b63f-84710c7967bb|2016-11-30 12:58:26.4828|DEBUG|ips|Client info: IP = ::1; URI = http://localhost:65078/
8000099b-0001-e900-b63f-84710c7967bb|2016-11-30 12:58:27.1874|DEBUG|ips|Client info: IP = ::1; URI = http://localhost:65078/
80000098-0003-ec00-b63f-84710c7967bb|2016-11-30 12:58:28.0519|DEBUG|ips|Client info: IP = ::1; URI = http://localhost:65078/Orders/History
80000098-0003-ec00-b63f-84710c7967bb|2016-11-30 12:58:28.0889|DEBUG|ips|Client info: IP = ::1; URI = http://localhost:65078/Orders/History
8000009a-0003-ec00-b63f-84710c7967bb|2016-11-30 12:59:21.6367|DEBUG|ips|Client info: IP = ::1; URI = http://localhost:65078/orders/history?DateFrom=2017-09-27&DateTo=
8000009a-0003-ec00-b63f-84710c7967bb|2016-11-30 12:59:24.2222|DEBUG|ips|Client info: IP = ::1; URI = http://localhost:65078/orders/history?DateFrom=2017-09-27&DateTo=
8000009a-0003-ec00-b63f-84710c7967bb|2016-11-30 12:59:24.2253|DEBUG|ips|Client info: IP = ::1; URI = http://localhost:65078/orders/history?DateFrom=2017-09-27&DateTo=
8000009c-0003-ec00-b63f-84710c7967bb|2016-11-30 12:59:27.8247|DEBUG|ips|Client info: IP = ::1; URI = http://localhost:65078/orders/history?DateFrom=2017-09-27&DateTo=&PageSize=0
8000029c-0002-f400-b63f-84710c7967bb|2016-11-30 12:59:29.4472|DEBUG|ips|Client info: IP = ::1; URI = http://localhost:65078/orders/history?DateFrom=2017-09-27&DateTo=&PageSize=0
8000009c-0003-ec00-b63f-84710c7967bb|2016-11-30 12:59:30.4656|DEBUG|ips|Client info: IP = ::1; URI = http://localhost:65078/orders/history?DateFrom=2017-09-27&DateTo=&PageSize=0
8000009c-0003-ec00-b63f-84710c7967bb|2016-11-30 12:59:30.4656|DEBUG|ips|Client info: IP = ::1; URI = http://localhost:65078/orders/history?DateFrom=2017-09-27&DateTo=&PageSize=0
8000029c-0002-f400-b63f-84710c7967bb|2016-11-30 12:59:32.0866|DEBUG|ips|Client info: IP = ::1; URI = http://localhost:65078/orders/history?DateFrom=2017-09-27&DateTo=&PageSize=0
8000029c-0002-f400-b63f-84710c7967bb|2016-11-30 12:59:32.0866|DEBUG|ips|Client info: IP = ::1; URI = http://localhost:65078/orders/history?DateFrom=2017-09-27&DateTo=&PageSize=0
800002a6-0002-f400-b63f-84710c7967bb|2016-11-30 13:02:53.5420|DEBUG|ips|Client info: IP = ::1; URI = http://localhost:65078/
800002a6-0002-f400-b63f-84710c7967bb|2016-11-30 13:02:57.8295|DEBUG|ips|Client info: IP = ::1; URI = http://localhost:65078/
800002a6-0002-f400-b63f-84710c7967bb|2016-11-30 13:02:58.4828|DEBUG|ips|Client info: IP = ::1; URI = http://localhost:65078/
800002a8-0002-f400-b63f-84710c7967bb|2016-11-30 13:03:07.6905|DEBUG|ips|Client info: IP = ::1; URI = http://localhost:65078/Orders/History
800002a8-0002-f400-b63f-84710c7967bb|2016-11-30 13:03:13.7598|DEBUG|ips|Client info: IP = ::1; URI = http://localhost:65078/Orders/History
800002a8-0002-f400-b63f-84710c7967bb|2016-11-30 13:03:13.7898|DEBUG|ips|Client info: IP = ::1; URI = http://localhost:65078/Orders/History
800002aa-0002-f400-b63f-84710c7967bb|2016-11-30 13:03:25.4161|DEBUG|ips|Client info: IP = ::1; URI = http://localhost:65078/orders/history?DateFrom=2013-01-27&DateTo=
800002aa-0002-f400-b63f-84710c7967bb|2016-11-30 13:03:27.9638|DEBUG|ips|Client info: IP = ::1; URI = http://localhost:65078/orders/history?DateFrom=2013-01-27&DateTo=
800002aa-0002-f400-b63f-84710c7967bb|2016-11-30 13:03:27.9748|DEBUG|ips|Client info: IP = ::1; URI = http://localhost:65078/orders/history?DateFrom=2013-01-27&DateTo=
80000345-0000-ef00-b63f-84710c7967bb|2016-11-30 13:27:25.4152|DEBUG|ips|Client info: IP = ::1; URI = http://localhost:65078/
80000345-0000-ef00-b63f-84710c7967bb|2016-11-30 13:27:30.5304|DEBUG|ips|Client info: IP = ::1; URI = http://localhost:65078/
80000345-0000-ef00-b63f-84710c7967bb|2016-11-30 13:27:31.1485|DEBUG|ips|Client info: IP = ::1; URI = http://localhost:65078/
80000347-0000-ef00-b63f-84710c7967bb|2016-11-30 13:27:47.5365|DEBUG|ips|Client info: IP = ::1; URI = http://localhost:65078/Orders/History
80000347-0000-ef00-b63f-84710c7967bb|2016-11-30 13:27:53.6072|DEBUG|ips|Client info: IP = ::1; URI = http://localhost:65078/Orders/History
80000347-0000-ef00-b63f-84710c7967bb|2016-11-30 13:27:53.6382|DEBUG|ips|Client info: IP = ::1; URI = http://localhost:65078/Orders/History
80000349-0000-ef00-b63f-84710c7967bb|2016-11-30 13:28:18.6908|DEBUG|ips|Client info: IP = ::1; URI = http://localhost:65078/orders/history?DateFrom=2018-12-01&DateTo=
80000349-0000-ef00-b63f-84710c7967bb|2016-11-30 13:28:21.2843|DEBUG|ips|Client info: IP = ::1; URI = http://localhost:65078/orders/history?DateFrom=2018-12-01&DateTo=
80000349-0000-ef00-b63f-84710c7967bb|2016-11-30 13:28:21.2873|DEBUG|ips|Client info: IP = ::1; URI = http://localhost:65078/orders/history?DateFrom=2018-12-01&DateTo=
800003e1-0000-eb00-b63f-84710c7967bb|2016-11-30 13:28:43.9390|DEBUG|ips|Client info: IP = ::1; URI = http://localhost:65078/Orders/History
800003e1-0000-eb00-b63f-84710c7967bb|2016-11-30 13:28:49.1398|DEBUG|ips|Client info: IP = ::1; URI = http://localhost:65078/Orders/History
800003e1-0000-eb00-b63f-84710c7967bb|2016-11-30 13:28:49.1508|DEBUG|ips|Client info: IP = ::1; URI = http://localhost:65078/Orders/History
800003e3-0000-eb00-b63f-84710c7967bb|2016-11-30 13:28:56.1842|DEBUG|ips|Client info: IP = ::1; URI = http://localhost:65078/orders/history?DateFrom=2016-01-30&DateTo=
80000859-0000-ed00-b63f-84710c7967bb|2016-11-30 13:30:15.3123|DEBUG|ips|Client info: IP = ::1; URI = http://localhost:65078/
800004eb-0001-fa00-b63f-84710c7967bb|2016-11-30 13:30:15.3123|DEBUG|ips|Client info: IP = ::1; URI = http://localhost:65078/Orders/History
80000859-0000-ed00-b63f-84710c7967bb|2016-11-30 13:30:19.9141|DEBUG|ips|Client info: IP = ::1; URI = http://localhost:65078/
80000859-0000-ed00-b63f-84710c7967bb|2016-11-30 13:30:20.5931|DEBUG|ips|Client info: IP = ::1; URI = http://localhost:65078/
800004eb-0001-fa00-b63f-84710c7967bb|2016-11-30 13:30:21.3012|DEBUG|ips|Client info: IP = ::1; URI = http://localhost:65078/Orders/History
800004eb-0001-fa00-b63f-84710c7967bb|2016-11-30 13:30:21.4293|DEBUG|ips|Client info: IP = ::1; URI = http://localhost:65078/Orders/History
800004ed-0001-fa00-b63f-84710c7967bb|2016-11-30 13:30:28.0669|DEBUG|ips|Client info: IP = ::1; URI = http://localhost:65078/orders/history?DateFrom=2018-01-28&DateTo=
800004ed-0001-fa00-b63f-84710c7967bb|2016-11-30 13:30:30.6365|DEBUG|ips|Client info: IP = ::1; URI = http://localhost:65078/orders/history?DateFrom=2018-01-28&DateTo=
800004ed-0001-fa00-b63f-84710c7967bb|2016-11-30 13:30:30.6365|DEBUG|ips|Client info: IP = ::1; URI = http://localhost:65078/orders/history?DateFrom=2018-01-28&DateTo=
8000025c-0002-ec00-b63f-84710c7967bb|2016-11-30 13:33:35.2125|DEBUG|ips|Client info: IP = ::1; URI = http://localhost:65078/Orders/History
8000025c-0002-ec00-b63f-84710c7967bb|2016-11-30 13:33:45.1238|DEBUG|ips|Client info: IP = ::1; URI = http://localhost:65078/Orders/History
8000025c-0002-ec00-b63f-84710c7967bb|2016-11-30 13:33:45.6127|DEBUG|ips|Client info: IP = ::1; URI = http://localhost:65078/Orders/History
8000025e-0002-ec00-b63f-84710c7967bb|2016-11-30 13:33:53.3907|DEBUG|ips|Client info: IP = ::1; URI = http://localhost:65078/orders/history?DateFrom=&DateTo=
8000025e-0002-ec00-b63f-84710c7967bb|2016-11-30 13:33:56.0069|DEBUG|ips|Client info: IP = ::1; URI = http://localhost:65078/orders/history?DateFrom=&DateTo=
8000025e-0002-ec00-b63f-84710c7967bb|2016-11-30 13:33:56.0179|DEBUG|ips|Client info: IP = ::1; URI = http://localhost:65078/orders/history?DateFrom=&DateTo=
800003f2-0000-eb00-b63f-84710c7967bb|2016-11-30 13:39:41.4181|DEBUG|ips|Client info: IP = ::1; URI = http://localhost:65078/Orders/History
800003f2-0000-eb00-b63f-84710c7967bb|2016-11-30 13:39:53.5320|DEBUG|ips|Client info: IP = ::1; URI = http://localhost:65078/Orders/History
800003f2-0000-eb00-b63f-84710c7967bb|2016-11-30 13:39:54.0387|DEBUG|ips|Client info: IP = ::1; URI = http://localhost:65078/Orders/History
800003f4-0000-eb00-b63f-84710c7967bb|2016-11-30 13:40:38.1514|DEBUG|ips|Client info: IP = ::1; URI = http://localhost:65078/Orders/History
800003f4-0000-eb00-b63f-84710c7967bb|2016-11-30 13:40:44.1807|DEBUG|ips|Client info: IP = ::1; URI = http://localhost:65078/Orders/History
800003f4-0000-eb00-b63f-84710c7967bb|2016-11-30 13:40:44.1987|DEBUG|ips|Client info: IP = ::1; URI = http://localhost:65078/Orders/History
80000036-0002-e600-b63f-84710c7967bb|2016-11-30 13:42:54.5358|DEBUG|ips|Client info: IP = ::1; URI = http://localhost:65078/Orders/History
80000036-0002-e600-b63f-84710c7967bb|2016-11-30 13:43:01.2760|DEBUG|ips|Client info: IP = ::1; URI = http://localhost:65078/Orders/History
80000036-0002-e600-b63f-84710c7967bb|2016-11-30 13:43:02.2520|DEBUG|ips|Client info: IP = ::1; URI = http://localhost:65078/Orders/History
800013b9-0000-f500-b63f-84710c7967bb|2016-11-30 13:45:50.1377|DEBUG|ips|Client info: IP = ::1; URI = http://localhost:65078/Orders/History
80000ace-0002-ec00-b63f-84710c7967bb|2016-11-30 13:45:50.1377|DEBUG|ips|Client info: IP = ::1; URI = http://localhost:65078/
80000ace-0002-ec00-b63f-84710c7967bb|2016-11-30 13:45:54.5742|DEBUG|ips|Client info: IP = ::1; URI = http://localhost:65078/
80000ace-0002-ec00-b63f-84710c7967bb|2016-11-30 13:45:55.2745|DEBUG|ips|Client info: IP = ::1; URI = http://localhost:65078/
800013b9-0000-f500-b63f-84710c7967bb|2016-11-30 13:45:56.2567|DEBUG|ips|Client info: IP = ::1; URI = http://localhost:65078/Orders/History
800013b9-0000-f500-b63f-84710c7967bb|2016-11-30 13:45:56.5375|DEBUG|ips|Client info: IP = ::1; URI = http://localhost:65078/Orders/History
80000227-0000-ee00-b63f-84710c7967bb|2016-11-30 13:47:38.3978|DEBUG|ips|Client info: IP = ::1; URI = http://localhost:65078/
800001cc-0000-fc00-b63f-84710c7967bb|2016-11-30 13:47:41.6555|DEBUG|ips|Client info: IP = ::1; URI = http://localhost:65078/Orders/History
80000227-0000-ee00-b63f-84710c7967bb|2016-11-30 13:47:43.5067|DEBUG|ips|Client info: IP = ::1; URI = http://localhost:65078/
80000227-0000-ee00-b63f-84710c7967bb|2016-11-30 13:47:44.2581|DEBUG|ips|Client info: IP = ::1; URI = http://localhost:65078/
800001cc-0000-fc00-b63f-84710c7967bb|2016-11-30 13:47:45.1295|DEBUG|ips|Client info: IP = ::1; URI = http://localhost:65078/Orders/History
800001cc-0000-fc00-b63f-84710c7967bb|2016-11-30 13:47:45.1615|DEBUG|ips|Client info: IP = ::1; URI = http://localhost:65078/Orders/History
800001ce-0000-fc00-b63f-84710c7967bb|2016-11-30 13:47:57.2564|DEBUG|ips|Client info: IP = ::1; URI = http://localhost:65078/orders/history?DateFrom=2019-03-02&DateTo=
800001ce-0000-fc00-b63f-84710c7967bb|2016-11-30 13:47:59.8577|DEBUG|ips|Client info: IP = ::1; URI = http://localhost:65078/orders/history?DateFrom=2019-03-02&DateTo=
800001ce-0000-fc00-b63f-84710c7967bb|2016-11-30 13:47:59.8577|DEBUG|ips|Client info: IP = ::1; URI = http://localhost:65078/orders/history?DateFrom=2019-03-02&DateTo=
800001f2-0002-ef00-b63f-84710c7967bb|2016-11-30 13:49:00.7877|DEBUG|ips|Client info: IP = ::1; URI = http://localhost:65078/Orders/History
80000290-0003-fa00-b63f-84710c7967bb|2016-11-30 13:49:00.7887|DEBUG|ips|Client info: IP = ::1; URI = http://localhost:65078/
80000290-0003-fa00-b63f-84710c7967bb|2016-11-30 13:49:05.2950|DEBUG|ips|Client info: IP = ::1; URI = http://localhost:65078/
80000290-0003-fa00-b63f-84710c7967bb|2016-11-30 13:49:05.9985|DEBUG|ips|Client info: IP = ::1; URI = http://localhost:65078/
800001f2-0002-ef00-b63f-84710c7967bb|2016-11-30 13:49:06.9037|DEBUG|ips|Client info: IP = ::1; URI = http://localhost:65078/Orders/History
800001f2-0002-ef00-b63f-84710c7967bb|2016-11-30 13:49:06.9432|DEBUG|ips|Client info: IP = ::1; URI = http://localhost:65078/Orders/History
800001f4-0002-ef00-b63f-84710c7967bb|2016-11-30 13:49:13.0202|DEBUG|ips|Client info: IP = ::1; URI = http://localhost:65078/orders/history?DateFrom=&DateTo=
800001f4-0002-ef00-b63f-84710c7967bb|2016-11-30 13:49:15.6093|DEBUG|ips|Client info: IP = ::1; URI = http://localhost:65078/orders/history?DateFrom=&DateTo=
800001f4-0002-ef00-b63f-84710c7967bb|2016-11-30 13:49:15.6193|DEBUG|ips|Client info: IP = ::1; URI = http://localhost:65078/orders/history?DateFrom=&DateTo=
800001f6-0002-ef00-b63f-84710c7967bb|2016-11-30 13:49:32.4051|DEBUG|ips|Client info: IP = ::1; URI = http://localhost:65078/orders/history?DateFrom=&DateTo=2014-09-03
800001f6-0002-ef00-b63f-84710c7967bb|2016-11-30 13:49:35.0042|DEBUG|ips|Client info: IP = ::1; URI = http://localhost:65078/orders/history?DateFrom=&DateTo=2014-09-03
800001f6-0002-ef00-b63f-84710c7967bb|2016-11-30 13:49:35.0072|DEBUG|ips|Client info: IP = ::1; URI = http://localhost:65078/orders/history?DateFrom=&DateTo=2014-09-03
800001f8-0002-ef00-b63f-84710c7967bb|2016-11-30 13:49:44.6359|DEBUG|ips|Client info: IP = ::1; URI = http://localhost:65078/orders/history?DateFrom=&DateTo=2021-11-30
800001f8-0002-ef00-b63f-84710c7967bb|2016-11-30 13:49:47.1858|DEBUG|ips|Client info: IP = ::1; URI = http://localhost:65078/orders/history?DateFrom=&DateTo=2021-11-30
800001f8-0002-ef00-b63f-84710c7967bb|2016-11-30 13:49:47.1963|DEBUG|ips|Client info: IP = ::1; URI = http://localhost:65078/orders/history?DateFrom=&DateTo=2021-11-30
800001fa-0002-ef00-b63f-84710c7967bb|2016-11-30 13:49:57.1158|DEBUG|ips|Client info: IP = ::1; URI = http://localhost:65078/orders/history?DateFrom=2013-01-28&DateTo=
800001fa-0002-ef00-b63f-84710c7967bb|2016-11-30 13:49:59.6848|DEBUG|ips|Client info: IP = ::1; URI = http://localhost:65078/orders/history?DateFrom=2013-01-28&DateTo=
800001fa-0002-ef00-b63f-84710c7967bb|2016-11-30 13:49:59.6959|DEBUG|ips|Client info: IP = ::1; URI = http://localhost:65078/orders/history?DateFrom=2013-01-28&DateTo=
80000855-0001-eb00-b63f-84710c7967bb|2016-11-30 13:52:51.4376|DEBUG|ips|Client info: IP = ::1; URI = http://localhost:65078/
8000007a-0003-f400-b63f-84710c7967bb|2016-11-30 13:52:51.4376|DEBUG|ips|Client info: IP = ::1; URI = http://localhost:65078/Orders/History
80000855-0001-eb00-b63f-84710c7967bb|2016-11-30 13:52:56.3089|DEBUG|ips|Client info: IP = ::1; URI = http://localhost:65078/
80000855-0001-eb00-b63f-84710c7967bb|2016-11-30 13:52:56.9944|DEBUG|ips|Client info: IP = ::1; URI = http://localhost:65078/
8000007a-0003-f400-b63f-84710c7967bb|2016-11-30 13:52:57.8477|DEBUG|ips|Client info: IP = ::1; URI = http://localhost:65078/Orders/History
8000007a-0003-f400-b63f-84710c7967bb|2016-11-30 13:52:57.8797|DEBUG|ips|Client info: IP = ::1; URI = http://localhost:65078/Orders/History
8000007c-0003-f400-b63f-84710c7967bb|2016-11-30 13:53:06.0251|DEBUG|ips|Client info: IP = ::1; URI = http://localhost:65078/orders/history?DateFrom=&DateTo=
8000007c-0003-f400-b63f-84710c7967bb|2016-11-30 13:53:08.6904|DEBUG|ips|Client info: IP = ::1; URI = http://localhost:65078/orders/history?DateFrom=&DateTo=
8000007c-0003-f400-b63f-84710c7967bb|2016-11-30 13:53:08.7024|DEBUG|ips|Client info: IP = ::1; URI = http://localhost:65078/orders/history?DateFrom=&DateTo=
80000085-0003-f400-b63f-84710c7967bb|2016-11-30 13:53:49.4877|DEBUG|ips|Client info: IP = ::1; URI = http://localhost:65078/
80000085-0003-f400-b63f-84710c7967bb|2016-11-30 13:53:53.2781|DEBUG|ips|Client info: IP = ::1; URI = http://localhost:65078/
80000085-0003-f400-b63f-84710c7967bb|2016-11-30 13:53:53.7578|DEBUG|ips|Client info: IP = ::1; URI = http://localhost:65078/
80000088-0003-f400-b63f-84710c7967bb|2016-11-30 13:54:22.9810|DEBUG|ips|Client info: IP = ::1; URI = http://localhost:65078/Orders/History
80000088-0003-f400-b63f-84710c7967bb|2016-11-30 13:54:25.7567|DEBUG|ips|Client info: IP = ::1; URI = http://localhost:65078/Orders/History
80000088-0003-f400-b63f-84710c7967bb|2016-11-30 13:54:25.7887|DEBUG|ips|Client info: IP = ::1; URI = http://localhost:65078/Orders/History
80000082-0002-e600-b63f-84710c7967bb|2016-11-30 13:55:30.8773|DEBUG|ips|Client info: IP = ::1; URI = http://localhost:65078/
80000cec-0002-e900-b63f-84710c7967bb|2016-11-30 13:55:30.8773|DEBUG|ips|Client info: IP = ::1; URI = http://localhost:65078/Orders/History
80000082-0002-e600-b63f-84710c7967bb|2016-11-30 13:55:39.1868|DEBUG|ips|Client info: IP = ::1; URI = http://localhost:65078/
80000082-0002-e600-b63f-84710c7967bb|2016-11-30 13:55:39.8648|DEBUG|ips|Client info: IP = ::1; URI = http://localhost:65078/
80000cec-0002-e900-b63f-84710c7967bb|2016-11-30 13:55:40.5162|DEBUG|ips|Client info: IP = ::1; URI = http://localhost:65078/Orders/History
80000cec-0002-e900-b63f-84710c7967bb|2016-11-30 13:55:40.5497|DEBUG|ips|Client info: IP = ::1; URI = http://localhost:65078/Orders/History
80000cee-0002-e900-b63f-84710c7967bb|2016-11-30 13:56:35.0623|DEBUG|ips|Client info: IP = ::1; URI = http://localhost:65078/Orders/History
80000cee-0002-e900-b63f-84710c7967bb|2016-11-30 13:56:37.8702|DEBUG|ips|Client info: IP = ::1; URI = http://localhost:65078/Orders/History
80000cee-0002-e900-b63f-84710c7967bb|2016-11-30 13:56:37.8932|DEBUG|ips|Client info: IP = ::1; URI = http://localhost:65078/Orders/History
80000cf0-0002-e900-b63f-84710c7967bb|2016-11-30 13:56:51.4309|DEBUG|ips|Client info: IP = ::1; URI = http://localhost:65078/Orders/History
80000cf0-0002-e900-b63f-84710c7967bb|2016-11-30 13:56:54.1448|DEBUG|ips|Client info: IP = ::1; URI = http://localhost:65078/Orders/History
80000cf0-0002-e900-b63f-84710c7967bb|2016-11-30 13:56:54.1553|DEBUG|ips|Client info: IP = ::1; URI = http://localhost:65078/Orders/History
80000cf2-0002-e900-b63f-84710c7967bb|2016-11-30 13:57:32.3067|DEBUG|ips|Client info: IP = ::1; URI = http://localhost:65078/Orders/History
80000cf2-0002-e900-b63f-84710c7967bb|2016-11-30 13:57:38.5738|DEBUG|ips|Client info: IP = ::1; URI = http://localhost:65078/Orders/History
80000cf2-0002-e900-b63f-84710c7967bb|2016-11-30 13:57:38.8359|DEBUG|ips|Client info: IP = ::1; URI = http://localhost:65078/Orders/History
800007d1-0001-ef00-b63f-84710c7967bb|2016-11-30 13:58:31.0377|DEBUG|ips|Client info: IP = ::1; URI = http://localhost:65078/Orders/History
800007d1-0001-ef00-b63f-84710c7967bb|2016-11-30 13:58:37.3894|DEBUG|ips|Client info: IP = ::1; URI = http://localhost:65078/Orders/History
800007d1-0001-ef00-b63f-84710c7967bb|2016-11-30 13:58:37.4120|DEBUG|ips|Client info: IP = ::1; URI = http://localhost:65078/Orders/History
800007d3-0001-ef00-b63f-84710c7967bb|2016-11-30 13:58:57.4567|DEBUG|ips|Client info: IP = ::1; URI = http://localhost:65078/Orders/History
80000cf4-0002-e900-b63f-84710c7967bb|2016-11-30 13:58:59.7508|DEBUG|ips|Client info: IP = ::1; URI = http://localhost:65078/games
80000cf4-0002-e900-b63f-84710c7967bb|2016-11-30 13:58:59.9967|DEBUG|ips|Client info: IP = ::1; URI = http://localhost:65078/games
80000cf4-0002-e900-b63f-84710c7967bb|2016-11-30 13:59:00.0938|DEBUG|ips|Client info: IP = ::1; URI = http://localhost:65078/games
800007d3-0001-ef00-b63f-84710c7967bb|2016-11-30 13:59:00.1609|DEBUG|ips|Client info: IP = ::1; URI = http://localhost:65078/Orders/History
800007d3-0001-ef00-b63f-84710c7967bb|2016-11-30 13:59:00.1609|DEBUG|ips|Client info: IP = ::1; URI = http://localhost:65078/Orders/History
80000cf8-0002-e900-b63f-84710c7967bb|2016-11-30 13:59:18.3149|DEBUG|ips|Client info: IP = ::1; URI = http://localhost:65078/publisher/Details?companyName=GamesCorporation
80000cf8-0002-e900-b63f-84710c7967bb|2016-11-30 13:59:21.8414|DEBUG|ips|Client info: IP = ::1; URI = http://localhost:65078/publisher/Details?companyName=GamesCorporation
80000cfa-0002-e900-b63f-84710c7967bb|2016-11-30 13:59:23.9247|DEBUG|ips|Client info: IP = ::1; URI = http://localhost:65078/publisher/Index
80000cfa-0002-e900-b63f-84710c7967bb|2016-11-30 13:59:23.9683|DEBUG|ips|Client info: IP = ::1; URI = http://localhost:65078/publisher/Index
80000cfc-0002-e900-b63f-84710c7967bb|2016-11-30 14:00:17.0460|DEBUG|ips|Client info: IP = ::1; URI = http://localhost:65078/publisher/Details?companyName=Exotic%20Liquids
80000cfc-0002-e900-b63f-84710c7967bb|2016-11-30 14:00:17.0640|DEBUG|ips|Client info: IP = ::1; URI = http://localhost:65078/publisher/Details?companyName=Exotic%20Liquids
80000cfe-0002-e900-b63f-84710c7967bb|2016-11-30 14:00:21.8159|DEBUG|ips|Client info: IP = ::1; URI = http://localhost:65078/publisher/Details?companyName=GamesCorporation
80000cfe-0002-e900-b63f-84710c7967bb|2016-11-30 14:00:21.8284|DEBUG|ips|Client info: IP = ::1; URI = http://localhost:65078/publisher/Details?companyName=GamesCorporation
80000d00-0002-e900-b63f-84710c7967bb|2016-11-30 14:00:24.2497|DEBUG|ips|Client info: IP = ::1; URI = http://localhost:65078/publisher/Details?companyName=PB%20Kn%C3%A4ckebr%C3%B6d%20AB
80000d00-0002-e900-b63f-84710c7967bb|2016-11-30 14:00:24.2497|DEBUG|ips|Client info: IP = ::1; URI = http://localhost:65078/publisher/Details?companyName=PB%20Kn%C3%A4ckebr%C3%B6d%20AB
80000d02-0002-e900-b63f-84710c7967bb|2016-11-30 14:00:49.7610|DEBUG|ips|Client info: IP = ::1; URI = http://localhost:65078/orders/history
80000d02-0002-e900-b63f-84710c7967bb|2016-11-30 14:00:52.4893|DEBUG|ips|Client info: IP = ::1; URI = http://localhost:65078/orders/history
80000d02-0002-e900-b63f-84710c7967bb|2016-11-30 14:00:52.5073|DEBUG|ips|Client info: IP = ::1; URI = http://localhost:65078/orders/history
80000d04-0002-e900-b63f-84710c7967bb|2016-11-30 14:01:25.3475|DEBUG|ips|Client info: IP = ::1; URI = http://localhost:65078/orders/history
80000d04-0002-e900-b63f-84710c7967bb|2016-11-30 14:01:31.7630|DEBUG|ips|Client info: IP = ::1; URI = http://localhost:65078/orders/history
80000d04-0002-e900-b63f-84710c7967bb|2016-11-30 14:01:31.7860|DEBUG|ips|Client info: IP = ::1; URI = http://localhost:65078/orders/history
80000143-0003-f600-b63f-84710c7967bb|2016-11-30 14:04:36.6273|DEBUG|ips|Client info: IP = ::1; URI = http://localhost:65078/
80000143-0003-f600-b63f-84710c7967bb|2016-11-30 14:04:40.9269|DEBUG|ips|Client info: IP = ::1; URI = http://localhost:65078/
80000143-0003-f600-b63f-84710c7967bb|2016-11-30 14:04:41.5722|DEBUG|ips|Client info: IP = ::1; URI = http://localhost:65078/
80000145-0003-f600-b63f-84710c7967bb|2016-11-30 14:04:45.7675|DEBUG|ips|Client info: IP = ::1; URI = http://localhost:65078/orders/history
80000145-0003-f600-b63f-84710c7967bb|2016-11-30 14:04:49.0226|DEBUG|ips|Client info: IP = ::1; URI = http://localhost:65078/orders/history
80000145-0003-f600-b63f-84710c7967bb|2016-11-30 14:04:49.0546|DEBUG|ips|Client info: IP = ::1; URI = http://localhost:65078/orders/history
80000147-0003-f600-b63f-84710c7967bb|2016-11-30 14:05:00.5924|DEBUG|ips|Client info: IP = ::1; URI = http://localhost:65078/orders/history?DateFrom=17%2F01%2F2001&DateTo=01%2F01%2F0001+00%3A00%3A00
80000147-0003-f600-b63f-84710c7967bb|2016-11-30 14:05:03.2024|DEBUG|ips|Client info: IP = ::1; URI = http://localhost:65078/orders/history?DateFrom=17%2F01%2F2001&DateTo=01%2F01%2F0001+00%3A00%3A00
80000147-0003-f600-b63f-84710c7967bb|2016-11-30 14:05:03.2024|DEBUG|ips|Client info: IP = ::1; URI = http://localhost:65078/orders/history?DateFrom=17%2F01%2F2001&DateTo=01%2F01%2F0001+00%3A00%3A00
80000149-0003-f600-b63f-84710c7967bb|2016-11-30 14:05:31.9708|DEBUG|ips|Client info: IP = ::1; URI = http://localhost:65078/publisher/index
80000149-0003-f600-b63f-84710c7967bb|2016-11-30 14:05:35.5314|DEBUG|ips|Client info: IP = ::1; URI = http://localhost:65078/publisher/index
8000014b-0003-f600-b63f-84710c7967bb|2016-11-30 14:05:38.2263|DEBUG|ips|Client info: IP = ::1; URI = http://localhost:65078/publisher/Details?companyName=GamesCorporation
8000014b-0003-f600-b63f-84710c7967bb|2016-11-30 14:05:38.3078|DEBUG|ips|Client info: IP = ::1; URI = http://localhost:65078/publisher/Details?companyName=GamesCorporation
8000014d-0003-f600-b63f-84710c7967bb|2016-11-30 14:05:42.3408|DEBUG|ips|Client info: IP = ::1; URI = http://localhost:65078/publisher/Details?companyName=Pavlova
8000014d-0003-f600-b63f-84710c7967bb|2016-11-30 14:05:42.3519|DEBUG|ips|Client info: IP = ::1; URI = http://localhost:65078/publisher/Details?companyName=Pavlova
8000014f-0003-f600-b63f-84710c7967bb|2016-11-30 14:05:44.9439|DEBUG|ips|Client info: IP = ::1; URI = http://localhost:65078/publisher/Details?companyName=PB%20Kn%C3%A4ckebr%C3%B6d%20AB
8000014f-0003-f600-b63f-84710c7967bb|2016-11-30 14:05:44.9439|DEBUG|ips|Client info: IP = ::1; URI = http://localhost:65078/publisher/Details?companyName=PB%20Kn%C3%A4ckebr%C3%B6d%20AB
80000151-0003-f600-b63f-84710c7967bb|2016-11-30 14:05:52.1688|DEBUG|ips|Client info: IP = ::1; URI = http://localhost:65078/publisher/Details?companyName=Nord-Ost-Fisch%20Handelsgesellschaft%20mbH
80000151-0003-f600-b63f-84710c7967bb|2016-11-30 14:05:52.1748|DEBUG|ips|Client info: IP = ::1; URI = http://localhost:65078/publisher/Details?companyName=Nord-Ost-Fisch%20Handelsgesellschaft%20mbH
80000153-0003-f600-b63f-84710c7967bb|2016-11-30 14:06:20.9477|DEBUG|ips|Client info: IP = ::1; URI = http://localhost:65078/orders/history?DateFrom=17%2F01%2F2001&DateTo=01%2F01%2F0001+00%3A00%3A00
80000153-0003-f600-b63f-84710c7967bb|2016-11-30 14:06:23.5665|DEBUG|ips|Client info: IP = ::1; URI = http://localhost:65078/orders/history?DateFrom=17%2F01%2F2001&DateTo=01%2F01%2F0001+00%3A00%3A00
80000153-0003-f600-b63f-84710c7967bb|2016-11-30 14:06:23.5845|DEBUG|ips|Client info: IP = ::1; URI = http://localhost:65078/orders/history?DateFrom=17%2F01%2F2001&DateTo=01%2F01%2F0001+00%3A00%3A00
80000734-0000-eb00-b63f-84710c7967bb|2016-11-30 14:11:34.1716|DEBUG|ips|Client info: IP = ::1; URI = http://localhost:65078/
80002eba-0003-ea00-b63f-84710c7967bb|2016-11-30 14:11:34.7862|DEBUG|ips|Client info: IP = ::1; URI = http://localhost:65078/orders/history
80000734-0000-eb00-b63f-84710c7967bb|2016-11-30 14:11:42.6792|DEBUG|ips|Client info: IP = ::1; URI = http://localhost:65078/
80000734-0000-eb00-b63f-84710c7967bb|2016-11-30 14:11:43.5479|DEBUG|ips|Client info: IP = ::1; URI = http://localhost:65078/
80002eba-0003-ea00-b63f-84710c7967bb|2016-11-30 14:11:44.6948|DEBUG|ips|Client info: IP = ::1; URI = http://localhost:65078/orders/history
80002eba-0003-ea00-b63f-84710c7967bb|2016-11-30 14:11:44.7288|DEBUG|ips|Client info: IP = ::1; URI = http://localhost:65078/orders/history
80002ebc-0003-ea00-b63f-84710c7967bb|2016-11-30 14:11:54.3005|DEBUG|ips|Client info: IP = ::1; URI = http://localhost:65078/orders/history?DateFrom=24%2F01%2F2001&DateTo=23%2F01%2F2001
80002ebc-0003-ea00-b63f-84710c7967bb|2016-11-30 14:11:57.0199|DEBUG|ips|Client info: IP = ::1; URI = http://localhost:65078/orders/history?DateFrom=24%2F01%2F2001&DateTo=23%2F01%2F2001
80002ebc-0003-ea00-b63f-84710c7967bb|2016-11-30 14:11:57.0339|DEBUG|ips|Client info: IP = ::1; URI = http://localhost:65078/orders/history?DateFrom=24%2F01%2F2001&DateTo=23%2F01%2F2001
80002ebe-0003-ea00-b63f-84710c7967bb|2016-11-30 14:11:59.3941|DEBUG|ips|Client info: IP = ::1; URI = http://localhost:65078/orders/history?DateFrom=01%2F01%2F0001+00%3A00%3A00&DateTo=01%2F01%2F0001+00%3A00%3A00
80002ebe-0003-ea00-b63f-84710c7967bb|2016-11-30 14:12:02.1487|DEBUG|ips|Client info: IP = ::1; URI = http://localhost:65078/orders/history?DateFrom=01%2F01%2F0001+00%3A00%3A00&DateTo=01%2F01%2F0001+00%3A00%3A00
80002ebe-0003-ea00-b63f-84710c7967bb|2016-11-30 14:12:02.1607|DEBUG|ips|Client info: IP = ::1; URI = http://localhost:65078/orders/history?DateFrom=01%2F01%2F0001+00%3A00%3A00&DateTo=01%2F01%2F0001+00%3A00%3A00
80002ec0-0003-ea00-b63f-84710c7967bb|2016-11-30 14:12:40.7107|DEBUG|ips|Client info: IP = ::1; URI = http://localhost:65078/basket
8000021d-0002-ef00-b63f-84710c7967bb|2016-11-30 14:12:46.4322|DEBUG|ips|Client info: IP = ::1; URI = http://localhost:65078/orders/history
80002ec0-0003-ea00-b63f-84710c7967bb|2016-11-30 14:12:47.5302|DEBUG|ips|Client info: IP = ::1; URI = http://localhost:65078/basket
8000021d-0002-ef00-b63f-84710c7967bb|2016-11-30 14:12:49.2914|DEBUG|ips|Client info: IP = ::1; URI = http://localhost:65078/orders/history
8000021d-0002-ef00-b63f-84710c7967bb|2016-11-30 14:12:49.3164|DEBUG|ips|Client info: IP = ::1; URI = http://localhost:65078/orders/history
80000537-0001-f500-b63f-84710c7967bb|2016-11-30 14:15:00.4007|DEBUG|ips|Client info: IP = ::1; URI = http://localhost:65078/orders/history
80000a03-0000-f700-b63f-84710c7967bb|2016-11-30 14:15:00.4007|DEBUG|ips|Client info: IP = ::1; URI = http://localhost:65078/
80000a03-0000-f700-b63f-84710c7967bb|2016-11-30 14:15:05.3323|DEBUG|ips|Client info: IP = ::1; URI = http://localhost:65078/
80000a03-0000-f700-b63f-84710c7967bb|2016-11-30 14:15:06.2148|DEBUG|ips|Client info: IP = ::1; URI = http://localhost:65078/
80000537-0001-f500-b63f-84710c7967bb|2016-11-30 14:15:07.2236|DEBUG|ips|Client info: IP = ::1; URI = http://localhost:65078/orders/history
80000537-0001-f500-b63f-84710c7967bb|2016-11-30 14:15:07.2597|DEBUG|ips|Client info: IP = ::1; URI = http://localhost:65078/orders/history
8000001f-0003-e600-b63f-84710c7967bb|2016-11-30 14:18:22.7412|DEBUG|ips|Client info: IP = ::1; URI = http://localhost:65078/Orders/History
8000001f-0003-e600-b63f-84710c7967bb|2016-11-30 14:18:29.2139|DEBUG|ips|Client info: IP = ::1; URI = http://localhost:65078/Orders/History
8000001f-0003-e600-b63f-84710c7967bb|2016-11-30 14:18:29.2420|DEBUG|ips|Client info: IP = ::1; URI = http://localhost:65078/Orders/History
80000022-0003-e600-b63f-84710c7967bb|2016-11-30 14:19:40.5487|DEBUG|ips|Client info: IP = ::1; URI = http://localhost:65078/Orders/History
80000022-0003-e600-b63f-84710c7967bb|2016-11-30 14:19:46.7946|DEBUG|ips|Client info: IP = ::1; URI = http://localhost:65078/Orders/History
80000022-0003-e600-b63f-84710c7967bb|2016-11-30 14:19:46.8156|DEBUG|ips|Client info: IP = ::1; URI = http://localhost:65078/Orders/History
800008ee-0000-ef00-b63f-84710c7967bb|2016-11-30 14:21:51.7147|DEBUG|ips|Client info: IP = ::1; URI = http://localhost:65078/Orders/History
800008ee-0000-ef00-b63f-84710c7967bb|2016-11-30 14:21:57.8917|DEBUG|ips|Client info: IP = ::1; URI = http://localhost:65078/Orders/History
800008ee-0000-ef00-b63f-84710c7967bb|2016-11-30 14:21:57.9122|DEBUG|ips|Client info: IP = ::1; URI = http://localhost:65078/Orders/History
800008f1-0000-ef00-b63f-84710c7967bb|2016-11-30 14:22:14.0444|DEBUG|ips|Client info: IP = ::1; URI = http://localhost:65078/Orders/History
800008f1-0000-ef00-b63f-84710c7967bb|2016-11-30 14:22:20.4760|DEBUG|ips|Client info: IP = ::1; URI = http://localhost:65078/Orders/History
800008f1-0000-ef00-b63f-84710c7967bb|2016-11-30 14:22:20.4930|DEBUG|ips|Client info: IP = ::1; URI = http://localhost:65078/Orders/History
800002c2-0000-fd00-b63f-84710c7967bb|2016-11-30 14:25:06.6060|DEBUG|ips|Client info: IP = ::1; URI = http://localhost:65078/Orders/History
800002c2-0000-fd00-b63f-84710c7967bb|2016-11-30 14:25:12.9245|DEBUG|ips|Client info: IP = ::1; URI = http://localhost:65078/Orders/History
800002c3-0000-fd00-b63f-84710c7967bb|2016-11-30 14:25:47.4262|DEBUG|ips|Client info: IP = ::1; URI = http://localhost:65078/Orders/History
800002c3-0000-fd00-b63f-84710c7967bb|2016-11-30 14:25:53.6966|DEBUG|ips|Client info: IP = ::1; URI = http://localhost:65078/Orders/History
800002c3-0000-fd00-b63f-84710c7967bb|2016-11-30 14:25:53.7186|DEBUG|ips|Client info: IP = ::1; URI = http://localhost:65078/Orders/History
800002c5-0000-fd00-b63f-84710c7967bb|2016-11-30 14:26:18.8260|DEBUG|ips|Client info: IP = ::1; URI = http://localhost:65078/Orders/History
800002c5-0000-fd00-b63f-84710c7967bb|2016-11-30 14:26:25.4306|DEBUG|ips|Client info: IP = ::1; URI = http://localhost:65078/Orders/History
800002c5-0000-fd00-b63f-84710c7967bb|2016-11-30 14:26:25.4532|DEBUG|ips|Client info: IP = ::1; URI = http://localhost:65078/Orders/History
800002c7-0000-fd00-b63f-84710c7967bb|2016-11-30 14:26:45.5304|DEBUG|ips|Client info: IP = ::1; URI = http://localhost:65078/Orders/History
800002c7-0000-fd00-b63f-84710c7967bb|2016-11-30 14:26:51.8986|DEBUG|ips|Client info: IP = ::1; URI = http://localhost:65078/Orders/History
800002c7-0000-fd00-b63f-84710c7967bb|2016-11-30 14:26:51.9176|DEBUG|ips|Client info: IP = ::1; URI = http://localhost:65078/Orders/History
800002c9-0000-fd00-b63f-84710c7967bb|2016-11-30 14:27:56.3723|DEBUG|ips|Client info: IP = ::1; URI = http://localhost:65078/Orders/History
800002c9-0000-fd00-b63f-84710c7967bb|2016-11-30 14:28:02.7696|DEBUG|ips|Client info: IP = ::1; URI = http://localhost:65078/Orders/History
800002c9-0000-fd00-b63f-84710c7967bb|2016-11-30 14:28:02.7917|DEBUG|ips|Client info: IP = ::1; URI = http://localhost:65078/Orders/History
800002cb-0000-fd00-b63f-84710c7967bb|2016-11-30 14:28:24.8661|DEBUG|ips|Client info: IP = ::1; URI = http://localhost:65078/Orders/History
800002cb-0000-fd00-b63f-84710c7967bb|2016-11-30 14:28:31.2777|DEBUG|ips|Client info: IP = ::1; URI = http://localhost:65078/Orders/History
800002cb-0000-fd00-b63f-84710c7967bb|2016-11-30 14:28:31.2952|DEBUG|ips|Client info: IP = ::1; URI = http://localhost:65078/Orders/History
80000128-0002-e800-b63f-84710c7967bb|2016-11-30 14:31:03.7292|DEBUG|ips|Client info: IP = ::1; URI = http://localhost:65078/Orders/History
80000128-0002-e800-b63f-84710c7967bb|2016-11-30 14:31:10.0567|DEBUG|ips|Client info: IP = ::1; URI = http://localhost:65078/Orders/History
80000128-0002-e800-b63f-84710c7967bb|2016-11-30 14:31:10.0817|DEBUG|ips|Client info: IP = ::1; URI = http://localhost:65078/Orders/History
80000e99-0000-e900-b63f-84710c7967bb|2016-11-30 14:41:51.0020|DEBUG|ips|Client info: IP = ::1; URI = http://localhost:65078/Orders/History
80000e99-0000-e900-b63f-84710c7967bb|2016-11-30 14:42:04.0508|DEBUG|ips|Client info: IP = ::1; URI = http://localhost:65078/Orders/History
80000e99-0000-e900-b63f-84710c7967bb|2016-11-30 14:42:04.5152|DEBUG|ips|Client info: IP = ::1; URI = http://localhost:65078/Orders/History
80000ead-0000-e900-b63f-84710c7967bb|2016-11-30 14:50:08.1718|DEBUG|ips|Client info: IP = ::1; URI = http://localhost:65078/Orders/History
80000bbc-0001-e200-b63f-84710c7967bb|2016-11-30 14:50:08.1718|DEBUG|ips|Client info: IP = ::1; URI = http://localhost:65078/
80000bbc-0001-e200-b63f-84710c7967bb|2016-11-30 14:50:16.4774|DEBUG|ips|Client info: IP = ::1; URI = http://localhost:65078/
80000bbc-0001-e200-b63f-84710c7967bb|2016-11-30 14:50:17.5751|DEBUG|ips|Client info: IP = ::1; URI = http://localhost:65078/
80000ead-0000-e900-b63f-84710c7967bb|2016-11-30 14:50:17.7042|DEBUG|ips|Client info: IP = ::1; URI = http://localhost:65078/Orders/History
80000ead-0000-e900-b63f-84710c7967bb|2016-11-30 14:50:17.7403|DEBUG|ips|Client info: IP = ::1; URI = http://localhost:65078/Orders/History
